/root/anaconda3/envs/relic/lib/python3.9/site-packages/sklearn/cluster/_kmeans.py:1416: FutureWarning: The default value of `n_init` will change from 10 to 'auto' in 1.4. Set the value of `n_init` explicitly to suppress the warning
  super()._check_params_vs_input(X, default_n_init=10)
/root/anaconda3/envs/relic/lib/python3.9/site-packages/sklearn/cluster/_kmeans.py:1416: FutureWarning: The default value of `n_init` will change from 10 to 'auto' in 1.4. Set the value of `n_init` explicitly to suppress the warning
  super()._check_params_vs_input(X, default_n_init=10)
/root/anaconda3/envs/relic/lib/python3.9/site-packages/sklearn/cluster/_kmeans.py:1416: FutureWarning: The default value of `n_init` will change from 10 to 'auto' in 1.4. Set the value of `n_init` explicitly to suppress the warning
  super()._check_params_vs_input(X, default_n_init=10)
/root/anaconda3/envs/relic/lib/python3.9/site-packages/sklearn/cluster/_kmeans.py:1416: FutureWarning: The default value of `n_init` will change from 10 to 'auto' in 1.4. Set the value of `n_init` explicitly to suppress the warning
  super()._check_params_vs_input(X, default_n_init=10)
(4000, 4)
X(time slices): [0.000e+00 1.000e-03 2.000e-03 ... 3.997e+00 3.998e+00 3.999e+00]
X(shape): (4000,)
Y(time series): [[-0.06799679 -0.3563971  -0.04964948  0.4454503 ]
 [-1.5608907  -0.21177827  0.00350192  0.65792525]
 [-0.4528629  -0.7467908  -0.02798653  0.45630357]
 ...
 [ 0.03739029  0.1161691  -0.14649206  3.276526  ]
 [-0.11591104 -0.5465308  -0.16900048  3.070553  ]
 [-0.0393549  -0.3311424   0.06055087  3.2647402 ]]
Y(shape): (4000, 4)
(3990, 10, 1) (3990, 10, 4) (3990, 1, 1) (3990, 1, 4)
total samples 3990
training samples: 2394 validation samples: 798 testing samples: 798
seed 10 test MSE 0.19103889167308807 test r2 0.39767653552605153
seed 11 test MSE 0.1883174479007721 test r2 0.40412922912758464
seed 12 test MSE 0.1875213235616684 test r2 0.41444320593346495
seed 13 test MSE 0.19327014684677124 test r2 0.39586489798484714
seed 14 test MSE 0.19614389538764954 test r2 0.39653001610277466
seed 15 test MSE 0.19606518745422363 test r2 0.3864981597374395
seed 16 test MSE 0.18908633291721344 test r2 0.4038175571670065
seed 17 test MSE 0.1952720582485199 test r2 0.38853259334297
seed 18 test MSE 0.20244570076465607 test r2 0.3710527580507075
seed 19 test MSE 0.19668667018413544 test r2 0.38641772719292944
(10, 4, 4)
(10, 4, 4)
[[0.28775522 0.30444832 0.18600884 0.22178762]
 [0.41844976 0.2360121  0.17635906 0.16917908]
 [0.33993005 0.19539112 0.28526332 0.17941551]
 [0.1523427  0.3571708  0.27704628 0.21344023]]
[(0, 0, 1), (1, 0, 1), (0, 1, 1), (0, 2, 1), (2, 2, 1), (1, 3, 1), (2, 3, 1)]
===================Results===================
V1 causes V1 with a delay of 1 time steps.
V2 causes V1 with a delay of 1 time steps.
V1 causes V2 with a delay of 1 time steps.
V1 causes V3 with a delay of 1 time steps.
V3 causes V3 with a delay of 1 time steps.
V2 causes V4 with a delay of 1 time steps.
V3 causes V4 with a delay of 1 time steps.
===================Evaluation===================
Total False Positives': 1
Total True Positives': 6
Total False Negatives: 2
Total Direct False Positives: 1
Total Direct True Positives: 6
TPs': ['0->0', '0->1', '0->2', '2->2', '1->3', '2->3']
FPs': ['1->0']
TPs direct: ['0->0', '0->1', '0->2', '2->2', '1->3', '2->3']
FPs direct: ['1->0']
FNs: ['1->1', '3->3']
(includes direct and indirect causal relationships)
Precision': 0.8571428571428571
Recall': 0.75
F1' score: 0.7999999999999999
(includes only direct causal relationships)
Precision: 0.8571428571428571
Recall: 0.75
F1 score: 0.7999999999999999
Percentage of delays that are correctly discovered: 100.0%
