/root/anaconda3/envs/relic/lib/python3.9/site-packages/sklearn/cluster/_kmeans.py:1416: FutureWarning: The default value of `n_init` will change from 10 to 'auto' in 1.4. Set the value of `n_init` explicitly to suppress the warning
  super()._check_params_vs_input(X, default_n_init=10)
/root/anaconda3/envs/relic/lib/python3.9/site-packages/sklearn/cluster/_kmeans.py:1416: FutureWarning: The default value of `n_init` will change from 10 to 'auto' in 1.4. Set the value of `n_init` explicitly to suppress the warning
  super()._check_params_vs_input(X, default_n_init=10)
/root/anaconda3/envs/relic/lib/python3.9/site-packages/sklearn/cluster/_kmeans.py:1416: FutureWarning: The default value of `n_init` will change from 10 to 'auto' in 1.4. Set the value of `n_init` explicitly to suppress the warning
  super()._check_params_vs_input(X, default_n_init=10)
/root/anaconda3/envs/relic/lib/python3.9/site-packages/sklearn/cluster/_kmeans.py:1416: FutureWarning: The default value of `n_init` will change from 10 to 'auto' in 1.4. Set the value of `n_init` explicitly to suppress the warning
  super()._check_params_vs_input(X, default_n_init=10)
/root/anaconda3/envs/relic/lib/python3.9/site-packages/sklearn/cluster/_kmeans.py:1416: FutureWarning: The default value of `n_init` will change from 10 to 'auto' in 1.4. Set the value of `n_init` explicitly to suppress the warning
  super()._check_params_vs_input(X, default_n_init=10)
/root/anaconda3/envs/relic/lib/python3.9/site-packages/sklearn/cluster/_kmeans.py:1416: FutureWarning: The default value of `n_init` will change from 10 to 'auto' in 1.4. Set the value of `n_init` explicitly to suppress the warning
  super()._check_params_vs_input(X, default_n_init=10)
/root/anaconda3/envs/relic/lib/python3.9/site-packages/sklearn/cluster/_kmeans.py:1416: FutureWarning: The default value of `n_init` will change from 10 to 'auto' in 1.4. Set the value of `n_init` explicitly to suppress the warning
  super()._check_params_vs_input(X, default_n_init=10)
/root/anaconda3/envs/relic/lib/python3.9/site-packages/sklearn/cluster/_kmeans.py:1416: FutureWarning: The default value of `n_init` will change from 10 to 'auto' in 1.4. Set the value of `n_init` explicitly to suppress the warning
  super()._check_params_vs_input(X, default_n_init=10)
/root/anaconda3/envs/relic/lib/python3.9/site-packages/sklearn/cluster/_kmeans.py:1416: FutureWarning: The default value of `n_init` will change from 10 to 'auto' in 1.4. Set the value of `n_init` explicitly to suppress the warning
  super()._check_params_vs_input(X, default_n_init=10)
/root/anaconda3/envs/relic/lib/python3.9/site-packages/sklearn/cluster/_kmeans.py:1416: FutureWarning: The default value of `n_init` will change from 10 to 'auto' in 1.4. Set the value of `n_init` explicitly to suppress the warning
  super()._check_params_vs_input(X, default_n_init=10)
(200, 10)
X(time slices): [0.    0.001 0.002 0.003 0.004 0.005 0.006 0.007 0.008 0.009 0.01  0.011
 0.012 0.013 0.014 0.015 0.016 0.017 0.018 0.019 0.02  0.021 0.022 0.023
 0.024 0.025 0.026 0.027 0.028 0.029 0.03  0.031 0.032 0.033 0.034 0.035
 0.036 0.037 0.038 0.039 0.04  0.041 0.042 0.043 0.044 0.045 0.046 0.047
 0.048 0.049 0.05  0.051 0.052 0.053 0.054 0.055 0.056 0.057 0.058 0.059
 0.06  0.061 0.062 0.063 0.064 0.065 0.066 0.067 0.068 0.069 0.07  0.071
 0.072 0.073 0.074 0.075 0.076 0.077 0.078 0.079 0.08  0.081 0.082 0.083
 0.084 0.085 0.086 0.087 0.088 0.089 0.09  0.091 0.092 0.093 0.094 0.095
 0.096 0.097 0.098 0.099 0.1   0.101 0.102 0.103 0.104 0.105 0.106 0.107
 0.108 0.109 0.11  0.111 0.112 0.113 0.114 0.115 0.116 0.117 0.118 0.119
 0.12  0.121 0.122 0.123 0.124 0.125 0.126 0.127 0.128 0.129 0.13  0.131
 0.132 0.133 0.134 0.135 0.136 0.137 0.138 0.139 0.14  0.141 0.142 0.143
 0.144 0.145 0.146 0.147 0.148 0.149 0.15  0.151 0.152 0.153 0.154 0.155
 0.156 0.157 0.158 0.159 0.16  0.161 0.162 0.163 0.164 0.165 0.166 0.167
 0.168 0.169 0.17  0.171 0.172 0.173 0.174 0.175 0.176 0.177 0.178 0.179
 0.18  0.181 0.182 0.183 0.184 0.185 0.186 0.187 0.188 0.189 0.19  0.191
 0.192 0.193 0.194 0.195 0.196 0.197 0.198 0.199]
X(shape): (200,)
Y(time series): [[-1.5630e+00 -1.1349e+00 -1.4816e+00 ... -2.6251e+00 -9.5641e-01
  -7.8300e-01]
 [-8.0319e-01 -6.3219e-01 -1.4796e+00 ... -1.3179e+00  3.8131e+00
   1.7922e+00]
 [-3.7374e-01 -2.2399e+00 -3.4766e-01 ...  3.1930e+00 -1.5433e+00
  -1.6507e+00]
 ...
 [-1.4739e+00 -1.0292e-01 -1.3383e+00 ...  7.3874e-01 -2.1233e-02
  -1.9006e+00]
 [-5.0573e+00 -1.4272e+00 -2.7652e+00 ...  1.0213e+00 -7.2620e-01
  -1.0969e+00]
 [-2.4233e+00 -1.4701e+00 -1.2334e-04 ... -3.0286e+00 -1.4819e+00
  -4.8988e-01]]
Y(shape): (200, 10)
(190, 10, 1) (190, 10, 10) (190, 1, 1) (190, 1, 10)
total samples 190
training samples: 114 validation samples: 38 testing samples: 38
seed 10 test MSE 5.7068586349487305 test r2 0.08714776706804855
seed 11 test MSE 5.513416290283203 test r2 0.11666629684057366
seed 12 test MSE 5.75840425491333 test r2 0.08709260587504777
seed 13 test MSE 5.183543682098389 test r2 0.15435552340570677
seed 14 test MSE 5.525720596313477 test r2 0.11311714781565066
seed 15 test MSE 6.3386759757995605 test r2 -0.015916586833981495
seed 16 test MSE 5.488132953643799 test r2 0.11153312265878598
seed 17 test MSE 5.4666948318481445 test r2 0.12350134416442889
seed 18 test MSE 5.725803375244141 test r2 0.09740402587649911
seed 19 test MSE 5.628684997558594 test r2 0.09452352677918885
(10, 10, 10)
(10, 10, 10)
[[0.10405618 0.09658936 0.08664635 0.09541398 0.10155963 0.11726471
  0.1008734  0.09792457 0.09943066 0.10024116]
 [0.13170924 0.10172313 0.09513443 0.10207569 0.1044445  0.08538255
  0.09091199 0.09450942 0.10555123 0.08855781]
 [0.11073625 0.10263582 0.08639917 0.11595694 0.09801051 0.13217771
  0.09321372 0.08751347 0.0900228  0.0833336 ]
 [0.11270486 0.10512198 0.10258054 0.1153951  0.09961786 0.10140875
  0.08348007 0.09473013 0.10074395 0.08421677]
 [0.09711252 0.11244906 0.11007388 0.12468886 0.09689849 0.08635823
  0.08707334 0.10017314 0.09518273 0.08998976]
 [0.13733657 0.09698752 0.09348062 0.10558075 0.09644527 0.10471992
  0.0936651  0.09771981 0.08977597 0.08428847]
 [0.09560871 0.09135011 0.08750254 0.10559774 0.09320413 0.13833577
  0.09689569 0.10402057 0.09814217 0.08934257]
 [0.10321576 0.09601679 0.09401092 0.12582557 0.09381499 0.13138403
  0.09901706 0.08798702 0.08614781 0.08258006]
 [0.10622913 0.09662071 0.09688244 0.10615022 0.09308495 0.10490817
  0.09575285 0.10019611 0.09802434 0.10215108]
 [0.10072677 0.09241668 0.1054861  0.1023442  0.0985439  0.10939408
  0.09210126 0.10455604 0.10462888 0.08980208]]
[(5, 0, 1), (0, 1, 1), (0, 2, 1), (3, 2, 1), (5, 2, 1), (0, 3, 1), (1, 3, 1), (2, 3, 1), (3, 3, 1), (4, 3, 1), (5, 3, 1), (8, 3, 1), (1, 4, 1), (2, 4, 1), (3, 4, 1), (0, 5, 1), (5, 6, 1), (3, 7, 1), (5, 7, 1), (0, 8, 1), (3, 8, 1), (5, 8, 1), (9, 8, 1), (0, 9, 1), (2, 9, 1), (3, 9, 1), (4, 9, 1), (5, 9, 1), (7, 9, 1), (8, 9, 1)]
===================Results===================
5 causes 0 with a delay of 1 time steps.
0 causes 1 with a delay of 1 time steps.
0 causes 2 with a delay of 1 time steps.
3 causes 2 with a delay of 1 time steps.
5 causes 2 with a delay of 1 time steps.
0 causes 3 with a delay of 1 time steps.
1 causes 3 with a delay of 1 time steps.
2 causes 3 with a delay of 1 time steps.
3 causes 3 with a delay of 1 time steps.
4 causes 3 with a delay of 1 time steps.
5 causes 3 with a delay of 1 time steps.
8 causes 3 with a delay of 1 time steps.
1 causes 4 with a delay of 1 time steps.
2 causes 4 with a delay of 1 time steps.
3 causes 4 with a delay of 1 time steps.
0 causes 5 with a delay of 1 time steps.
5 causes 6 with a delay of 1 time steps.
3 causes 7 with a delay of 1 time steps.
5 causes 7 with a delay of 1 time steps.
0 causes 8 with a delay of 1 time steps.
3 causes 8 with a delay of 1 time steps.
5 causes 8 with a delay of 1 time steps.
9 causes 8 with a delay of 1 time steps.
0 causes 9 with a delay of 1 time steps.
2 causes 9 with a delay of 1 time steps.
3 causes 9 with a delay of 1 time steps.
4 causes 9 with a delay of 1 time steps.
5 causes 9 with a delay of 1 time steps.
7 causes 9 with a delay of 1 time steps.
8 causes 9 with a delay of 1 time steps.
===================Evaluation===================
Total False Positives': 26
Total True Positives': 4
Total False Negatives: 17
Total Direct False Positives: 26
Total Direct True Positives: 4
TPs': ['3->2', '3->3', '4->3', '9->8']
FPs': ['5->0', '0->1', '0->2', '5->2', '0->3', '1->3', '2->3', '5->3', '8->3', '1->4', '2->4', '3->4', '0->5', '5->6', '3->7', '5->7', '0->8', '3->8', '5->8', '0->9', '2->9', '3->9', '4->9', '5->9', '7->9', '8->9']
TPs direct: ['3->2', '3->3', '4->3', '9->8']
FPs direct: ['5->0', '0->1', '0->2', '5->2', '0->3', '1->3', '2->3', '5->3', '8->3', '1->4', '2->4', '3->4', '0->5', '5->6', '3->7', '5->7', '0->8', '3->8', '5->8', '0->9', '2->9', '3->9', '4->9', '5->9', '7->9', '8->9']
FNs: ['0->0', '1->0', '4->0', '1->1', '2->1', '2->2', '7->2', '4->4', '5->5', '6->5', '9->5', '6->6', '7->6', '7->7', '8->7', '8->8', '9->9']
(includes direct and indirect causal relationships)
Precision': 0.13333333333333333
Recall': 0.19047619047619047
F1' score: 0.1568627450980392
(includes only direct causal relationships)
Precision: 0.13333333333333333
Recall: 0.19047619047619047
F1 score: 0.1568627450980392
Percentage of delays that are correctly discovered: 100.0%
