/root/anaconda3/envs/relic/lib/python3.9/site-packages/sklearn/cluster/_kmeans.py:1416: FutureWarning: The default value of `n_init` will change from 10 to 'auto' in 1.4. Set the value of `n_init` explicitly to suppress the warning
  super()._check_params_vs_input(X, default_n_init=10)
/root/anaconda3/envs/relic/lib/python3.9/site-packages/sklearn/cluster/_kmeans.py:1416: FutureWarning: The default value of `n_init` will change from 10 to 'auto' in 1.4. Set the value of `n_init` explicitly to suppress the warning
  super()._check_params_vs_input(X, default_n_init=10)
/root/anaconda3/envs/relic/lib/python3.9/site-packages/sklearn/cluster/_kmeans.py:1416: FutureWarning: The default value of `n_init` will change from 10 to 'auto' in 1.4. Set the value of `n_init` explicitly to suppress the warning
  super()._check_params_vs_input(X, default_n_init=10)
/root/anaconda3/envs/relic/lib/python3.9/site-packages/sklearn/cluster/_kmeans.py:1416: FutureWarning: The default value of `n_init` will change from 10 to 'auto' in 1.4. Set the value of `n_init` explicitly to suppress the warning
  super()._check_params_vs_input(X, default_n_init=10)
/root/anaconda3/envs/relic/lib/python3.9/site-packages/sklearn/cluster/_kmeans.py:1416: FutureWarning: The default value of `n_init` will change from 10 to 'auto' in 1.4. Set the value of `n_init` explicitly to suppress the warning
  super()._check_params_vs_input(X, default_n_init=10)
/root/anaconda3/envs/relic/lib/python3.9/site-packages/sklearn/cluster/_kmeans.py:1416: FutureWarning: The default value of `n_init` will change from 10 to 'auto' in 1.4. Set the value of `n_init` explicitly to suppress the warning
  super()._check_params_vs_input(X, default_n_init=10)
/root/anaconda3/envs/relic/lib/python3.9/site-packages/sklearn/cluster/_kmeans.py:1416: FutureWarning: The default value of `n_init` will change from 10 to 'auto' in 1.4. Set the value of `n_init` explicitly to suppress the warning
  super()._check_params_vs_input(X, default_n_init=10)
/root/anaconda3/envs/relic/lib/python3.9/site-packages/sklearn/cluster/_kmeans.py:1416: FutureWarning: The default value of `n_init` will change from 10 to 'auto' in 1.4. Set the value of `n_init` explicitly to suppress the warning
  super()._check_params_vs_input(X, default_n_init=10)
/root/anaconda3/envs/relic/lib/python3.9/site-packages/sklearn/cluster/_kmeans.py:1416: FutureWarning: The default value of `n_init` will change from 10 to 'auto' in 1.4. Set the value of `n_init` explicitly to suppress the warning
  super()._check_params_vs_input(X, default_n_init=10)
/root/anaconda3/envs/relic/lib/python3.9/site-packages/sklearn/cluster/_kmeans.py:1416: FutureWarning: The default value of `n_init` will change from 10 to 'auto' in 1.4. Set the value of `n_init` explicitly to suppress the warning
  super()._check_params_vs_input(X, default_n_init=10)
(200, 10)
X(time slices): [0.    0.001 0.002 0.003 0.004 0.005 0.006 0.007 0.008 0.009 0.01  0.011
 0.012 0.013 0.014 0.015 0.016 0.017 0.018 0.019 0.02  0.021 0.022 0.023
 0.024 0.025 0.026 0.027 0.028 0.029 0.03  0.031 0.032 0.033 0.034 0.035
 0.036 0.037 0.038 0.039 0.04  0.041 0.042 0.043 0.044 0.045 0.046 0.047
 0.048 0.049 0.05  0.051 0.052 0.053 0.054 0.055 0.056 0.057 0.058 0.059
 0.06  0.061 0.062 0.063 0.064 0.065 0.066 0.067 0.068 0.069 0.07  0.071
 0.072 0.073 0.074 0.075 0.076 0.077 0.078 0.079 0.08  0.081 0.082 0.083
 0.084 0.085 0.086 0.087 0.088 0.089 0.09  0.091 0.092 0.093 0.094 0.095
 0.096 0.097 0.098 0.099 0.1   0.101 0.102 0.103 0.104 0.105 0.106 0.107
 0.108 0.109 0.11  0.111 0.112 0.113 0.114 0.115 0.116 0.117 0.118 0.119
 0.12  0.121 0.122 0.123 0.124 0.125 0.126 0.127 0.128 0.129 0.13  0.131
 0.132 0.133 0.134 0.135 0.136 0.137 0.138 0.139 0.14  0.141 0.142 0.143
 0.144 0.145 0.146 0.147 0.148 0.149 0.15  0.151 0.152 0.153 0.154 0.155
 0.156 0.157 0.158 0.159 0.16  0.161 0.162 0.163 0.164 0.165 0.166 0.167
 0.168 0.169 0.17  0.171 0.172 0.173 0.174 0.175 0.176 0.177 0.178 0.179
 0.18  0.181 0.182 0.183 0.184 0.185 0.186 0.187 0.188 0.189 0.19  0.191
 0.192 0.193 0.194 0.195 0.196 0.197 0.198 0.199]
X(shape): (200,)
Y(time series): [[-1.3481   -1.8549   -1.4794   ... -2.4665    0.50784  -0.91613 ]
 [-0.98361  -1.3663   -1.1692   ...  0.16537   2.4602    1.9925  ]
 [-0.62874  -1.1389   -0.77924  ...  1.9079   -0.11251  -0.18815 ]
 ...
 [-1.0167    0.12488  -1.5937   ...  0.1754   -0.70088  -2.1954  ]
 [-4.4019   -1.2251   -1.4616   ...  0.78828  -0.048888 -1.0101  ]
 [-1.9313   -0.89918  -0.89699  ... -1.7567   -0.92102  -0.87178 ]]
Y(shape): (200, 10)
(190, 10, 1) (190, 10, 10) (190, 1, 1) (190, 1, 10)
total samples 190
training samples: 114 validation samples: 38 testing samples: 38
seed 10 test MSE 3.740442991256714 test r2 0.21928014387084013
seed 11 test MSE 3.4225707054138184 test r2 0.28978988827405655
seed 12 test MSE 3.578533411026001 test r2 0.2535165122148159
seed 13 test MSE 3.3903939723968506 test r2 0.2944839496802266
seed 14 test MSE 3.6218552589416504 test r2 0.24671985336959965
seed 15 test MSE 3.8046607971191406 test r2 0.21492849765072536
seed 16 test MSE 3.44670033454895 test r2 0.2793415007478222
seed 17 test MSE 3.6289615631103516 test r2 0.2496229408009895
seed 18 test MSE 3.2794594764709473 test r2 0.3156037243023359
seed 19 test MSE 3.32385516166687 test r2 0.3060368321630163
(10, 10, 10)
(10, 10, 10)
[[0.1036296  0.08551623 0.08066634 0.10395365 0.09660442 0.11184543
  0.10363791 0.11613921 0.105694   0.09231321]
 [0.13610951 0.08977957 0.09590664 0.09583485 0.11082288 0.08718704
  0.09265884 0.10013758 0.10578659 0.0857765 ]
 [0.11229514 0.10685275 0.08966655 0.11135737 0.11072095 0.11153084
  0.10265256 0.08052366 0.09095041 0.08344978]
 [0.10570209 0.11371071 0.09891968 0.11283494 0.10215128 0.10517012
  0.08771253 0.09495947 0.09557435 0.08326483]
 [0.10177915 0.11360549 0.11191682 0.10845495 0.09616327 0.09032416
  0.08860448 0.09827849 0.09697229 0.09390091]
 [0.14230884 0.09115628 0.0836535  0.09950324 0.08726799 0.10714083
  0.10921688 0.10119917 0.09527345 0.08327982]
 [0.10469141 0.09892613 0.08821568 0.10653538 0.08837664 0.1368866
  0.098965   0.10667725 0.08443668 0.08628925]
 [0.10933736 0.09032794 0.0985699  0.10135424 0.10298882 0.1246663
  0.11972817 0.09045114 0.08591176 0.07666435]
 [0.10841503 0.09480414 0.10601749 0.10441934 0.10016443 0.09394302
  0.10304005 0.09675288 0.09793858 0.09450502]
 [0.09988883 0.0900976  0.1077001  0.10394755 0.09601199 0.11060012
  0.10045992 0.10078706 0.10132492 0.0891819 ]]
[(0, 0, 1), (3, 0, 1), (5, 0, 1), (6, 0, 1), (7, 0, 1), (8, 0, 1), (0, 1, 1), (0, 2, 1), (1, 2, 1), (3, 2, 1), (4, 2, 1), (5, 2, 1), (6, 2, 1), (0, 3, 1), (1, 3, 1), (3, 3, 1), (4, 3, 1), (5, 3, 1), (1, 4, 1), (2, 4, 1), (3, 4, 1), (0, 5, 1), (5, 6, 1), (0, 7, 1), (5, 7, 1), (6, 7, 1), (0, 8, 1), (2, 8, 1), (3, 8, 1), (6, 8, 1), (0, 9, 1), (2, 9, 1), (3, 9, 1), (5, 9, 1), (6, 9, 1), (7, 9, 1), (8, 9, 1)]
===================Results===================
0 causes 0 with a delay of 1 time steps.
3 causes 0 with a delay of 1 time steps.
5 causes 0 with a delay of 1 time steps.
6 causes 0 with a delay of 1 time steps.
7 causes 0 with a delay of 1 time steps.
8 causes 0 with a delay of 1 time steps.
0 causes 1 with a delay of 1 time steps.
0 causes 2 with a delay of 1 time steps.
1 causes 2 with a delay of 1 time steps.
3 causes 2 with a delay of 1 time steps.
4 causes 2 with a delay of 1 time steps.
5 causes 2 with a delay of 1 time steps.
6 causes 2 with a delay of 1 time steps.
0 causes 3 with a delay of 1 time steps.
1 causes 3 with a delay of 1 time steps.
3 causes 3 with a delay of 1 time steps.
4 causes 3 with a delay of 1 time steps.
5 causes 3 with a delay of 1 time steps.
1 causes 4 with a delay of 1 time steps.
2 causes 4 with a delay of 1 time steps.
3 causes 4 with a delay of 1 time steps.
0 causes 5 with a delay of 1 time steps.
5 causes 6 with a delay of 1 time steps.
0 causes 7 with a delay of 1 time steps.
5 causes 7 with a delay of 1 time steps.
6 causes 7 with a delay of 1 time steps.
0 causes 8 with a delay of 1 time steps.
2 causes 8 with a delay of 1 time steps.
3 causes 8 with a delay of 1 time steps.
6 causes 8 with a delay of 1 time steps.
0 causes 9 with a delay of 1 time steps.
2 causes 9 with a delay of 1 time steps.
3 causes 9 with a delay of 1 time steps.
5 causes 9 with a delay of 1 time steps.
6 causes 9 with a delay of 1 time steps.
7 causes 9 with a delay of 1 time steps.
8 causes 9 with a delay of 1 time steps.
===================Evaluation===================
Total False Positives': 32
Total True Positives': 5
Total False Negatives: 17
Total Direct False Positives: 33
Total Direct True Positives: 4
TPs': ['0->0', '3->2', '4->2', '3->3', '4->3']
FPs': ['3->0', '5->0', '6->0', '7->0', '8->0', '0->1', '0->2', '1->2', '5->2', '6->2', '0->3', '1->3', '5->3', '1->4', '2->4', '3->4', '0->5', '5->6', '0->7', '5->7', '6->7', '0->8', '2->8', '3->8', '6->8', '0->9', '2->9', '3->9', '5->9', '6->9', '7->9', '8->9']
TPs direct: ['0->0', '3->2', '3->3', '4->3']
FPs direct: ['3->0', '5->0', '6->0', '7->0', '8->0', '0->1', '0->2', '1->2', '4->2', '5->2', '6->2', '0->3', '1->3', '5->3', '1->4', '2->4', '3->4', '0->5', '5->6', '0->7', '5->7', '6->7', '0->8', '2->8', '3->8', '6->8', '0->9', '2->9', '3->9', '5->9', '6->9', '7->9', '8->9']
FNs: ['1->0', '4->0', '1->1', '2->1', '2->2', '7->2', '4->4', '5->5', '6->5', '9->5', '6->6', '7->6', '7->7', '8->7', '8->8', '9->8', '9->9']
(includes direct and indirect causal relationships)
Precision': 0.13513513513513514
Recall': 0.22727272727272727
F1' score: 0.16949152542372883
(includes only direct causal relationships)
Precision: 0.10810810810810811
Recall: 0.19047619047619047
F1 score: 0.13793103448275862
Percentage of delays that are correctly discovered: 100.0%
