/root/anaconda3/envs/relic/lib/python3.9/site-packages/sklearn/cluster/_kmeans.py:1416: FutureWarning: The default value of `n_init` will change from 10 to 'auto' in 1.4. Set the value of `n_init` explicitly to suppress the warning
  super()._check_params_vs_input(X, default_n_init=10)
/root/anaconda3/envs/relic/lib/python3.9/site-packages/sklearn/cluster/_kmeans.py:1416: FutureWarning: The default value of `n_init` will change from 10 to 'auto' in 1.4. Set the value of `n_init` explicitly to suppress the warning
  super()._check_params_vs_input(X, default_n_init=10)
/root/anaconda3/envs/relic/lib/python3.9/site-packages/sklearn/cluster/_kmeans.py:1416: FutureWarning: The default value of `n_init` will change from 10 to 'auto' in 1.4. Set the value of `n_init` explicitly to suppress the warning
  super()._check_params_vs_input(X, default_n_init=10)
/root/anaconda3/envs/relic/lib/python3.9/site-packages/sklearn/cluster/_kmeans.py:1416: FutureWarning: The default value of `n_init` will change from 10 to 'auto' in 1.4. Set the value of `n_init` explicitly to suppress the warning
  super()._check_params_vs_input(X, default_n_init=10)
/root/anaconda3/envs/relic/lib/python3.9/site-packages/sklearn/cluster/_kmeans.py:1416: FutureWarning: The default value of `n_init` will change from 10 to 'auto' in 1.4. Set the value of `n_init` explicitly to suppress the warning
  super()._check_params_vs_input(X, default_n_init=10)
(200, 5)
X(time slices): [0.    0.001 0.002 0.003 0.004 0.005 0.006 0.007 0.008 0.009 0.01  0.011
 0.012 0.013 0.014 0.015 0.016 0.017 0.018 0.019 0.02  0.021 0.022 0.023
 0.024 0.025 0.026 0.027 0.028 0.029 0.03  0.031 0.032 0.033 0.034 0.035
 0.036 0.037 0.038 0.039 0.04  0.041 0.042 0.043 0.044 0.045 0.046 0.047
 0.048 0.049 0.05  0.051 0.052 0.053 0.054 0.055 0.056 0.057 0.058 0.059
 0.06  0.061 0.062 0.063 0.064 0.065 0.066 0.067 0.068 0.069 0.07  0.071
 0.072 0.073 0.074 0.075 0.076 0.077 0.078 0.079 0.08  0.081 0.082 0.083
 0.084 0.085 0.086 0.087 0.088 0.089 0.09  0.091 0.092 0.093 0.094 0.095
 0.096 0.097 0.098 0.099 0.1   0.101 0.102 0.103 0.104 0.105 0.106 0.107
 0.108 0.109 0.11  0.111 0.112 0.113 0.114 0.115 0.116 0.117 0.118 0.119
 0.12  0.121 0.122 0.123 0.124 0.125 0.126 0.127 0.128 0.129 0.13  0.131
 0.132 0.133 0.134 0.135 0.136 0.137 0.138 0.139 0.14  0.141 0.142 0.143
 0.144 0.145 0.146 0.147 0.148 0.149 0.15  0.151 0.152 0.153 0.154 0.155
 0.156 0.157 0.158 0.159 0.16  0.161 0.162 0.163 0.164 0.165 0.166 0.167
 0.168 0.169 0.17  0.171 0.172 0.173 0.174 0.175 0.176 0.177 0.178 0.179
 0.18  0.181 0.182 0.183 0.184 0.185 0.186 0.187 0.188 0.189 0.19  0.191
 0.192 0.193 0.194 0.195 0.196 0.197 0.198 0.199]
X(shape): (200,)
Y(time series): [[-1.6055e+00 -1.1837e+00 -2.2101e-01 -5.3930e-01 -3.3798e-01]
 [-1.0725e+00 -7.8842e-01 -2.6313e-01 -3.6997e-01  2.3684e-01]
 [-6.6339e-01 -6.3391e-01  5.0519e-02 -2.7627e-01  4.3213e-01]
 [ 9.1790e-01  4.2455e-01  5.8372e-01  7.0694e-01 -7.5604e-01]
 [ 3.0114e+00  2.2257e+00  1.5806e+00  1.3902e+00 -1.2621e+00]
 [-6.4628e-01  6.0467e-02  1.3814e+00  1.3662e+00  2.4134e-01]
 [-2.1216e+00 -1.0716e+00 -1.9385e-01 -1.9033e-01  9.7530e-03]
 [ 2.0381e+00 -9.8847e-01 -1.8190e+00 -1.1564e+00 -1.1697e+00]
 [ 4.6639e+00 -1.0378e+00 -1.4477e+00 -9.3459e-01 -2.4745e+00]
 [ 3.5999e-01 -5.1547e-01 -1.0244e-01 -1.0573e-01  2.0061e+00]
 [-3.8105e+00  1.0298e+00  3.3511e-01  1.6124e+00  2.4980e+00]
 [-2.1446e+00  2.3217e+00  8.7216e-01  6.8496e-01  2.3899e+00]
 [ 2.9585e+00  3.9713e+00 -2.8355e+00 -1.0793e+00 -1.0792e+00]
 [ 3.9290e+00  3.9366e+00 -5.9662e+00 -1.1020e+00 -3.3875e+00]
 [-3.6491e-01  1.5240e+00  9.6422e-01  4.5177e-01  2.5997e-01]
 [-3.5993e+00 -8.5316e-01  4.1500e+00  2.0957e-01  1.6621e+00]
 [ 2.3200e+00  3.5404e-01  3.7443e+00  1.1931e+00  4.0097e+00]
 [ 4.7061e-01 -6.5334e-01  2.0187e+00 -2.4091e-01  1.8010e+00]
 [-1.5455e+00 -1.6082e+00  2.3722e+00 -1.1651e+00 -6.2432e-01]
 [-2.7441e+00 -2.7890e+00 -7.8498e-02 -1.3460e+00 -1.1494e+00]
 [-4.9772e-01 -1.9621e+00 -9.5831e-01 -7.7150e-01  1.6839e+00]
 [ 2.7191e+00  8.4127e-01  1.2240e+00  8.0459e-01  3.9627e+00]
 [-1.2207e+00 -1.4029e+00 -4.1649e-01  9.8641e-02 -5.6234e-01]
 [-3.8839e+00 -2.9374e+00  8.6941e-02 -7.7456e-01 -4.5627e+00]
 [-1.6151e+00 -2.1600e+00 -1.2591e+00 -7.9625e-01 -1.7809e+00]
 [ 2.2449e+00  5.7262e-01 -3.7583e-01 -5.1078e-01 -2.1849e+00]
 [-2.1466e-01 -1.8228e-01 -1.0065e+00 -2.4772e-01 -9.7391e-01]
 [-1.6922e+00  4.5051e-01 -1.2365e-02 -2.9389e-01 -7.3535e-01]
 [ 2.0016e+00  1.7382e+00  2.2131e+00  1.0824e-02  1.0360e-01]
 [ 4.3588e+00  2.6533e+00 -1.4899e+00 -8.2904e-02 -3.5729e-01]
 [ 3.1803e+00  1.2772e+00 -6.5380e+00  1.9474e-01 -2.9717e+00]
 [ 1.9550e+00 -2.2045e+00 -1.8538e+00  1.6139e-01 -2.9881e+00]
 [-2.6183e+00 -3.5063e+00  4.9002e-01  2.1349e-01  9.8250e-01]
 [-5.1310e+00 -1.8325e+00 -7.0449e-01  2.6848e-01  2.4310e+00]
 [-3.3093e+00 -1.3041e+00 -2.4136e-01  4.7706e-01  1.5860e+00]
 [-1.4382e+00 -5.2321e-01 -3.5562e-01  1.0895e+00  8.9068e-02]
 [-1.4856e+00  4.6185e-01 -7.3898e-01  9.9245e-02  4.9538e-01]
 [-1.2227e+00  7.8945e-01 -4.9512e-01  2.5473e-01  4.4232e-01]
 [-6.9948e-01 -7.1893e-01  1.0825e+00  2.5292e-01  5.8276e-01]
 [-2.0036e-01 -8.9510e-01  8.1351e-01  2.7199e-01  5.4671e-01]
 [ 1.2813e+00  2.2963e-01  3.8253e-01  3.8390e-01  7.1384e-01]
 [ 1.6745e+00  1.2460e+00  1.9566e+00  2.2836e-01  1.8882e-01]
 [-3.3390e-01  5.1438e-02  2.4519e+00  2.9054e-01  2.0759e-01]
 [-4.0089e-01 -6.9125e-01  3.1598e-01  3.1488e-01  2.1697e-01]
 [ 3.8798e-01 -1.5077e-01 -3.5223e-03  1.9072e-01  1.3517e-01]
 [ 6.2238e-01  3.3244e-01  3.7534e-01  2.7353e-01  1.3311e-01]
 [ 4.5676e-01  2.8301e-01  3.1732e-01  2.9455e-01  4.1653e-01]
 [ 9.8453e-01  3.8873e-01  1.0425e+00  7.9604e-01  1.2183e+00]
 [ 3.7856e+00  3.2160e-01  2.2974e+00  1.5516e+00  1.8546e+00]
 [ 5.2003e+00  1.3844e-02  2.9343e-01  4.6227e-01 -1.2178e+00]
 [ 1.6470e+00  1.9462e+00 -8.7765e-02  1.4145e+00  1.0442e+00]
 [ 2.4027e+00  1.5446e+00 -3.8780e-01 -2.2210e-01 -1.6549e+00]
 [-5.9450e-01  4.2107e-01 -4.2855e-01 -8.9811e-01 -1.2000e+00]
 [-2.4804e+00  6.7923e-01 -7.8961e-02 -1.1192e+00 -2.5414e-01]
 [-1.6070e+00  2.0741e+00  1.0816e+00 -3.6139e-01  4.5759e-02]
 [-1.2987e+00  2.5234e+00  9.0205e-01 -4.8526e-03 -3.2718e-01]
 [-1.0769e+00  8.0140e-01 -4.3146e-01 -4.6912e-01 -5.3988e-01]
 [-7.9496e-01 -3.9425e-01 -1.0826e+00  3.8587e-01 -3.1150e-01]
 [-4.9161e-01 -4.8804e-01 -2.7203e-01 -8.3035e-01  2.3368e-01]
 [-4.5262e-01  3.8832e-03  1.7697e-02 -1.1617e+00  1.5369e+00]
 [ 2.2899e+00  7.6040e-01  5.6605e-01 -6.3143e-01  9.8817e-01]
 [ 2.2865e-01  2.2663e-01  9.8969e-01 -8.4763e-01 -1.3728e+00]
 [-1.3643e+00 -4.3366e-01 -6.9287e-01 -8.8307e-01 -1.2393e+00]
 [-2.5475e-01  1.6439e-01 -9.9069e-01 -8.4004e-01  1.2196e+00]
 [ 8.0343e-01  3.2166e-01 -5.4701e-01 -5.9017e-01  1.0017e+00]
 [ 5.2171e-01  2.6119e-01 -4.5022e-01  1.8855e-01 -1.0329e+00]
 [ 2.6235e+00  2.4335e-01 -2.8119e-01  9.9466e-01 -1.2724e+00]
 [-7.5488e-01 -5.7895e-01 -9.4369e-01  1.1130e+00  9.4412e-01]
 [-2.2576e+00 -7.4626e-01 -6.6827e-01 -4.7797e-01 -9.4937e-01]
 [-1.0590e+00 -4.9419e-01 -3.3155e-01 -3.3655e-01 -1.5575e+00]
 [-3.2553e-01 -4.7458e-01  7.4203e-01  2.1559e+00 -5.7562e-01]
 [-3.2950e-01  2.5889e-03  2.3681e+00  1.4502e+00 -4.2022e-01]
 [-2.9267e-01  1.1816e+00  1.6612e+00 -1.3644e+00 -6.9343e-01]
 [-4.2921e-01 -1.9783e-01 -1.6999e+00 -2.0105e+00 -6.1571e-01]
 [ 1.7687e-02 -8.2294e-01 -1.8564e+00 -1.2569e+00 -3.1237e-01]
 [ 2.4894e+00  1.3983e+00  1.0530e+00 -9.7618e-01  2.1937e+00]
 [ 5.1473e+00  8.0369e-01 -1.9410e-02 -8.1505e-01  4.5214e+00]
 [ 1.4698e+00  1.2716e-01  1.3671e+00 -6.2227e-01  1.3240e+00]
 [-4.1901e+00 -1.9730e-01  8.9100e-01 -3.2174e-01 -1.7728e+00]
 [-2.9421e+00 -1.7211e+00 -1.2504e+00 -2.0272e-01  5.1580e-02]
 [ 3.2509e+00 -2.4862e+00 -1.0458e+00 -1.2909e-01  2.2152e+00]
 [ 1.0922e+00 -1.9759e+00 -1.8142e+00  2.3740e-01 -1.8892e+00]
 [-2.4522e+00 -1.2718e+00 -1.7247e+00  4.1733e-02 -2.9707e+00]
 [-2.5269e+00 -4.6408e-01 -1.0727e+00  2.6420e-01 -1.3185e+00]
 [-1.3334e+00  5.2694e-03 -4.4030e-01  5.5824e-01 -1.5316e+00]
 [ 6.5400e-01 -6.2500e-01 -9.7701e-01  2.2232e+00  1.2583e-01]
 [ 3.7474e+00 -1.5380e+00 -1.2590e+00  6.0991e-01  2.3060e+00]
 [-7.0563e-01 -1.3884e-01  2.4987e-01 -2.5669e-02 -1.2631e+00]
 [-3.9398e+00  1.7560e+00  1.4094e+00 -8.7140e-02 -8.1952e-01]
 [-2.0686e+00  1.2315e+00  5.6150e-01  4.8031e-03 -1.1584e+00]
 [-6.9583e-01  1.3774e-01 -3.9460e-01  4.4359e-02 -1.1750e+00]
 [ 1.2771e+00 -9.9956e-01 -3.9750e-01 -1.3824e-02  6.3446e-01]
 [ 4.4914e+00 -1.5211e+00 -5.9923e-01 -3.3109e-01  3.3321e+00]
 [ 2.2376e+00 -1.4254e+00 -2.6368e-01 -6.4126e-02  9.7848e-01]
 [-3.2731e+00 -2.1842e-01  3.1637e-01  4.8123e-01 -2.9232e+00]
 [-4.0867e+00  5.2798e-02  6.1375e-01  3.9597e-01 -1.2396e+00]
 [-1.3377e+00  4.1748e-01  6.9728e-01  5.2811e-01 -5.1583e-01]
 [ 1.0996e+00  2.9293e+00  2.6475e+00  3.9811e-01 -1.2878e+00]
 [ 1.0950e+00  2.8093e+00  2.3084e+00  5.3326e-01 -9.4564e-01]
 [-1.5571e+00 -4.3083e-02 -3.8052e-01  1.8649e+00  4.7636e-01]
 [-1.2232e-01 -5.1309e-01 -1.3615e+00  2.2311e-01  1.2137e+00]
 [ 4.3417e-01 -1.5487e-01  9.1379e-01  5.0285e-01  9.9258e-01]
 [ 4.0990e+00  1.9175e+00 -9.6263e-01 -3.1356e-01 -1.8833e+00]
 [ 3.8258e+00 -4.2392e-01 -3.7566e-01 -2.5133e-01 -2.4985e+00]
 [ 5.0311e-01 -2.0290e+00  6.3479e-01 -3.8792e-01  4.6538e-01]
 [-4.4507e+00 -1.4044e+00  3.4999e-01 -4.2203e-01  2.5928e+00]
 [-3.7867e+00 -7.0601e-01  7.8636e-01 -3.5732e-01  3.1281e+00]
 [-3.6712e-01  7.5906e-01  1.3500e+00 -3.6237e-01  2.1214e+00]
 [ 2.6984e-01  7.3948e-01  1.0491e+00 -1.6059e-01  3.8800e-01]
 [-1.6282e+00  2.1464e-02 -1.8576e-01 -1.5513e-01  5.5356e-01]
 [-1.5187e+00  7.9813e-01 -1.6166e+00 -1.6850e-01  1.0530e+00]
 [ 2.1060e+00  2.2705e+00 -8.9088e-02 -2.5547e-02 -3.8368e-01]
 [ 2.5806e+00  1.7531e+00 -7.5711e-01  4.4208e-02 -3.0558e-01]
 [-1.3038e+00 -1.7566e+00  4.2976e-01 -1.1685e-02  1.3712e+00]
 [ 2.1511e+00 -9.7765e-02 -7.8576e-01  4.5807e-02  2.7956e-01]
 [ 4.4400e+00  2.1596e+00 -2.5655e+00  5.5383e-02 -1.8287e+00]
 [ 3.3559e+00  7.1299e-01 -9.4460e-01  1.9064e+00 -1.7202e+00]
 [ 1.6206e+00 -3.2365e+00  2.3898e+00  6.3329e-01 -1.1241e-01]
 [ 4.9075e-01 -4.1187e+00  1.6741e+00 -7.4363e-01  1.7597e-01]
 [ 5.5037e-02 -1.5096e+00  1.1562e+00 -8.6177e-01  3.2321e-01]
 [-4.3608e+00 -7.4858e-01  1.1013e+00 -6.5468e-01  2.8124e+00]
 [-5.2940e+00 -1.3095e+00  7.2026e-01 -3.1924e-01  2.3757e+00]
 [-2.8564e+00 -1.1548e+00  7.9289e-01 -1.7351e-01  2.0724e+00]
 [-1.5910e+00 -7.5904e-01  6.6299e-01  1.4667e+00  2.3001e+00]
 [-1.0414e+00  1.7464e-01  7.3382e-01  1.5781e+00  3.7092e-01]
 [-1.2224e+00  2.0127e-01  3.4106e-01  9.6702e-01  1.2469e-01]
 [-6.6041e-01  8.4495e-02  2.5804e-02 -1.1562e+00  3.2791e-01]
 [-3.7737e-01 -4.8096e-02  1.4895e-02 -1.7246e+00 -1.6395e-01]
 [ 7.2888e-02  4.7404e-01  2.0149e+00 -1.4133e+00 -2.0457e-01]
 [ 3.3553e-01  6.5056e-01  1.5412e+00 -9.8351e-01 -4.0905e-01]
 [ 3.7902e-01  4.4782e-01  2.1901e-01 -1.0702e+00 -6.2872e-01]
 [ 4.1541e+00  2.8861e+00  8.1211e-01 -6.9380e-01 -2.0113e+00]
 [ 5.1913e+00  5.0175e+00  1.7240e+00 -5.1663e-01 -1.9505e+00]
 [ 3.7963e+00  3.7291e+00  1.7485e+00 -3.1859e-01 -1.0428e+00]
 [ 3.4030e+00  3.5854e+00  4.0915e-01 -3.9695e-01 -2.7850e+00]
 [ 5.7441e-01  6.4820e-01 -2.0105e+00 -1.7254e-01 -4.8639e-01]
 [-4.1797e+00 -1.4260e+00 -3.3176e+00  1.1898e-04  1.5780e+00]
 [-3.7215e+00 -1.2027e+00 -2.7265e+00 -1.3340e-01  1.5745e+00]
 [-1.5614e+00 -1.1775e+00 -2.5695e+00  1.0412e+00  2.7014e-01]
 [ 1.6622e+00 -2.6482e+00 -3.2512e+00  7.6831e-01  1.9891e-01]
 [ 1.0727e-01 -2.9217e+00 -2.9190e+00 -3.4747e-01  1.7782e+00]
 [-2.0123e+00 -2.0279e+00 -8.2869e-01  3.4460e-01 -5.0191e-01]
 [-1.4672e+00 -1.4815e+00 -1.7632e+00  1.3496e-01 -1.9092e+00]
 [-4.5387e-01 -9.8810e-01 -1.4438e+00 -1.7978e-01 -9.3472e-01]
 [ 2.2087e-01 -5.3519e-01 -8.3623e-01 -2.6458e-01  6.8193e-01]
 [ 4.6582e+00  2.9818e+00 -4.3178e+00 -3.6924e-03 -3.5411e+00]
 [ 4.2922e+00  3.7146e+00 -5.4748e+00 -1.5008e-03 -4.4817e+00]
 [ 1.0813e+00  2.2719e+00 -2.4730e+00  8.2472e-02 -2.3218e-01]
 [ 5.4450e-01  1.4252e+00 -1.1098e+00 -3.4204e-02 -3.4723e-01]
 [-2.5618e+00 -2.0898e+00  2.7480e+00  1.6811e+00  5.9107e-01]
 [-3.0974e+00 -3.1387e+00  3.0708e+00  1.1779e+00  4.0288e-01]
 [-1.6547e+00 -2.2237e+00  2.4454e+00  1.1700e+00  4.0492e-01]
 [-1.4058e+00 -1.9060e+00  4.1147e+00  2.3446e+00  7.4828e-01]
 [-1.3258e+00 -1.5278e+00  3.2946e+00  1.2377e+00  1.9649e+00]
 [-1.0393e+00 -1.8659e-02  4.2386e-01 -1.4921e+00 -4.2858e-01]
 [ 2.6910e-01  3.3935e-01  3.8810e-01 -1.8908e+00 -1.2049e+00]
 [ 1.4160e-03 -4.0466e-01  1.4212e+00 -1.1557e+00 -2.4608e-01]
 [-4.8035e-01 -6.9901e-01  1.5571e+00 -7.8974e-01  5.1021e-02]
 [-2.0048e-01 -4.5892e-01  1.2466e+00  5.1023e-01  1.2546e+00]
 [ 5.8290e-02 -1.8698e-01  9.2261e-01 -5.8928e-01 -3.6184e-02]
 [ 2.4495e-01  5.3206e-01  6.8081e-01  1.9761e-01  1.1254e-01]
 [ 2.6279e-01  1.2226e+00  2.6757e-01  1.1525e+00  2.6617e+00]
 [ 3.7646e-01  3.2145e-01  1.0470e+00  1.7409e-01  1.1365e+00]
 [ 4.4628e-01  4.7148e-02  1.0166e+00 -1.1928e+00 -2.4447e+00]
 [ 5.0508e-01  2.0406e-01  2.6607e+00  4.9856e-01  1.8753e-01]
 [ 3.4617e+00  2.2130e+00  6.0298e-01 -1.2974e+00  2.5420e+00]
 [ 5.4435e+00  4.1852e+00 -2.6569e+00 -2.5619e+00  1.4412e+00]
 [ 4.3625e+00  4.0455e+00 -3.1797e+00 -1.7584e+00  5.2956e-01]
 [ 2.9557e+00  3.1003e+00  2.4569e+00  4.8089e-02  1.3146e+00]
 [ 2.4262e-01  8.2033e-01  3.3644e+00  8.3536e-01 -9.8307e-01]
 [-4.5016e+00 -2.3638e+00  1.6663e+00  1.8293e+00 -4.1978e+00]
 [-4.4655e+00 -3.2694e+00  1.9114e+00  1.4875e-01 -3.2909e+00]
 [-2.4289e+00 -7.9402e-01  1.9619e+00 -1.2370e-01 -2.0259e+00]
 [-1.7134e+00 -4.6091e-01 -9.6724e-01  1.2811e+00 -1.4048e+00]
 [ 6.8658e-01 -5.0424e-01 -1.0825e+00 -3.3299e-02  5.2470e-01]
 [ 7.1985e-01 -2.4438e-01 -9.9121e-01 -5.0329e-01  1.5508e-02]
 [-2.1024e+00 -1.9040e+00 -1.9767e+00  8.4159e-01 -1.6037e+00]
 [-2.2927e+00 -1.4118e+00 -2.2927e+00  1.7004e+00  1.0855e+00]
 [ 2.1900e+00  2.0724e+00 -4.1301e+00  8.0448e-02  3.3678e+00]
 [ 1.1842e+00  7.2365e-01 -2.3063e+00  8.2516e-01  1.9124e+00]
 [-2.1430e+00 -1.7249e+00  1.3862e-01  5.9451e-01  2.2873e-01]
 [ 8.5698e-01 -3.9480e-02 -1.3757e+00 -1.9590e+00 -1.5742e+00]
 [-6.2789e-01 -9.3694e-01 -2.9582e-01 -9.3605e-01 -2.2722e+00]
 [-2.5532e+00 -1.8160e+00  5.3558e-01 -7.8345e-01  2.5815e-01]
 [-1.6999e+00 -9.6482e-01  6.6842e-04 -7.9607e-01 -1.0487e+00]
 [-8.5975e-01  7.3919e-01 -9.9052e-01 -8.6095e-01 -2.6801e+00]
 [-5.5877e-01  1.9234e-01 -6.8629e-02  1.8456e+00 -2.9215e-01]
 [-3.7751e-01 -1.0181e+00  1.0579e+00  1.3672e+00  1.1265e+00]
 [ 3.3682e+00 -1.5641e+00  2.3982e+00  2.3859e+00  4.6549e+00]
 [ 2.1210e+00 -1.1818e+00  1.2244e+00  1.1299e+00  1.9839e+00]
 [-1.9872e+00 -4.3550e-01 -4.4884e-01 -1.3193e+00 -3.3456e+00]
 [-1.6991e+00 -1.3006e-01 -2.9828e-01 -1.5644e+00 -1.8318e+00]
 [ 3.5803e+00 -4.0422e-01  2.8895e-01 -7.3517e-01 -1.1159e-01]
 [ 1.6900e+00 -9.5800e-02  5.2834e-01 -3.7619e-01  1.5188e+00]
 [-2.4614e+00  4.9815e-01  1.5019e+00  9.2060e-01  1.4255e+00]
 [ 2.5395e+00  3.5330e+00 -1.3469e+00  1.4634e-01 -5.3898e-01]
 [ 3.7798e+00  4.2727e+00 -4.1882e+00 -3.5255e-01 -1.4503e+00]
 [ 1.4556e-02  1.7744e+00 -9.6886e-01  1.2756e-01  3.0583e+00]
 [-3.6776e+00 -1.1003e+00  1.1424e+00  2.1201e-01  2.9234e+00]
 [-2.7268e+00 -1.3358e+00  9.7586e-01 -1.0167e+00 -1.7189e-01]]
Y(shape): (200, 5)
(190, 10, 1) (190, 10, 5) (190, 1, 1) (190, 1, 5)
total samples 190
training samples: 114 validation samples: 38 testing samples: 38
seed 10 test MSE 2.809767007827759 test r2 0.1910586298094827
seed 11 test MSE 2.8116116523742676 test r2 0.15305352467761354
seed 12 test MSE 2.6450743675231934 test r2 0.2013072530416718
seed 13 test MSE 2.72560977935791 test r2 0.19407902485098266
seed 14 test MSE 2.556906223297119 test r2 0.2530334496942395
seed 15 test MSE 2.4692423343658447 test r2 0.25698429018369084
seed 16 test MSE 2.445023775100708 test r2 0.2873545699463547
seed 17 test MSE 2.524468421936035 test r2 0.2643887020860386
seed 18 test MSE 2.7026915550231934 test r2 0.23622517945237959
seed 19 test MSE 2.646986484527588 test r2 0.20935087042382503
(10, 5, 5)
(10, 5, 5)
[[0.20583993 0.25327923 0.18655066 0.15347187 0.20085831]
 [0.19863287 0.1889847  0.22805427 0.16622777 0.21810039]
 [0.17899803 0.17457761 0.18825187 0.23376497 0.22440752]
 [0.25232499 0.16999924 0.17923826 0.19235627 0.20608124]
 [0.1951213  0.19953263 0.19975182 0.20332913 0.20226513]]
[(1, 0, 1), (2, 1, 1), (4, 1, 1), (3, 2, 1), (4, 2, 1), (0, 3, 1), (1, 4, 1), (2, 4, 1), (3, 4, 1), (4, 4, 1)]
===================Results===================
1 causes 0 with a delay of 1 time steps.
2 causes 1 with a delay of 1 time steps.
4 causes 1 with a delay of 1 time steps.
3 causes 2 with a delay of 1 time steps.
4 causes 2 with a delay of 1 time steps.
0 causes 3 with a delay of 1 time steps.
1 causes 4 with a delay of 1 time steps.
2 causes 4 with a delay of 1 time steps.
3 causes 4 with a delay of 1 time steps.
4 causes 4 with a delay of 1 time steps.
===================Evaluation===================
Total False Positives': 5
Total True Positives': 5
Total False Negatives: 6
Total Direct False Positives: 6
Total Direct True Positives: 4
TPs': ['1->0', '2->1', '3->2', '4->2', '4->4']
FPs': ['4->1', '0->3', '1->4', '2->4', '3->4']
TPs direct: ['1->0', '2->1', '3->2', '4->4']
FPs direct: ['4->1', '4->2', '0->3', '1->4', '2->4', '3->4']
FNs: ['0->0', '4->0', '1->1', '2->2', '3->3', '4->3']
(includes direct and indirect causal relationships)
Precision': 0.5
Recall': 0.45454545454545453
F1' score: 0.47619047619047616
(includes only direct causal relationships)
Precision: 0.4
Recall: 0.4
F1 score: 0.4000000000000001
Percentage of delays that are correctly discovered: 100.0%
