/root/anaconda3/envs/relic/lib/python3.9/site-packages/sklearn/cluster/_kmeans.py:1416: FutureWarning: The default value of `n_init` will change from 10 to 'auto' in 1.4. Set the value of `n_init` explicitly to suppress the warning
  super()._check_params_vs_input(X, default_n_init=10)
/root/anaconda3/envs/relic/lib/python3.9/site-packages/sklearn/cluster/_kmeans.py:1416: FutureWarning: The default value of `n_init` will change from 10 to 'auto' in 1.4. Set the value of `n_init` explicitly to suppress the warning
  super()._check_params_vs_input(X, default_n_init=10)
/root/anaconda3/envs/relic/lib/python3.9/site-packages/sklearn/cluster/_kmeans.py:1416: FutureWarning: The default value of `n_init` will change from 10 to 'auto' in 1.4. Set the value of `n_init` explicitly to suppress the warning
  super()._check_params_vs_input(X, default_n_init=10)
/root/anaconda3/envs/relic/lib/python3.9/site-packages/sklearn/cluster/_kmeans.py:1416: FutureWarning: The default value of `n_init` will change from 10 to 'auto' in 1.4. Set the value of `n_init` explicitly to suppress the warning
  super()._check_params_vs_input(X, default_n_init=10)
/root/anaconda3/envs/relic/lib/python3.9/site-packages/sklearn/cluster/_kmeans.py:1416: FutureWarning: The default value of `n_init` will change from 10 to 'auto' in 1.4. Set the value of `n_init` explicitly to suppress the warning
  super()._check_params_vs_input(X, default_n_init=10)
(200, 5)
X(time slices): [0.    0.001 0.002 0.003 0.004 0.005 0.006 0.007 0.008 0.009 0.01  0.011
 0.012 0.013 0.014 0.015 0.016 0.017 0.018 0.019 0.02  0.021 0.022 0.023
 0.024 0.025 0.026 0.027 0.028 0.029 0.03  0.031 0.032 0.033 0.034 0.035
 0.036 0.037 0.038 0.039 0.04  0.041 0.042 0.043 0.044 0.045 0.046 0.047
 0.048 0.049 0.05  0.051 0.052 0.053 0.054 0.055 0.056 0.057 0.058 0.059
 0.06  0.061 0.062 0.063 0.064 0.065 0.066 0.067 0.068 0.069 0.07  0.071
 0.072 0.073 0.074 0.075 0.076 0.077 0.078 0.079 0.08  0.081 0.082 0.083
 0.084 0.085 0.086 0.087 0.088 0.089 0.09  0.091 0.092 0.093 0.094 0.095
 0.096 0.097 0.098 0.099 0.1   0.101 0.102 0.103 0.104 0.105 0.106 0.107
 0.108 0.109 0.11  0.111 0.112 0.113 0.114 0.115 0.116 0.117 0.118 0.119
 0.12  0.121 0.122 0.123 0.124 0.125 0.126 0.127 0.128 0.129 0.13  0.131
 0.132 0.133 0.134 0.135 0.136 0.137 0.138 0.139 0.14  0.141 0.142 0.143
 0.144 0.145 0.146 0.147 0.148 0.149 0.15  0.151 0.152 0.153 0.154 0.155
 0.156 0.157 0.158 0.159 0.16  0.161 0.162 0.163 0.164 0.165 0.166 0.167
 0.168 0.169 0.17  0.171 0.172 0.173 0.174 0.175 0.176 0.177 0.178 0.179
 0.18  0.181 0.182 0.183 0.184 0.185 0.186 0.187 0.188 0.189 0.19  0.191
 0.192 0.193 0.194 0.195 0.196 0.197 0.198 0.199]
X(shape): (200,)
Y(time series): [[-7.3272e-01 -2.4248e+00  6.6130e-01 -7.8864e-01 -1.5855e+00]
 [-8.7093e-01 -5.2513e-01 -2.5189e+00 -7.6673e-01 -7.8624e-01]
 [-4.4003e-01  1.5448e-01 -1.4880e+00 -1.1974e+00  1.0845e+00]
 [ 3.5769e-01 -2.5993e-01 -1.6734e+00 -1.3191e-01 -9.8789e-01]
 [ 2.3463e+00  9.3321e-01 -4.4232e-01 -1.4306e+00 -4.1794e-02]
 [-1.3286e-01 -1.0935e+00  6.0252e+00  2.4458e+00 -8.6562e-01]
 [-1.7755e+00 -1.0122e+00  1.0686e+00  7.2448e-01  1.5053e-01]
 [ 3.5345e+00  7.2258e-01 -1.3049e+00  8.8064e-02 -5.5512e-01]
 [ 4.0871e+00  2.7071e+00 -6.8999e-01 -9.1186e-01  2.7384e+00]
 [-2.6877e+00 -7.0052e-01  9.8717e-01  2.5700e-01  4.5951e+00]
 [-3.1500e+00  1.7711e+00  5.5224e-01  3.9210e+00  1.7927e+00]
 [-2.0213e+00  5.6768e+00  9.4706e-01  2.9438e+00  3.8976e+00]
 [ 5.2037e+00  5.1514e+00  8.6508e-01 -1.2895e-01 -4.2824e-01]
 [ 4.4327e+00  3.6010e+00  1.0910e-01 -2.3232e+00 -2.2186e+00]
 [-1.4204e+00  1.4999e+00  4.1122e+00  3.9864e+00 -1.2448e+00]
 [-5.0898e+00 -5.6228e-01  3.7211e+00  6.6991e-01 -6.0774e-01]
 [ 2.8695e+00 -2.6253e+00 -3.1275e+00  2.5467e+00  1.7578e+00]
 [-8.8711e-01 -3.1565e+00  6.5623e-02 -1.4137e-01 -1.6313e+00]
 [-5.5221e-01 -4.8130e+00  1.3426e+00 -1.4266e+00 -2.7777e+00]
 [-2.6198e+00 -4.8478e+00 -1.0815e+00 -4.7940e+00 -3.6275e+00]
 [ 1.3770e+00 -1.8359e+00 -5.0700e+00 -2.7766e+00  1.2280e+00]
 [ 1.4290e+00 -6.5351e-01 -1.8846e+00  3.5246e-01  3.7191e+00]
 [-1.4106e+00 -5.1881e-01 -7.9966e-01  2.7503e-01  1.0398e+00]
 [-3.9781e+00 -3.3664e+00  1.3782e+00 -1.2027e+00 -4.7420e+00]
 [-3.2068e+00 -2.3318e+00 -9.1728e-01 -1.0944e+00 -3.6746e+00]
 [ 2.9615e+00 -5.6430e-01 -4.9127e+00 -2.3854e+00 -1.2840e-01]
 [-1.2574e+00  1.4481e+00 -1.5848e+00 -2.1175e+00 -3.1448e+00]
 [-3.3004e+00  4.8882e+00  1.1224e+00 -2.5067e+00 -3.8407e+00]
 [ 2.2830e+00  1.1848e+00  3.8662e+00  1.5846e+00  2.6210e+00]
 [ 4.5883e+00  1.6843e+00  3.3871e-01  9.2596e-01  5.1054e+00]
 [ 2.7489e+00  3.7311e+00 -1.7567e+00 -7.9682e-01  3.5533e-01]
 [ 1.7098e+00  2.7713e-01 -1.1580e+00 -1.9659e+00 -1.1302e+00]
 [-3.8122e+00 -1.6939e+00 -2.2490e+00 -1.1833e-02 -1.0905e+00]
 [-5.5658e+00 -2.1680e+00 -1.0930e+00 -1.5835e-01  2.4571e-01]
 [-1.5837e+00 -1.0436e+00 -1.8523e+00 -2.2964e-01  1.3296e+00]
 [-2.0313e-01  1.3554e+00 -1.5880e-01  4.5758e+00 -9.3079e-01]
 [-1.8044e+00  1.5139e+00  1.3554e+00  5.3996e-01 -1.7677e+00]
 [-1.8409e+00  4.1208e-01  2.2643e-02  2.1359e+00 -1.1817e+00]
 [ 1.9685e+00 -3.7411e+00  8.1530e-02 -7.4114e-01 -5.2011e-01]
 [-1.2245e+00 -5.5562e+00 -8.8682e-01 -4.7030e-01 -1.8491e-01]
 [ 1.1579e+00  4.2858e+00  1.3542e+00 -1.6021e+00  1.9839e+00]
 [ 2.9258e+00  4.4479e+00  4.5845e+00  3.5544e+00  3.1289e+00]
 [-1.0832e-01 -2.6192e+00  2.6319e+00  2.4953e+00 -1.1739e+00]
 [-1.8013e+00 -2.6962e+00 -2.7186e+00 -2.4483e+00 -2.2871e+00]
 [ 1.4021e+00 -2.2494e+00 -3.0231e+00 -9.6114e-01  1.1838e-01]
 [ 2.4060e+00  5.9293e-01 -1.7039e+00  6.2096e-01  1.3124e+00]
 [ 1.0508e+00  5.4143e-01  8.1748e-01  1.7373e+00  8.0382e-01]
 [ 3.2273e+00 -1.4984e+00  1.3044e+00  6.8401e-01  4.3202e+00]
 [ 4.6789e+00  1.8028e+00  5.5979e+00  1.1712e+00  3.1482e+00]
 [ 5.5640e+00  1.6232e+00  1.3450e+00  1.4416e+00  5.5546e+00]
 [ 9.7915e-01  3.8400e+00 -4.4183e-01  5.6912e+00  2.6927e+00]
 [ 2.9236e+00  2.0204e+00 -2.4007e+00  1.8703e-01 -4.8652e-01]
 [-1.9410e+00 -2.0411e+00  5.8619e-01 -2.0158e+00 -3.2720e+00]
 [-3.4288e+00 -2.2819e+00  2.0757e-01 -1.5790e+00 -2.1344e+00]
 [-2.6749e-01  4.9447e+00  1.9221e+00 -1.7730e+00 -1.2245e-01]
 [-2.7534e+00  2.7528e+00  8.4150e-01 -6.5430e-01 -6.5890e-01]
 [-6.0228e-01 -2.1899e+00  4.6656e-01  1.2980e-01 -5.3688e-01]
 [-1.1731e+00 -3.1791e+00 -2.8237e-01  2.0569e+00  1.6843e+00]
 [-2.8335e+00 -3.3551e-01  1.3460e+00 -4.1466e-02  1.0494e+00]
 [-7.4878e-01  7.1001e-01 -2.0118e-01  1.8174e-01  2.8157e+00]
 [ 2.4062e+00  4.2269e+00  5.0956e+00  1.8913e+00  1.2482e-01]
 [ 7.2902e-03 -9.5050e-01  2.8941e+00 -1.9779e+00 -1.4136e+00]
 [-1.2873e+00 -2.8356e+00 -1.7101e+00 -2.6288e+00 -1.7646e+00]
 [ 8.0510e-01 -1.0838e+00 -2.2420e+00 -2.2977e+00  3.5028e+00]
 [ 7.3854e-01  2.4047e-01 -2.3348e+00 -2.6678e+00  2.5847e+00]
 [ 5.1278e-01 -4.4340e-01 -1.6783e+00 -7.7172e-01 -1.9066e+00]
 [ 2.2966e+00  1.6898e+00 -8.4233e-01 -9.0552e-01 -4.5701e+00]
 [-3.1443e+00 -5.6607e-01 -2.1724e+00  4.0763e+00 -8.4025e-01]
 [-3.4553e+00  1.2087e+00 -4.4808e-01 -1.8400e+00 -2.0420e+00]
 [-1.3905e-01  7.2494e-01 -4.6053e-01 -1.8464e-01 -2.5548e+00]
 [-1.1420e+00  2.0377e-01  1.7454e+00  4.0202e+00  2.8510e-01]
 [ 1.8821e+00  1.7110e+00  4.5235e+00  1.9184e+00  4.3266e-01]
 [-3.4364e-01  4.1215e+00  1.9100e+00 -1.2705e+00 -2.4615e+00]
 [ 2.5511e-01  6.4878e-01 -2.7165e+00 -4.9622e+00 -2.6858e+00]
 [ 2.2052e+00 -3.1781e+00 -4.3334e+00 -2.4562e+00 -2.5315e+00]
 [ 2.4111e+00  4.7295e+00 -6.1476e-02 -9.2265e-01  6.0108e-01]
 [ 4.2936e+00  2.8097e+00  1.7776e+00 -4.6099e-01  4.8042e+00]
 [ 8.3639e-02  2.9794e+00  5.1503e+00  1.6476e+00  4.5184e+00]
 [-6.8868e+00 -4.5809e-01  2.4143e+00  1.5087e+00  2.3155e+00]
 [-3.3260e+00 -6.5424e+00 -2.3862e+00 -1.6605e+00  4.7841e-01]
 [ 3.4972e+00 -1.6004e+00 -9.6480e-01 -9.0257e-02 -1.3919e-01]
 [ 8.9393e-01 -2.0342e+00 -3.3345e+00 -1.9843e+00 -4.4219e+00]
 [-2.1358e+00 -2.7900e+00 -6.0772e+00 -1.2681e+00 -2.5242e+00]
 [-1.8653e+00 -1.1889e+00 -7.1099e-01  1.3545e+00 -2.3743e+00]
 [-3.5480e-01 -6.4425e-01 -3.3626e-01  7.9206e-02 -3.4539e+00]
 [ 7.3030e-01 -2.1262e+00 -2.5224e+00  3.6941e+00 -3.7123e-01]
 [ 4.4541e+00  1.2335e+00 -3.7812e-01  2.5550e+00  5.6174e-01]
 [-1.0879e-01  2.0833e-01 -1.4892e-01 -2.8348e+00 -7.2733e-01]
 [-4.1534e+00  3.3490e+00  1.8803e+00 -1.3918e+00 -3.2573e-01]
 [-8.2842e-01 -1.0887e-01  1.4772e+00  8.0714e-01 -9.0969e-01]
 [-3.8695e-01 -1.2440e+00 -6.6171e-01 -1.7435e+00 -4.2637e+00]
 [ 7.4195e-01 -1.7768e+00  3.5107e-01 -7.7042e-01 -1.0893e+00]
 [ 6.5769e+00 -4.7184e-01 -1.5887e+00  4.0787e-01  1.8969e+00]
 [ 2.5515e+00 -4.8503e-01 -3.8330e-01  5.8852e-01  1.0346e+00]
 [-3.9474e+00 -3.7210e+00 -3.6468e-01  5.1289e-01 -8.4158e-01]
 [-5.8167e+00 -2.1047e+00  3.2702e-01  9.2953e-01  4.7814e-01]
 [-1.5066e+00  6.6620e-01  3.1142e-01  1.6218e-01 -1.2487e-02]
 [ 2.5320e+00  4.5255e+00  2.9600e+00  2.3325e+00  4.0144e-01]
 [ 1.2278e+00  2.8363e+00  8.6124e-01  2.1710e+00 -5.5271e-01]
 [-1.4541e+00 -6.9221e-01 -3.7990e-01  4.5260e+00  4.0423e+00]
 [ 4.2592e-01 -3.8224e+00  8.6231e-01  1.3743e+00  1.5429e+00]
 [-2.8033e-01 -9.7859e-01  4.6950e+00 -1.2059e+00  6.3134e-01]
 [ 4.9526e+00  5.0428e-01 -2.0768e+00  1.4326e+00  3.8791e+00]
 [ 5.4598e+00  1.6479e+00 -2.0337e+00 -7.4374e-01  2.3191e+00]
 [-9.4027e-02  1.8424e+00 -2.0666e+00 -1.7499e+00 -2.2460e-01]
 [-6.3268e+00 -2.2323e+00 -4.0222e-01 -2.4426e+00 -1.5082e+00]
 [-3.5930e+00  6.0789e-01  6.4525e-01 -1.0809e+00  1.7060e+00]
 [ 7.2438e-02  3.6588e+00  2.1716e+00  3.0651e-01  3.4669e+00]
 [-1.3310e+00  1.6718e+00  2.6472e-01 -1.3569e+00 -8.4997e-01]
 [-1.8127e+00  3.2585e-01  1.0587e-01 -2.8431e-01 -1.0319e+00]
 [-1.6702e-01  2.4080e+00  8.4621e-01  1.3743e+00 -1.6620e+00]
 [ 8.1882e-01  2.2215e+00  5.2193e+00  1.8651e+00  1.9778e+00]
 [ 2.4550e+00 -2.0905e-01  7.0707e-01  6.0780e-01  1.4970e+00]
 [-3.0187e+00 -4.3713e+00 -3.4565e+00 -2.3145e+00 -9.2075e-01]
 [ 2.7141e+00 -2.4141e+00  5.9181e-02 -2.7416e-01  4.4531e+00]
 [ 4.3198e+00 -9.8905e-01  3.3875e-02  6.9383e-02  5.6693e-01]
 [ 2.7169e+00 -5.9356e-01 -1.9331e+00  2.8003e+00  2.9942e+00]
 [ 2.7288e+00 -2.5419e+00 -2.0850e+00  1.5662e+00  1.4708e+00]
 [ 4.2598e-01  5.9899e-01  9.3444e-01 -2.2537e+00 -1.7670e+00]
 [-1.3413e+00  1.9874e+00  3.6302e-01 -3.3442e+00 -3.4555e-01]
 [-5.2185e+00 -1.8437e+00 -1.1365e+00 -2.5143e+00 -1.0717e+00]
 [-5.3231e+00 -2.5766e+00 -7.9787e-01 -1.1993e+00 -2.2284e+00]
 [-1.9727e+00 -1.9690e+00 -2.6879e+00  1.1479e+00 -5.3785e-01]
 [-2.1762e+00 -1.2191e+00  2.8300e-02  3.7566e+00  1.1566e+00]
 [-7.2949e-01 -4.5261e-01 -3.3743e-01  2.5980e+00  4.4821e-01]
 [-2.1575e+00  1.9600e+00  5.9825e-01  2.5372e+00 -1.3587e+00]
 [-1.8169e+00 -3.8043e-01  1.3660e+00 -1.1880e+00 -2.6032e+00]
 [ 1.5634e-01 -8.8585e-01  1.0774e-01 -4.3354e+00 -3.5897e+00]
 [ 4.9913e-01  1.3240e+00  5.2555e+00 -8.8459e-01 -1.2049e+00]
 [ 1.6728e+00  1.7078e+00  3.5848e+00 -6.0360e-01  9.6748e-02]
 [ 1.8499e+00  4.9217e-01  1.2453e+00 -2.4283e+00 -1.4995e+00]
 [ 4.9654e+00  1.9936e+00  1.2286e+00  3.4729e-01 -1.2148e-01]
 [ 5.7087e+00  6.1392e+00 -1.1259e+00  5.6627e-02  1.2067e+00]
 [ 3.5819e+00  1.8108e+00  2.4927e+00  1.9269e+00  1.7026e+00]
 [ 4.1633e+00  5.1212e+00 -1.8237e+00 -1.2339e-01 -1.8499e+00]
 [-8.1941e-01 -8.2227e-01 -2.9288e+00  2.4430e-01 -3.2481e+00]
 [-6.4069e+00  2.3918e+00  6.2608e-01  2.9071e-01 -1.3910e+00]
 [-3.1425e+00  2.4311e+00 -1.6092e+00 -1.7608e+00  7.3233e-01]
 [-1.4740e+00  7.1523e-01 -2.8477e+00  1.4547e+00 -6.2481e-01]
 [ 5.7044e-01 -3.6752e+00 -4.2372e+00  7.7367e-01  4.7725e+00]
 [-6.4871e-02 -3.8028e+00 -2.1742e+00 -2.8414e+00  3.0916e+00]
 [-1.0684e+00 -3.2595e+00  2.2297e-01  1.3931e+00  4.7456e-01]
 [-2.4175e+00 -4.8518e-01  4.7680e-01 -1.8152e+00 -3.5564e+00]
 [-1.3931e+00 -1.0642e+00 -1.4533e+00  5.4496e-01 -8.3710e-01]
 [ 1.8052e+00 -1.0692e-02  7.8401e-01 -8.1009e-01  3.9542e+00]
 [ 5.9031e+00  1.8827e+00 -1.4574e+00  3.6088e-01 -5.7997e-01]
 [ 4.4043e+00  3.3938e+00  5.7884e-01 -1.0507e+00 -3.2270e+00]
 [ 1.3661e+00  3.0716e+00  7.0948e-01 -7.7659e-03 -1.5658e+00]
 [ 7.8237e-01  7.9977e-01  1.7957e+00 -4.9475e-01 -1.3129e+00]
 [-2.1587e+00 -5.9649e+00 -2.5517e-01  1.6627e+00 -1.3822e+00]
 [-3.8977e+00 -3.1980e+00 -2.0634e+00  2.5759e+00  1.4228e+00]
 [-8.0355e-01 -2.8263e+00 -2.0654e+00  2.8607e+00  3.2840e-01]
 [ 3.4360e-01 -1.0124e+00  4.2016e+00  2.8239e+00  1.9293e+00]
 [ 1.6602e+00 -1.9124e+00  3.4493e+00  1.5334e+00  1.6771e+00]
 [-9.7345e-01  2.1254e+00 -9.4176e-01 -3.5380e+00 -2.3035e+00]
 [-1.2055e+00  5.1043e-01 -8.7751e-01 -1.7944e+00 -5.5926e+00]
 [-3.5625e-01 -1.8103e+00 -5.6090e-01 -2.2969e+00 -2.2164e+00]
 [-5.4611e-01 -7.0816e-01 -1.8693e+00 -3.3256e+00  4.2246e-01]
 [-1.6293e+00  1.1867e+00 -7.0001e-01  2.7473e+00  1.0797e+00]
 [-1.3368e+00  9.9609e-02  1.1263e-02 -1.3275e-01  9.3181e-01]
 [-4.6076e-01  6.4689e-01  6.3276e-01  1.5249e-01 -1.8323e-01]
 [ 4.1576e-01  3.2823e+00  1.7336e+00  4.3920e+00  3.8155e+00]
 [-6.1350e-02  7.0876e-01 -1.8072e-01 -6.6100e-01  2.3893e+00]
 [ 3.9085e-01 -3.5669e-01 -5.6460e-01 -5.4740e+00 -2.7256e+00]
 [ 4.0692e-01 -4.5730e-01  4.1603e+00  1.5329e-01 -7.2297e-01]
 [ 4.3204e+00  1.2571e+00  2.9825e+00  1.3169e+00  4.0561e+00]
 [ 6.6049e+00  1.4778e+00  1.3089e+00 -1.5456e+00  2.0361e+00]
 [ 3.6904e+00  3.7187e+00  7.6801e-02 -1.9600e+00  6.1583e-01]
 [ 2.7303e+00  2.8728e+00 -1.0813e+00 -6.1229e-01  7.7638e-01]
 [-4.6697e-01 -1.1051e+00 -1.7959e+00  1.0529e+00 -5.1985e-01]
 [-5.2128e+00 -2.6584e+00  4.6500e+00  5.8972e+00  3.3133e+00]
 [-4.2074e+00 -1.0891e+00  3.6328e+00  3.8881e-01 -1.6372e+00]
 [-1.2309e+00  3.8390e+00  3.1370e+00 -4.3695e-03 -1.4851e+00]
 [-9.9763e-01  1.6817e+00 -2.7010e+00  7.3800e-01  1.2357e+00]
 [ 1.0503e+00 -3.1772e+00 -4.1931e+00 -3.7996e-01 -7.7119e-01]
 [ 4.9933e-01 -2.9304e+00 -4.1110e+00 -3.0089e+00 -1.6749e+00]
 [-2.7572e+00 -2.8102e+00 -2.9697e+00  9.1389e-01  2.5481e+00]
 [-3.5187e+00  1.8779e-02 -2.7488e+00  2.8953e+00  4.3893e+00]
 [ 3.3194e+00  2.6479e+00  1.1884e+00  3.1841e+00  5.3659e+00]
 [ 3.1037e+00 -1.3310e+00 -1.9453e+00  1.4575e+00  3.1513e+00]
 [-2.1419e+00 -1.5849e+00 -1.8773e+00 -9.0742e-01  7.2994e-01]
 [ 8.0402e-02 -1.0596e+00 -3.7339e-01 -4.1610e+00 -5.5440e+00]
 [-8.3705e-01 -1.5553e+00  1.3868e+00 -2.3629e+00 -5.8661e+00]
 [-3.7296e+00 -4.6946e-01 -5.8741e-01 -3.8304e+00  1.8165e+00]
 [-2.8557e+00  2.4157e+00 -4.6181e-02 -1.4793e+00 -9.8910e-01]
 [-8.4791e-01  4.2624e+00  9.0676e-01 -1.2087e+00 -5.7732e+00]
 [-8.6154e-01  5.0994e-01  1.8370e+00  4.7410e+00 -1.1964e-01]
 [-9.3789e-01 -3.9695e+00 -6.0951e-01  1.8611e+00 -4.4072e-01]
 [ 3.7893e+00 -8.8546e-01  4.1265e+00  3.2980e+00  1.2878e+00]
 [ 1.5018e+00 -5.8915e-01  1.6647e+00  8.7021e-01 -2.1062e+00]
 [-1.4385e+00 -2.3299e+00 -1.3217e+00 -3.5320e+00 -4.9454e+00]
 [-1.0368e+00 -1.7926e+00 -8.9355e-01 -5.4990e+00 -3.4438e+00]
 [ 4.0275e+00 -7.5740e-01  1.1616e-01 -4.6686e-01  1.4289e+00]
 [ 2.5263e+00  4.3782e-01 -1.7656e+00 -2.0913e+00  2.2271e+00]
 [-3.3907e+00  1.8767e-01  4.7035e+00  1.3574e+00 -1.2410e+00]
 [ 3.0041e+00  1.6057e+00 -2.7208e-02  5.3730e+00  1.2516e+00]
 [ 4.1852e+00  4.1021e-01 -1.2942e+00  1.3289e+00  2.0725e+00]
 [-4.5017e-01 -9.9437e-01  9.0661e-02  2.4410e+00  3.5620e+00]
 [-4.1858e+00 -8.8795e-01 -1.3332e+00  4.9992e-01  1.9627e+00]
 [-3.2957e+00 -5.4653e-01 -2.2286e+00 -4.4090e+00 -2.7539e+00]]
Y(shape): (200, 5)
(190, 10, 1) (190, 10, 5) (190, 1, 1) (190, 1, 5)
total samples 190
training samples: 114 validation samples: 38 testing samples: 38
seed 10 test MSE 6.389804840087891 test r2 0.03681371018670208
seed 11 test MSE 5.710094928741455 test r2 0.14463870166029097
seed 12 test MSE 5.592164516448975 test r2 0.16332177485137975
seed 13 test MSE 5.823568820953369 test r2 0.13667616362334867
seed 14 test MSE 6.310949325561523 test r2 0.053115968549223555
seed 15 test MSE 6.028864860534668 test r2 0.10252523695487599
seed 16 test MSE 5.459270477294922 test r2 0.1720294037709407
seed 17 test MSE 6.6175312995910645 test r2 0.00365020514766754
seed 18 test MSE 5.951079845428467 test r2 0.08805679393262969
seed 19 test MSE 6.7624430656433105 test r2 -0.02808419430445972
(10, 5, 5)
(10, 5, 5)
[[0.18464162 0.19416972 0.19462252 0.23898986 0.18757627]
 [0.21474711 0.20593345 0.18062691 0.1892176  0.20947492]
 [0.18011658 0.18306453 0.18702677 0.21610601 0.23368611]
 [0.22740863 0.17100674 0.17761589 0.20975881 0.21420992]
 [0.19027255 0.19791071 0.20610831 0.19441788 0.21129055]]
[(3, 0, 1), (0, 1, 1), (1, 1, 1), (4, 1, 1), (3, 2, 1), (4, 2, 1), (0, 3, 1), (3, 3, 1), (4, 3, 1), (2, 4, 1), (4, 4, 1)]
===================Results===================
3 causes 0 with a delay of 1 time steps.
0 causes 1 with a delay of 1 time steps.
1 causes 1 with a delay of 1 time steps.
4 causes 1 with a delay of 1 time steps.
3 causes 2 with a delay of 1 time steps.
4 causes 2 with a delay of 1 time steps.
0 causes 3 with a delay of 1 time steps.
3 causes 3 with a delay of 1 time steps.
4 causes 3 with a delay of 1 time steps.
2 causes 4 with a delay of 1 time steps.
4 causes 4 with a delay of 1 time steps.
===================Evaluation===================
Total False Positives': 5
Total True Positives': 6
Total False Negatives: 5
Total Direct False Positives: 6
Total Direct True Positives: 5
TPs': ['1->1', '3->2', '4->2', '3->3', '4->3', '4->4']
FPs': ['3->0', '0->1', '4->1', '0->3', '2->4']
TPs direct: ['1->1', '3->2', '3->3', '4->3', '4->4']
FPs direct: ['3->0', '0->1', '4->1', '4->2', '0->3', '2->4']
FNs: ['0->0', '1->0', '4->0', '2->1', '2->2']
(includes direct and indirect causal relationships)
Precision': 0.5454545454545454
Recall': 0.5454545454545454
F1' score: 0.5454545454545454
(includes only direct causal relationships)
Precision: 0.45454545454545453
Recall: 0.5
F1 score: 0.47619047619047616
Percentage of delays that are correctly discovered: 100.0%
