/root/anaconda3/envs/relic/lib/python3.9/site-packages/sklearn/cluster/_kmeans.py:1416: FutureWarning: The default value of `n_init` will change from 10 to 'auto' in 1.4. Set the value of `n_init` explicitly to suppress the warning
  super()._check_params_vs_input(X, default_n_init=10)
/root/anaconda3/envs/relic/lib/python3.9/site-packages/sklearn/cluster/_kmeans.py:1416: FutureWarning: The default value of `n_init` will change from 10 to 'auto' in 1.4. Set the value of `n_init` explicitly to suppress the warning
  super()._check_params_vs_input(X, default_n_init=10)
/root/anaconda3/envs/relic/lib/python3.9/site-packages/sklearn/cluster/_kmeans.py:1416: FutureWarning: The default value of `n_init` will change from 10 to 'auto' in 1.4. Set the value of `n_init` explicitly to suppress the warning
  super()._check_params_vs_input(X, default_n_init=10)
/root/anaconda3/envs/relic/lib/python3.9/site-packages/sklearn/cluster/_kmeans.py:1416: FutureWarning: The default value of `n_init` will change from 10 to 'auto' in 1.4. Set the value of `n_init` explicitly to suppress the warning
  super()._check_params_vs_input(X, default_n_init=10)
/root/anaconda3/envs/relic/lib/python3.9/site-packages/sklearn/cluster/_kmeans.py:1416: FutureWarning: The default value of `n_init` will change from 10 to 'auto' in 1.4. Set the value of `n_init` explicitly to suppress the warning
  super()._check_params_vs_input(X, default_n_init=10)
(200, 5)
X(time slices): [0.    0.001 0.002 0.003 0.004 0.005 0.006 0.007 0.008 0.009 0.01  0.011
 0.012 0.013 0.014 0.015 0.016 0.017 0.018 0.019 0.02  0.021 0.022 0.023
 0.024 0.025 0.026 0.027 0.028 0.029 0.03  0.031 0.032 0.033 0.034 0.035
 0.036 0.037 0.038 0.039 0.04  0.041 0.042 0.043 0.044 0.045 0.046 0.047
 0.048 0.049 0.05  0.051 0.052 0.053 0.054 0.055 0.056 0.057 0.058 0.059
 0.06  0.061 0.062 0.063 0.064 0.065 0.066 0.067 0.068 0.069 0.07  0.071
 0.072 0.073 0.074 0.075 0.076 0.077 0.078 0.079 0.08  0.081 0.082 0.083
 0.084 0.085 0.086 0.087 0.088 0.089 0.09  0.091 0.092 0.093 0.094 0.095
 0.096 0.097 0.098 0.099 0.1   0.101 0.102 0.103 0.104 0.105 0.106 0.107
 0.108 0.109 0.11  0.111 0.112 0.113 0.114 0.115 0.116 0.117 0.118 0.119
 0.12  0.121 0.122 0.123 0.124 0.125 0.126 0.127 0.128 0.129 0.13  0.131
 0.132 0.133 0.134 0.135 0.136 0.137 0.138 0.139 0.14  0.141 0.142 0.143
 0.144 0.145 0.146 0.147 0.148 0.149 0.15  0.151 0.152 0.153 0.154 0.155
 0.156 0.157 0.158 0.159 0.16  0.161 0.162 0.163 0.164 0.165 0.166 0.167
 0.168 0.169 0.17  0.171 0.172 0.173 0.174 0.175 0.176 0.177 0.178 0.179
 0.18  0.181 0.182 0.183 0.184 0.185 0.186 0.187 0.188 0.189 0.19  0.191
 0.192 0.193 0.194 0.195 0.196 0.197 0.198 0.199]
X(shape): (200,)
Y(time series): [[-2.5741e+00 -1.5540e+00 -1.5816e+00 -3.5151e+00 -1.8591e+00]
 [-5.8817e-01 -5.1134e-01 -2.3759e+00 -9.8096e-01  1.7114e+00]
 [-1.1778e+00 -7.4086e-01 -1.1032e+00 -9.4451e-01 -2.7891e+00]
 [ 4.1779e+00 -1.6850e+00 -1.1455e-01  1.0345e+00 -9.4892e-01]
 [ 1.1696e+00 -6.3482e-01  4.2863e+00  9.5459e-01  1.3122e-01]
 [ 4.9376e-01  7.6774e-01  1.7931e+00  1.3830e+00 -2.1467e-02]
 [-1.2256e+00  1.5668e-01 -1.0435e+00 -1.2512e+00 -8.1333e-01]
 [ 4.5878e+00  3.4161e+00  2.0037e-01  1.5658e+00  2.5129e+00]
 [ 1.8194e+00  2.1472e-01  1.0671e+00  1.5557e+00  3.0220e+00]
 [-3.7085e+00  7.7514e-01  1.4878e+00  5.2201e+00  4.8687e+00]
 [ 1.0977e+00  3.6800e+00  1.4837e+00  3.1490e+00  5.7205e+00]
 [ 2.0544e+00  3.8802e+00  3.0133e+00  1.8701e-02 -4.0496e-01]
 [ 6.9152e-01  3.8597e+00  2.1209e+00 -2.1318e+00 -4.2646e+00]
 [-1.1033e-01  2.1063e-01  2.2886e+00  1.8280e+00 -1.3813e+00]
 [-1.5553e+00  1.1147e+00  5.6454e-01  1.7968e+00  4.2893e-01]
 [-7.5249e-01 -1.1499e+00 -2.3788e+00  1.5450e+00 -1.6486e-01]
 [-9.2125e-01 -4.6436e+00 -1.5980e+00 -1.6431e+00 -1.9967e-01]
 [-1.8296e+00 -2.9666e-01  9.4842e-01 -5.0518e-01 -9.4440e-01]
 [-3.1107e+00 -3.8852e+00 -1.8985e+00 -3.8134e+00 -4.8948e+00]
 [-2.2741e+00 -2.6050e+00 -6.1571e+00 -5.0865e+00 -8.8138e-01]
 [ 2.7060e+00 -6.5869e-01 -1.1360e+00  3.1049e+00  3.1563e+00]
 [-1.2973e+00 -2.2612e+00 -3.3607e-01 -2.6970e-01  7.1579e-01]
 [-4.3531e+00 -2.7570e+00 -2.9031e-01  7.5671e-01 -5.8090e+00]
 [-6.8150e-01 -2.3240e+00 -2.1007e+00 -4.4975e+00 -5.0337e+00]
 [-9.7163e-01 -2.7126e+00 -4.1853e+00 -3.4374e+00 -1.3531e+00]
 [-1.1747e+00  2.3762e+00 -2.1431e+00 -5.1193e+00 -2.2061e+00]
 [ 6.7343e-01  5.5779e+00  5.5334e-01 -1.3104e-01  1.6917e+00]
 [ 3.5378e+00  3.6175e+00  4.0161e+00  4.1134e+00  3.6677e+00]
 [ 2.7579e+00  2.4782e+00  2.2569e+00  9.0567e-01  3.4960e+00]
 [ 3.3023e+00  5.1238e-01 -1.1083e+00 -8.3478e-02  1.0342e+00]
 [ 2.8168e+00  2.7756e+00 -1.9550e+00  1.4267e-01 -2.1512e-01]
 [-2.3301e+00 -1.2390e+00 -2.6648e+00 -1.5294e+00 -3.5463e+00]
 [-2.6136e+00 -4.0930e+00 -2.9989e+00 -2.4758e+00  1.3805e+00]
 [-1.7518e+00 -1.6986e+00  3.7376e-01 -2.2653e+00  1.8468e+00]
 [-1.2048e+00 -2.0882e+00  1.2212e-01  1.2452e+00  2.0221e-01]
 [-7.5798e-01  3.9040e-01  6.3853e-01  1.4528e+00 -1.3302e+00]
 [ 6.5494e-01  1.6905e+00 -9.6196e-01 -3.7576e-01 -3.6067e-01]
 [-1.9457e+00 -2.1092e+00 -2.8231e-02 -8.7771e-01 -2.8223e+00]
 [-2.5213e+00 -5.3772e+00 -1.4025e+00 -7.0854e-01 -1.9912e+00]
 [ 2.5169e+00  5.0087e-01  2.9571e+00  6.5860e-01  4.4211e+00]
 [ 2.5233e+00  2.3582e+00  5.2162e+00  4.4093e+00  4.0588e+00]
 [ 1.7983e+00 -8.4621e-01  3.8343e+00  2.6886e+00 -4.1437e-01]
 [-2.5341e+00 -2.7393e+00 -2.7801e+00 -1.5154e+00 -3.7450e+00]
 [-3.7077e+00 -1.2078e+00 -3.0145e+00 -2.0505e-01 -1.3321e+00]
 [-4.4330e-01 -5.3924e-01 -1.7868e+00  1.3494e+00 -3.3138e-01]
 [ 2.0461e-01  3.8099e-01  3.2516e+00  2.0982e+00  3.0523e-01]
 [ 1.4646e+00 -3.4541e-01  2.1235e+00 -1.6062e-01  3.5636e+00]
 [ 4.9419e+00  9.0039e-01  4.5688e+00  3.6508e+00  3.6556e+00]
 [ 6.2349e+00  2.4120e+00  3.4463e+00  2.9996e+00  4.9748e+00]
 [ 3.0388e+00  4.7163e+00  1.5007e+00  3.1502e+00  4.4429e+00]
 [ 2.0969e+00  2.8711e+00  6.0308e-01  2.3566e+00  9.0746e-01]
 [-1.0385e+00  5.2117e-01 -2.0328e+00 -3.8710e+00 -5.8087e+00]
 [-4.8617e+00 -1.7113e+00 -3.3433e+00 -1.6480e+00 -2.6165e+00]
 [-1.4449e+00  4.2854e+00  2.0573e+00 -1.4437e+00  1.6306e+00]
 [ 1.5328e+00  5.0238e+00  2.6334e+00  1.5756e-01  1.6367e+00]
 [-1.8114e+00  8.2351e-01 -1.7588e+00 -9.8938e-01 -2.3409e+00]
 [-6.2678e-02 -3.8751e+00 -3.5374e+00  1.9096e+00  6.3704e-01]
 [-1.0943e+00 -2.8843e+00 -1.3299e+00  2.8661e-01 -6.9087e-01]
 [ 1.9891e+00  3.0669e-01  2.5478e+00 -2.0869e+00  3.4584e+00]
 [ 5.1255e+00  1.1864e+00  2.0115e+00  1.0661e+00  1.1418e+00]
 [ 4.8607e-02  1.5663e+00  3.0032e+00  8.6559e-01 -2.5982e+00]
 [-3.1084e+00 -2.9702e+00 -4.9267e-01 -1.9872e+00 -3.1755e+00]
 [-8.2622e-01 -9.6435e-01  2.8172e-01 -1.6196e+00  3.5722e+00]
 [-2.7740e-01 -1.5199e-01  8.8266e-01 -2.4417e-01  3.4677e+00]
 [-1.2478e+00 -2.1690e+00 -2.6403e+00 -2.2188e+00 -3.0654e+00]
 [ 5.0891e-01  1.0501e+00 -2.5930e+00  6.3957e-01 -4.2741e+00]
 [-1.1575e+00 -2.2656e-01 -2.6078e+00  1.8854e+00  7.7312e-01]
 [-2.3001e+00 -8.5259e-01 -3.8080e+00 -1.1004e+00 -3.0315e+00]
 [-1.3538e+00 -7.1382e-01  7.5783e-01  9.2756e-02 -4.3146e+00]
 [ 2.4702e-01 -8.7836e-01  2.5465e+00  3.2377e+00  2.7665e+00]
 [ 8.4817e-01  1.0222e+00  4.2136e+00  2.9336e+00  2.3903e+00]
 [ 3.0508e+00  6.3545e+00  4.8478e+00  2.3230e+00  5.3259e-01]
 [ 4.1358e-01  7.8801e-01 -2.1937e+00 -4.9150e+00 -4.0478e+00]
 [-2.5824e+00 -1.5976e+00 -4.7430e+00 -5.4143e+00 -6.0345e+00]
 [ 2.6139e+00  1.5533e+00  3.0264e+00  4.6079e-01  2.6962e+00]
 [ 5.2734e+00  4.4992e+00  3.5312e+00  1.6942e-01  3.3535e+00]
 [ 2.1154e+00  3.6650e+00  5.0822e+00  1.7426e+00  3.9894e+00]
 [ 1.7762e+00  1.2608e+00  6.5205e-01  1.0865e+00  2.4006e+00]
 [-1.5702e+00 -1.7592e+00 -1.9194e+00 -8.6248e-01  7.0445e-01]
 [ 1.8303e+00 -3.7597e+00  2.2243e-01  9.3719e-01  7.8262e-01]
 [-2.7656e+00 -2.4375e+00 -3.0375e+00 -2.0640e+00 -4.6505e+00]
 [-5.1439e+00 -2.6100e+00 -5.9565e+00 -4.5319e+00 -3.3763e+00]
 [-2.9004e+00 -2.5583e+00 -2.9740e+00 -1.8074e+00 -1.8320e+00]
 [-2.0155e+00 -3.5421e-01 -3.0179e+00 -7.5011e-01 -4.7326e+00]
 [-1.1931e+00  6.4226e-02 -3.1390e+00  3.0133e+00  1.8189e+00]
 [ 2.3243e+00 -1.7544e+00  4.3491e-02  2.0035e+00  8.5821e-01]
 [-1.3992e+00 -8.2870e-02  4.3085e-01 -2.9002e+00 -2.1952e+00]
 [-1.3289e-01  2.1799e+00 -1.5952e+00 -1.8671e+00  3.0584e+00]
 [ 7.7873e-01  1.6309e+00 -1.0119e+00 -8.0123e-01 -2.6193e-01]
 [-2.0123e+00 -2.9475e-03 -3.6747e+00 -9.7142e-01 -3.6877e+00]
 [-2.1054e+00 -2.6420e+00 -1.6048e+00 -1.4228e+00 -2.4593e+00]
 [ 2.8782e+00 -1.7748e-01  1.7766e+00  1.5551e+00 -1.9958e-03]
 [ 1.9497e+00 -9.6301e-01  1.4493e+00  1.5168e+00  6.6336e-01]
 [-4.4610e+00 -3.4913e+00 -2.8449e+00 -2.3638e+00 -2.3522e+00]
 [-4.2554e+00 -2.9039e+00 -1.5454e+00 -9.2535e-01  2.2056e+00]
 [-5.6999e-01 -1.7050e+00 -9.8766e-01  1.3104e+00 -6.8167e-01]
 [-3.6769e-01  2.7184e+00  4.1061e+00  1.8943e+00  3.0784e+00]
 [ 3.1092e+00  3.8395e+00  3.2321e+00  2.7048e+00  3.8904e+00]
 [-1.9819e+00  5.5018e-01 -1.0519e+00  3.0176e+00  2.6048e+00]
 [-1.6949e+00 -3.1086e+00 -8.8491e-01  1.5620e+00  2.3769e+00]
 [ 6.0061e-01 -3.0871e+00  3.2118e+00  8.7811e-01 -2.0661e+00]
 [ 3.6387e+00 -2.2956e-01  2.5478e+00  2.6812e+00  4.8562e+00]
 [ 5.5029e+00 -6.6348e-01  4.2555e-01  1.5918e+00  2.6050e+00]
 [ 1.2426e+00  2.3684e+00  2.2926e+00 -5.7741e-01 -1.3724e+00]
 [-4.7485e+00 -1.6065e+00 -2.1164e+00 -5.0392e+00 -2.2734e+00]
 [-2.4086e+00 -1.6631e+00 -2.9725e-01 -3.1406e+00  4.3199e+00]
 [ 1.9832e+00  4.8313e+00  4.0137e+00  5.2164e-01  4.4000e+00]
 [ 1.8897e+00  3.5747e+00  2.2747e-01  1.6235e+00 -5.7394e-01]
 [-2.2496e+00  7.0703e-01 -1.4489e-01 -1.0244e+00 -5.6462e+00]
 [-2.6933e-01  1.5458e+00  1.0906e+00 -7.0908e-01  9.1730e-02]
 [ 1.9847e+00  4.5290e+00  5.0803e+00  4.3694e+00  1.7871e+00]
 [ 1.7181e+00  1.4326e+00  3.1914e+00  2.6710e+00 -8.6556e-02]
 [-2.4416e+00 -3.9736e+00 -5.7922e+00 -3.4507e+00 -5.6005e+00]
 [ 1.5758e-01 -3.4205e+00 -1.0016e+00 -5.1630e-01  1.2894e+00]
 [ 5.1330e+00  1.4295e-01  1.2916e+00  1.0316e+00  2.7389e+00]
 [ 3.7653e+00 -5.5249e-01 -8.4917e-01  1.9411e+00  1.4056e+00]
 [ 1.0589e+00 -1.1076e+00  9.0987e-01  3.7749e+00  1.0772e+00]
 [ 6.5379e-01 -5.6848e-01 -2.5332e+00 -5.5608e-01 -3.4338e+00]
 [ 8.5110e-01 -5.7347e-01  1.3250e+00 -3.0219e-02 -2.0143e-01]
 [-2.5086e+00  1.8885e+00 -2.6233e+00 -2.2526e+00 -4.2776e+00]
 [-7.1330e+00 -4.3868e+00 -5.0828e+00 -2.1999e+00 -6.2632e+00]
 [-4.9545e+00 -2.8902e+00  1.0801e-01 -1.3310e+00 -1.1638e+00]
 [-6.0531e-01 -1.1855e+00  1.7826e-01  1.5339e+00  3.7391e+00]
 [-1.5030e+00  1.3316e-01 -1.5896e+00  2.5113e+00  1.1586e+00]
 [-2.9579e+00  5.2504e-02 -2.2680e+00  1.7716e+00  2.5439e+00]
 [-8.1238e-01  2.5658e-01 -8.9548e-01 -2.8429e+00 -1.2278e+00]
 [ 7.3801e-01 -2.7154e-01 -1.2517e+00 -3.4773e+00 -2.5757e+00]
 [ 3.0453e-02  2.7629e+00  6.7610e+00 -1.2551e+00  9.9285e-01]
 [ 1.0934e+00  2.2054e+00  3.5628e+00  2.2219e+00  2.4997e+00]
 [ 2.1771e+00  2.0928e+00  2.1855e+00 -7.9892e-01  9.2430e-01]
 [ 3.3644e+00  2.1888e+00  5.6298e-01  7.8063e-01 -2.7403e-01]
 [ 5.3744e+00  4.9851e+00  3.9677e+00  3.0598e-01  1.8590e+00]
 [ 5.0318e+00  4.5370e+00  4.1263e+00  1.8056e+00  2.1890e+00]
 [ 3.3232e+00  2.7008e+00  2.3940e+00 -4.5659e-01 -4.8649e-01]
 [ 1.3575e+00 -1.2592e+00 -1.0462e+00 -2.8580e+00 -2.1829e+00]
 [-3.8240e+00  2.3724e+00 -1.9840e+00 -2.1534e+00  1.4355e+00]
 [-6.8254e-01  1.4810e+00 -1.6101e+00 -9.9408e-01  2.0933e+00]
 [ 8.6161e-01  1.4721e+00 -1.1166e+00 -8.9607e-02  6.0958e-01]
 [ 2.4622e+00 -3.2238e+00 -1.9485e+00  3.0794e-01 -4.6504e-01]
 [-1.4896e-01 -4.5598e+00 -1.9090e+00 -2.0039e+00  8.9538e-01]
 [-3.1312e+00 -3.4820e+00  6.3145e-01  1.6565e+00 -2.7615e+00]
 [-3.8051e+00 -3.1279e+00 -3.1727e+00 -1.7520e+00 -5.5652e+00]
 [-2.9240e+00 -2.2620e+00 -4.6185e+00 -3.7083e+00 -2.6043e+00]
 [-9.3494e-01  8.5489e-02  7.7643e-01  6.8542e-01  2.0549e+00]
 [ 1.2831e+00  2.2322e-01 -4.0819e-01  1.2997e+00  1.5641e-01]
 [ 2.4250e+00  2.2776e-01 -1.6443e-01 -9.0909e-02 -1.5337e+00]
 [ 1.3773e+00  4.2660e+00  2.1337e+00  1.7958e+00  4.9165e-01]
 [ 6.8051e-01  4.4552e+00  6.4257e-01 -6.3012e-01  4.9082e-01]
 [-3.3495e+00 -7.1433e-01 -4.8119e+00 -1.0979e+00 -2.5229e+00]
 [-5.3914e+00 -4.7321e+00 -5.6977e+00  1.3092e+00  8.9146e-02]
 [-2.3916e+00 -3.3903e+00 -2.1666e+00  3.2839e+00  5.6559e-02]
 [ 6.3926e-01 -2.5938e+00  2.4398e+00  2.0888e+00  5.5877e-01]
 [ 7.9629e-01  5.0808e-01  3.4157e+00  1.4779e+00  4.5116e+00]
 [-1.3061e-01  2.7503e+00  2.2943e-01 -1.3161e+00 -3.7912e-01]
 [-9.3430e-01  3.1900e-01 -2.3480e+00 -3.1884e+00 -6.1191e+00]
 [-1.0986e+00 -2.1819e+00 -4.4253e-01 -1.7219e+00 -7.6161e-01]
 [-1.0786e+00 -2.1903e+00 -1.2129e+00 -3.0159e+00 -2.6465e+00]
 [ 1.6528e-01 -1.1519e+00  4.9615e-01  2.2092e+00  1.5276e+00]
 [ 8.3954e-01 -4.0075e-01 -7.5963e-02 -9.9431e-01  1.9696e+00]
 [ 3.2606e-01 -5.6366e-01  1.2611e+00  2.4872e+00  1.5674e-01]
 [ 2.2351e+00  2.5448e+00  2.2457e+00  3.9652e+00  5.4881e+00]
 [ 1.8421e+00  1.0318e-01  8.9143e-01  1.8571e+00  6.0731e+00]
 [-1.5543e+00 -1.7373e+00 -1.9875e+00 -2.8518e+00 -5.8152e+00]
 [ 1.5973e+00 -1.1655e+00  5.6934e+00  1.4608e+00 -7.6517e-01]
 [ 6.3036e+00  7.4887e-01  3.9515e+00  1.6232e+00  4.9966e+00]
 [ 5.6202e+00  4.2354e+00  2.7926e+00  7.9783e-01  4.0394e+00]
 [ 2.5988e+00  2.2070e+00  1.9151e+00  6.1267e-01 -7.8100e-01]
 [ 2.5745e+00  1.5797e+00  1.8917e+00  1.2837e+00 -8.0104e-01]
 [-4.9697e-01  4.2113e-01 -1.5378e+00 -2.4076e+00  8.1835e-02]
 [-4.4653e+00 -1.5977e-01  5.9450e-01  2.7144e+00  1.8911e+00]
 [-2.3265e+00 -3.5835e-01  2.1042e+00 -2.9914e-02 -9.7018e-01]
 [-2.5753e-01  3.2435e+00  3.7805e+00  1.3220e+00  7.9561e-01]
 [-1.8645e+00  2.6174e+00 -1.6370e+00  2.3936e-01 -7.1683e-01]
 [-2.6950e+00 -1.1295e+00 -5.1450e+00 -1.6548e+00 -2.2630e+00]
 [-9.0497e-01 -2.2915e+00 -3.4645e+00 -4.1593e+00 -5.3847e+00]
 [-1.8672e+00 -2.9469e+00 -2.6202e+00 -1.1040e+00 -2.5775e+00]
 [-1.2426e+00 -1.0653e+00  4.8415e-01  4.1961e-01  5.0635e+00]
 [ 3.0036e+00  2.0583e+00  3.3529e+00  3.8956e+00  3.9279e+00]
 [ 3.0018e+00  1.6438e+00 -1.9066e+00  2.4358e-01  1.7131e+00]
 [-2.6398e+00 -1.0906e+00 -1.2449e+00 -2.4356e-01  1.7727e-02]
 [-1.6578e+00 -1.7622e+00 -3.8757e+00 -1.7248e+00 -5.4290e+00]
 [-1.3048e+00 -3.0520e+00 -2.0172e+00 -6.6101e+00 -7.1236e+00]
 [-1.5788e+00 -1.9600e+00  2.0430e+00 -1.8506e+00  2.3763e+00]
 [-6.9969e-01  6.1141e-01  2.9481e-01 -1.7295e+00  6.4668e-01]
 [-1.3554e+00  3.2463e+00  8.3327e-02 -1.3493e+00 -3.2758e+00]
 [-8.5328e-01  4.2199e+00  8.6075e-01  3.5816e+00  1.9829e+00]
 [-5.9651e-01 -3.4613e+00 -1.9343e+00  1.6668e+00  1.8552e+00]
 [ 3.4929e+00 -2.5899e+00  2.0496e+00  4.2397e+00  1.8909e+00]
 [ 2.1583e+00 -1.7879e+00  2.0078e+00  2.5868e+00 -9.2657e-01]
 [-2.3722e+00 -2.6539e+00 -4.7764e+00 -2.3639e+00 -4.4247e+00]
 [-3.6757e+00 -2.2520e-01 -2.8264e+00 -5.2450e+00 -5.3671e+00]
 [ 2.5171e+00 -5.5040e-01  1.6773e+00  3.7191e-01  3.8985e+00]
 [ 3.0639e+00  1.6614e+00  3.6613e+00 -3.6888e-01  2.3191e+00]
 [-2.3239e-01  2.4357e-01  1.5823e+00  2.5555e+00 -1.5376e+00]
 [ 6.3379e-01  1.1169e+00  9.2601e-01  5.0780e+00  1.6510e+00]
 [ 2.3947e+00  2.1185e+00 -6.5370e-01  1.4893e+00  5.0749e+00]
 [ 2.2204e+00  1.1084e+00 -1.3165e-01  1.6765e+00  3.6243e+00]
 [-4.8976e-01 -2.4473e-01  1.1817e+00 -5.7214e-01  3.6318e-01]
 [-2.0467e+00 -1.5466e+00 -2.5793e+00 -2.9311e+00 -4.1651e+00]
 [-1.1124e-01  4.5219e-01  1.3889e+00 -3.0046e+00 -7.3675e-02]]
Y(shape): (200, 5)
(190, 10, 1) (190, 10, 5) (190, 1, 1) (190, 1, 5)
total samples 190
training samples: 114 validation samples: 38 testing samples: 38
seed 10 test MSE 6.269019603729248 test r2 0.09211520191358287
seed 11 test MSE 6.218433380126953 test r2 0.1060793927130295
seed 12 test MSE 6.589923858642578 test r2 0.04830608064783104
seed 13 test MSE 5.885008811950684 test r2 0.13876536315960647
seed 14 test MSE 6.649984836578369 test r2 0.03025766818027089
seed 15 test MSE 7.318593502044678 test r2 -0.06966149826753538
seed 16 test MSE 6.237603664398193 test r2 0.08573430866724689
seed 17 test MSE 5.996079921722412 test r2 0.1225774657788579
seed 18 test MSE 6.5013933181762695 test r2 0.03686603001779711
seed 19 test MSE 6.0038628578186035 test r2 0.11182226806517999
(10, 5, 5)
(10, 5, 5)
[[0.1713467  0.17538372 0.18758755 0.18027415 0.28540788]
 [0.19472674 0.1928547  0.17635381 0.18067186 0.25539289]
 [0.17211916 0.16271564 0.18214336 0.19876701 0.28425484]
 [0.17957523 0.16489116 0.1845081  0.20800246 0.26302304]
 [0.18456954 0.17743549 0.17637173 0.19244483 0.26917841]]
[(4, 0, 1), (4, 1, 1), (4, 2, 1), (4, 3, 1), (4, 4, 1)]
===================Results===================
4 causes 0 with a delay of 1 time steps.
4 causes 1 with a delay of 1 time steps.
4 causes 2 with a delay of 1 time steps.
4 causes 3 with a delay of 1 time steps.
4 causes 4 with a delay of 1 time steps.
===================Evaluation===================
Total False Positives': 1
Total True Positives': 4
Total False Negatives: 7
Total Direct False Positives: 2
Total Direct True Positives: 3
TPs': ['4->0', '4->2', '4->3', '4->4']
FPs': ['4->1']
TPs direct: ['4->0', '4->3', '4->4']
FPs direct: ['4->1', '4->2']
FNs: ['0->0', '1->0', '1->1', '2->1', '2->2', '3->2', '3->3']
(includes direct and indirect causal relationships)
Precision': 0.8
Recall': 0.36363636363636365
F1' score: 0.5000000000000001
(includes only direct causal relationships)
Precision: 0.6
Recall: 0.3
F1 score: 0.4
Percentage of delays that are correctly discovered: 100.0%
