/root/anaconda3/envs/relic/lib/python3.9/site-packages/sklearn/cluster/_kmeans.py:1416: FutureWarning: The default value of `n_init` will change from 10 to 'auto' in 1.4. Set the value of `n_init` explicitly to suppress the warning
  super()._check_params_vs_input(X, default_n_init=10)
/root/anaconda3/envs/relic/lib/python3.9/site-packages/sklearn/cluster/_kmeans.py:1416: FutureWarning: The default value of `n_init` will change from 10 to 'auto' in 1.4. Set the value of `n_init` explicitly to suppress the warning
  super()._check_params_vs_input(X, default_n_init=10)
/root/anaconda3/envs/relic/lib/python3.9/site-packages/sklearn/cluster/_kmeans.py:1416: FutureWarning: The default value of `n_init` will change from 10 to 'auto' in 1.4. Set the value of `n_init` explicitly to suppress the warning
  super()._check_params_vs_input(X, default_n_init=10)
/root/anaconda3/envs/relic/lib/python3.9/site-packages/sklearn/cluster/_kmeans.py:1416: FutureWarning: The default value of `n_init` will change from 10 to 'auto' in 1.4. Set the value of `n_init` explicitly to suppress the warning
  super()._check_params_vs_input(X, default_n_init=10)
/root/anaconda3/envs/relic/lib/python3.9/site-packages/sklearn/cluster/_kmeans.py:1416: FutureWarning: The default value of `n_init` will change from 10 to 'auto' in 1.4. Set the value of `n_init` explicitly to suppress the warning
  super()._check_params_vs_input(X, default_n_init=10)
(200, 5)
X(time slices): [0.    0.001 0.002 0.003 0.004 0.005 0.006 0.007 0.008 0.009 0.01  0.011
 0.012 0.013 0.014 0.015 0.016 0.017 0.018 0.019 0.02  0.021 0.022 0.023
 0.024 0.025 0.026 0.027 0.028 0.029 0.03  0.031 0.032 0.033 0.034 0.035
 0.036 0.037 0.038 0.039 0.04  0.041 0.042 0.043 0.044 0.045 0.046 0.047
 0.048 0.049 0.05  0.051 0.052 0.053 0.054 0.055 0.056 0.057 0.058 0.059
 0.06  0.061 0.062 0.063 0.064 0.065 0.066 0.067 0.068 0.069 0.07  0.071
 0.072 0.073 0.074 0.075 0.076 0.077 0.078 0.079 0.08  0.081 0.082 0.083
 0.084 0.085 0.086 0.087 0.088 0.089 0.09  0.091 0.092 0.093 0.094 0.095
 0.096 0.097 0.098 0.099 0.1   0.101 0.102 0.103 0.104 0.105 0.106 0.107
 0.108 0.109 0.11  0.111 0.112 0.113 0.114 0.115 0.116 0.117 0.118 0.119
 0.12  0.121 0.122 0.123 0.124 0.125 0.126 0.127 0.128 0.129 0.13  0.131
 0.132 0.133 0.134 0.135 0.136 0.137 0.138 0.139 0.14  0.141 0.142 0.143
 0.144 0.145 0.146 0.147 0.148 0.149 0.15  0.151 0.152 0.153 0.154 0.155
 0.156 0.157 0.158 0.159 0.16  0.161 0.162 0.163 0.164 0.165 0.166 0.167
 0.168 0.169 0.17  0.171 0.172 0.173 0.174 0.175 0.176 0.177 0.178 0.179
 0.18  0.181 0.182 0.183 0.184 0.185 0.186 0.187 0.188 0.189 0.19  0.191
 0.192 0.193 0.194 0.195 0.196 0.197 0.198 0.199]
X(shape): (200,)
Y(time series): [[-1.6869e+00 -1.2841e+00 -6.7603e-01 -2.5601e+00 -1.0542e+00]
 [-7.3027e-01 -5.5486e-01 -2.5543e+00 -5.2634e-01  1.1009e+00]
 [-1.2620e+00 -7.8184e-01 -7.3326e-01 -8.9806e-01  8.8593e-02]
 [ 2.7064e+00 -2.3766e+00 -9.3296e-01 -9.5345e-02 -2.0087e+00]
 [ 3.4483e+00  5.2548e-02  1.3728e+00 -1.4782e+00 -9.7637e-01]
 [ 8.7176e-01  9.4902e-01  4.9420e+00  2.9906e+00  4.4307e-01]
 [-3.3117e+00 -2.6160e-01  2.8264e+00 -2.6297e-01 -4.2658e-01]
 [ 2.7678e+00  2.3861e+00 -2.8025e+00 -2.6937e-01  5.2116e-01]
 [ 4.7037e+00  1.1523e+00 -1.6092e+00  2.2473e-01  1.2705e+00]
 [-1.6463e+00 -9.2809e-02  1.4699e+00  3.3859e+00  4.0677e+00]
 [-3.5960e+00  1.1490e+00 -1.0799e+00  4.8931e+00  4.4119e+00]
 [-2.9860e+00  4.0114e+00  1.3715e+00  2.3470e+00  1.8667e+00]
 [ 9.2564e-01  4.7750e+00  1.8137e+00 -3.1334e+00 -3.3908e+00]
 [ 3.1752e+00  1.4593e+00  1.1841e+00 -1.5521e+00 -5.2574e+00]
 [-4.4375e-01  2.2921e+00  2.5659e+00  2.9241e+00 -6.3091e-02]
 [-4.3574e+00  1.0954e+00  3.0020e+00  2.2051e+00 -4.2196e-01]
 [ 2.4392e+00 -3.5634e+00 -1.6111e+00  7.7993e-01  2.1809e+00]
 [ 5.1789e-02 -1.4470e+00 -1.4458e-01  7.7648e-01  6.9399e-01]
 [-1.9673e+00 -3.2605e+00  2.4611e+00 -1.5264e+00 -2.8333e+00]
 [-1.9191e+00 -2.5800e+00 -2.4419e+00 -4.0706e+00 -2.5041e+00]
 [ 4.1756e-01 -2.5512e+00 -6.1671e+00 -1.3815e+00  1.8109e+00]
 [ 2.0069e+00 -1.9428e+00 -2.3964e+00  1.3898e+00  4.0647e+00]
 [-2.2731e+00 -2.4899e+00 -9.0060e-01  1.8375e+00 -1.4100e-01]
 [-1.4752e+00 -2.6173e+00  2.5494e+00 -2.2096e+00 -5.5578e+00]
 [-2.8823e+00 -3.5652e+00 -2.1435e+00 -3.7002e+00 -3.5504e+00]
 [ 1.5989e+00  2.0731e+00 -4.1551e+00 -5.4310e+00 -1.4231e+00]
 [ 1.0516e+00  3.0885e+00 -2.6091e+00 -1.3185e+00 -6.7253e-01]
 [-1.2150e+00  3.6055e+00  5.5882e-01  4.6780e-01 -1.9696e+00]
 [ 4.8359e-01  3.7787e+00  3.1862e+00 -1.1435e-01  4.0009e+00]
 [ 5.2214e+00  3.3408e-01  7.7535e-01 -3.5673e-01  5.1092e+00]
 [ 5.0459e+00  3.0376e+00 -3.3422e+00 -6.4355e-01  3.2243e-01]
 [ 2.1373e+00  2.3572e+00 -9.5804e-01  1.6554e-01 -2.5367e+00]
 [-3.5375e-01 -3.9582e+00 -2.8952e+00 -1.2997e+00 -1.5749e-01]
 [-4.9717e+00 -2.0185e+00  2.0684e-01 -1.2463e+00  1.9310e+00]
 [-2.6214e+00 -3.5837e+00 -2.7340e-01  6.4437e-01  1.8133e+00]
 [-1.5746e+00 -1.2240e+00 -2.3466e-01  3.2550e+00 -2.5412e+00]
 [-8.0033e-01  1.6421e+00 -1.1737e+00  1.9531e-01 -2.5182e+00]
 [-1.7819e+00  1.0660e+00  2.3451e+00 -7.4746e-02 -1.3544e+00]
 [-1.5156e+00 -3.6855e+00  5.3435e-01 -8.1549e-02 -3.8146e-01]
 [ 8.8417e-01 -2.7284e+00  3.8479e-01 -8.2327e-01  1.1216e+00]
 [-2.7801e-01 -3.4539e-01  1.0404e+00  9.4602e-01  3.1653e+00]
 [ 2.3072e+00  1.7798e+00  6.5060e+00  3.2549e+00  1.9304e+00]
 [-5.4398e-01 -6.9442e-01  3.7644e+00  1.0697e+00 -4.1472e-01]
 [-2.6407e+00 -1.6477e+00 -2.1331e+00  5.6762e-01 -1.5310e+00]
 [-1.6144e-01 -1.2183e+00 -3.9498e+00  1.2138e+00 -7.1830e-01]
 [ 4.3341e-01  7.6261e-02  2.8051e+00  1.7027e+00 -1.1011e-02]
 [ 7.6011e-01 -8.2982e-01  1.5689e-02 -1.3315e+00  1.5199e+00]
 [ 1.2558e+00 -6.7192e-01  1.2609e+00  5.5549e-01  2.4711e+00]
 [ 4.4964e+00  9.0084e-01  4.6180e+00  1.5088e+00  2.1268e+00]
 [ 5.4044e+00  2.7907e+00 -3.3536e-01  4.8435e-01  3.9849e+00]
 [ 1.2467e+00  3.9981e+00 -1.1312e+00  4.7090e+00  2.6278e+00]
 [ 2.0242e+00  3.8953e+00 -2.0349e-01 -1.5603e+00 -2.1898e+00]
 [-2.5331e+00 -7.5637e-01 -2.2148e+00 -3.7204e-01 -2.9972e+00]
 [-3.6131e+00  6.0401e-01 -4.5932e-01 -2.3141e+00 -1.0859e+00]
 [-9.2316e-01  3.8838e+00  1.0805e+00 -6.1745e-01 -7.6984e-01]
 [-2.0956e+00  3.8500e+00  4.1137e-01 -9.3514e-01 -1.7231e+00]
 [ 1.1653e+00 -9.1610e-01 -1.1006e+00  1.9806e-02 -9.5989e-01]
 [-8.3531e-01 -3.1782e+00 -2.1867e+00  2.9851e+00  8.7595e-01]
 [-1.2109e-01 -1.3686e+00  7.4998e-01 -2.0022e+00  1.5550e+00]
 [ 1.9288e+00 -2.5006e+00  5.4180e-01 -1.3617e+00  2.8703e+00]
 [ 1.3392e+00  3.3100e+00  2.4366e+00  3.2068e-01 -7.6407e-01]
 [-6.6034e-01 -8.7223e-01  4.1949e+00 -1.0204e-01 -1.9874e+00]
 [-1.9578e+00 -1.4103e+00  6.1157e-01 -1.6219e+00 -3.9796e-01]
 [-2.1474e+00 -1.4997e+00 -2.3886e+00 -1.1526e+00  4.1884e+00]
 [-4.0977e-01 -2.3335e+00 -3.1516e+00 -2.3847e+00  1.9132e+00]
 [ 2.3520e-01  8.8168e-01 -2.0008e+00 -1.4941e+00 -3.5439e+00]
 [ 2.9302e+00  1.0207e+00 -8.7240e-01  1.3073e+00 -2.9087e+00]
 [ 1.4181e-01 -7.7583e-02 -2.5020e+00  3.3566e+00 -3.3871e-01]
 [-1.5949e+00 -6.0291e-01  1.4815e+00  1.0611e+00 -2.6301e+00]
 [-1.8696e-01 -9.7553e-01  8.1525e-01 -4.7129e-01 -2.1281e+00]
 [-1.1053e+00 -5.1746e-01  2.1328e+00  3.6169e+00  1.3229e+00]
 [ 2.6371e-01  3.2786e+00  6.0897e+00  4.2893e+00  1.2624e+00]
 [ 8.7379e-01  3.5873e+00  3.2715e+00 -2.1734e+00 -1.5732e+00]
 [-6.6701e-02  1.2852e+00 -2.4049e+00 -4.9926e+00 -5.0128e+00]
 [ 6.8573e-01 -2.2576e+00 -3.0538e+00 -2.2763e+00 -1.0336e+00]
 [ 2.7765e+00  3.7594e+00  2.8363e-02 -3.0354e+00  2.3335e-01]
 [ 3.7962e+00  4.1242e+00  2.0395e+00 -1.3548e+00  4.3502e+00]
 [ 3.1389e+00  2.6478e+00  2.1928e+00  1.5661e+00  3.9837e+00]
 [-3.2774e+00  1.1309e+00  1.5990e+00  8.3917e-01  2.0008e+00]
 [-2.3091e+00 -4.0817e+00 -1.4740e+00 -2.9946e-01  1.3101e+00]
 [ 1.1446e+00 -2.7397e+00  5.9647e-01  4.4907e-01  8.9576e-01]
 [ 3.0037e-01 -1.7021e+00 -3.4812e+00 -2.5881e+00 -4.9008e+00]
 [-1.5645e+00 -2.6063e+00 -4.2230e+00 -6.2066e-01 -1.5426e+00]
 [-2.2972e+00 -1.9657e+00 -3.9923e+00 -8.7721e-02 -3.3343e+00]
 [-8.8314e-01  1.7712e+00 -1.7939e+00  4.9506e-01 -2.2141e+00]
 [ 8.1677e-01 -1.9983e+00 -1.0472e+00  4.4184e+00  5.2021e-01]
 [ 2.5065e+00 -3.0583e-01 -1.5687e-01 -4.2750e-01  4.0600e-01]
 [-4.6444e-02 -3.5548e-01 -4.2742e+00 -2.7633e+00 -1.3366e+00]
 [-2.4396e+00  2.2531e+00 -7.8603e-01 -6.2296e-01  2.1262e+00]
 [-2.0411e+00  2.3185e+00 -1.4343e+00 -6.8176e-02 -1.4526e+00]
 [-1.6173e+00 -1.1781e+00 -3.4580e-01 -1.5408e+00 -3.3958e+00]
 [ 1.0635e+00 -1.2350e+00  3.2851e-01 -5.2599e-01 -2.0101e+00]
 [ 4.2980e+00 -8.8480e-01  1.2677e+00  6.3029e-01  1.7171e+00]
 [ 1.0163e+00 -2.0519e+00 -6.2175e-01 -9.8574e-01  3.4880e-01]
 [-3.4046e+00 -2.8315e+00 -4.4280e-01  2.7500e-01  1.2368e+00]
 [-3.0613e+00 -2.8126e+00 -6.1346e-01  1.4965e+00  9.4787e-02]
 [-3.4706e+00 -1.6228e+00  1.3358e+00  9.3122e-01  3.8827e-02]
 [ 1.2700e+00  3.2770e+00  2.1692e+00  2.0116e+00  1.4767e+00]
 [ 1.7908e-01  3.9058e+00  1.8608e+00  8.5292e-01  1.8041e+00]
 [-1.9150e+00 -9.8020e-01  6.3601e-01  4.5179e+00  4.0551e+00]
 [-4.0930e-01 -4.0695e+00  2.2235e-01  1.0695e+00 -4.2705e-01]
 [ 1.0170e-01 -2.5967e+00  3.3069e+00 -3.0477e-01  1.1062e+00]
 [ 5.4752e+00 -1.6377e+00  1.0192e+00  2.7308e+00  4.1898e+00]
 [ 3.5544e+00  2.1450e+00  9.5753e-01 -3.1329e-02  1.1334e+00]
 [-5.8442e-01  7.2263e-01 -4.5085e-01 -3.9393e+00 -1.2145e-01]
 [-4.5235e+00 -1.7034e+00 -9.7614e-01 -3.1855e+00  5.4657e-01]
 [-3.6869e+00  3.3664e-01  4.4129e-01 -1.0900e+00  3.6306e+00]
 [ 1.3039e-01  3.3926e+00 -3.1480e-01  1.2497e+00  2.1769e+00]
 [-5.5122e-01  2.6753e+00  1.7532e+00 -2.5099e-01 -4.0779e+00]
 [-1.2333e+00  4.1264e-01  1.4914e-02 -1.1885e+00 -3.6950e+00]
 [-2.3847e+00  3.8623e+00  2.0629e+00  1.0957e+00 -1.6790e+00]
 [ 1.0776e+00  2.5951e+00  6.2256e+00  3.6661e+00  7.7612e-01]
 [ 2.9170e+00 -2.2293e-02  5.8671e-01 -7.6617e-01 -1.2776e-01]
 [-9.7633e-01 -2.9686e+00 -3.8781e+00 -2.4864e+00 -2.0092e+00]
 [ 3.4392e+00 -2.1368e+00 -9.5080e-01 -7.6569e-01  3.4574e+00]
 [ 5.7646e+00 -8.0684e-01 -3.3475e-01 -1.0848e+00  1.2635e+00]
 [ 3.2877e+00 -6.4908e-01  6.0304e-01  5.8863e+00  1.6308e+00]
 [ 1.9926e+00 -2.2151e-01 -3.1929e+00  2.0783e+00 -6.1255e-01]
 [ 6.9571e-01 -3.1841e+00 -8.6222e-01 -1.1001e+00 -1.8338e+00]
 [ 7.3653e-01  3.9525e+00 -3.6463e-01 -8.1068e-01 -2.7201e+00]
 [-5.0880e+00 -1.5611e+00 -1.7378e+00 -2.9176e-01 -3.8669e+00]
 [-6.7336e+00 -3.0332e+00  6.9501e-01 -5.2594e-01 -2.1171e+00]
 [-2.8101e+00 -2.5675e+00 -1.0312e+00 -1.6537e+00  1.5807e-01]
 [-2.2122e+00 -7.0570e-01 -1.4511e+00  3.2499e+00  2.5978e+00]
 [-2.5862e+00 -5.2028e-01 -1.7277e+00  3.3495e+00  2.5505e+00]
 [-1.0385e+00  6.7968e-01 -4.9755e-01  1.1315e+00  1.3463e-01]
 [ 4.0930e-01 -2.0780e-01 -1.1238e+00 -1.7587e+00  1.7735e-01]
 [-1.6145e+00  1.8140e+00  2.5225e+00 -5.5344e+00 -1.9358e+00]
 [-1.1711e+00  1.4790e+00  4.1270e+00  8.8085e-01  8.1088e-01]
 [ 1.3807e+00  1.8866e+00  4.2006e+00 -1.1782e+00  1.4890e+00]
 [ 1.1628e+00  1.3770e+00  1.6296e+00  2.3334e-01 -1.4062e+00]
 [ 4.3532e+00  2.2141e+00  4.4978e-01 -2.7305e+00 -1.5433e+00]
 [ 5.8253e+00  4.3615e+00  8.2161e-01 -1.0585e+00  1.2703e+00]
 [ 3.9514e+00  3.8882e+00  4.3300e+00 -2.5795e-01  8.5756e-01]
 [ 4.5579e+00  1.5503e+00  6.7574e-02 -2.5644e+00 -9.6529e-01]
 [-2.9920e-01  2.0524e+00 -3.2422e+00 -1.1076e+00  1.7765e-01]
 [-3.4376e+00  9.9713e-01 -3.1491e+00 -3.9972e-01 -8.7073e-01]
 [-1.7726e+00  2.6891e+00 -1.2552e+00 -1.1395e+00  1.6660e+00]
 [ 1.5828e+00 -1.6808e-01 -1.1935e+00  1.7190e+00 -1.6648e+00]
 [ 1.4348e+00 -3.4146e+00 -3.2339e+00  4.3607e-01  2.4623e+00]
 [-1.4162e+00 -4.2058e+00 -1.1381e+00  3.4904e-01  1.6500e+00]
 [-2.2590e+00 -3.5069e+00  1.9827e+00  3.5024e-01 -2.0305e+00]
 [-1.4542e+00 -2.1904e+00 -3.1382e+00 -2.5010e+00 -3.6463e+00]
 [-1.9469e+00 -5.8452e-01 -1.0071e+00  1.0659e-01 -1.7070e+00]
 [-1.1939e+00 -1.2854e+00  8.1058e-01  3.0788e-01  2.7986e+00]
 [ 4.0308e+00 -8.4509e-01 -1.6823e+00 -2.0411e+00 -1.3724e+00]
 [ 4.4975e+00  3.1378e+00 -4.2335e-01  5.6171e-01 -2.6059e+00]
 [ 5.4918e-01  5.2761e+00  2.8114e-01 -8.9217e-01 -2.0948e-01]
 [ 5.1692e-01  3.4138e+00 -8.5314e-01 -1.6637e+00 -4.4341e-02]
 [-2.7710e+00 -2.2338e+00 -2.7622e+00  3.8115e+00 -3.3756e-01]
 [-2.9375e+00 -4.1807e+00 -1.7295e+00  4.4453e+00 -3.9644e-01]
 [-5.1932e-01 -3.6331e+00 -8.7975e-01  1.8371e+00 -5.0137e-01]
 [-1.9685e+00 -7.7040e-01  4.1391e+00  2.5584e+00  2.7003e+00]
 [-1.3793e+00 -2.7140e-01  2.9607e+00  2.7586e+00  4.6228e+00]
 [-1.1189e+00  9.1835e-01 -1.6539e+00 -1.5601e+00 -3.1607e+00]
 [ 3.3381e-01  3.2109e-01 -8.8048e-02 -2.0655e+00 -2.4785e+00]
 [ 2.1612e-02 -1.6115e+00 -9.3355e-01 -3.4520e+00 -2.4339e+00]
 [ 2.1770e-01 -1.6444e+00  5.6877e-01 -1.1665e+00 -7.4381e-01]
 [ 4.8590e-01 -7.8056e-01 -4.5608e-01  1.1900e+00  2.6234e+00]
 [-4.2204e-02 -1.5044e+00  3.5529e-01  5.1128e-01  1.6065e-01]
 [ 3.2505e-01  3.0339e-01 -2.6893e-01  1.7669e+00  4.1850e-01]
 [ 3.3991e-01  1.8365e+00  6.0290e-01  3.2217e+00  7.5942e+00]
 [-1.0192e+00 -6.1429e-01 -1.1344e+00  3.1977e-01  1.7397e+00]
 [ 8.2488e-01 -1.8509e+00  1.7254e+00 -2.1710e+00 -3.7202e+00]
 [ 2.5968e+00 -9.2024e-01  4.6334e+00 -4.2054e-01 -7.4291e-01]
 [ 3.7440e+00  2.7200e+00  2.8151e+00 -1.8625e+00  5.2111e+00]
 [ 4.0318e+00  1.9494e+00  1.7780e+00 -9.0611e-01  1.5732e+00]
 [ 4.4220e+00  2.2534e+00  2.1513e+00  1.1011e-01 -1.9746e+00]
 [ 1.8407e+00  1.8616e+00 -1.7796e+00 -3.2651e+00 -1.4290e-01]
 [-1.1677e+00  1.3787e+00 -1.8618e+00  3.7331e-01 -1.0819e-01]
 [-4.7080e+00 -8.6939e-01  2.5465e+00  2.7501e+00 -4.1046e-01]
 [-4.8930e+00 -9.4184e-01  5.1463e+00  2.7329e+00 -1.8787e-01]
 [-2.9701e+00  2.8697e+00  2.1785e+00  3.5596e-01 -2.8884e+00]
 [-2.0839e+00  2.4563e+00 -2.4148e+00  1.8059e+00  4.5925e-02]
 [ 4.4519e-01 -9.2921e-01 -5.2225e+00 -2.1412e+00 -2.4267e+00]
 [ 1.6859e+00 -2.5805e+00 -2.5203e+00 -2.7976e+00 -2.8533e+00]
 [-2.0124e+00 -2.4387e+00 -1.3677e+00 -9.1078e-01  2.6169e-01]
 [-2.6439e+00 -1.8533e+00 -1.0548e+00  4.2088e+00  4.1408e+00]
 [ 3.5283e+00  3.7547e+00 -2.2087e+00  1.3693e+00  3.8238e+00]
 [ 8.1181e-01  1.5093e+00  5.0874e-02  1.6065e+00  2.6779e+00]
 [-2.5414e+00 -2.3677e+00 -3.3295e+00  1.2623e+00 -5.4699e-01]
 [ 1.3418e+00 -2.8253e+00 -3.5679e-01 -5.6218e+00 -6.1587e+00]
 [-5.9199e-01 -2.4321e+00  1.4104e+00 -3.2441e+00 -3.6302e+00]
 [-2.3725e+00 -5.8904e-01 -2.5706e-01 -2.6116e+00  2.9632e+00]
 [-2.6678e+00  8.5756e-01 -7.8630e-01 -2.7990e+00 -2.5032e+00]
 [-8.6241e-01  5.8970e+00  2.6811e+00  8.6771e-01 -3.7342e+00]
 [ 7.0966e-01  1.6948e-01  1.0201e+00  3.4274e+00  1.6396e+00]
 [ 1.1278e+00 -2.9160e+00 -1.1443e+00  2.5875e+00  2.0332e+00]
 [ 3.5442e+00 -2.7273e+00  4.1799e+00  3.6541e+00  7.3853e-02]
 [ 2.3783e+00 -1.7560e+00  3.3336e-01  2.0743e+00  8.2155e-01]
 [-2.3066e+00  8.8481e-02 -1.8042e+00 -3.9607e+00 -3.6584e+00]
 [-1.9206e+00 -1.9356e+00 -1.4296e+00 -3.1379e+00 -1.0506e+00]
 [ 3.3765e+00  1.0857e+00  1.2319e+00 -2.6330e+00  1.8187e+00]
 [ 2.3189e+00  7.9080e-01  2.3507e-01  1.2869e-01  3.0449e+00]
 [-3.1722e+00  4.5622e-03  2.7119e+00  2.6796e+00 -3.0421e+00]
 [ 1.4301e+00  1.2201e+00  1.0245e+00  2.0637e+00  3.2844e+00]
 [ 4.8712e+00  1.9455e+00 -1.9128e+00  3.2559e+00  4.0530e+00]
 [ 1.3035e+00  4.8911e-01 -4.0256e-01  1.0884e+00  1.7056e+00]
 [-3.0636e+00 -1.5094e+00 -1.9891e+00  6.3267e-01 -5.3229e-02]
 [-2.5271e+00 -1.5388e-01  5.4414e-01 -3.6744e+00 -3.1540e+00]]
Y(shape): (200, 5)
(190, 10, 1) (190, 10, 5) (190, 1, 1) (190, 1, 5)
total samples 190
training samples: 114 validation samples: 38 testing samples: 38
seed 10 test MSE 5.345193386077881 test r2 0.1151891631052665
seed 11 test MSE 5.349297046661377 test r2 0.10925323306615871
seed 12 test MSE 6.068678855895996 test r2 -0.005319725618541327
seed 13 test MSE 6.060899257659912 test r2 0.0003818803168261553
seed 14 test MSE 5.483223915100098 test r2 0.08887220432357901
seed 15 test MSE 5.74703311920166 test r2 0.04238113745473036
seed 16 test MSE 5.266322135925293 test r2 0.10883821770292035
seed 17 test MSE 5.537551403045654 test r2 0.08635128898619993
seed 18 test MSE 5.500773906707764 test r2 0.09153250141642247
seed 19 test MSE 5.9189276695251465 test r2 0.012357487793782007
(10, 5, 5)
(10, 5, 5)
[[0.19478813 0.20842147 0.21660512 0.17663565 0.20354962]
 [0.21221095 0.19472247 0.17523807 0.17560342 0.2422251 ]
 [0.18521751 0.16426199 0.18273089 0.23159328 0.23619633]
 [0.20570761 0.19077102 0.19175561 0.2078883  0.20387745]
 [0.18012798 0.20354194 0.19640412 0.19014234 0.22978362]]
[(0, 0, 1), (1, 0, 1), (2, 0, 1), (4, 0, 1), (0, 1, 1), (4, 1, 1), (3, 2, 1), (4, 2, 1), (0, 3, 1), (3, 3, 1), (4, 3, 1), (4, 4, 1)]
===================Results===================
0 causes 0 with a delay of 1 time steps.
1 causes 0 with a delay of 1 time steps.
2 causes 0 with a delay of 1 time steps.
4 causes 0 with a delay of 1 time steps.
0 causes 1 with a delay of 1 time steps.
4 causes 1 with a delay of 1 time steps.
3 causes 2 with a delay of 1 time steps.
4 causes 2 with a delay of 1 time steps.
0 causes 3 with a delay of 1 time steps.
3 causes 3 with a delay of 1 time steps.
4 causes 3 with a delay of 1 time steps.
4 causes 4 with a delay of 1 time steps.
===================Evaluation===================
Total False Positives': 3
Total True Positives': 9
Total False Negatives: 3
Total Direct False Positives: 5
Total Direct True Positives: 7
TPs': ['0->0', '1->0', '2->0', '4->0', '3->2', '4->2', '3->3', '4->3', '4->4']
FPs': ['0->1', '4->1', '0->3']
TPs direct: ['0->0', '1->0', '4->0', '3->2', '3->3', '4->3', '4->4']
FPs direct: ['2->0', '0->1', '4->1', '4->2', '0->3']
FNs: ['1->1', '2->1', '2->2']
(includes direct and indirect causal relationships)
Precision': 0.75
Recall': 0.75
F1' score: 0.75
(includes only direct causal relationships)
Precision: 0.5833333333333334
Recall: 0.7
F1 score: 0.6363636363636365
Percentage of delays that are correctly discovered: 100.0%
