/root/anaconda3/envs/relic/lib/python3.9/site-packages/sklearn/cluster/_kmeans.py:1416: FutureWarning: The default value of `n_init` will change from 10 to 'auto' in 1.4. Set the value of `n_init` explicitly to suppress the warning
  super()._check_params_vs_input(X, default_n_init=10)
/root/anaconda3/envs/relic/lib/python3.9/site-packages/sklearn/cluster/_kmeans.py:1416: FutureWarning: The default value of `n_init` will change from 10 to 'auto' in 1.4. Set the value of `n_init` explicitly to suppress the warning
  super()._check_params_vs_input(X, default_n_init=10)
/root/anaconda3/envs/relic/lib/python3.9/site-packages/sklearn/cluster/_kmeans.py:1416: FutureWarning: The default value of `n_init` will change from 10 to 'auto' in 1.4. Set the value of `n_init` explicitly to suppress the warning
  super()._check_params_vs_input(X, default_n_init=10)
/root/anaconda3/envs/relic/lib/python3.9/site-packages/sklearn/cluster/_kmeans.py:1416: FutureWarning: The default value of `n_init` will change from 10 to 'auto' in 1.4. Set the value of `n_init` explicitly to suppress the warning
  super()._check_params_vs_input(X, default_n_init=10)
/root/anaconda3/envs/relic/lib/python3.9/site-packages/sklearn/cluster/_kmeans.py:1416: FutureWarning: The default value of `n_init` will change from 10 to 'auto' in 1.4. Set the value of `n_init` explicitly to suppress the warning
  super()._check_params_vs_input(X, default_n_init=10)
/root/anaconda3/envs/relic/lib/python3.9/site-packages/sklearn/cluster/_kmeans.py:1416: FutureWarning: The default value of `n_init` will change from 10 to 'auto' in 1.4. Set the value of `n_init` explicitly to suppress the warning
  super()._check_params_vs_input(X, default_n_init=10)
/root/anaconda3/envs/relic/lib/python3.9/site-packages/sklearn/cluster/_kmeans.py:1416: FutureWarning: The default value of `n_init` will change from 10 to 'auto' in 1.4. Set the value of `n_init` explicitly to suppress the warning
  super()._check_params_vs_input(X, default_n_init=10)
/root/anaconda3/envs/relic/lib/python3.9/site-packages/sklearn/cluster/_kmeans.py:1416: FutureWarning: The default value of `n_init` will change from 10 to 'auto' in 1.4. Set the value of `n_init` explicitly to suppress the warning
  super()._check_params_vs_input(X, default_n_init=10)
/root/anaconda3/envs/relic/lib/python3.9/site-packages/sklearn/cluster/_kmeans.py:1416: FutureWarning: The default value of `n_init` will change from 10 to 'auto' in 1.4. Set the value of `n_init` explicitly to suppress the warning
  super()._check_params_vs_input(X, default_n_init=10)
/root/anaconda3/envs/relic/lib/python3.9/site-packages/sklearn/cluster/_kmeans.py:1416: FutureWarning: The default value of `n_init` will change from 10 to 'auto' in 1.4. Set the value of `n_init` explicitly to suppress the warning
  super()._check_params_vs_input(X, default_n_init=10)
(200, 10)
X(time slices): [0.    0.001 0.002 0.003 0.004 0.005 0.006 0.007 0.008 0.009 0.01  0.011
 0.012 0.013 0.014 0.015 0.016 0.017 0.018 0.019 0.02  0.021 0.022 0.023
 0.024 0.025 0.026 0.027 0.028 0.029 0.03  0.031 0.032 0.033 0.034 0.035
 0.036 0.037 0.038 0.039 0.04  0.041 0.042 0.043 0.044 0.045 0.046 0.047
 0.048 0.049 0.05  0.051 0.052 0.053 0.054 0.055 0.056 0.057 0.058 0.059
 0.06  0.061 0.062 0.063 0.064 0.065 0.066 0.067 0.068 0.069 0.07  0.071
 0.072 0.073 0.074 0.075 0.076 0.077 0.078 0.079 0.08  0.081 0.082 0.083
 0.084 0.085 0.086 0.087 0.088 0.089 0.09  0.091 0.092 0.093 0.094 0.095
 0.096 0.097 0.098 0.099 0.1   0.101 0.102 0.103 0.104 0.105 0.106 0.107
 0.108 0.109 0.11  0.111 0.112 0.113 0.114 0.115 0.116 0.117 0.118 0.119
 0.12  0.121 0.122 0.123 0.124 0.125 0.126 0.127 0.128 0.129 0.13  0.131
 0.132 0.133 0.134 0.135 0.136 0.137 0.138 0.139 0.14  0.141 0.142 0.143
 0.144 0.145 0.146 0.147 0.148 0.149 0.15  0.151 0.152 0.153 0.154 0.155
 0.156 0.157 0.158 0.159 0.16  0.161 0.162 0.163 0.164 0.165 0.166 0.167
 0.168 0.169 0.17  0.171 0.172 0.173 0.174 0.175 0.176 0.177 0.178 0.179
 0.18  0.181 0.182 0.183 0.184 0.185 0.186 0.187 0.188 0.189 0.19  0.191
 0.192 0.193 0.194 0.195 0.196 0.197 0.198 0.199]
X(shape): (200,)
Y(time series): [[-1.7754  -1.0095  -1.6455  ... -2.4127  -0.65274 -1.1422 ]
 [-0.90612 -0.26938 -1.49    ... -1.2149   2.4347   1.5999 ]
 [ 0.33961 -1.0612  -0.42696 ...  2.4797  -0.53009 -1.1516 ]
 ...
 [-1.0314  -0.96104 -0.75918 ...  0.2962  -0.793   -1.2215 ]
 [-3.8416  -1.775   -1.8882  ... -0.19445 -0.61172 -0.80914]
 [-2.5444  -1.7905  -0.24895 ... -2.9076  -1.3946  -0.60706]]
Y(shape): (200, 10)
(190, 10, 1) (190, 10, 10) (190, 1, 1) (190, 1, 10)
total samples 190
training samples: 114 validation samples: 38 testing samples: 38
seed 10 test MSE 4.126711845397949 test r2 0.11109853290750374
seed 11 test MSE 4.180483818054199 test r2 0.09493523865631771
seed 12 test MSE 4.233841419219971 test r2 0.09076791812408452
seed 13 test MSE 4.036901473999023 test r2 0.11961100955776094
seed 14 test MSE 4.082236289978027 test r2 0.11106317813347366
seed 15 test MSE 4.538183689117432 test r2 0.014286100260043599
seed 16 test MSE 4.26148796081543 test r2 0.07564325597367456
seed 17 test MSE 4.01778507232666 test r2 0.129076192555702
seed 18 test MSE 4.15315580368042 test r2 0.1054415092574816
seed 19 test MSE 4.389247417449951 test r2 0.0593812985916015
(10, 10, 10)
(10, 10, 10)
[[0.1032824  0.09963466 0.08286727 0.10123451 0.09683976 0.12166267
  0.09791339 0.09620642 0.1001212  0.10023771]
 [0.13698179 0.09255006 0.08774874 0.10112496 0.09697301 0.09116381
  0.09932709 0.09331251 0.11574657 0.08507148]
 [0.10790806 0.10072075 0.09110951 0.12604396 0.09701603 0.13092472
  0.08869789 0.08576187 0.09126907 0.08054815]
 [0.11488877 0.10700402 0.10781968 0.11282997 0.10860976 0.09947027
  0.08009267 0.09211176 0.09591811 0.08125498]
 [0.09468629 0.11501021 0.12031002 0.13737323 0.09001201 0.0881119
  0.08248568 0.09302087 0.0926524  0.0863374 ]
 [0.15039697 0.09396488 0.08231552 0.09751751 0.09685893 0.10633064
  0.09603816 0.09381018 0.09384401 0.08892319]
 [0.09184761 0.08900867 0.08625658 0.10610275 0.09260655 0.14138793
  0.09651722 0.10159118 0.1023736  0.09230792]
 [0.09733669 0.09705524 0.09993535 0.12825187 0.09480089 0.13732571
  0.09207879 0.08376075 0.08815717 0.08129755]
 [0.11433315 0.09842826 0.09391673 0.10324903 0.08800258 0.10663577
  0.10228855 0.09938801 0.09796232 0.0957956 ]
 [0.09581095 0.0935449  0.10974025 0.10273601 0.10764255 0.10962696
  0.08623721 0.1033339  0.10404278 0.08728448]]
[(5, 0, 1), (0, 1, 1), (8, 1, 1), (3, 2, 1), (5, 2, 1), (0, 3, 1), (1, 3, 1), (2, 3, 1), (3, 3, 1), (4, 3, 1), (5, 3, 1), (1, 4, 1), (2, 4, 1), (3, 4, 1), (0, 5, 1), (5, 6, 1), (3, 7, 1), (5, 7, 1), (0, 8, 1), (3, 8, 1), (5, 8, 1), (6, 8, 1), (2, 9, 1), (3, 9, 1), (4, 9, 1), (5, 9, 1), (7, 9, 1), (8, 9, 1)]
===================Results===================
5 causes 0 with a delay of 1 time steps.
0 causes 1 with a delay of 1 time steps.
8 causes 1 with a delay of 1 time steps.
3 causes 2 with a delay of 1 time steps.
5 causes 2 with a delay of 1 time steps.
0 causes 3 with a delay of 1 time steps.
1 causes 3 with a delay of 1 time steps.
2 causes 3 with a delay of 1 time steps.
3 causes 3 with a delay of 1 time steps.
4 causes 3 with a delay of 1 time steps.
5 causes 3 with a delay of 1 time steps.
1 causes 4 with a delay of 1 time steps.
2 causes 4 with a delay of 1 time steps.
3 causes 4 with a delay of 1 time steps.
0 causes 5 with a delay of 1 time steps.
5 causes 6 with a delay of 1 time steps.
3 causes 7 with a delay of 1 time steps.
5 causes 7 with a delay of 1 time steps.
0 causes 8 with a delay of 1 time steps.
3 causes 8 with a delay of 1 time steps.
5 causes 8 with a delay of 1 time steps.
6 causes 8 with a delay of 1 time steps.
2 causes 9 with a delay of 1 time steps.
3 causes 9 with a delay of 1 time steps.
4 causes 9 with a delay of 1 time steps.
5 causes 9 with a delay of 1 time steps.
7 causes 9 with a delay of 1 time steps.
8 causes 9 with a delay of 1 time steps.
===================Evaluation===================
Total False Positives': 25
Total True Positives': 3
Total False Negatives: 18
Total Direct False Positives: 25
Total Direct True Positives: 3
TPs': ['3->2', '3->3', '4->3']
FPs': ['5->0', '0->1', '8->1', '5->2', '0->3', '1->3', '2->3', '5->3', '1->4', '2->4', '3->4', '0->5', '5->6', '3->7', '5->7', '0->8', '3->8', '5->8', '6->8', '2->9', '3->9', '4->9', '5->9', '7->9', '8->9']
TPs direct: ['3->2', '3->3', '4->3']
FPs direct: ['5->0', '0->1', '8->1', '5->2', '0->3', '1->3', '2->3', '5->3', '1->4', '2->4', '3->4', '0->5', '5->6', '3->7', '5->7', '0->8', '3->8', '5->8', '6->8', '2->9', '3->9', '4->9', '5->9', '7->9', '8->9']
FNs: ['0->0', '1->0', '4->0', '1->1', '2->1', '2->2', '7->2', '4->4', '5->5', '6->5', '9->5', '6->6', '7->6', '7->7', '8->7', '8->8', '9->8', '9->9']
(includes direct and indirect causal relationships)
Precision': 0.10714285714285714
Recall': 0.14285714285714285
F1' score: 0.12244897959183672
(includes only direct causal relationships)
Precision: 0.10714285714285714
Recall: 0.14285714285714285
F1 score: 0.12244897959183672
Percentage of delays that are correctly discovered: 100.0%
