/root/anaconda3/envs/relic/lib/python3.9/site-packages/sklearn/cluster/_kmeans.py:1416: FutureWarning: The default value of `n_init` will change from 10 to 'auto' in 1.4. Set the value of `n_init` explicitly to suppress the warning
  super()._check_params_vs_input(X, default_n_init=10)
/root/anaconda3/envs/relic/lib/python3.9/site-packages/sklearn/cluster/_kmeans.py:1416: FutureWarning: The default value of `n_init` will change from 10 to 'auto' in 1.4. Set the value of `n_init` explicitly to suppress the warning
  super()._check_params_vs_input(X, default_n_init=10)
/root/anaconda3/envs/relic/lib/python3.9/site-packages/sklearn/cluster/_kmeans.py:1416: FutureWarning: The default value of `n_init` will change from 10 to 'auto' in 1.4. Set the value of `n_init` explicitly to suppress the warning
  super()._check_params_vs_input(X, default_n_init=10)
/root/anaconda3/envs/relic/lib/python3.9/site-packages/sklearn/cluster/_kmeans.py:1416: FutureWarning: The default value of `n_init` will change from 10 to 'auto' in 1.4. Set the value of `n_init` explicitly to suppress the warning
  super()._check_params_vs_input(X, default_n_init=10)
/root/anaconda3/envs/relic/lib/python3.9/site-packages/sklearn/cluster/_kmeans.py:1416: FutureWarning: The default value of `n_init` will change from 10 to 'auto' in 1.4. Set the value of `n_init` explicitly to suppress the warning
  super()._check_params_vs_input(X, default_n_init=10)
(200, 5)
X(time slices): [0.    0.001 0.002 0.003 0.004 0.005 0.006 0.007 0.008 0.009 0.01  0.011
 0.012 0.013 0.014 0.015 0.016 0.017 0.018 0.019 0.02  0.021 0.022 0.023
 0.024 0.025 0.026 0.027 0.028 0.029 0.03  0.031 0.032 0.033 0.034 0.035
 0.036 0.037 0.038 0.039 0.04  0.041 0.042 0.043 0.044 0.045 0.046 0.047
 0.048 0.049 0.05  0.051 0.052 0.053 0.054 0.055 0.056 0.057 0.058 0.059
 0.06  0.061 0.062 0.063 0.064 0.065 0.066 0.067 0.068 0.069 0.07  0.071
 0.072 0.073 0.074 0.075 0.076 0.077 0.078 0.079 0.08  0.081 0.082 0.083
 0.084 0.085 0.086 0.087 0.088 0.089 0.09  0.091 0.092 0.093 0.094 0.095
 0.096 0.097 0.098 0.099 0.1   0.101 0.102 0.103 0.104 0.105 0.106 0.107
 0.108 0.109 0.11  0.111 0.112 0.113 0.114 0.115 0.116 0.117 0.118 0.119
 0.12  0.121 0.122 0.123 0.124 0.125 0.126 0.127 0.128 0.129 0.13  0.131
 0.132 0.133 0.134 0.135 0.136 0.137 0.138 0.139 0.14  0.141 0.142 0.143
 0.144 0.145 0.146 0.147 0.148 0.149 0.15  0.151 0.152 0.153 0.154 0.155
 0.156 0.157 0.158 0.159 0.16  0.161 0.162 0.163 0.164 0.165 0.166 0.167
 0.168 0.169 0.17  0.171 0.172 0.173 0.174 0.175 0.176 0.177 0.178 0.179
 0.18  0.181 0.182 0.183 0.184 0.185 0.186 0.187 0.188 0.189 0.19  0.191
 0.192 0.193 0.194 0.195 0.196 0.197 0.198 0.199]
X(shape): (200,)
Y(time series): [[-1.0307e+00 -3.7900e-02 -9.1377e-01 -8.9842e-02 -5.2769e-01]
 [-2.1331e+00 -5.1569e-01 -1.5952e+00 -1.6051e+00  6.1924e-01]
 [ 1.3333e+00 -1.2555e+00 -9.5861e-01 -7.7095e-01 -1.1412e+00]
 [ 1.3687e+00  5.4162e-01 -1.1073e+00  6.9336e-01 -1.1552e+00]
 [ 2.1951e+00  7.9174e-01  8.1201e-01 -5.8807e-01  5.4995e-01]
 [ 1.4951e+00 -6.9127e+00  2.8073e+00  2.0029e+00 -2.1602e-01]
 [-2.3916e+00  1.1063e+00  7.0072e-01 -3.2005e-03 -1.6959e+00]
 [ 1.3419e+00  2.4510e+00 -3.6821e-01 -1.3626e+00  1.9707e+00]
 [ 2.5845e+00  2.6680e+00  1.3746e+00 -3.3828e-01  2.5370e+00]
 [-3.1967e+00 -6.6606e-01  6.4228e-01  2.1604e+00  3.5558e+00]
 [-5.6755e+00  2.6276e+00 -1.4033e+00  3.4830e+00  2.1172e+00]
 [-4.2562e+00  5.5456e+00 -4.8566e-01 -1.2215e+00  9.3066e-01]
 [ 2.8359e+00  3.8891e+00  4.9468e-01 -3.1594e+00 -2.9233e+00]
 [ 3.6139e+00  2.3603e+00 -7.2976e-01  1.0124e+00 -2.5572e+00]
 [-8.0177e-01 -1.2660e+00  5.4210e+00  5.5268e+00 -5.7864e-01]
 [-4.5866e-01 -4.2556e+00  3.1676e+00  1.8958e+00  8.1778e-01]
 [ 2.9480e+00 -2.4099e+00 -2.5699e+00  1.7016e+00  9.3593e-01]
 [ 1.2885e+00 -1.8625e+00  1.7075e+00  1.5011e+00 -1.3754e+00]
 [ 9.9804e-01 -6.4102e+00  1.9942e+00 -2.5828e+00 -1.3880e+00]
 [-1.2018e+00 -1.1707e+00 -9.6834e-01 -4.0933e+00 -3.4361e+00]
 [ 1.6254e+00  3.9974e-01 -2.2528e+00 -4.5448e+00  3.1394e+00]
 [ 2.0791e+00  7.5722e-01 -1.6128e+00 -4.2461e-01  1.9130e+00]
 [-3.0175e+00 -2.6789e+00  8.0410e-01 -2.6995e-01 -3.4528e+00]
 [-9.5771e-02 -4.0029e+00 -4.6310e-01 -9.0809e-02 -3.6831e+00]
 [-6.9038e-02  2.7111e+00 -2.4347e+00 -1.4566e+00 -4.9300e-01]
 [ 1.8426e+00  1.7698e+00 -2.5505e+00 -1.2601e+00 -8.4181e-01]
 [-3.8262e+00  4.1883e+00 -6.4015e-01  6.0886e-01 -2.4046e+00]
 [-3.3648e+00  5.2083e+00  4.4684e-01 -5.0552e-01  1.2991e+00]
 [ 3.7525e+00 -3.4166e-01  3.7077e+00 -1.0198e+00  5.3638e+00]
 [ 4.5931e+00  9.5279e-01 -8.4159e-01 -3.3527e+00  1.0871e+00]
 [ 2.9263e+00  6.0921e+00 -2.0189e+00  1.1023e+00 -1.3952e+00]
 [ 1.0854e+00 -3.9533e-01 -5.5493e-01  1.5294e+00 -1.4772e+00]
 [-3.7512e+00 -4.0935e+00 -4.8335e-01  9.7418e-02 -1.6278e+00]
 [-3.7912e+00 -3.7804e-01 -4.6721e+00 -2.1613e+00  2.5045e+00]
 [-6.3151e-01 -1.8294e+00 -2.4764e+00  2.6081e+00 -3.5684e-01]
 [-2.0672e+00  2.3240e+00 -1.7219e+00  3.5130e+00 -2.4265e+00]
 [-3.5723e+00  2.3841e+00  9.7088e-01  8.9896e-02 -2.0482e+00]
 [-1.8751e+00  2.7116e-01  1.3001e+00  5.8022e-01 -1.7348e+00]
 [ 3.8669e-01 -4.7892e+00  8.7064e-01  9.8381e-01  6.7900e-01]
 [-4.8910e-01 -2.9619e+00 -8.9147e-01 -1.1613e+00  1.9506e+00]
 [ 1.1476e+00  2.7341e+00  1.3273e+00  6.0232e-01  4.2369e+00]
 [ 2.3580e+00 -2.1298e+00  3.6890e+00  3.9447e+00  3.9218e-01]
 [-1.0461e+00 -6.6301e+00  2.0877e+00  4.5218e-01 -6.3440e-01]
 [ 8.3993e-01  2.7888e-02 -1.9308e+00  1.6827e-01  2.4775e-01]
 [-3.0258e-01  8.0841e-01 -1.1504e+00 -5.8685e-01  8.9731e-01]
 [ 3.9611e-01 -4.5789e-01  5.3360e-01  5.0451e-01  2.2390e+00]
 [ 4.1769e-01 -1.0110e+00  2.5447e-02 -5.3401e-01  9.5838e-02]
 [ 1.1711e+00 -1.9690e+00  1.4717e+00 -4.1096e-01  3.2217e+00]
 [ 5.8260e+00 -2.0392e+00  1.9230e+00  4.8140e-01  2.7296e+00]
 [ 3.2134e+00  4.7541e+00  1.3414e+00  3.4483e-01  3.3869e+00]
 [-1.5865e+00  4.0993e+00 -9.0748e-02  2.3681e+00  1.8914e+00]
 [ 1.6681e+00 -2.7862e-01 -4.6089e-01 -2.6251e+00 -7.9729e-01]
 [-1.1905e+00 -4.5426e-01  5.5691e-02 -9.8169e-01 -1.8587e+00]
 [-1.5285e+00  1.5624e+00 -1.9055e+00  9.2876e-01 -2.0208e+00]
 [-3.7437e+00  4.1022e+00  1.3874e+00 -2.0895e-02 -3.9841e+00]
 [-2.7818e+00  1.4627e+00  4.9418e-01 -1.1669e+00 -1.7875e+00]
 [-1.3404e+00 -2.0330e+00  2.0377e-01  2.1623e+00 -2.9254e-02]
 [-6.6737e-01 -2.2157e+00  1.0241e+00  2.9446e+00 -8.1575e-02]
 [ 7.4506e-01 -2.2139e+00  6.8448e-01 -4.6689e+00  2.3143e+00]
 [ 8.5407e-01  1.4627e+00  1.0189e+00 -3.3336e+00  1.8941e+00]
 [ 3.0514e+00  2.4742e+00  1.5867e+00  9.7812e-01 -1.3707e+00]
 [ 1.7909e+00 -5.1552e+00  1.2475e+00 -1.5592e+00 -2.6458e+00]
 [-5.1054e-01 -1.0027e+00  9.1724e-01 -5.3158e-01  1.1296e+00]
 [ 8.3506e-01  1.4757e+00 -3.2325e+00 -5.4325e+00  2.2042e+00]
 [ 1.3378e-02 -2.2925e+00 -1.1158e+00 -1.9067e+00  4.1878e-01]
 [ 1.8186e+00  2.4886e+00 -1.6647e+00  2.8681e+00 -5.3672e+00]
 [ 8.3965e-01 -2.8922e-01 -1.3456e+00  6.5006e+00 -2.0639e+00]
 [-2.6844e+00 -6.7395e-02  1.8149e+00  4.7404e+00 -7.8383e-01]
 [-1.5763e+00  2.4130e-01 -3.9638e-01 -2.3326e+00 -3.8156e+00]
 [-1.3107e+00  1.0954e+00 -1.1680e+00  2.1879e+00 -1.0230e+00]
 [-1.6143e+00 -2.4758e+00  9.9352e-01  4.7704e+00  3.9966e+00]
 [-2.3501e-01  1.1113e+00  3.4039e+00  3.8456e-01 -5.5032e-01]
 [-2.8005e-01  3.7964e+00  2.5532e-01 -1.8518e+00 -1.5615e+00]
 [-1.8119e+00  1.7418e+00 -4.8733e-01 -4.1194e+00 -6.1945e-01]
 [-1.3309e+00  2.1848e+00 -2.9336e+00  2.2765e-01  6.1735e-01]
 [ 3.4124e+00  6.1965e+00 -2.0609e-02 -3.7011e+00  5.4179e+00]
 [ 4.5843e+00  4.2035e+00  6.2503e-01 -2.5147e+00  3.2581e+00]
 [-3.8951e-01  6.4010e-02  4.3648e+00 -1.9168e-01  3.6175e-01]
 [-2.8431e+00 -3.2471e+00  7.6421e-01 -1.6274e+00 -4.7506e-01]
 [-2.7933e-02 -5.7730e+00  7.0156e-01 -3.5214e+00  8.7716e-01]
 [ 4.5288e+00 -3.8788e+00  1.1195e+00 -9.9065e-01 -1.2576e+00]
 [-1.0980e+00  8.3582e-01 -3.4777e+00  2.0279e+00 -4.0741e+00]
 [-1.5268e+00 -1.6362e+00 -4.4293e+00 -2.1176e-01  2.0893e-01]
 [-5.3001e-01  1.7909e+00 -1.4649e+00  1.8128e+00 -3.0072e+00]
 [ 1.2002e+00 -5.6532e-01 -4.6104e-01  3.1424e+00 -3.6094e+00]
 [ 1.8261e+00 -1.5620e+00 -1.6100e+00  4.0257e+00  1.4893e+00]
 [ 1.3827e+00  2.0959e-01 -2.5738e-01  8.5366e-01 -2.0406e+00]
 [-2.4699e+00  2.2732e+00  2.4344e-01 -2.2424e+00  5.9374e-01]
 [-5.3713e+00  3.5718e+00 -8.6750e-01 -2.2600e+00  1.3603e+00]
 [-3.6148e+00  8.1217e-01 -5.1400e-01  1.7962e+00 -3.1542e+00]
 [-1.4775e+00 -2.3573e+00 -4.0757e-01  1.3771e+00 -1.3936e+00]
 [ 2.6442e+00 -2.1756e+00 -2.0983e-01 -1.4850e+00  6.2994e-01]
 [ 5.1887e+00  5.6849e-01  7.6898e-01  7.8429e-02  7.6064e-01]
 [ 1.2301e+00 -6.9268e-01 -4.8102e-01 -7.4221e-01 -1.6480e+00]
 [-2.8712e+00 -2.2211e+00 -1.3546e+00 -1.7686e+00  6.2537e-01]
 [-2.2210e+00 -1.9174e+00 -9.3545e-01  9.9171e-01  1.0212e+00]
 [-9.7796e-01  9.5176e-01  5.3612e-01  3.2824e+00 -1.1399e+00]
 [ 1.2745e+00  2.9890e+00  1.2803e+00 -1.3928e-02 -1.0693e-02]
 [-1.0529e+00  1.6120e+00  9.5655e-01  7.7252e-01  2.0542e+00]
 [-6.6362e-01 -3.7842e+00  1.3469e-01  4.1799e+00  3.7968e+00]
 [ 1.1547e+00 -3.0428e+00  5.4241e-02 -4.2676e-01 -5.1071e-03]
 [ 2.1312e+00 -3.1786e+00  4.6130e+00  1.6674e+00  4.4470e+00]
 [ 4.4206e+00  1.2995e+00  6.5747e-01 -4.0310e-02  1.9902e+00]
 [ 4.0309e+00  2.5925e+00  6.9701e-01 -2.8446e+00  1.3246e-01]
 [-1.1659e-01 -2.9675e-01 -4.0581e-01 -2.3696e+00 -8.8794e-01]
 [-3.8878e+00 -3.6261e+00 -1.3145e-01 -4.4900e-01  1.5568e+00]
 [-2.7270e+00  1.0403e+00 -9.9566e-01 -2.7889e+00  2.6127e+00]
 [-1.3472e+00  2.5198e+00  7.0748e-02 -1.4501e+00  3.1889e+00]
 [-2.9367e+00  4.3512e-01 -9.1907e-01  6.8346e-01 -4.5695e+00]
 [-1.5338e+00 -3.1797e-01  1.1772e+00  1.4677e+00 -1.1733e+00]
 [-2.3580e-01  1.9657e+00  4.2659e-01  1.3823e+00  6.7773e-02]
 [ 3.0849e+00  3.0482e+00  3.0632e+00  5.8114e-01  2.4911e+00]
 [ 5.6905e-01 -1.8889e+00  1.0093e-01 -8.4265e-01 -1.7303e+00]
 [-2.2028e-01 -4.4215e+00 -3.1380e-01  4.8013e-01 -1.0818e+00]
 [ 3.0560e+00 -9.4324e-01 -2.6541e-01 -3.7478e+00  3.7706e+00]
 [ 3.0220e+00  1.4399e+00 -8.8776e-01  9.3081e-01  1.5794e+00]
 [ 2.8626e+00  7.1169e-01 -1.7719e+00  2.8592e+00  7.1665e-01]
 [ 9.3081e-01 -1.9830e-01  4.5062e-01  7.2004e-01 -2.8096e-01]
 [ 3.1427e-01  1.1085e+00 -3.8215e-01 -3.1112e+00 -2.6288e+00]
 [-1.8298e+00  2.3359e+00  8.1226e-01  5.5860e-01 -2.3359e+00]
 [-4.7028e+00 -3.2466e+00 -7.7866e-01 -3.1776e-01 -4.3680e+00]
 [-2.3897e+00 -3.4774e+00 -6.1254e-01 -2.9314e-02 -2.6843e+00]
 [-1.8482e+00 -8.2934e-01  2.9110e-03 -2.1643e+00  3.1303e+00]
 [-1.9361e+00 -2.0742e+00 -2.7753e-01  5.1143e+00  9.4837e-01]
 [-1.2153e-01  8.3439e-01 -2.7536e+00  2.2782e+00 -1.4158e+00]
 [-1.7759e+00  1.3440e+00  9.7429e-01  8.5511e-01 -1.6740e-01]
 [-1.2411e+00  1.3152e-01 -1.7730e+00 -2.1849e+00 -2.8241e+00]
 [ 1.2770e-01 -1.5504e+00  1.0516e+00 -3.1814e+00 -2.8386e+00]
 [ 5.8971e-01 -4.5162e+00  5.8134e+00  1.9104e+00  6.8399e-01]
 [ 7.8854e-01 -1.3555e+00  2.0959e+00 -3.3425e-01 -8.6798e-02]
 [-4.3055e-01  9.2643e-01 -3.4013e-01 -1.7825e+00 -1.7669e+00]
 [ 3.8702e+00  7.3925e+00  1.0529e-02 -1.8568e+00  2.1011e+00]
 [ 4.2597e+00  5.4114e+00  1.5998e+00 -1.3153e+00  3.7825e+00]
 [ 4.1244e+00  2.7836e+00  1.5084e+00  7.2645e-01  1.0103e+00]
 [ 2.4343e+00  3.3052e+00 -1.1313e+00 -9.0539e-01 -2.4214e+00]
 [-8.2933e-01  8.9470e-02 -2.8310e+00  1.0368e+00 -1.1571e+00]
 [-6.2790e+00  5.4199e+00 -8.0868e-01 -5.4842e-01 -6.3056e-01]
 [-5.2209e+00  2.5160e+00 -9.6455e-01 -3.9198e-02  2.2923e+00]
 [-1.8357e+00 -1.5407e-01 -6.0660e-01  3.1520e+00 -1.4471e-01]
 [ 3.3019e+00 -2.7037e+00 -2.6891e+00 -2.0889e+00  3.8586e+00]
 [-1.2368e-01 -2.4314e+00 -1.6787e+00 -3.6174e+00  7.9473e-01]
 [-1.3745e+00 -2.8036e+00  5.5416e-02  2.1267e+00 -2.3352e+00]
 [ 9.0106e-01 -1.5660e-01 -1.3102e+00  1.5382e+00 -2.3850e+00]
 [ 1.6134e+00 -2.3738e+00  2.1963e+00 -7.3263e-01  8.0564e-01]
 [ 2.4124e+00 -1.4196e+00 -7.8696e-01 -8.4279e-01  4.9508e-01]
 [ 5.0255e+00  3.2910e+00  5.7855e-02 -5.5784e-02 -2.1930e+00]
 [ 3.1441e+00  4.6815e+00 -1.4365e+00  1.3543e+00  5.6392e-01]
 [ 3.9026e-01  2.5111e+00  1.0118e+00  1.4533e+00  6.0009e-01]
 [-4.2451e-01  1.7701e-01 -2.2267e-01  3.7769e-01 -1.4641e+00]
 [-4.4325e+00 -5.7159e+00 -7.6259e-01  4.4385e+00 -9.3610e-02]
 [-2.5542e+00 -1.3773e+00 -2.4853e+00  1.9306e+00 -2.8633e-02]
 [-3.7108e-01 -1.2141e+00  5.4075e-01  2.3907e+00 -5.2469e-01]
 [-4.3606e-01 -4.3321e+00  2.4115e+00  3.1073e+00  4.2649e+00]
 [ 9.9108e-01 -1.1180e+00  1.4475e+00  2.0543e-01  7.9358e-01]
 [-3.2728e+00  3.7268e+00 -5.2997e-01 -3.2748e+00 -6.6729e+00]
 [-1.2681e+00  2.7443e-01  7.8943e-01 -1.5337e+00 -1.3084e+00]
 [-9.3125e-01 -3.0389e+00 -5.1774e-01 -3.6388e-01 -3.8996e-01]
 [-6.9832e-01  6.6247e-01 -9.0128e-01 -1.7595e+00 -1.9053e-01]
 [ 5.0601e-01  8.1159e-01 -2.2021e+00 -1.7782e+00  2.5923e-01]
 [-1.6274e+00  7.4817e-05  4.5364e-02 -4.3515e+00 -4.9382e-01]
 [ 1.4537e-01  1.6554e+00  1.1990e+00  2.9568e+00  2.1194e+00]
 [ 8.5964e-01  1.0619e+00  9.4124e-01  1.5855e+00  8.0099e+00]
 [-2.0072e-01 -1.3435e+00 -1.1372e+00 -6.0549e-01 -1.6151e+00]
 [ 2.7881e+00 -1.2641e+00  1.7479e+00 -1.1112e+00 -4.0010e+00]
 [ 7.7292e-01 -4.0817e+00  4.1827e+00 -6.1421e-01  1.9022e+00]
 [ 5.0889e+00  1.0952e+00  8.3016e-01 -5.6197e+00  5.7030e+00]
 [ 5.0945e+00  1.9983e+00  3.6948e+00 -9.0404e-01 -1.2614e+00]
 [ 2.4755e+00  3.2925e+00  2.1575e-01 -2.7229e-01 -2.4979e+00]
 [ 1.5408e+00  1.1375e+00  1.1326e+00 -1.2518e+00  2.0359e+00]
 [-1.3207e+00 -4.2353e-01 -1.3973e+00  2.8996e+00 -6.5465e-01]
 [-5.6085e+00 -6.0064e+00  2.0965e+00  4.0684e+00  1.7388e+00]
 [-6.4044e-01 -2.4412e+00  3.8408e-01 -3.7849e-01 -2.0660e+00]
 [-1.6878e+00  5.0069e+00  1.8075e+00  1.5710e+00 -2.8961e+00]
 [-3.5263e+00  1.7153e+00 -1.4779e+00  6.6145e-01 -3.0325e-01]
 [ 1.7730e+00 -1.6361e+00 -4.4550e+00 -3.7249e+00  3.6154e-02]
 [-1.1023e+00 -7.6379e-01 -2.5719e+00 -1.1961e+00 -1.4924e+00]
 [-1.1542e+00 -1.1333e+00 -1.3504e+00  3.8486e+00  3.9339e+00]
 [-1.2245e+00  4.1167e+00  2.9677e-01  1.8483e+00  3.8543e+00]
 [-7.1720e-02  2.3195e+00 -3.5715e-01  2.0696e+00  3.4637e+00]
 [ 7.4345e-01 -1.3800e+00 -1.7666e+00  1.0617e+00  2.6908e+00]
 [-2.3045e+00 -1.1728e+00 -6.9084e-01  2.3630e-01 -2.7715e+00]
 [ 1.2852e-01  1.5955e-01  9.1648e-01 -3.7862e+00 -5.7273e+00]
 [-1.2109e+00 -3.4569e+00 -7.1242e-01 -3.1039e+00 -1.9312e-01]
 [-2.4247e+00  1.5657e+00 -2.3449e-01 -4.8350e+00  1.1591e+00]
 [-3.2445e+00  3.2718e+00  4.1969e-01  9.0193e-01 -6.3438e+00]
 [-1.5827e+00  4.0636e+00  1.7585e-01  4.3479e+00 -3.3761e+00]
 [-1.2413e+00 -2.7674e+00  1.1748e-01  4.6200e+00 -2.9319e-01]
 [ 5.3066e-01 -2.9376e+00 -8.4426e-02  1.1453e+00  4.5420e-01]
 [ 5.1841e+00 -1.1483e+00  2.4048e+00  3.2926e+00  2.3930e+00]
 [ 2.9704e+00 -5.0336e-01  1.5132e+00  2.4743e-01 -2.7115e+00]
 [-5.2075e-01 -2.1131e+00  3.8751e-01 -4.3399e+00 -3.7038e+00]
 [ 1.0262e+00  2.5883e+00  8.5915e-01 -2.2746e+00 -1.5033e+00]
 [ 3.6488e+00  8.4626e-01 -1.6506e+00 -3.8256e+00  3.9079e+00]
 [ 2.9441e-01 -2.3671e+00 -1.0789e-01 -1.2457e+00 -5.2679e-01]
 [-1.0702e+00 -4.3910e+00  2.4008e+00  4.0707e+00 -1.3171e+00]
 [ 3.6448e+00  1.8824e+00 -8.9411e-01  3.2235e+00  4.3170e+00]
 [ 1.8946e+00  1.8746e+00 -1.2014e+00  1.6034e+00  3.1295e+00]
 [-1.4470e-01 -2.9901e-01 -3.3442e+00 -1.4395e+00  2.7386e+00]
 [-3.3015e+00 -1.6724e+00  2.1578e-01 -8.7194e-01 -5.5330e-01]
 [-2.9640e-01  6.8381e-01 -8.8456e-01 -4.6515e+00  1.9643e+00]]
Y(shape): (200, 5)
(190, 10, 1) (190, 10, 5) (190, 1, 1) (190, 1, 5)
total samples 190
training samples: 114 validation samples: 38 testing samples: 38
seed 10 test MSE 6.450234889984131 test r2 -0.01829886028632899
seed 11 test MSE 6.401232719421387 test r2 -0.013885435221765285
seed 12 test MSE 6.443260669708252 test r2 -0.016270843987279893
seed 13 test MSE 6.399820327758789 test r2 -0.009091015404700475
seed 14 test MSE 6.917846202850342 test r2 -0.1369159156495094
seed 15 test MSE 6.518764495849609 test r2 -0.034155682517932086
seed 16 test MSE 6.457233905792236 test r2 -0.021848622934453
seed 17 test MSE 6.7762956619262695 test r2 -0.13640311096042446
seed 18 test MSE 6.460240840911865 test r2 -0.018659426048791984
seed 19 test MSE 6.452083110809326 test r2 -0.021918515656783266
(10, 5, 5)
(10, 5, 5)
[[0.20069754 0.20821994 0.17718798 0.18429035 0.22960418]
 [0.19300204 0.20255629 0.19908269 0.20007542 0.20528356]
 [0.21071006 0.18762125 0.17834431 0.2076987  0.21562568]
 [0.20061923 0.20052426 0.20607641 0.19665229 0.1961278 ]
 [0.18980628 0.18560788 0.17836937 0.23942248 0.20679399]]
[(0, 0, 1), (1, 0, 1), (4, 0, 1), (1, 1, 1), (2, 1, 1), (3, 1, 1), (4, 1, 1), (0, 2, 1), (3, 2, 1), (4, 2, 1), (2, 3, 1), (3, 4, 1)]
===================Results===================
0 causes 0 with a delay of 1 time steps.
1 causes 0 with a delay of 1 time steps.
4 causes 0 with a delay of 1 time steps.
1 causes 1 with a delay of 1 time steps.
2 causes 1 with a delay of 1 time steps.
3 causes 1 with a delay of 1 time steps.
4 causes 1 with a delay of 1 time steps.
0 causes 2 with a delay of 1 time steps.
3 causes 2 with a delay of 1 time steps.
4 causes 2 with a delay of 1 time steps.
2 causes 3 with a delay of 1 time steps.
3 causes 4 with a delay of 1 time steps.
===================Evaluation===================
Total False Positives': 1
Total True Positives': 11
Total False Negatives: 6
Total Direct False Positives: 5
Total Direct True Positives: 7
TPs': ['0->0', '1->0', '4->0', '1->1', '2->1', '3->1', '4->1', '0->2', '3->2', '4->2', '3->4']
FPs': ['2->3']
TPs direct: ['0->0', '1->0', '4->0', '1->1', '2->1', '3->2', '3->4']
FPs direct: ['3->1', '4->1', '0->2', '4->2', '2->3']
FNs: ['0->1', '1->2', '2->2', '3->3', '4->3', '4->4']
(includes direct and indirect causal relationships)
Precision': 0.9166666666666666
Recall': 0.6470588235294118
F1' score: 0.7586206896551724
(includes only direct causal relationships)
Precision: 0.5833333333333334
Recall: 0.5384615384615384
F1 score: 0.5599999999999999
Percentage of delays that are correctly discovered: 100.0%
