/root/anaconda3/envs/relic/lib/python3.9/site-packages/sklearn/cluster/_kmeans.py:1416: FutureWarning: The default value of `n_init` will change from 10 to 'auto' in 1.4. Set the value of `n_init` explicitly to suppress the warning
  super()._check_params_vs_input(X, default_n_init=10)
/root/anaconda3/envs/relic/lib/python3.9/site-packages/sklearn/cluster/_kmeans.py:1416: FutureWarning: The default value of `n_init` will change from 10 to 'auto' in 1.4. Set the value of `n_init` explicitly to suppress the warning
  super()._check_params_vs_input(X, default_n_init=10)
/root/anaconda3/envs/relic/lib/python3.9/site-packages/sklearn/cluster/_kmeans.py:1416: FutureWarning: The default value of `n_init` will change from 10 to 'auto' in 1.4. Set the value of `n_init` explicitly to suppress the warning
  super()._check_params_vs_input(X, default_n_init=10)
/root/anaconda3/envs/relic/lib/python3.9/site-packages/sklearn/cluster/_kmeans.py:1416: FutureWarning: The default value of `n_init` will change from 10 to 'auto' in 1.4. Set the value of `n_init` explicitly to suppress the warning
  super()._check_params_vs_input(X, default_n_init=10)
/root/anaconda3/envs/relic/lib/python3.9/site-packages/sklearn/cluster/_kmeans.py:1416: FutureWarning: The default value of `n_init` will change from 10 to 'auto' in 1.4. Set the value of `n_init` explicitly to suppress the warning
  super()._check_params_vs_input(X, default_n_init=10)
(2400, 5)
X(time slices): [0.000e+00 1.000e-03 2.000e-03 ... 2.397e+00 2.398e+00 2.399e+00]
X(shape): (2400,)
Y(time series): [[-1.0908  -1.8225  -2.3185  -2.215   -2.9856 ]
 [-0.89088 -1.962   -2.3982  -2.015   -2.9658 ]
 [-0.92727 -2.0688  -2.3587  -2.0314  -2.8937 ]
 ...
 [-0.26653 -2.3117  -1.3413  -3.0556   2.2746 ]
 [-0.10294 -2.4425  -1.1868  -3.3071   2.4746 ]
 [-0.12604 -2.5287  -1.317   -3.499    2.236  ]]
Y(shape): (2400, 5)
(2390, 10, 1) (2390, 10, 5) (2390, 1, 1) (2390, 1, 5)
total samples 2390
training samples: 1434 validation samples: 478 testing samples: 478
seed 10 test MSE 0.029469670727849007 test r2 0.9927898105604716
seed 11 test MSE 0.02842656895518303 test r2 0.9928781293014446
seed 12 test MSE 0.028921298682689667 test r2 0.9928324658911094
seed 13 test MSE 0.02890734188258648 test r2 0.99286007162566
seed 14 test MSE 0.033917102962732315 test r2 0.9915269183625505
seed 15 test MSE 0.028246164321899414 test r2 0.9930081767566203
seed 16 test MSE 0.029298439621925354 test r2 0.9926701150809765
seed 17 test MSE 0.03389333561062813 test r2 0.9917576556699859
seed 18 test MSE 0.029251176863908768 test r2 0.9928215540628301
seed 19 test MSE 0.027697371318936348 test r2 0.9930342882063243
(10, 5, 5)
(10, 5, 5)
[[0.207081   0.18640196 0.18722882 0.2194468  0.19984141]
 [0.21886488 0.19385419 0.19158921 0.21121893 0.18447279]
 [0.22337324 0.21509376 0.18838631 0.18664707 0.18649962]
 [0.17904774 0.19953948 0.22035325 0.230309   0.17075052]
 [0.18113784 0.19802959 0.18983909 0.22939153 0.20160196]]
[(0, 0, 1), (3, 0, 1), (0, 1, 1), (3, 1, 1), (0, 2, 1), (1, 2, 1), (2, 3, 1), (3, 3, 1), (3, 4, 1)]
===================Results===================
0 causes 0 with a delay of 1 time steps.
3 causes 0 with a delay of 1 time steps.
0 causes 1 with a delay of 1 time steps.
3 causes 1 with a delay of 1 time steps.
0 causes 2 with a delay of 1 time steps.
1 causes 2 with a delay of 1 time steps.
2 causes 3 with a delay of 1 time steps.
3 causes 3 with a delay of 1 time steps.
3 causes 4 with a delay of 1 time steps.
===================Evaluation===================
Total False Positives': 6
Total True Positives': 3
Total False Negatives: 8
Total Direct False Positives: 7
Total Direct True Positives: 2
TPs': ['0->0', '3->1', '3->3']
FPs': ['3->0', '0->1', '0->2', '1->2', '2->3', '3->4']
TPs direct: ['0->0', '3->3']
FPs direct: ['3->0', '0->1', '3->1', '0->2', '1->2', '2->3', '3->4']
FNs: ['1->0', '4->0', '1->1', '2->1', '2->2', '3->2', '4->3', '4->4']
(includes direct and indirect causal relationships)
Precision': 0.3333333333333333
Recall': 0.2727272727272727
F1' score: 0.3
(includes only direct causal relationships)
Precision: 0.2222222222222222
Recall: 0.2
F1 score: 0.2105263157894737
Percentage of delays that are correctly discovered: 100.0%
