/root/anaconda3/envs/relic/lib/python3.9/site-packages/sklearn/cluster/_kmeans.py:1416: FutureWarning: The default value of `n_init` will change from 10 to 'auto' in 1.4. Set the value of `n_init` explicitly to suppress the warning
  super()._check_params_vs_input(X, default_n_init=10)
/root/anaconda3/envs/relic/lib/python3.9/site-packages/sklearn/cluster/_kmeans.py:1416: FutureWarning: The default value of `n_init` will change from 10 to 'auto' in 1.4. Set the value of `n_init` explicitly to suppress the warning
  super()._check_params_vs_input(X, default_n_init=10)
/root/anaconda3/envs/relic/lib/python3.9/site-packages/sklearn/cluster/_kmeans.py:1416: FutureWarning: The default value of `n_init` will change from 10 to 'auto' in 1.4. Set the value of `n_init` explicitly to suppress the warning
  super()._check_params_vs_input(X, default_n_init=10)
/root/anaconda3/envs/relic/lib/python3.9/site-packages/sklearn/cluster/_kmeans.py:1416: FutureWarning: The default value of `n_init` will change from 10 to 'auto' in 1.4. Set the value of `n_init` explicitly to suppress the warning
  super()._check_params_vs_input(X, default_n_init=10)
/root/anaconda3/envs/relic/lib/python3.9/site-packages/sklearn/cluster/_kmeans.py:1416: FutureWarning: The default value of `n_init` will change from 10 to 'auto' in 1.4. Set the value of `n_init` explicitly to suppress the warning
  super()._check_params_vs_input(X, default_n_init=10)
/root/anaconda3/envs/relic/lib/python3.9/site-packages/sklearn/cluster/_kmeans.py:1416: FutureWarning: The default value of `n_init` will change from 10 to 'auto' in 1.4. Set the value of `n_init` explicitly to suppress the warning
  super()._check_params_vs_input(X, default_n_init=10)
/root/anaconda3/envs/relic/lib/python3.9/site-packages/sklearn/cluster/_kmeans.py:1416: FutureWarning: The default value of `n_init` will change from 10 to 'auto' in 1.4. Set the value of `n_init` explicitly to suppress the warning
  super()._check_params_vs_input(X, default_n_init=10)
/root/anaconda3/envs/relic/lib/python3.9/site-packages/sklearn/cluster/_kmeans.py:1416: FutureWarning: The default value of `n_init` will change from 10 to 'auto' in 1.4. Set the value of `n_init` explicitly to suppress the warning
  super()._check_params_vs_input(X, default_n_init=10)
/root/anaconda3/envs/relic/lib/python3.9/site-packages/sklearn/cluster/_kmeans.py:1416: FutureWarning: The default value of `n_init` will change from 10 to 'auto' in 1.4. Set the value of `n_init` explicitly to suppress the warning
  super()._check_params_vs_input(X, default_n_init=10)
/root/anaconda3/envs/relic/lib/python3.9/site-packages/sklearn/cluster/_kmeans.py:1416: FutureWarning: The default value of `n_init` will change from 10 to 'auto' in 1.4. Set the value of `n_init` explicitly to suppress the warning
  super()._check_params_vs_input(X, default_n_init=10)
(200, 10)
X(time slices): [0.    0.001 0.002 0.003 0.004 0.005 0.006 0.007 0.008 0.009 0.01  0.011
 0.012 0.013 0.014 0.015 0.016 0.017 0.018 0.019 0.02  0.021 0.022 0.023
 0.024 0.025 0.026 0.027 0.028 0.029 0.03  0.031 0.032 0.033 0.034 0.035
 0.036 0.037 0.038 0.039 0.04  0.041 0.042 0.043 0.044 0.045 0.046 0.047
 0.048 0.049 0.05  0.051 0.052 0.053 0.054 0.055 0.056 0.057 0.058 0.059
 0.06  0.061 0.062 0.063 0.064 0.065 0.066 0.067 0.068 0.069 0.07  0.071
 0.072 0.073 0.074 0.075 0.076 0.077 0.078 0.079 0.08  0.081 0.082 0.083
 0.084 0.085 0.086 0.087 0.088 0.089 0.09  0.091 0.092 0.093 0.094 0.095
 0.096 0.097 0.098 0.099 0.1   0.101 0.102 0.103 0.104 0.105 0.106 0.107
 0.108 0.109 0.11  0.111 0.112 0.113 0.114 0.115 0.116 0.117 0.118 0.119
 0.12  0.121 0.122 0.123 0.124 0.125 0.126 0.127 0.128 0.129 0.13  0.131
 0.132 0.133 0.134 0.135 0.136 0.137 0.138 0.139 0.14  0.141 0.142 0.143
 0.144 0.145 0.146 0.147 0.148 0.149 0.15  0.151 0.152 0.153 0.154 0.155
 0.156 0.157 0.158 0.159 0.16  0.161 0.162 0.163 0.164 0.165 0.166 0.167
 0.168 0.169 0.17  0.171 0.172 0.173 0.174 0.175 0.176 0.177 0.178 0.179
 0.18  0.181 0.182 0.183 0.184 0.185 0.186 0.187 0.188 0.189 0.19  0.191
 0.192 0.193 0.194 0.195 0.196 0.197 0.198 0.199]
X(shape): (200,)
Y(time series): [[-1.5936    -1.3153    -1.5714    ... -2.5962    -1.3411    -0.88535  ]
 [-1.1369    -0.66615   -1.514     ... -0.87726    2.691      1.0708   ]
 [-0.46637   -1.1707    -0.4352    ...  3.0346    -1.2349    -1.3948   ]
 ...
 [-1.4754     0.19411   -1.4242    ...  0.65263    0.61141   -1.3893   ]
 [-4.6186    -1.5       -2.3248    ...  0.65414    0.45362    0.0093608]
 [-2.124     -1.2584    -0.43567   ... -1.971     -0.46905    0.2052   ]]
Y(shape): (200, 10)
(190, 10, 1) (190, 10, 10) (190, 1, 1) (190, 1, 10)
total samples 190
training samples: 114 validation samples: 38 testing samples: 38
seed 10 test MSE 3.9257771968841553 test r2 0.001968855138418102
seed 11 test MSE 3.6770317554473877 test r2 0.06250904018906174
seed 12 test MSE 3.7794675827026367 test r2 0.044202150806435615
seed 13 test MSE 3.4520528316497803 test r2 0.1233403194744626
seed 14 test MSE 3.835360050201416 test r2 0.029333981705106836
seed 15 test MSE 3.834221363067627 test r2 0.03644821280956619
seed 16 test MSE 3.6558778285980225 test r2 0.06537132964402534
seed 17 test MSE 3.650268316268921 test r2 0.07455858809400091
seed 18 test MSE 3.667506217956543 test r2 0.07660396354828077
seed 19 test MSE 3.9834866523742676 test r2 -0.01571178069597342
(10, 10, 10)
(10, 10, 10)
[[0.10021979 0.09922204 0.09419885 0.09733208 0.10171169 0.1126176
  0.1009765  0.09593034 0.09613752 0.10165359]
 [0.12880766 0.09687484 0.09493878 0.09897088 0.10504154 0.09088097
  0.09640143 0.09202839 0.10382264 0.09223286]
 [0.11165756 0.10859718 0.09195958 0.11186038 0.09602598 0.11536433
  0.09862707 0.08807707 0.09099802 0.08683283]
 [0.11067414 0.09920975 0.09580229 0.10856589 0.10390402 0.10484673
  0.09283696 0.09600338 0.09902454 0.0891323 ]
 [0.0871588  0.1015374  0.11005054 0.11915518 0.10227574 0.09294271
  0.09871642 0.0953343  0.10034444 0.09248446]
 [0.11987756 0.09602764 0.08785347 0.105639   0.10870663 0.11447448
  0.09385092 0.09574686 0.08745949 0.09036394]
 [0.09734558 0.09410381 0.09143313 0.10203221 0.09668663 0.12563364
  0.10610867 0.09856273 0.09525605 0.09283755]
 [0.10007457 0.09937497 0.09533336 0.11887331 0.09776638 0.11041181
  0.09888423 0.09373757 0.09492741 0.09061641]
 [0.100748   0.10564211 0.09408881 0.10279138 0.09381118 0.10194648
  0.10127388 0.09370812 0.09986104 0.106129  ]
 [0.09640464 0.09620529 0.10091166 0.10327945 0.10262545 0.10349386
  0.09574089 0.09872362 0.10530922 0.0973059 ]]
[(5, 0, 1), (0, 1, 1), (0, 2, 1), (1, 2, 1), (3, 2, 1), (5, 2, 1), (0, 3, 1), (3, 3, 1), (4, 3, 1), (5, 3, 1), (2, 4, 1), (3, 4, 1), (0, 5, 1), (3, 5, 1), (4, 5, 1), (5, 5, 1), (5, 6, 1), (3, 7, 1), (5, 7, 1), (0, 8, 1), (1, 8, 1), (3, 8, 1), (5, 8, 1), (6, 8, 1), (8, 8, 1), (9, 8, 1), (2, 9, 1), (3, 9, 1), (4, 9, 1), (5, 9, 1), (8, 9, 1)]
===================Results===================
5 causes 0 with a delay of 1 time steps.
0 causes 1 with a delay of 1 time steps.
0 causes 2 with a delay of 1 time steps.
1 causes 2 with a delay of 1 time steps.
3 causes 2 with a delay of 1 time steps.
5 causes 2 with a delay of 1 time steps.
0 causes 3 with a delay of 1 time steps.
3 causes 3 with a delay of 1 time steps.
4 causes 3 with a delay of 1 time steps.
5 causes 3 with a delay of 1 time steps.
2 causes 4 with a delay of 1 time steps.
3 causes 4 with a delay of 1 time steps.
0 causes 5 with a delay of 1 time steps.
3 causes 5 with a delay of 1 time steps.
4 causes 5 with a delay of 1 time steps.
5 causes 5 with a delay of 1 time steps.
5 causes 6 with a delay of 1 time steps.
3 causes 7 with a delay of 1 time steps.
5 causes 7 with a delay of 1 time steps.
0 causes 8 with a delay of 1 time steps.
1 causes 8 with a delay of 1 time steps.
3 causes 8 with a delay of 1 time steps.
5 causes 8 with a delay of 1 time steps.
6 causes 8 with a delay of 1 time steps.
8 causes 8 with a delay of 1 time steps.
9 causes 8 with a delay of 1 time steps.
2 causes 9 with a delay of 1 time steps.
3 causes 9 with a delay of 1 time steps.
4 causes 9 with a delay of 1 time steps.
5 causes 9 with a delay of 1 time steps.
8 causes 9 with a delay of 1 time steps.
===================Evaluation===================
Total False Positives': 25
Total True Positives': 6
Total False Negatives: 15
Total Direct False Positives: 25
Total Direct True Positives: 6
TPs': ['3->2', '3->3', '4->3', '5->5', '8->8', '9->8']
FPs': ['5->0', '0->1', '0->2', '1->2', '5->2', '0->3', '5->3', '2->4', '3->4', '0->5', '3->5', '4->5', '5->6', '3->7', '5->7', '0->8', '1->8', '3->8', '5->8', '6->8', '2->9', '3->9', '4->9', '5->9', '8->9']
TPs direct: ['3->2', '3->3', '4->3', '5->5', '8->8', '9->8']
FPs direct: ['5->0', '0->1', '0->2', '1->2', '5->2', '0->3', '5->3', '2->4', '3->4', '0->5', '3->5', '4->5', '5->6', '3->7', '5->7', '0->8', '1->8', '3->8', '5->8', '6->8', '2->9', '3->9', '4->9', '5->9', '8->9']
FNs: ['0->0', '1->0', '4->0', '1->1', '2->1', '2->2', '7->2', '4->4', '6->5', '9->5', '6->6', '7->6', '7->7', '8->7', '9->9']
(includes direct and indirect causal relationships)
Precision': 0.1935483870967742
Recall': 0.2857142857142857
F1' score: 0.23076923076923075
(includes only direct causal relationships)
Precision: 0.1935483870967742
Recall: 0.2857142857142857
F1 score: 0.23076923076923075
Percentage of delays that are correctly discovered: 100.0%
