/root/anaconda3/envs/relic/lib/python3.9/site-packages/sklearn/cluster/_kmeans.py:1416: FutureWarning: The default value of `n_init` will change from 10 to 'auto' in 1.4. Set the value of `n_init` explicitly to suppress the warning
  super()._check_params_vs_input(X, default_n_init=10)
/root/anaconda3/envs/relic/lib/python3.9/site-packages/sklearn/cluster/_kmeans.py:1416: FutureWarning: The default value of `n_init` will change from 10 to 'auto' in 1.4. Set the value of `n_init` explicitly to suppress the warning
  super()._check_params_vs_input(X, default_n_init=10)
/root/anaconda3/envs/relic/lib/python3.9/site-packages/sklearn/cluster/_kmeans.py:1416: FutureWarning: The default value of `n_init` will change from 10 to 'auto' in 1.4. Set the value of `n_init` explicitly to suppress the warning
  super()._check_params_vs_input(X, default_n_init=10)
/root/anaconda3/envs/relic/lib/python3.9/site-packages/sklearn/cluster/_kmeans.py:1416: FutureWarning: The default value of `n_init` will change from 10 to 'auto' in 1.4. Set the value of `n_init` explicitly to suppress the warning
  super()._check_params_vs_input(X, default_n_init=10)
/root/anaconda3/envs/relic/lib/python3.9/site-packages/sklearn/cluster/_kmeans.py:1416: FutureWarning: The default value of `n_init` will change from 10 to 'auto' in 1.4. Set the value of `n_init` explicitly to suppress the warning
  super()._check_params_vs_input(X, default_n_init=10)
(200, 5)
X(time slices): [0.    0.001 0.002 0.003 0.004 0.005 0.006 0.007 0.008 0.009 0.01  0.011
 0.012 0.013 0.014 0.015 0.016 0.017 0.018 0.019 0.02  0.021 0.022 0.023
 0.024 0.025 0.026 0.027 0.028 0.029 0.03  0.031 0.032 0.033 0.034 0.035
 0.036 0.037 0.038 0.039 0.04  0.041 0.042 0.043 0.044 0.045 0.046 0.047
 0.048 0.049 0.05  0.051 0.052 0.053 0.054 0.055 0.056 0.057 0.058 0.059
 0.06  0.061 0.062 0.063 0.064 0.065 0.066 0.067 0.068 0.069 0.07  0.071
 0.072 0.073 0.074 0.075 0.076 0.077 0.078 0.079 0.08  0.081 0.082 0.083
 0.084 0.085 0.086 0.087 0.088 0.089 0.09  0.091 0.092 0.093 0.094 0.095
 0.096 0.097 0.098 0.099 0.1   0.101 0.102 0.103 0.104 0.105 0.106 0.107
 0.108 0.109 0.11  0.111 0.112 0.113 0.114 0.115 0.116 0.117 0.118 0.119
 0.12  0.121 0.122 0.123 0.124 0.125 0.126 0.127 0.128 0.129 0.13  0.131
 0.132 0.133 0.134 0.135 0.136 0.137 0.138 0.139 0.14  0.141 0.142 0.143
 0.144 0.145 0.146 0.147 0.148 0.149 0.15  0.151 0.152 0.153 0.154 0.155
 0.156 0.157 0.158 0.159 0.16  0.161 0.162 0.163 0.164 0.165 0.166 0.167
 0.168 0.169 0.17  0.171 0.172 0.173 0.174 0.175 0.176 0.177 0.178 0.179
 0.18  0.181 0.182 0.183 0.184 0.185 0.186 0.187 0.188 0.189 0.19  0.191
 0.192 0.193 0.194 0.195 0.196 0.197 0.198 0.199]
X(shape): (200,)
Y(time series): [[-1.4271e+00 -2.3082e+00 -2.2370e+00 -3.1819e+00 -3.0981e+00]
 [-1.0306e+00 -1.6953e+00 -1.9038e+00 -2.2531e+00 -1.2161e+00]
 [-7.8230e-01 -1.2194e+00 -1.2490e+00 -1.6713e+00 -2.1662e-01]
 [ 1.0424e+00 -2.3052e-01 -1.4426e-01 -2.5953e-01 -1.1132e+00]
 [ 3.0744e+00  1.9358e+00  1.8459e+00  1.0787e+00  1.4880e+00]
 [-3.9457e-01  1.3689e-01  4.4051e+00  3.8886e+00  2.3843e+00]
 [-2.2579e+00 -9.7680e-01  1.2942e+00  6.7807e-01 -6.1151e-01]
 [ 2.0747e+00  1.3875e+00 -1.6194e+00 -2.7554e-01 -1.8913e-01]
 [ 4.5705e+00  3.6259e+00  1.0735e+00  1.1642e+00  3.1884e+00]
 [ 1.9960e-01  1.1302e+00  5.1547e-01  1.5674e+00  2.6927e+00]
 [-3.8583e+00  9.7800e-01 -1.0157e-01  4.2817e+00  3.4654e+00]
 [-2.3134e+00  3.5400e+00  1.9320e+00  3.0261e+00  3.2416e+00]
 [ 2.7292e+00  4.1258e+00  2.6844e+00  8.8382e-01  3.8060e-01]
 [ 3.7322e+00  3.2038e+00  2.2342e+00  7.4095e-01 -4.5395e-01]
 [-3.4317e-01  1.3571e+00  2.6340e+00  2.5651e+00  1.0314e+00]
 [-3.7942e+00 -8.1937e-01  1.5530e+00  1.4305e+00 -4.3347e-02]
 [ 2.4319e+00 -1.9748e+00 -2.4260e+00  3.8218e-01  3.3258e-01]
 [ 5.6048e-01 -2.6896e+00 -1.0802e+00 -6.0267e-01 -1.4689e+00]
 [-1.7703e+00 -2.9524e+00  9.4455e-01 -1.2830e+00 -2.0910e+00]
 [-2.5862e+00 -4.1504e+00 -3.1982e+00 -4.7717e+00 -5.5495e+00]
 [-4.3512e-01 -3.2420e+00 -6.4841e+00 -5.2715e+00 -2.0630e+00]
 [ 2.6067e+00 -1.6113e-01 -1.7598e+00  1.5922e-01  2.3868e+00]
 [-1.3820e+00 -2.0806e+00 -1.2146e+00 -9.1666e-01 -1.3866e+00]
 [-3.5995e+00 -3.3508e+00  1.1523e+00 -1.1256e+00 -4.5826e+00]
 [-1.8219e+00 -2.5798e+00 -2.4356e+00 -3.9837e+00 -4.9364e+00]
 [ 2.1475e+00  7.8891e-01 -3.1586e+00 -3.6661e+00 -1.3005e+00]
 [-1.2624e-02  1.2453e+00 -1.4765e+00 -1.9615e+00 -2.2154e+00]
 [-1.5063e+00  3.3236e+00  1.7712e+00  9.2461e-01  4.0929e-01]
 [ 1.8787e+00  3.3850e+00  4.0261e+00  3.0278e+00  5.0877e+00]
 [ 4.4607e+00  2.3104e+00  1.9944e+00  1.3886e+00  4.0135e+00]
 [ 3.4730e+00  2.7643e+00 -2.6150e-01  2.7948e-01  3.6799e-01]
 [ 1.7647e+00  1.8795e+00 -4.0439e-01 -5.3236e-01 -5.6275e-01]
 [-2.3207e+00 -2.7948e+00 -3.7954e+00 -3.3324e+00 -4.3755e+00]
 [-5.1882e+00 -3.2755e+00 -2.5764e+00 -2.2045e+00 -9.1261e-01]
 [-2.9443e+00 -3.1439e+00 -2.1658e+00 -1.4548e+00 -4.1287e-02]
 [-1.5361e+00 -7.2772e-01 -5.4648e-02  1.4585e+00 -5.6451e-01]
 [-1.3034e+00  1.4315e+00  1.3195e+00  1.1044e+00 -6.7638e-01]
 [-1.1669e+00  1.1436e+00  1.1280e+00  3.2332e-01 -4.0955e-01]
 [-7.3478e-01 -2.5033e+00 -1.6404e+00 -1.3362e+00 -2.0279e+00]
 [-1.5537e-01 -3.5775e+00 -1.9280e+00 -1.4336e+00 -1.2717e+00]
 [ 1.0318e+00  7.6323e-01  2.2653e+00  2.3016e+00  4.2219e+00]
 [ 1.7947e+00  2.8036e+00  5.7541e+00  4.9780e+00  5.0428e+00]
 [-2.3991e-01 -9.9432e-01  2.3036e+00  1.7744e+00  4.5653e-01]
 [-6.1982e-01 -2.9018e+00 -3.7300e+00 -1.8505e+00 -5.1694e+00]
 [ 2.9925e-01 -1.7807e+00 -2.9488e+00 -1.5094e+00 -1.3600e+00]
 [ 5.5020e-01 -6.8685e-01  1.5941e-01 -1.8852e-01  7.7990e-01]
 [ 5.8828e-01 -3.3583e-01  2.3487e-01  1.6345e-01  1.2288e+00]
 [ 9.0159e-01  1.1034e-01  2.5519e+00  2.5208e+00  3.8842e+00]
 [ 3.9379e+00  2.4870e+00  5.4850e+00  4.3035e+00  5.9293e+00]
 [ 5.2516e+00  4.5045e+00  2.3750e+00  3.1072e+00  5.7332e+00]
 [ 1.4467e+00  4.7465e+00  1.6336e+00  4.8502e+00  4.5307e+00]
 [ 2.2264e+00  3.5116e+00  1.2254e+00  1.1308e+00  1.1531e+00]
 [-8.2781e-01 -6.4595e-01 -1.8902e+00 -1.7719e+00 -4.7553e+00]
 [-2.5757e+00 -1.5719e+00 -1.5979e+00 -2.3766e+00 -2.9903e+00]
 [-1.4983e+00  2.5614e+00  2.0698e+00  4.8164e-01  9.1972e-01]
 [-1.3890e+00  3.2490e+00  2.0950e+00  5.5550e-01  5.8653e-01]
 [-9.5008e-01 -5.6195e-01 -1.4796e+00 -5.4346e-01 -1.6593e+00]
 [-8.6715e-01 -3.3248e+00 -2.9024e+00  1.2701e+00  1.6514e+00]
 [-5.5531e-01 -2.4814e+00  1.2494e-01 -9.3569e-01  4.0487e-01]
 [-8.5654e-02 -1.1769e+00  1.0220e+00 -9.7398e-01  2.1360e+00]
 [ 2.2000e+00  3.2004e+00  3.1709e+00  1.6982e+00  1.6740e+00]
 [ 1.9278e-01  2.1645e-01  2.7179e+00  5.2073e-01 -7.9025e-01]
 [-1.5065e+00 -2.1595e+00 -1.7241e+00 -2.5900e+00 -4.0573e+00]
 [-3.7356e-01 -1.4279e+00 -2.9740e+00 -2.9353e+00  1.9217e+00]
 [ 5.0699e-01 -3.2005e-01 -1.5917e+00 -2.4127e+00  1.5792e+00]
 [ 4.7180e-01  2.2061e-01 -8.3781e-01 -1.4439e+00 -3.1445e+00]
 [ 2.5844e+00  1.6451e+00  2.1861e-01  1.7064e+00 -7.4376e-01]
 [-5.2056e-01 -2.0013e-01 -1.4600e+00  2.3199e+00  3.5930e-01]
 [-2.0917e+00 -1.1573e+00 -1.2245e+00 -1.4805e+00 -4.6486e+00]
 [-9.0556e-01 -7.9355e-01 -6.2024e-01 -7.2475e-01 -3.7680e+00]
 [-4.7785e-01 -3.2814e-01  2.6997e+00  4.2557e+00  3.6171e+00]
 [-3.7798e-01  1.6300e+00  5.5329e+00  3.8181e+00  3.0524e+00]
 [-2.6362e-01  4.0558e+00  3.5226e+00  5.0996e-01 -6.1462e-01]
 [-2.2583e-01  8.6670e-01 -3.3723e+00 -4.5193e+00 -7.4680e+00]
 [ 1.3740e-03 -1.4795e+00 -4.6361e+00 -4.1016e+00 -4.2899e+00]
 [ 2.7086e+00  3.7438e+00  2.2610e+00  1.9927e-01  3.4410e+00]
 [ 5.0281e+00  4.7553e+00  3.3601e+00  1.6330e+00  4.8668e+00]
 [ 1.5838e+00  2.9342e+00  3.5257e+00  2.6409e+00  3.7116e+00]
 [-3.8606e+00 -3.2896e-02  1.1214e+00  4.2330e-01  1.0792e+00]
 [-2.7815e+00 -3.9636e+00 -2.7137e+00 -1.7499e+00 -2.5865e-01]
 [ 2.8613e+00 -1.8172e+00  2.0263e-01 -2.0894e-01  1.3281e+00]
 [ 9.0260e-01 -1.7671e+00 -3.4166e+00 -3.6436e+00 -5.4571e+00]
 [-2.3632e+00 -3.2390e+00 -5.7961e+00 -4.3300e+00 -4.4019e+00]
 [-2.5877e+00 -2.6381e+00 -3.4465e+00 -2.4984e+00 -2.6477e+00]
 [-1.3850e+00 -4.4162e-01 -1.2885e+00 -7.3513e-01 -2.6337e+00]
 [ 7.1534e-01 -1.3249e+00 -1.6209e+00  2.7788e+00  2.0913e+00]
 [ 3.4984e+00  8.3892e-01  1.1871e-01  4.1580e-01  1.4661e+00]
 [-5.1171e-01  1.1978e-01 -7.3720e-01 -1.4513e+00 -2.7455e+00]
 [-3.7945e+00  1.7072e+00  1.0933e+00  3.4074e-01  1.6862e+00]
 [-2.0944e+00  8.2903e-01  1.8774e-02 -4.3427e-01 -1.2590e+00]
 [-8.1047e-01 -1.6414e+00 -1.6172e+00 -1.5225e+00 -3.8903e+00]
 [ 1.3534e+00 -1.8630e+00 -9.3116e-01 -6.1575e-01 -3.5554e-01]
 [ 4.5524e+00  7.4881e-01  1.4476e+00  1.0403e+00  3.3092e+00]
 [ 2.2350e+00 -1.2794e-01  1.2525e-01 -1.1307e-01  5.6943e-01]
 [-3.3549e+00 -3.3014e+00 -2.4985e+00 -1.5813e+00 -4.1010e+00]
 [-4.0345e+00 -4.0445e+00 -2.1679e+00 -1.1133e+00 -1.2281e+00]
 [-1.5684e+00 -1.9928e+00  2.3980e-02  6.9673e-01  1.0164e-01]
 [ 1.0334e+00  3.2162e+00  3.6943e+00  3.4513e+00  3.6166e+00]
 [ 9.7882e-01  3.1971e+00  2.8218e+00  2.6385e+00  2.7748e+00]
 [-1.6479e+00 -1.3638e+00 -1.5328e+00  3.2617e+00  2.2923e+00]
 [-1.4333e-01 -3.0197e+00 -1.1430e+00  5.7273e-01  6.0832e-01]
 [ 5.0103e-01 -1.7785e+00  3.3444e+00  1.5931e+00  1.5233e+00]
 [ 4.1487e+00  1.6961e+00  2.6322e+00  2.9511e+00  4.8130e+00]
 [ 3.9351e+00  3.0684e+00  1.4619e+00  7.3579e-01  2.1941e+00]
 [ 4.2457e-01  1.5171e+00  8.9539e-03 -1.8219e+00 -1.9002e+00]
 [-4.5029e+00 -2.4102e+00 -2.7137e+00 -3.4451e+00 -4.8877e+00]
 [-3.6982e+00 -2.1989e+00 -1.2884e+00 -1.7085e+00  1.9261e+00]
 [-2.7749e-01  2.6628e+00  2.2115e+00  1.1658e+00  3.2029e+00]
 [ 2.9382e-02  2.5891e+00  1.8557e+00  7.3752e-01 -8.9851e-01]
 [-1.5117e+00  3.9972e-01 -1.7371e-01 -3.6630e-01 -3.6044e+00]
 [-1.4874e+00  1.9924e+00  1.9237e+00  1.5534e+00  8.3112e-01]
 [ 2.0236e+00  2.8786e+00  4.8434e+00  4.0965e+00  4.5354e+00]
 [ 2.5055e+00  1.1471e+00  8.6237e-01  1.7648e-01  6.1587e-01]
 [-1.3912e+00 -3.4693e+00 -5.9199e+00 -3.9909e+00 -7.9777e+00]
 [ 2.2219e+00 -1.9748e+00 -4.4477e-01 -9.6592e-02  3.7736e+00]
 [ 4.6113e+00  1.1688e+00  1.5226e+00  7.7531e-01  3.6351e+00]
 [ 3.2517e+00  1.1877e+00  3.4839e-01  3.1938e+00  3.3318e+00]
 [ 1.5383e+00  4.2237e-01 -8.3729e-01  8.1665e-01  1.1537e+00]
 [ 7.3642e-01 -1.5613e-01 -2.2551e-01 -1.3934e+00 -1.2338e+00]
 [ 1.4254e-01  1.9661e+00  1.1920e+00 -5.0098e-01 -1.3840e-01]
 [-4.3687e+00 -1.8292e+00 -2.4770e+00 -3.0731e+00 -5.0780e+00]
 [-5.4972e+00 -4.8496e+00 -4.0162e+00 -3.6680e+00 -6.2238e+00]
 [-2.8547e+00 -3.8701e+00 -2.3782e+00 -2.1726e+00 -5.7038e-01]
 [-1.7684e+00 -2.1078e+00 -1.2571e+00  2.7395e+00  3.7842e+00]
 [-1.2712e+00 -8.3831e-01 -5.5269e-01  3.0279e+00  2.2461e+00]
 [-1.1587e+00 -1.3976e-01 -2.4425e-01  1.6328e+00  7.2597e-01]
 [-7.2747e-01 -5.1492e-01 -5.5938e-01 -2.4859e+00 -2.8840e+00]
 [-5.1609e-01 -1.1453e-01  5.1145e-01 -3.5905e+00 -4.7619e+00]
 [-1.4940e-01  6.3121e-01  5.2602e+00  2.0472e+00  2.5424e+00]
 [ 3.6947e-01  8.4793e-01  4.2361e+00  1.0662e+00  1.9545e+00]
 [ 5.7210e-01  8.8318e-01  1.9587e+00  4.1779e-01 -4.9556e-01]
 [ 4.2093e+00  3.4289e+00  8.3848e-01 -7.0254e-01  1.2261e+00]
 [ 5.3649e+00  6.5287e+00  3.1521e+00  1.8556e+00  3.7709e+00]
 [ 3.6863e+00  5.6437e+00  3.8579e+00  2.2421e+00  3.1079e+00]
 [ 3.5882e+00  4.3889e+00  7.4926e-01 -4.9227e-02  3.7922e-01]
 [ 5.3492e-01  1.5646e+00 -2.0688e+00 -1.5860e+00 -2.4402e+00]
 [-4.0658e+00  9.4651e-01 -1.5801e+00 -1.3692e+00 -2.2559e+00]
 [-3.3677e+00  1.6170e+00 -8.1252e-01 -1.0756e+00  2.8550e-01]
 [-1.0425e+00  1.3714e-01 -1.8292e+00  3.9913e-01 -5.1023e-01]
 [ 1.5269e+00 -2.2606e+00 -3.3968e+00 -1.0700e+00  1.2628e+00]
 [-8.0350e-03 -3.7410e+00 -2.8805e+00 -2.7736e+00 -2.0136e-02]
 [-2.0886e+00 -4.0582e+00  2.5143e-01 -1.1814e-01 -2.0493e+00]
 [-1.4413e+00 -3.1841e+00 -2.8970e+00 -2.2173e+00 -5.3127e+00]
 [-6.0090e-01 -2.2662e+00 -1.2751e+00 -8.1071e-01 -2.4356e+00]
 [ 1.7864e-01 -1.4871e+00  4.5284e-01 -4.9994e-01  2.0092e+00]
 [ 4.6547e+00  2.0621e+00  7.0515e-02 -1.8966e-01  7.0675e-01]
 [ 4.4166e+00  3.8299e+00  1.2777e+00  1.2384e+00  6.5488e-01]
 [ 9.9717e-01  3.8922e+00  1.8762e+00  1.7208e+00  1.1644e+00]
 [ 6.3314e-01  2.5190e+00  6.8754e-01  5.0250e-01  8.9430e-02]
 [-2.6450e+00 -2.6031e+00 -3.8520e+00  1.0881e+00 -2.5709e+00]
 [-3.1052e+00 -4.8438e+00 -3.9048e+00  6.2791e-01 -1.0664e+00]
 [-1.6012e+00 -3.3593e+00 -1.6180e+00  9.1450e-01 -2.7454e-02]
 [-1.5253e+00 -2.1710e+00  3.4011e+00  3.2086e+00  2.6885e+00]
 [-1.3273e+00 -1.6386e+00  2.1005e+00  1.7315e+00  2.6459e+00]
 [-9.7793e-01  1.5453e+00 -4.6833e-01 -1.8830e+00 -4.5656e+00]
 [ 1.6462e-01  1.0384e+00 -1.2455e+00 -3.7381e+00 -6.2441e+00]
 [-8.6978e-02 -1.3351e+00 -1.7876e+00 -3.6390e+00 -2.4373e+00]
 [-4.3792e-01 -1.6630e+00 -1.0060e+00 -1.9538e+00 -1.2426e+00]
 [-1.4990e-01 -8.5962e-01 -4.8103e-01  1.6463e+00  2.7449e+00]
 [ 1.0287e-01 -4.7239e-01 -6.3306e-02 -6.5389e-01  1.5777e-01]
 [ 2.1447e-01  1.0746e+00  1.2105e+00  2.5169e+00  1.8219e+00]
 [ 2.9237e-01  2.7473e+00  2.1242e+00  3.8845e+00  6.3436e+00]
 [ 2.5892e-01  2.2707e-01 -8.4239e-02  9.7722e-01  2.3632e+00]
 [ 5.2055e-01 -9.1375e-01  4.1784e-01 -2.2987e+00 -6.2488e+00]
 [ 7.2917e-01 -3.8148e-01  5.4735e+00  1.9997e+00  2.7541e+00]
 [ 3.4530e+00  2.1293e+00  3.9318e+00  9.3871e-01  5.6521e+00]
 [ 5.1887e+00  3.9584e+00  3.0432e+00  1.3982e+00  3.7308e+00]
 [ 4.3131e+00  3.9595e+00  2.0813e+00  5.4061e-01  1.4570e+00]
 [ 2.8040e+00  2.9625e+00  2.7011e-01 -7.0960e-01  9.7718e-01]
 [ 1.2755e-01  8.4479e-01 -1.1883e+00 -3.1293e-01 -3.2217e-01]
 [-4.4997e+00 -2.5469e+00  1.5783e+00  3.0492e+00  1.8023e+00]
 [-4.5831e+00 -2.8223e+00  2.8370e+00  1.8859e+00  5.8086e-01]
 [-2.3799e+00  1.9417e+00  1.9832e+00  1.0371e+00 -2.7272e-01]
 [-1.8139e+00  1.4851e+00 -2.7393e+00 -1.5684e-01 -8.9670e-01]
 [ 5.5450e-01 -1.1743e+00 -5.3631e+00 -3.1966e+00 -2.9565e+00]
 [ 7.2975e-01 -1.8163e+00 -3.2196e+00 -4.4661e+00 -4.1259e+00]
 [-2.2889e+00 -2.7968e+00 -3.0343e+00 -8.2866e-01 -1.4915e+00]
 [-2.3278e+00 -1.2107e+00 -1.3300e+00  2.4581e+00  3.8786e+00]
 [ 2.4811e+00  3.4236e+00  1.7618e+00  2.4454e+00  3.7536e+00]
 [ 1.2627e+00  5.6303e-01 -8.8188e-01  8.5201e-01  1.4455e+00]
 [-2.0996e+00 -3.1238e+00 -3.5323e+00 -9.8667e-01 -1.6716e+00]
 [ 9.2067e-01 -1.2327e+00 -5.4496e-01 -3.9363e+00 -5.0341e+00]
 [-6.4039e-01 -1.6315e+00 -8.9436e-01 -4.6984e+00 -5.7513e+00]
 [-2.4907e+00 -1.5084e+00 -8.3059e-01 -2.9963e+00  1.0327e+00]
 [-1.7960e+00  1.5471e-01  5.7822e-01 -1.1512e+00 -1.4854e+00]
 [-8.1668e-01  3.2712e+00  2.9502e+00  1.8213e+00 -1.4531e+00]
 [-4.8005e-01  8.4554e-01  5.3095e-01  3.0412e+00  1.8735e+00]
 [-2.4740e-01 -2.7725e+00 -2.3610e+00  1.1625e+00  7.6889e-01]
 [ 3.4265e+00 -5.8871e-01  3.8809e+00  3.7239e+00  3.0450e+00]
 [ 2.0845e+00 -1.7555e-01  1.4802e+00  1.2636e+00  6.1054e-01]
 [-1.9203e+00 -1.8592e+00 -3.1161e+00 -4.0824e+00 -8.4143e+00]
 [-1.6825e+00 -2.1912e+00 -2.4217e+00 -4.4453e+00 -6.1197e+00]
 [ 3.6253e+00  1.4415e+00  1.8339e+00 -6.1843e-01  4.5200e+00]
 [ 1.8722e+00  9.2756e-01  1.2979e+00 -4.1631e-01  3.0160e+00]
 [-2.3868e+00 -1.2959e+00  3.0691e+00  2.8115e+00 -2.6946e-01]
 [ 2.3580e+00  1.3622e+00  2.3056e+00  3.9208e+00  4.7536e+00]
 [ 3.8392e+00  2.8121e+00 -2.5624e-01  2.9614e+00  3.8477e+00]
 [ 2.0756e-01  6.6757e-01 -1.7332e+00  1.1592e+00  2.0200e+00]
 [-3.7157e+00 -1.8873e+00 -2.4816e+00 -6.2523e-01 -9.9154e-02]
 [-2.7402e+00 -1.8703e+00 -1.5316e+00 -4.0211e+00 -3.7462e+00]]
Y(shape): (200, 5)
(190, 10, 1) (190, 10, 5) (190, 1, 1) (190, 1, 5)
total samples 190
training samples: 114 validation samples: 38 testing samples: 38
seed 10 test MSE 5.464673042297363 test r2 0.2254317864561662
seed 11 test MSE 5.507358074188232 test r2 0.19922259763323666
seed 12 test MSE 5.292561054229736 test r2 0.20970429253944617
seed 13 test MSE 5.753391742706299 test r2 0.1387250695047792
seed 14 test MSE 5.291049957275391 test r2 0.23109722095312296
seed 15 test MSE 5.312597751617432 test r2 0.2093424025481697
seed 16 test MSE 5.355134010314941 test r2 0.225665569134697
seed 17 test MSE 5.275325298309326 test r2 0.22144580761814714
seed 18 test MSE 5.077817440032959 test r2 0.24513524928333535
seed 19 test MSE 5.955554008483887 test r2 0.1273768486629111
(10, 5, 5)
(10, 5, 5)
[[0.17213909 0.17340452 0.16521968 0.18104607 0.30819065]
 [0.18974588 0.17401824 0.16233567 0.16972791 0.3041723 ]
 [0.17985635 0.15868286 0.15233359 0.17667616 0.33245104]
 [0.16932952 0.16125076 0.17697922 0.19657854 0.29586195]
 [0.15997481 0.16600692 0.17763199 0.19842793 0.29795835]]
[(4, 0, 1), (4, 1, 1), (4, 2, 1), (4, 3, 1), (4, 4, 1)]
===================Results===================
4 causes 0 with a delay of 1 time steps.
4 causes 1 with a delay of 1 time steps.
4 causes 2 with a delay of 1 time steps.
4 causes 3 with a delay of 1 time steps.
4 causes 4 with a delay of 1 time steps.
===================Evaluation===================
Total False Positives': 1
Total True Positives': 4
Total False Negatives: 7
Total Direct False Positives: 2
Total Direct True Positives: 3
TPs': ['4->0', '4->2', '4->3', '4->4']
FPs': ['4->1']
TPs direct: ['4->0', '4->3', '4->4']
FPs direct: ['4->1', '4->2']
FNs: ['0->0', '1->0', '1->1', '2->1', '2->2', '3->2', '3->3']
(includes direct and indirect causal relationships)
Precision': 0.8
Recall': 0.36363636363636365
F1' score: 0.5000000000000001
(includes only direct causal relationships)
Precision: 0.6
Recall: 0.3
F1 score: 0.4
Percentage of delays that are correctly discovered: 100.0%
