/root/anaconda3/envs/relic/lib/python3.9/site-packages/sklearn/cluster/_kmeans.py:1416: FutureWarning: The default value of `n_init` will change from 10 to 'auto' in 1.4. Set the value of `n_init` explicitly to suppress the warning
  super()._check_params_vs_input(X, default_n_init=10)
/root/anaconda3/envs/relic/lib/python3.9/site-packages/sklearn/cluster/_kmeans.py:1416: FutureWarning: The default value of `n_init` will change from 10 to 'auto' in 1.4. Set the value of `n_init` explicitly to suppress the warning
  super()._check_params_vs_input(X, default_n_init=10)
/root/anaconda3/envs/relic/lib/python3.9/site-packages/sklearn/cluster/_kmeans.py:1416: FutureWarning: The default value of `n_init` will change from 10 to 'auto' in 1.4. Set the value of `n_init` explicitly to suppress the warning
  super()._check_params_vs_input(X, default_n_init=10)
/root/anaconda3/envs/relic/lib/python3.9/site-packages/sklearn/cluster/_kmeans.py:1416: FutureWarning: The default value of `n_init` will change from 10 to 'auto' in 1.4. Set the value of `n_init` explicitly to suppress the warning
  super()._check_params_vs_input(X, default_n_init=10)
/root/anaconda3/envs/relic/lib/python3.9/site-packages/sklearn/cluster/_kmeans.py:1416: FutureWarning: The default value of `n_init` will change from 10 to 'auto' in 1.4. Set the value of `n_init` explicitly to suppress the warning
  super()._check_params_vs_input(X, default_n_init=10)
(2400, 5)
X(time slices): [0.000e+00 1.000e-03 2.000e-03 ... 2.397e+00 2.398e+00 2.399e+00]
X(shape): (2400,)
Y(time series): [[-1.0578e+00 -1.6856e+00 -2.0988e+00 -2.1566e+00 -3.0038e+00]
 [-1.0627e+00 -1.6843e+00 -2.1744e+00 -2.1260e+00 -2.8579e+00]
 [-8.3846e-01 -1.8472e+00 -2.1539e+00 -1.9771e+00 -2.7997e+00]
 ...
 [ 2.4434e-03 -2.3130e+00 -1.2517e+00 -4.4883e+00  2.4085e+00]
 [-1.7753e-01 -1.9778e+00 -1.0432e+00 -4.7757e+00  2.4086e+00]
 [-1.7187e-01 -2.0115e+00 -1.2606e+00 -4.9359e+00  2.1564e+00]]
Y(shape): (2400, 5)
(2390, 10, 1) (2390, 10, 5) (2390, 1, 1) (2390, 1, 5)
total samples 2390
training samples: 1434 validation samples: 478 testing samples: 478
seed 10 test MSE 0.031327903270721436 test r2 0.9921447478388334
seed 11 test MSE 0.028423389419913292 test r2 0.9927588396088481
seed 12 test MSE 0.03222180902957916 test r2 0.9919826916537415
seed 13 test MSE 0.02895439974963665 test r2 0.992810921683472
seed 14 test MSE 0.03512830659747124 test r2 0.9913891117817428
seed 15 test MSE 0.030848955735564232 test r2 0.9922044018983304
seed 16 test MSE 0.03028172254562378 test r2 0.9924786745976375
seed 17 test MSE 0.030886434018611908 test r2 0.992170960955281
seed 18 test MSE 0.02908317558467388 test r2 0.9925963749182506
seed 19 test MSE 0.028848152607679367 test r2 0.9925565915601862
(10, 5, 5)
(10, 5, 5)
[[0.19898638 0.2015956  0.18180157 0.21402941 0.20358703]
 [0.20647088 0.19472503 0.20478083 0.20975213 0.18427112]
 [0.21714219 0.20039877 0.19761991 0.19177412 0.19306501]
 [0.17799529 0.21281264 0.21155703 0.22541483 0.17222021]
 [0.18130635 0.21962212 0.16701248 0.22778347 0.20427558]]
[(0, 0, 1), (1, 0, 1), (3, 0, 1), (4, 0, 1), (0, 1, 1), (2, 1, 1), (3, 1, 1), (0, 2, 1), (1, 3, 1), (2, 3, 1), (3, 3, 1), (1, 4, 1), (3, 4, 1), (4, 4, 1)]
===================Results===================
0 causes 0 with a delay of 1 time steps.
1 causes 0 with a delay of 1 time steps.
3 causes 0 with a delay of 1 time steps.
4 causes 0 with a delay of 1 time steps.
0 causes 1 with a delay of 1 time steps.
2 causes 1 with a delay of 1 time steps.
3 causes 1 with a delay of 1 time steps.
0 causes 2 with a delay of 1 time steps.
1 causes 3 with a delay of 1 time steps.
2 causes 3 with a delay of 1 time steps.
3 causes 3 with a delay of 1 time steps.
1 causes 4 with a delay of 1 time steps.
3 causes 4 with a delay of 1 time steps.
4 causes 4 with a delay of 1 time steps.
===================Evaluation===================
Total False Positives': 7
Total True Positives': 7
Total False Negatives: 4
Total Direct False Positives: 8
Total Direct True Positives: 6
TPs': ['0->0', '1->0', '4->0', '2->1', '3->1', '3->3', '4->4']
FPs': ['3->0', '0->1', '0->2', '1->3', '2->3', '1->4', '3->4']
TPs direct: ['0->0', '1->0', '4->0', '2->1', '3->3', '4->4']
FPs direct: ['3->0', '0->1', '3->1', '0->2', '1->3', '2->3', '1->4', '3->4']
FNs: ['1->1', '2->2', '3->2', '4->3']
(includes direct and indirect causal relationships)
Precision': 0.5
Recall': 0.6363636363636364
F1' score: 0.56
(includes only direct causal relationships)
Precision: 0.42857142857142855
Recall: 0.6
F1 score: 0.5
Percentage of delays that are correctly discovered: 100.0%
