/root/anaconda3/envs/relic/lib/python3.9/site-packages/sklearn/cluster/_kmeans.py:1416: FutureWarning: The default value of `n_init` will change from 10 to 'auto' in 1.4. Set the value of `n_init` explicitly to suppress the warning
  super()._check_params_vs_input(X, default_n_init=10)
/root/anaconda3/envs/relic/lib/python3.9/site-packages/sklearn/cluster/_kmeans.py:1416: FutureWarning: The default value of `n_init` will change from 10 to 'auto' in 1.4. Set the value of `n_init` explicitly to suppress the warning
  super()._check_params_vs_input(X, default_n_init=10)
/root/anaconda3/envs/relic/lib/python3.9/site-packages/sklearn/cluster/_kmeans.py:1416: FutureWarning: The default value of `n_init` will change from 10 to 'auto' in 1.4. Set the value of `n_init` explicitly to suppress the warning
  super()._check_params_vs_input(X, default_n_init=10)
/root/anaconda3/envs/relic/lib/python3.9/site-packages/sklearn/cluster/_kmeans.py:1416: FutureWarning: The default value of `n_init` will change from 10 to 'auto' in 1.4. Set the value of `n_init` explicitly to suppress the warning
  super()._check_params_vs_input(X, default_n_init=10)
/root/anaconda3/envs/relic/lib/python3.9/site-packages/sklearn/cluster/_kmeans.py:1416: FutureWarning: The default value of `n_init` will change from 10 to 'auto' in 1.4. Set the value of `n_init` explicitly to suppress the warning
  super()._check_params_vs_input(X, default_n_init=10)
/root/anaconda3/envs/relic/lib/python3.9/site-packages/sklearn/cluster/_kmeans.py:1416: FutureWarning: The default value of `n_init` will change from 10 to 'auto' in 1.4. Set the value of `n_init` explicitly to suppress the warning
  super()._check_params_vs_input(X, default_n_init=10)
/root/anaconda3/envs/relic/lib/python3.9/site-packages/sklearn/cluster/_kmeans.py:1416: FutureWarning: The default value of `n_init` will change from 10 to 'auto' in 1.4. Set the value of `n_init` explicitly to suppress the warning
  super()._check_params_vs_input(X, default_n_init=10)
/root/anaconda3/envs/relic/lib/python3.9/site-packages/sklearn/cluster/_kmeans.py:1416: FutureWarning: The default value of `n_init` will change from 10 to 'auto' in 1.4. Set the value of `n_init` explicitly to suppress the warning
  super()._check_params_vs_input(X, default_n_init=10)
/root/anaconda3/envs/relic/lib/python3.9/site-packages/sklearn/cluster/_kmeans.py:1416: FutureWarning: The default value of `n_init` will change from 10 to 'auto' in 1.4. Set the value of `n_init` explicitly to suppress the warning
  super()._check_params_vs_input(X, default_n_init=10)
/root/anaconda3/envs/relic/lib/python3.9/site-packages/sklearn/cluster/_kmeans.py:1416: FutureWarning: The default value of `n_init` will change from 10 to 'auto' in 1.4. Set the value of `n_init` explicitly to suppress the warning
  super()._check_params_vs_input(X, default_n_init=10)
/root/anaconda3/envs/relic/lib/python3.9/site-packages/sklearn/cluster/_kmeans.py:1416: FutureWarning: The default value of `n_init` will change from 10 to 'auto' in 1.4. Set the value of `n_init` explicitly to suppress the warning
  super()._check_params_vs_input(X, default_n_init=10)
/root/anaconda3/envs/relic/lib/python3.9/site-packages/sklearn/cluster/_kmeans.py:1416: FutureWarning: The default value of `n_init` will change from 10 to 'auto' in 1.4. Set the value of `n_init` explicitly to suppress the warning
  super()._check_params_vs_input(X, default_n_init=10)
/root/anaconda3/envs/relic/lib/python3.9/site-packages/sklearn/cluster/_kmeans.py:1416: FutureWarning: The default value of `n_init` will change from 10 to 'auto' in 1.4. Set the value of `n_init` explicitly to suppress the warning
  super()._check_params_vs_input(X, default_n_init=10)
/root/anaconda3/envs/relic/lib/python3.9/site-packages/sklearn/cluster/_kmeans.py:1416: FutureWarning: The default value of `n_init` will change from 10 to 'auto' in 1.4. Set the value of `n_init` explicitly to suppress the warning
  super()._check_params_vs_input(X, default_n_init=10)
/root/anaconda3/envs/relic/lib/python3.9/site-packages/sklearn/cluster/_kmeans.py:1416: FutureWarning: The default value of `n_init` will change from 10 to 'auto' in 1.4. Set the value of `n_init` explicitly to suppress the warning
  super()._check_params_vs_input(X, default_n_init=10)
/root/anaconda3/envs/relic/lib/python3.9/site-packages/sklearn/cluster/_kmeans.py:1416: FutureWarning: The default value of `n_init` will change from 10 to 'auto' in 1.4. Set the value of `n_init` explicitly to suppress the warning
  super()._check_params_vs_input(X, default_n_init=10)
/root/anaconda3/envs/relic/lib/python3.9/site-packages/sklearn/cluster/_kmeans.py:1416: FutureWarning: The default value of `n_init` will change from 10 to 'auto' in 1.4. Set the value of `n_init` explicitly to suppress the warning
  super()._check_params_vs_input(X, default_n_init=10)
/root/anaconda3/envs/relic/lib/python3.9/site-packages/sklearn/cluster/_kmeans.py:1416: FutureWarning: The default value of `n_init` will change from 10 to 'auto' in 1.4. Set the value of `n_init` explicitly to suppress the warning
  super()._check_params_vs_input(X, default_n_init=10)
/root/anaconda3/envs/relic/lib/python3.9/site-packages/sklearn/cluster/_kmeans.py:1416: FutureWarning: The default value of `n_init` will change from 10 to 'auto' in 1.4. Set the value of `n_init` explicitly to suppress the warning
  super()._check_params_vs_input(X, default_n_init=10)
/root/anaconda3/envs/relic/lib/python3.9/site-packages/sklearn/cluster/_kmeans.py:1416: FutureWarning: The default value of `n_init` will change from 10 to 'auto' in 1.4. Set the value of `n_init` explicitly to suppress the warning
  super()._check_params_vs_input(X, default_n_init=10)
/root/anaconda3/envs/relic/lib/python3.9/site-packages/sklearn/cluster/_kmeans.py:1416: FutureWarning: The default value of `n_init` will change from 10 to 'auto' in 1.4. Set the value of `n_init` explicitly to suppress the warning
  super()._check_params_vs_input(X, default_n_init=10)
/root/anaconda3/envs/relic/lib/python3.9/site-packages/sklearn/cluster/_kmeans.py:1416: FutureWarning: The default value of `n_init` will change from 10 to 'auto' in 1.4. Set the value of `n_init` explicitly to suppress the warning
  super()._check_params_vs_input(X, default_n_init=10)
/root/anaconda3/envs/relic/lib/python3.9/site-packages/sklearn/cluster/_kmeans.py:1416: FutureWarning: The default value of `n_init` will change from 10 to 'auto' in 1.4. Set the value of `n_init` explicitly to suppress the warning
  super()._check_params_vs_input(X, default_n_init=10)
/root/anaconda3/envs/relic/lib/python3.9/site-packages/sklearn/cluster/_kmeans.py:1416: FutureWarning: The default value of `n_init` will change from 10 to 'auto' in 1.4. Set the value of `n_init` explicitly to suppress the warning
  super()._check_params_vs_input(X, default_n_init=10)
/root/anaconda3/envs/relic/lib/python3.9/site-packages/sklearn/cluster/_kmeans.py:1416: FutureWarning: The default value of `n_init` will change from 10 to 'auto' in 1.4. Set the value of `n_init` explicitly to suppress the warning
  super()._check_params_vs_input(X, default_n_init=10)
/root/anaconda3/envs/relic/lib/python3.9/site-packages/sklearn/cluster/_kmeans.py:1416: FutureWarning: The default value of `n_init` will change from 10 to 'auto' in 1.4. Set the value of `n_init` explicitly to suppress the warning
  super()._check_params_vs_input(X, default_n_init=10)
/root/anaconda3/envs/relic/lib/python3.9/site-packages/sklearn/cluster/_kmeans.py:1416: FutureWarning: The default value of `n_init` will change from 10 to 'auto' in 1.4. Set the value of `n_init` explicitly to suppress the warning
  super()._check_params_vs_input(X, default_n_init=10)
/root/anaconda3/envs/relic/lib/python3.9/site-packages/sklearn/cluster/_kmeans.py:1416: FutureWarning: The default value of `n_init` will change from 10 to 'auto' in 1.4. Set the value of `n_init` explicitly to suppress the warning
  super()._check_params_vs_input(X, default_n_init=10)
/root/anaconda3/envs/relic/lib/python3.9/site-packages/sklearn/cluster/_kmeans.py:1416: FutureWarning: The default value of `n_init` will change from 10 to 'auto' in 1.4. Set the value of `n_init` explicitly to suppress the warning
  super()._check_params_vs_input(X, default_n_init=10)
/root/anaconda3/envs/relic/lib/python3.9/site-packages/sklearn/cluster/_kmeans.py:1416: FutureWarning: The default value of `n_init` will change from 10 to 'auto' in 1.4. Set the value of `n_init` explicitly to suppress the warning
  super()._check_params_vs_input(X, default_n_init=10)
/root/anaconda3/envs/relic/lib/python3.9/site-packages/sklearn/cluster/_kmeans.py:1416: FutureWarning: The default value of `n_init` will change from 10 to 'auto' in 1.4. Set the value of `n_init` explicitly to suppress the warning
  super()._check_params_vs_input(X, default_n_init=10)
/root/anaconda3/envs/relic/lib/python3.9/site-packages/sklearn/cluster/_kmeans.py:1416: FutureWarning: The default value of `n_init` will change from 10 to 'auto' in 1.4. Set the value of `n_init` explicitly to suppress the warning
  super()._check_params_vs_input(X, default_n_init=10)
/root/anaconda3/envs/relic/lib/python3.9/site-packages/sklearn/cluster/_kmeans.py:1416: FutureWarning: The default value of `n_init` will change from 10 to 'auto' in 1.4. Set the value of `n_init` explicitly to suppress the warning
  super()._check_params_vs_input(X, default_n_init=10)
/root/anaconda3/envs/relic/lib/python3.9/site-packages/sklearn/cluster/_kmeans.py:1416: FutureWarning: The default value of `n_init` will change from 10 to 'auto' in 1.4. Set the value of `n_init` explicitly to suppress the warning
  super()._check_params_vs_input(X, default_n_init=10)
/root/anaconda3/envs/relic/lib/python3.9/site-packages/sklearn/cluster/_kmeans.py:1416: FutureWarning: The default value of `n_init` will change from 10 to 'auto' in 1.4. Set the value of `n_init` explicitly to suppress the warning
  super()._check_params_vs_input(X, default_n_init=10)
/root/anaconda3/envs/relic/lib/python3.9/site-packages/sklearn/cluster/_kmeans.py:1416: FutureWarning: The default value of `n_init` will change from 10 to 'auto' in 1.4. Set the value of `n_init` explicitly to suppress the warning
  super()._check_params_vs_input(X, default_n_init=10)
/root/anaconda3/envs/relic/lib/python3.9/site-packages/sklearn/cluster/_kmeans.py:1416: FutureWarning: The default value of `n_init` will change from 10 to 'auto' in 1.4. Set the value of `n_init` explicitly to suppress the warning
  super()._check_params_vs_input(X, default_n_init=10)
/root/anaconda3/envs/relic/lib/python3.9/site-packages/sklearn/cluster/_kmeans.py:1416: FutureWarning: The default value of `n_init` will change from 10 to 'auto' in 1.4. Set the value of `n_init` explicitly to suppress the warning
  super()._check_params_vs_input(X, default_n_init=10)
/root/anaconda3/envs/relic/lib/python3.9/site-packages/sklearn/cluster/_kmeans.py:1416: FutureWarning: The default value of `n_init` will change from 10 to 'auto' in 1.4. Set the value of `n_init` explicitly to suppress the warning
  super()._check_params_vs_input(X, default_n_init=10)
/root/anaconda3/envs/relic/lib/python3.9/site-packages/sklearn/cluster/_kmeans.py:1416: FutureWarning: The default value of `n_init` will change from 10 to 'auto' in 1.4. Set the value of `n_init` explicitly to suppress the warning
  super()._check_params_vs_input(X, default_n_init=10)
/root/anaconda3/envs/relic/lib/python3.9/site-packages/sklearn/cluster/_kmeans.py:1416: FutureWarning: The default value of `n_init` will change from 10 to 'auto' in 1.4. Set the value of `n_init` explicitly to suppress the warning
  super()._check_params_vs_input(X, default_n_init=10)
/root/anaconda3/envs/relic/lib/python3.9/site-packages/sklearn/cluster/_kmeans.py:1416: FutureWarning: The default value of `n_init` will change from 10 to 'auto' in 1.4. Set the value of `n_init` explicitly to suppress the warning
  super()._check_params_vs_input(X, default_n_init=10)
/root/anaconda3/envs/relic/lib/python3.9/site-packages/sklearn/cluster/_kmeans.py:1416: FutureWarning: The default value of `n_init` will change from 10 to 'auto' in 1.4. Set the value of `n_init` explicitly to suppress the warning
  super()._check_params_vs_input(X, default_n_init=10)
/root/anaconda3/envs/relic/lib/python3.9/site-packages/sklearn/cluster/_kmeans.py:1416: FutureWarning: The default value of `n_init` will change from 10 to 'auto' in 1.4. Set the value of `n_init` explicitly to suppress the warning
  super()._check_params_vs_input(X, default_n_init=10)
/root/anaconda3/envs/relic/lib/python3.9/site-packages/sklearn/cluster/_kmeans.py:1416: FutureWarning: The default value of `n_init` will change from 10 to 'auto' in 1.4. Set the value of `n_init` explicitly to suppress the warning
  super()._check_params_vs_input(X, default_n_init=10)
/root/anaconda3/envs/relic/lib/python3.9/site-packages/sklearn/cluster/_kmeans.py:1416: FutureWarning: The default value of `n_init` will change from 10 to 'auto' in 1.4. Set the value of `n_init` explicitly to suppress the warning
  super()._check_params_vs_input(X, default_n_init=10)
/root/anaconda3/envs/relic/lib/python3.9/site-packages/sklearn/cluster/_kmeans.py:1416: FutureWarning: The default value of `n_init` will change from 10 to 'auto' in 1.4. Set the value of `n_init` explicitly to suppress the warning
  super()._check_params_vs_input(X, default_n_init=10)
/root/anaconda3/envs/relic/lib/python3.9/site-packages/sklearn/cluster/_kmeans.py:1416: FutureWarning: The default value of `n_init` will change from 10 to 'auto' in 1.4. Set the value of `n_init` explicitly to suppress the warning
  super()._check_params_vs_input(X, default_n_init=10)
/root/anaconda3/envs/relic/lib/python3.9/site-packages/sklearn/cluster/_kmeans.py:1416: FutureWarning: The default value of `n_init` will change from 10 to 'auto' in 1.4. Set the value of `n_init` explicitly to suppress the warning
  super()._check_params_vs_input(X, default_n_init=10)
/root/anaconda3/envs/relic/lib/python3.9/site-packages/sklearn/cluster/_kmeans.py:1416: FutureWarning: The default value of `n_init` will change from 10 to 'auto' in 1.4. Set the value of `n_init` explicitly to suppress the warning
  super()._check_params_vs_input(X, default_n_init=10)
(200, 50)
X(time slices): [0.    0.001 0.002 0.003 0.004 0.005 0.006 0.007 0.008 0.009 0.01  0.011
 0.012 0.013 0.014 0.015 0.016 0.017 0.018 0.019 0.02  0.021 0.022 0.023
 0.024 0.025 0.026 0.027 0.028 0.029 0.03  0.031 0.032 0.033 0.034 0.035
 0.036 0.037 0.038 0.039 0.04  0.041 0.042 0.043 0.044 0.045 0.046 0.047
 0.048 0.049 0.05  0.051 0.052 0.053 0.054 0.055 0.056 0.057 0.058 0.059
 0.06  0.061 0.062 0.063 0.064 0.065 0.066 0.067 0.068 0.069 0.07  0.071
 0.072 0.073 0.074 0.075 0.076 0.077 0.078 0.079 0.08  0.081 0.082 0.083
 0.084 0.085 0.086 0.087 0.088 0.089 0.09  0.091 0.092 0.093 0.094 0.095
 0.096 0.097 0.098 0.099 0.1   0.101 0.102 0.103 0.104 0.105 0.106 0.107
 0.108 0.109 0.11  0.111 0.112 0.113 0.114 0.115 0.116 0.117 0.118 0.119
 0.12  0.121 0.122 0.123 0.124 0.125 0.126 0.127 0.128 0.129 0.13  0.131
 0.132 0.133 0.134 0.135 0.136 0.137 0.138 0.139 0.14  0.141 0.142 0.143
 0.144 0.145 0.146 0.147 0.148 0.149 0.15  0.151 0.152 0.153 0.154 0.155
 0.156 0.157 0.158 0.159 0.16  0.161 0.162 0.163 0.164 0.165 0.166 0.167
 0.168 0.169 0.17  0.171 0.172 0.173 0.174 0.175 0.176 0.177 0.178 0.179
 0.18  0.181 0.182 0.183 0.184 0.185 0.186 0.187 0.188 0.189 0.19  0.191
 0.192 0.193 0.194 0.195 0.196 0.197 0.198 0.199]
X(shape): (200,)
Y(time series): [[-1.9256   -2.0451   -1.4486   ... -2.5509   -0.7934   -2.3551  ]
 [-0.65154  -2.8487   -1.957    ...  0.057189 -0.56403  -0.80022 ]
 [ 1.4021   -0.74847  -0.62277  ...  3.1053    1.7084    0.36819 ]
 ...
 [-0.14799   0.2556   -1.4747   ... -0.082547  5.3088   -0.87311 ]
 [-3.5135   -0.88099  -1.3114   ...  4.0259    1.8193    1.0396  ]
 [-1.6129   -1.173    -0.92655  ...  0.2908   -0.23953  -0.54879 ]]
Y(shape): (200, 50)
(190, 10, 1) (190, 10, 50) (190, 1, 1) (190, 1, 50)
total samples 190
training samples: 114 validation samples: 38 testing samples: 38
seed 10 test MSE 4.278375148773193 test r2 0.13022300484633276
seed 11 test MSE 4.231733322143555 test r2 0.13584448357707
seed 12 test MSE 4.481145858764648 test r2 0.10015129127546808
seed 13 test MSE 4.160008430480957 test r2 0.15078107038478744
seed 14 test MSE 4.22435998916626 test r2 0.13860366985947237
seed 15 test MSE 4.233531951904297 test r2 0.14129524830506446
seed 16 test MSE 4.259346961975098 test r2 0.13528639974626397
seed 17 test MSE 4.121148586273193 test r2 0.1554428507231008
seed 18 test MSE 4.22318172454834 test r2 0.1437326714998561
seed 19 test MSE 4.20131254196167 test r2 0.14204215699529624
(10, 50, 50)
(10, 50, 50)
[[0.02064531 0.01844966 0.01873037 ... 0.01917377 0.02102636 0.02180669]
 [0.02059747 0.01962323 0.02008935 ... 0.01945384 0.02155223 0.02067154]
 [0.02073332 0.02002693 0.02010943 ... 0.02043744 0.02098976 0.02080396]
 ...
 [0.01949001 0.01962795 0.01942032 ... 0.01883364 0.02018711 0.02134289]
 [0.02062647 0.01946299 0.0198756  ... 0.02007964 0.02197324 0.02116494]
 [0.02051923 0.01903986 0.01925552 ... 0.01986241 0.02185603 0.01918579]]
[(0, 0, 1), (3, 0, 1), (5, 0, 1), (6, 0, 1), (7, 0, 1), (8, 0, 1), (11, 0, 1), (12, 0, 1), (13, 0, 1), (14, 0, 1), (15, 0, 1), (16, 0, 1), (30, 0, 1), (32, 0, 1), (34, 0, 1), (35, 0, 1), (38, 0, 1), (39, 0, 1), (40, 0, 1), (46, 0, 1), (48, 0, 1), (49, 0, 1), (0, 1, 1), (4, 1, 1), (6, 1, 1), (7, 1, 1), (8, 1, 1), (13, 1, 1), (16, 1, 1), (33, 1, 1), (34, 1, 1), (38, 1, 1), (39, 1, 1), (40, 1, 1), (46, 1, 1), (48, 1, 1), (49, 1, 1), (0, 2, 1), (6, 2, 1), (7, 2, 1), (8, 2, 1), (12, 2, 1), (13, 2, 1), (14, 2, 1), (26, 2, 1), (34, 2, 1), (38, 2, 1), (39, 2, 1), (40, 2, 1), (46, 2, 1), (47, 2, 1), (48, 2, 1), (49, 2, 1), (0, 3, 1), (1, 3, 1), (5, 3, 1), (6, 3, 1), (7, 3, 1), (8, 3, 1), (11, 3, 1), (12, 3, 1), (13, 3, 1), (14, 3, 1), (16, 3, 1), (18, 3, 1), (21, 3, 1), (22, 3, 1), (24, 3, 1), (25, 3, 1), (26, 3, 1), (27, 3, 1), (30, 3, 1), (32, 3, 1), (33, 3, 1), (34, 3, 1), (35, 3, 1), (36, 3, 1), (38, 3, 1), (39, 3, 1), (40, 3, 1), (41, 3, 1), (42, 3, 1), (43, 3, 1), (45, 3, 1), (46, 3, 1), (48, 3, 1), (49, 3, 1), (0, 4, 1), (3, 4, 1), (4, 4, 1), (6, 4, 1), (7, 4, 1), (8, 4, 1), (12, 4, 1), (13, 4, 1), (17, 4, 1), (22, 4, 1), (26, 4, 1), (29, 4, 1), (30, 4, 1), (32, 4, 1), (33, 4, 1), (36, 4, 1), (38, 4, 1), (39, 4, 1), (40, 4, 1), (41, 4, 1), (43, 4, 1), (44, 4, 1), (46, 4, 1), (48, 4, 1), (49, 4, 1), (0, 5, 1), (5, 5, 1), (6, 5, 1), (7, 5, 1), (13, 5, 1), (15, 5, 1), (16, 5, 1), (30, 5, 1), (32, 5, 1), (38, 5, 1), (39, 5, 1), (40, 5, 1), (46, 5, 1), (48, 5, 1), (0, 6, 1), (6, 6, 1), (7, 6, 1), (8, 6, 1), (12, 6, 1), (13, 6, 1), (22, 6, 1), (34, 6, 1), (38, 6, 1), (39, 6, 1), (40, 6, 1), (46, 6, 1), (48, 6, 1), (0, 7, 1), (6, 7, 1), (7, 7, 1), (8, 7, 1), (12, 7, 1), (13, 7, 1), (14, 7, 1), (16, 7, 1), (18, 7, 1), (22, 7, 1), (32, 7, 1), (36, 7, 1), (38, 7, 1), (39, 7, 1), (40, 7, 1), (46, 7, 1), (48, 7, 1), (49, 7, 1), (3, 8, 1), (4, 8, 1), (5, 8, 1), (6, 8, 1), (7, 8, 1), (8, 8, 1), (11, 8, 1), (12, 8, 1), (14, 8, 1), (23, 8, 1), (25, 8, 1), (32, 8, 1), (33, 8, 1), (37, 8, 1), (38, 8, 1), (39, 8, 1), (40, 8, 1), (46, 8, 1), (48, 8, 1), (49, 8, 1), (0, 9, 1), (4, 9, 1), (6, 9, 1), (7, 9, 1), (8, 9, 1), (16, 9, 1), (20, 9, 1), (30, 9, 1), (32, 9, 1), (33, 9, 1), (36, 9, 1), (38, 9, 1), (39, 9, 1), (40, 9, 1), (43, 9, 1), (46, 9, 1), (48, 9, 1), (49, 9, 1), (0, 10, 1), (4, 10, 1), (5, 10, 1), (6, 10, 1), (7, 10, 1), (9, 10, 1), (11, 10, 1), (12, 10, 1), (14, 10, 1), (17, 10, 1), (26, 10, 1), (30, 10, 1), (31, 10, 1), (32, 10, 1), (33, 10, 1), (35, 10, 1), (38, 10, 1), (39, 10, 1), (40, 10, 1), (43, 10, 1), (46, 10, 1), (47, 10, 1), (3, 11, 1), (5, 11, 1), (6, 11, 1), (7, 11, 1), (8, 11, 1), (12, 11, 1), (14, 11, 1), (22, 11, 1), (32, 11, 1), (33, 11, 1), (35, 11, 1), (36, 11, 1), (38, 11, 1), (39, 11, 1), (40, 11, 1), (43, 11, 1), (46, 11, 1), (48, 11, 1), (49, 11, 1), (1, 12, 1), (2, 12, 1), (4, 12, 1), (5, 12, 1), (6, 12, 1), (7, 12, 1), (8, 12, 1), (13, 12, 1), (16, 12, 1), (33, 12, 1), (34, 12, 1), (38, 12, 1), (39, 12, 1), (40, 12, 1), (46, 12, 1), (48, 12, 1), (3, 13, 1), (6, 13, 1), (7, 13, 1), (8, 13, 1), (14, 13, 1), (22, 13, 1), (29, 13, 1), (32, 13, 1), (33, 13, 1), (36, 13, 1), (38, 13, 1), (40, 13, 1), (46, 13, 1), (48, 13, 1), (49, 13, 1), (0, 14, 1), (2, 14, 1), (3, 14, 1), (4, 14, 1), (6, 14, 1), (7, 14, 1), (8, 14, 1), (10, 14, 1), (12, 14, 1), (14, 14, 1), (15, 14, 1), (17, 14, 1), (18, 14, 1), (20, 14, 1), (21, 14, 1), (22, 14, 1), (23, 14, 1), (26, 14, 1), (29, 14, 1), (31, 14, 1), (32, 14, 1), (33, 14, 1), (34, 14, 1), (35, 14, 1), (36, 14, 1), (37, 14, 1), (38, 14, 1), (39, 14, 1), (40, 14, 1), (43, 14, 1), (46, 14, 1), (48, 14, 1), (49, 14, 1), (0, 15, 1), (2, 15, 1), (3, 15, 1), (4, 15, 1), (6, 15, 1), (7, 15, 1), (8, 15, 1), (12, 15, 1), (14, 15, 1), (16, 15, 1), (17, 15, 1), (23, 15, 1), (26, 15, 1), (30, 15, 1), (31, 15, 1), (32, 15, 1), (34, 15, 1), (36, 15, 1), (37, 15, 1), (38, 15, 1), (39, 15, 1), (40, 15, 1), (43, 15, 1), (46, 15, 1), (48, 15, 1), (49, 15, 1), (0, 16, 1), (3, 16, 1), (4, 16, 1), (6, 16, 1), (7, 16, 1), (8, 16, 1), (12, 16, 1), (13, 16, 1), (29, 16, 1), (30, 16, 1), (31, 16, 1), (32, 16, 1), (36, 16, 1), (38, 16, 1), (39, 16, 1), (40, 16, 1), (46, 16, 1), (48, 16, 1), (49, 16, 1), (0, 17, 1), (6, 17, 1), (7, 17, 1), (11, 17, 1), (13, 17, 1), (14, 17, 1), (21, 17, 1), (38, 17, 1), (39, 17, 1), (40, 17, 1), (43, 17, 1), (46, 17, 1), (48, 17, 1), (0, 18, 1), (4, 18, 1), (5, 18, 1), (7, 18, 1), (11, 18, 1), (14, 18, 1), (23, 18, 1), (29, 18, 1), (32, 18, 1), (33, 18, 1), (34, 18, 1), (38, 18, 1), (39, 18, 1), (40, 18, 1), (45, 18, 1), (46, 18, 1), (48, 18, 1), (49, 18, 1), (3, 19, 1), (6, 19, 1), (7, 19, 1), (11, 19, 1), (12, 19, 1), (13, 19, 1), (14, 19, 1), (17, 19, 1), (18, 19, 1), (23, 19, 1), (25, 19, 1), (26, 19, 1), (31, 19, 1), (32, 19, 1), (33, 19, 1), (35, 19, 1), (36, 19, 1), (37, 19, 1), (38, 19, 1), (39, 19, 1), (40, 19, 1), (43, 19, 1), (46, 19, 1), (49, 19, 1), (0, 20, 1), (3, 20, 1), (6, 20, 1), (7, 20, 1), (8, 20, 1), (15, 20, 1), (16, 20, 1), (20, 20, 1), (23, 20, 1), (24, 20, 1), (26, 20, 1), (32, 20, 1), (33, 20, 1), (34, 20, 1), (36, 20, 1), (39, 20, 1), (40, 20, 1), (43, 20, 1), (46, 20, 1), (48, 20, 1), (49, 20, 1), (4, 21, 1), (5, 21, 1), (6, 21, 1), (7, 21, 1), (8, 21, 1), (9, 21, 1), (11, 21, 1), (12, 21, 1), (13, 21, 1), (22, 21, 1), (23, 21, 1), (33, 21, 1), (35, 21, 1), (36, 21, 1), (38, 21, 1), (39, 21, 1), (40, 21, 1), (45, 21, 1), (46, 21, 1), (48, 21, 1), (49, 21, 1), (0, 22, 1), (1, 22, 1), (4, 22, 1), (8, 22, 1), (11, 22, 1), (12, 22, 1), (13, 22, 1), (16, 22, 1), (21, 22, 1), (23, 22, 1), (29, 22, 1), (31, 22, 1), (32, 22, 1), (34, 22, 1), (36, 22, 1), (37, 22, 1), (38, 22, 1), (39, 22, 1), (40, 22, 1), (46, 22, 1), (48, 22, 1), (49, 22, 1), (1, 23, 1), (5, 23, 1), (7, 23, 1), (11, 23, 1), (12, 23, 1), (21, 23, 1), (30, 23, 1), (32, 23, 1), (34, 23, 1), (36, 23, 1), (37, 23, 1), (38, 23, 1), (40, 23, 1), (43, 23, 1), (46, 23, 1), (48, 23, 1), (49, 23, 1), (0, 24, 1), (4, 24, 1), (6, 24, 1), (7, 24, 1), (8, 24, 1), (9, 24, 1), (13, 24, 1), (21, 24, 1), (23, 24, 1), (28, 24, 1), (32, 24, 1), (38, 24, 1), (39, 24, 1), (40, 24, 1), (46, 24, 1), (0, 25, 1), (1, 25, 1), (5, 25, 1), (7, 25, 1), (11, 25, 1), (12, 25, 1), (13, 25, 1), (14, 25, 1), (15, 25, 1), (16, 25, 1), (17, 25, 1), (21, 25, 1), (26, 25, 1), (33, 25, 1), (34, 25, 1), (36, 25, 1), (37, 25, 1), (38, 25, 1), (39, 25, 1), (40, 25, 1), (46, 25, 1), (48, 25, 1), (0, 26, 1), (3, 26, 1), (5, 26, 1), (6, 26, 1), (7, 26, 1), (12, 26, 1), (16, 26, 1), (21, 26, 1), (22, 26, 1), (23, 26, 1), (32, 26, 1), (33, 26, 1), (34, 26, 1), (36, 26, 1), (37, 26, 1), (38, 26, 1), (39, 26, 1), (40, 26, 1), (43, 26, 1), (46, 26, 1), (48, 26, 1), (0, 27, 1), (4, 27, 1), (5, 27, 1), (6, 27, 1), (7, 27, 1), (8, 27, 1), (11, 27, 1), (12, 27, 1), (13, 27, 1), (14, 27, 1), (16, 27, 1), (26, 27, 1), (27, 27, 1), (32, 27, 1), (33, 27, 1), (34, 27, 1), (35, 27, 1), (37, 27, 1), (38, 27, 1), (39, 27, 1), (40, 27, 1), (42, 27, 1), (43, 27, 1), (46, 27, 1), (48, 27, 1), (0, 28, 1), (4, 28, 1), (6, 28, 1), (7, 28, 1), (8, 28, 1), (12, 28, 1), (13, 28, 1), (21, 28, 1), (32, 28, 1), (34, 28, 1), (36, 28, 1), (38, 28, 1), (39, 28, 1), (40, 28, 1), (43, 28, 1), (46, 28, 1), (0, 29, 1), (1, 29, 1), (2, 29, 1), (4, 29, 1), (5, 29, 1), (6, 29, 1), (7, 29, 1), (8, 29, 1), (11, 29, 1), (12, 29, 1), (13, 29, 1), (15, 29, 1), (16, 29, 1), (20, 29, 1), (21, 29, 1), (26, 29, 1), (29, 29, 1), (32, 29, 1), (33, 29, 1), (34, 29, 1), (35, 29, 1), (38, 29, 1), (39, 29, 1), (40, 29, 1), (45, 29, 1), (46, 29, 1), (48, 29, 1), (0, 30, 1), (7, 30, 1), (12, 30, 1), (25, 30, 1), (34, 30, 1), (38, 30, 1), (40, 30, 1), (46, 30, 1), (48, 30, 1), (0, 31, 1), (2, 31, 1), (6, 31, 1), (7, 31, 1), (8, 31, 1), (9, 31, 1), (12, 31, 1), (14, 31, 1), (20, 31, 1), (27, 31, 1), (32, 31, 1), (33, 31, 1), (34, 31, 1), (38, 31, 1), (40, 31, 1), (43, 31, 1), (46, 31, 1), (0, 32, 1), (4, 32, 1), (7, 32, 1), (8, 32, 1), (11, 32, 1), (12, 32, 1), (13, 32, 1), (14, 32, 1), (16, 32, 1), (21, 32, 1), (25, 32, 1), (26, 32, 1), (27, 32, 1), (29, 32, 1), (30, 32, 1), (32, 32, 1), (33, 32, 1), (34, 32, 1), (36, 32, 1), (38, 32, 1), (39, 32, 1), (40, 32, 1), (42, 32, 1), (46, 32, 1), (48, 32, 1), (0, 33, 1), (4, 33, 1), (5, 33, 1), (6, 33, 1), (11, 33, 1), (12, 33, 1), (13, 33, 1), (14, 33, 1), (15, 33, 1), (27, 33, 1), (29, 33, 1), (32, 33, 1), (33, 33, 1), (34, 33, 1), (35, 33, 1), (38, 33, 1), (39, 33, 1), (43, 33, 1), (44, 33, 1), (46, 33, 1), (49, 33, 1), (0, 34, 1), (3, 34, 1), (5, 34, 1), (7, 34, 1), (8, 34, 1), (11, 34, 1), (12, 34, 1), (13, 34, 1), (14, 34, 1), (16, 34, 1), (21, 34, 1), (22, 34, 1), (25, 34, 1), (26, 34, 1), (30, 34, 1), (34, 34, 1), (36, 34, 1), (38, 34, 1), (40, 34, 1), (43, 34, 1), (46, 34, 1), (48, 34, 1), (0, 35, 1), (3, 35, 1), (4, 35, 1), (6, 35, 1), (7, 35, 1), (15, 35, 1), (32, 35, 1), (33, 35, 1), (35, 35, 1), (38, 35, 1), (39, 35, 1), (40, 35, 1), (46, 35, 1), (48, 35, 1), (0, 36, 1), (3, 36, 1), (5, 36, 1), (6, 36, 1), (7, 36, 1), (8, 36, 1), (12, 36, 1), (16, 36, 1), (22, 36, 1), (26, 36, 1), (30, 36, 1), (31, 36, 1), (32, 36, 1), (33, 36, 1), (34, 36, 1), (38, 36, 1), (39, 36, 1), (40, 36, 1), (43, 36, 1), (46, 36, 1), (48, 36, 1), (49, 36, 1), (0, 37, 1), (2, 37, 1), (4, 37, 1), (5, 37, 1), (6, 37, 1), (7, 37, 1), (8, 37, 1), (12, 37, 1), (17, 37, 1), (33, 37, 1), (34, 37, 1), (36, 37, 1), (38, 37, 1), (39, 37, 1), (40, 37, 1), (46, 37, 1), (48, 37, 1), (49, 37, 1), (0, 38, 1), (3, 38, 1), (5, 38, 1), (7, 38, 1), (8, 38, 1), (11, 38, 1), (12, 38, 1), (13, 38, 1), (15, 38, 1), (16, 38, 1), (18, 38, 1), (22, 38, 1), (26, 38, 1), (30, 38, 1), (32, 38, 1), (33, 38, 1), (34, 38, 1), (37, 38, 1), (38, 38, 1), (39, 38, 1), (40, 38, 1), (46, 38, 1), (48, 38, 1), (49, 38, 1), (0, 39, 1), (6, 39, 1), (7, 39, 1), (8, 39, 1), (16, 39, 1), (32, 39, 1), (38, 39, 1), (39, 39, 1), (40, 39, 1), (43, 39, 1), (46, 39, 1), (48, 39, 1), (0, 40, 1), (3, 40, 1), (4, 40, 1), (5, 40, 1), (7, 40, 1), (8, 40, 1), (11, 40, 1), (12, 40, 1), (13, 40, 1), (15, 40, 1), (26, 40, 1), (29, 40, 1), (32, 40, 1), (34, 40, 1), (38, 40, 1), (39, 40, 1), (40, 40, 1), (43, 40, 1), (46, 40, 1), (48, 40, 1), (49, 40, 1), (0, 41, 1), (3, 41, 1), (6, 41, 1), (7, 41, 1), (9, 41, 1), (11, 41, 1), (12, 41, 1), (14, 41, 1), (15, 41, 1), (17, 41, 1), (26, 41, 1), (27, 41, 1), (32, 41, 1), (33, 41, 1), (34, 41, 1), (36, 41, 1), (38, 41, 1), (39, 41, 1), (40, 41, 1), (45, 41, 1), (46, 41, 1), (48, 41, 1), (0, 42, 1), (5, 42, 1), (6, 42, 1), (7, 42, 1), (8, 42, 1), (16, 42, 1), (22, 42, 1), (31, 42, 1), (32, 42, 1), (36, 42, 1), (40, 42, 1), (46, 42, 1), (48, 42, 1), (0, 43, 1), (2, 43, 1), (6, 43, 1), (7, 43, 1), (13, 43, 1), (15, 43, 1), (22, 43, 1), (23, 43, 1), (25, 43, 1), (33, 43, 1), (34, 43, 1), (38, 43, 1), (39, 43, 1), (40, 43, 1), (46, 43, 1), (1, 44, 1), (5, 44, 1), (6, 44, 1), (7, 44, 1), (13, 44, 1), (15, 44, 1), (17, 44, 1), (20, 44, 1), (22, 44, 1), (32, 44, 1), (34, 44, 1), (36, 44, 1), (38, 44, 1), (39, 44, 1), (40, 44, 1), (41, 44, 1), (43, 44, 1), (46, 44, 1), (48, 44, 1), (0, 45, 1), (3, 45, 1), (6, 45, 1), (7, 45, 1), (8, 45, 1), (12, 45, 1), (17, 45, 1), (22, 45, 1), (26, 45, 1), (29, 45, 1), (32, 45, 1), (33, 45, 1), (34, 45, 1), (35, 45, 1), (36, 45, 1), (38, 45, 1), (39, 45, 1), (40, 45, 1), (43, 45, 1), (46, 45, 1), (48, 45, 1), (49, 45, 1), (0, 46, 1), (1, 46, 1), (5, 46, 1), (6, 46, 1), (7, 46, 1), (9, 46, 1), (15, 46, 1), (16, 46, 1), (17, 46, 1), (32, 46, 1), (33, 46, 1), (34, 46, 1), (39, 46, 1), (40, 46, 1), (43, 46, 1), (46, 46, 1), (48, 46, 1), (4, 47, 1), (5, 47, 1), (6, 47, 1), (7, 47, 1), (8, 47, 1), (13, 47, 1), (16, 47, 1), (20, 47, 1), (21, 47, 1), (22, 47, 1), (29, 47, 1), (30, 47, 1), (32, 47, 1), (36, 47, 1), (37, 47, 1), (38, 47, 1), (40, 47, 1), (44, 47, 1), (46, 47, 1), (48, 47, 1), (49, 47, 1), (0, 48, 1), (4, 48, 1), (7, 48, 1), (8, 48, 1), (13, 48, 1), (15, 48, 1), (16, 48, 1), (21, 48, 1), (23, 48, 1), (25, 48, 1), (29, 48, 1), (32, 48, 1), (33, 48, 1), (34, 48, 1), (38, 48, 1), (40, 48, 1), (43, 48, 1), (46, 48, 1), (48, 48, 1), (49, 48, 1), (0, 49, 1), (3, 49, 1), (4, 49, 1), (6, 49, 1), (7, 49, 1), (8, 49, 1), (9, 49, 1), (11, 49, 1), (12, 49, 1), (15, 49, 1), (16, 49, 1), (21, 49, 1), (22, 49, 1), (23, 49, 1), (25, 49, 1), (32, 49, 1), (33, 49, 1), (34, 49, 1), (38, 49, 1), (39, 49, 1), (40, 49, 1), (46, 49, 1), (48, 49, 1)]
===================Results===================
0 causes 0 with a delay of 1 time steps.
3 causes 0 with a delay of 1 time steps.
5 causes 0 with a delay of 1 time steps.
6 causes 0 with a delay of 1 time steps.
7 causes 0 with a delay of 1 time steps.
8 causes 0 with a delay of 1 time steps.
11 causes 0 with a delay of 1 time steps.
12 causes 0 with a delay of 1 time steps.
13 causes 0 with a delay of 1 time steps.
14 causes 0 with a delay of 1 time steps.
15 causes 0 with a delay of 1 time steps.
16 causes 0 with a delay of 1 time steps.
30 causes 0 with a delay of 1 time steps.
32 causes 0 with a delay of 1 time steps.
34 causes 0 with a delay of 1 time steps.
35 causes 0 with a delay of 1 time steps.
38 causes 0 with a delay of 1 time steps.
39 causes 0 with a delay of 1 time steps.
40 causes 0 with a delay of 1 time steps.
46 causes 0 with a delay of 1 time steps.
48 causes 0 with a delay of 1 time steps.
49 causes 0 with a delay of 1 time steps.
0 causes 1 with a delay of 1 time steps.
4 causes 1 with a delay of 1 time steps.
6 causes 1 with a delay of 1 time steps.
7 causes 1 with a delay of 1 time steps.
8 causes 1 with a delay of 1 time steps.
13 causes 1 with a delay of 1 time steps.
16 causes 1 with a delay of 1 time steps.
33 causes 1 with a delay of 1 time steps.
34 causes 1 with a delay of 1 time steps.
38 causes 1 with a delay of 1 time steps.
39 causes 1 with a delay of 1 time steps.
40 causes 1 with a delay of 1 time steps.
46 causes 1 with a delay of 1 time steps.
48 causes 1 with a delay of 1 time steps.
49 causes 1 with a delay of 1 time steps.
0 causes 2 with a delay of 1 time steps.
6 causes 2 with a delay of 1 time steps.
7 causes 2 with a delay of 1 time steps.
8 causes 2 with a delay of 1 time steps.
12 causes 2 with a delay of 1 time steps.
13 causes 2 with a delay of 1 time steps.
14 causes 2 with a delay of 1 time steps.
26 causes 2 with a delay of 1 time steps.
34 causes 2 with a delay of 1 time steps.
38 causes 2 with a delay of 1 time steps.
39 causes 2 with a delay of 1 time steps.
40 causes 2 with a delay of 1 time steps.
46 causes 2 with a delay of 1 time steps.
47 causes 2 with a delay of 1 time steps.
48 causes 2 with a delay of 1 time steps.
49 causes 2 with a delay of 1 time steps.
0 causes 3 with a delay of 1 time steps.
1 causes 3 with a delay of 1 time steps.
5 causes 3 with a delay of 1 time steps.
6 causes 3 with a delay of 1 time steps.
7 causes 3 with a delay of 1 time steps.
8 causes 3 with a delay of 1 time steps.
11 causes 3 with a delay of 1 time steps.
12 causes 3 with a delay of 1 time steps.
13 causes 3 with a delay of 1 time steps.
14 causes 3 with a delay of 1 time steps.
16 causes 3 with a delay of 1 time steps.
18 causes 3 with a delay of 1 time steps.
21 causes 3 with a delay of 1 time steps.
22 causes 3 with a delay of 1 time steps.
24 causes 3 with a delay of 1 time steps.
25 causes 3 with a delay of 1 time steps.
26 causes 3 with a delay of 1 time steps.
27 causes 3 with a delay of 1 time steps.
30 causes 3 with a delay of 1 time steps.
32 causes 3 with a delay of 1 time steps.
33 causes 3 with a delay of 1 time steps.
34 causes 3 with a delay of 1 time steps.
35 causes 3 with a delay of 1 time steps.
36 causes 3 with a delay of 1 time steps.
38 causes 3 with a delay of 1 time steps.
39 causes 3 with a delay of 1 time steps.
40 causes 3 with a delay of 1 time steps.
41 causes 3 with a delay of 1 time steps.
42 causes 3 with a delay of 1 time steps.
43 causes 3 with a delay of 1 time steps.
45 causes 3 with a delay of 1 time steps.
46 causes 3 with a delay of 1 time steps.
48 causes 3 with a delay of 1 time steps.
49 causes 3 with a delay of 1 time steps.
0 causes 4 with a delay of 1 time steps.
3 causes 4 with a delay of 1 time steps.
4 causes 4 with a delay of 1 time steps.
6 causes 4 with a delay of 1 time steps.
7 causes 4 with a delay of 1 time steps.
8 causes 4 with a delay of 1 time steps.
12 causes 4 with a delay of 1 time steps.
13 causes 4 with a delay of 1 time steps.
17 causes 4 with a delay of 1 time steps.
22 causes 4 with a delay of 1 time steps.
26 causes 4 with a delay of 1 time steps.
29 causes 4 with a delay of 1 time steps.
30 causes 4 with a delay of 1 time steps.
32 causes 4 with a delay of 1 time steps.
33 causes 4 with a delay of 1 time steps.
36 causes 4 with a delay of 1 time steps.
38 causes 4 with a delay of 1 time steps.
39 causes 4 with a delay of 1 time steps.
40 causes 4 with a delay of 1 time steps.
41 causes 4 with a delay of 1 time steps.
43 causes 4 with a delay of 1 time steps.
44 causes 4 with a delay of 1 time steps.
46 causes 4 with a delay of 1 time steps.
48 causes 4 with a delay of 1 time steps.
49 causes 4 with a delay of 1 time steps.
0 causes 5 with a delay of 1 time steps.
5 causes 5 with a delay of 1 time steps.
6 causes 5 with a delay of 1 time steps.
7 causes 5 with a delay of 1 time steps.
13 causes 5 with a delay of 1 time steps.
15 causes 5 with a delay of 1 time steps.
16 causes 5 with a delay of 1 time steps.
30 causes 5 with a delay of 1 time steps.
32 causes 5 with a delay of 1 time steps.
38 causes 5 with a delay of 1 time steps.
39 causes 5 with a delay of 1 time steps.
40 causes 5 with a delay of 1 time steps.
46 causes 5 with a delay of 1 time steps.
48 causes 5 with a delay of 1 time steps.
0 causes 6 with a delay of 1 time steps.
6 causes 6 with a delay of 1 time steps.
7 causes 6 with a delay of 1 time steps.
8 causes 6 with a delay of 1 time steps.
12 causes 6 with a delay of 1 time steps.
13 causes 6 with a delay of 1 time steps.
22 causes 6 with a delay of 1 time steps.
34 causes 6 with a delay of 1 time steps.
38 causes 6 with a delay of 1 time steps.
39 causes 6 with a delay of 1 time steps.
40 causes 6 with a delay of 1 time steps.
46 causes 6 with a delay of 1 time steps.
48 causes 6 with a delay of 1 time steps.
0 causes 7 with a delay of 1 time steps.
6 causes 7 with a delay of 1 time steps.
7 causes 7 with a delay of 1 time steps.
8 causes 7 with a delay of 1 time steps.
12 causes 7 with a delay of 1 time steps.
13 causes 7 with a delay of 1 time steps.
14 causes 7 with a delay of 1 time steps.
16 causes 7 with a delay of 1 time steps.
18 causes 7 with a delay of 1 time steps.
22 causes 7 with a delay of 1 time steps.
32 causes 7 with a delay of 1 time steps.
36 causes 7 with a delay of 1 time steps.
38 causes 7 with a delay of 1 time steps.
39 causes 7 with a delay of 1 time steps.
40 causes 7 with a delay of 1 time steps.
46 causes 7 with a delay of 1 time steps.
48 causes 7 with a delay of 1 time steps.
49 causes 7 with a delay of 1 time steps.
3 causes 8 with a delay of 1 time steps.
4 causes 8 with a delay of 1 time steps.
5 causes 8 with a delay of 1 time steps.
6 causes 8 with a delay of 1 time steps.
7 causes 8 with a delay of 1 time steps.
8 causes 8 with a delay of 1 time steps.
11 causes 8 with a delay of 1 time steps.
12 causes 8 with a delay of 1 time steps.
14 causes 8 with a delay of 1 time steps.
23 causes 8 with a delay of 1 time steps.
25 causes 8 with a delay of 1 time steps.
32 causes 8 with a delay of 1 time steps.
33 causes 8 with a delay of 1 time steps.
37 causes 8 with a delay of 1 time steps.
38 causes 8 with a delay of 1 time steps.
39 causes 8 with a delay of 1 time steps.
40 causes 8 with a delay of 1 time steps.
46 causes 8 with a delay of 1 time steps.
48 causes 8 with a delay of 1 time steps.
49 causes 8 with a delay of 1 time steps.
0 causes 9 with a delay of 1 time steps.
4 causes 9 with a delay of 1 time steps.
6 causes 9 with a delay of 1 time steps.
7 causes 9 with a delay of 1 time steps.
8 causes 9 with a delay of 1 time steps.
16 causes 9 with a delay of 1 time steps.
20 causes 9 with a delay of 1 time steps.
30 causes 9 with a delay of 1 time steps.
32 causes 9 with a delay of 1 time steps.
33 causes 9 with a delay of 1 time steps.
36 causes 9 with a delay of 1 time steps.
38 causes 9 with a delay of 1 time steps.
39 causes 9 with a delay of 1 time steps.
40 causes 9 with a delay of 1 time steps.
43 causes 9 with a delay of 1 time steps.
46 causes 9 with a delay of 1 time steps.
48 causes 9 with a delay of 1 time steps.
49 causes 9 with a delay of 1 time steps.
0 causes 10 with a delay of 1 time steps.
4 causes 10 with a delay of 1 time steps.
5 causes 10 with a delay of 1 time steps.
6 causes 10 with a delay of 1 time steps.
7 causes 10 with a delay of 1 time steps.
9 causes 10 with a delay of 1 time steps.
11 causes 10 with a delay of 1 time steps.
12 causes 10 with a delay of 1 time steps.
14 causes 10 with a delay of 1 time steps.
17 causes 10 with a delay of 1 time steps.
26 causes 10 with a delay of 1 time steps.
30 causes 10 with a delay of 1 time steps.
31 causes 10 with a delay of 1 time steps.
32 causes 10 with a delay of 1 time steps.
33 causes 10 with a delay of 1 time steps.
35 causes 10 with a delay of 1 time steps.
38 causes 10 with a delay of 1 time steps.
39 causes 10 with a delay of 1 time steps.
40 causes 10 with a delay of 1 time steps.
43 causes 10 with a delay of 1 time steps.
46 causes 10 with a delay of 1 time steps.
47 causes 10 with a delay of 1 time steps.
3 causes 11 with a delay of 1 time steps.
5 causes 11 with a delay of 1 time steps.
6 causes 11 with a delay of 1 time steps.
7 causes 11 with a delay of 1 time steps.
8 causes 11 with a delay of 1 time steps.
12 causes 11 with a delay of 1 time steps.
14 causes 11 with a delay of 1 time steps.
22 causes 11 with a delay of 1 time steps.
32 causes 11 with a delay of 1 time steps.
33 causes 11 with a delay of 1 time steps.
35 causes 11 with a delay of 1 time steps.
36 causes 11 with a delay of 1 time steps.
38 causes 11 with a delay of 1 time steps.
39 causes 11 with a delay of 1 time steps.
40 causes 11 with a delay of 1 time steps.
43 causes 11 with a delay of 1 time steps.
46 causes 11 with a delay of 1 time steps.
48 causes 11 with a delay of 1 time steps.
49 causes 11 with a delay of 1 time steps.
1 causes 12 with a delay of 1 time steps.
2 causes 12 with a delay of 1 time steps.
4 causes 12 with a delay of 1 time steps.
5 causes 12 with a delay of 1 time steps.
6 causes 12 with a delay of 1 time steps.
7 causes 12 with a delay of 1 time steps.
8 causes 12 with a delay of 1 time steps.
13 causes 12 with a delay of 1 time steps.
16 causes 12 with a delay of 1 time steps.
33 causes 12 with a delay of 1 time steps.
34 causes 12 with a delay of 1 time steps.
38 causes 12 with a delay of 1 time steps.
39 causes 12 with a delay of 1 time steps.
40 causes 12 with a delay of 1 time steps.
46 causes 12 with a delay of 1 time steps.
48 causes 12 with a delay of 1 time steps.
3 causes 13 with a delay of 1 time steps.
6 causes 13 with a delay of 1 time steps.
7 causes 13 with a delay of 1 time steps.
8 causes 13 with a delay of 1 time steps.
14 causes 13 with a delay of 1 time steps.
22 causes 13 with a delay of 1 time steps.
29 causes 13 with a delay of 1 time steps.
32 causes 13 with a delay of 1 time steps.
33 causes 13 with a delay of 1 time steps.
36 causes 13 with a delay of 1 time steps.
38 causes 13 with a delay of 1 time steps.
40 causes 13 with a delay of 1 time steps.
46 causes 13 with a delay of 1 time steps.
48 causes 13 with a delay of 1 time steps.
49 causes 13 with a delay of 1 time steps.
0 causes 14 with a delay of 1 time steps.
2 causes 14 with a delay of 1 time steps.
3 causes 14 with a delay of 1 time steps.
4 causes 14 with a delay of 1 time steps.
6 causes 14 with a delay of 1 time steps.
7 causes 14 with a delay of 1 time steps.
8 causes 14 with a delay of 1 time steps.
10 causes 14 with a delay of 1 time steps.
12 causes 14 with a delay of 1 time steps.
14 causes 14 with a delay of 1 time steps.
15 causes 14 with a delay of 1 time steps.
17 causes 14 with a delay of 1 time steps.
18 causes 14 with a delay of 1 time steps.
20 causes 14 with a delay of 1 time steps.
21 causes 14 with a delay of 1 time steps.
22 causes 14 with a delay of 1 time steps.
23 causes 14 with a delay of 1 time steps.
26 causes 14 with a delay of 1 time steps.
29 causes 14 with a delay of 1 time steps.
31 causes 14 with a delay of 1 time steps.
32 causes 14 with a delay of 1 time steps.
33 causes 14 with a delay of 1 time steps.
34 causes 14 with a delay of 1 time steps.
35 causes 14 with a delay of 1 time steps.
36 causes 14 with a delay of 1 time steps.
37 causes 14 with a delay of 1 time steps.
38 causes 14 with a delay of 1 time steps.
39 causes 14 with a delay of 1 time steps.
40 causes 14 with a delay of 1 time steps.
43 causes 14 with a delay of 1 time steps.
46 causes 14 with a delay of 1 time steps.
48 causes 14 with a delay of 1 time steps.
49 causes 14 with a delay of 1 time steps.
0 causes 15 with a delay of 1 time steps.
2 causes 15 with a delay of 1 time steps.
3 causes 15 with a delay of 1 time steps.
4 causes 15 with a delay of 1 time steps.
6 causes 15 with a delay of 1 time steps.
7 causes 15 with a delay of 1 time steps.
8 causes 15 with a delay of 1 time steps.
12 causes 15 with a delay of 1 time steps.
14 causes 15 with a delay of 1 time steps.
16 causes 15 with a delay of 1 time steps.
17 causes 15 with a delay of 1 time steps.
23 causes 15 with a delay of 1 time steps.
26 causes 15 with a delay of 1 time steps.
30 causes 15 with a delay of 1 time steps.
31 causes 15 with a delay of 1 time steps.
32 causes 15 with a delay of 1 time steps.
34 causes 15 with a delay of 1 time steps.
36 causes 15 with a delay of 1 time steps.
37 causes 15 with a delay of 1 time steps.
38 causes 15 with a delay of 1 time steps.
39 causes 15 with a delay of 1 time steps.
40 causes 15 with a delay of 1 time steps.
43 causes 15 with a delay of 1 time steps.
46 causes 15 with a delay of 1 time steps.
48 causes 15 with a delay of 1 time steps.
49 causes 15 with a delay of 1 time steps.
0 causes 16 with a delay of 1 time steps.
3 causes 16 with a delay of 1 time steps.
4 causes 16 with a delay of 1 time steps.
6 causes 16 with a delay of 1 time steps.
7 causes 16 with a delay of 1 time steps.
8 causes 16 with a delay of 1 time steps.
12 causes 16 with a delay of 1 time steps.
13 causes 16 with a delay of 1 time steps.
29 causes 16 with a delay of 1 time steps.
30 causes 16 with a delay of 1 time steps.
31 causes 16 with a delay of 1 time steps.
32 causes 16 with a delay of 1 time steps.
36 causes 16 with a delay of 1 time steps.
38 causes 16 with a delay of 1 time steps.
39 causes 16 with a delay of 1 time steps.
40 causes 16 with a delay of 1 time steps.
46 causes 16 with a delay of 1 time steps.
48 causes 16 with a delay of 1 time steps.
49 causes 16 with a delay of 1 time steps.
0 causes 17 with a delay of 1 time steps.
6 causes 17 with a delay of 1 time steps.
7 causes 17 with a delay of 1 time steps.
11 causes 17 with a delay of 1 time steps.
13 causes 17 with a delay of 1 time steps.
14 causes 17 with a delay of 1 time steps.
21 causes 17 with a delay of 1 time steps.
38 causes 17 with a delay of 1 time steps.
39 causes 17 with a delay of 1 time steps.
40 causes 17 with a delay of 1 time steps.
43 causes 17 with a delay of 1 time steps.
46 causes 17 with a delay of 1 time steps.
48 causes 17 with a delay of 1 time steps.
0 causes 18 with a delay of 1 time steps.
4 causes 18 with a delay of 1 time steps.
5 causes 18 with a delay of 1 time steps.
7 causes 18 with a delay of 1 time steps.
11 causes 18 with a delay of 1 time steps.
14 causes 18 with a delay of 1 time steps.
23 causes 18 with a delay of 1 time steps.
29 causes 18 with a delay of 1 time steps.
32 causes 18 with a delay of 1 time steps.
33 causes 18 with a delay of 1 time steps.
34 causes 18 with a delay of 1 time steps.
38 causes 18 with a delay of 1 time steps.
39 causes 18 with a delay of 1 time steps.
40 causes 18 with a delay of 1 time steps.
45 causes 18 with a delay of 1 time steps.
46 causes 18 with a delay of 1 time steps.
48 causes 18 with a delay of 1 time steps.
49 causes 18 with a delay of 1 time steps.
3 causes 19 with a delay of 1 time steps.
6 causes 19 with a delay of 1 time steps.
7 causes 19 with a delay of 1 time steps.
11 causes 19 with a delay of 1 time steps.
12 causes 19 with a delay of 1 time steps.
13 causes 19 with a delay of 1 time steps.
14 causes 19 with a delay of 1 time steps.
17 causes 19 with a delay of 1 time steps.
18 causes 19 with a delay of 1 time steps.
23 causes 19 with a delay of 1 time steps.
25 causes 19 with a delay of 1 time steps.
26 causes 19 with a delay of 1 time steps.
31 causes 19 with a delay of 1 time steps.
32 causes 19 with a delay of 1 time steps.
33 causes 19 with a delay of 1 time steps.
35 causes 19 with a delay of 1 time steps.
36 causes 19 with a delay of 1 time steps.
37 causes 19 with a delay of 1 time steps.
38 causes 19 with a delay of 1 time steps.
39 causes 19 with a delay of 1 time steps.
40 causes 19 with a delay of 1 time steps.
43 causes 19 with a delay of 1 time steps.
46 causes 19 with a delay of 1 time steps.
49 causes 19 with a delay of 1 time steps.
0 causes 20 with a delay of 1 time steps.
3 causes 20 with a delay of 1 time steps.
6 causes 20 with a delay of 1 time steps.
7 causes 20 with a delay of 1 time steps.
8 causes 20 with a delay of 1 time steps.
15 causes 20 with a delay of 1 time steps.
16 causes 20 with a delay of 1 time steps.
20 causes 20 with a delay of 1 time steps.
23 causes 20 with a delay of 1 time steps.
24 causes 20 with a delay of 1 time steps.
26 causes 20 with a delay of 1 time steps.
32 causes 20 with a delay of 1 time steps.
33 causes 20 with a delay of 1 time steps.
34 causes 20 with a delay of 1 time steps.
36 causes 20 with a delay of 1 time steps.
39 causes 20 with a delay of 1 time steps.
40 causes 20 with a delay of 1 time steps.
43 causes 20 with a delay of 1 time steps.
46 causes 20 with a delay of 1 time steps.
48 causes 20 with a delay of 1 time steps.
49 causes 20 with a delay of 1 time steps.
4 causes 21 with a delay of 1 time steps.
5 causes 21 with a delay of 1 time steps.
6 causes 21 with a delay of 1 time steps.
7 causes 21 with a delay of 1 time steps.
8 causes 21 with a delay of 1 time steps.
9 causes 21 with a delay of 1 time steps.
11 causes 21 with a delay of 1 time steps.
12 causes 21 with a delay of 1 time steps.
13 causes 21 with a delay of 1 time steps.
22 causes 21 with a delay of 1 time steps.
23 causes 21 with a delay of 1 time steps.
33 causes 21 with a delay of 1 time steps.
35 causes 21 with a delay of 1 time steps.
36 causes 21 with a delay of 1 time steps.
38 causes 21 with a delay of 1 time steps.
39 causes 21 with a delay of 1 time steps.
40 causes 21 with a delay of 1 time steps.
45 causes 21 with a delay of 1 time steps.
46 causes 21 with a delay of 1 time steps.
48 causes 21 with a delay of 1 time steps.
49 causes 21 with a delay of 1 time steps.
0 causes 22 with a delay of 1 time steps.
1 causes 22 with a delay of 1 time steps.
4 causes 22 with a delay of 1 time steps.
8 causes 22 with a delay of 1 time steps.
11 causes 22 with a delay of 1 time steps.
12 causes 22 with a delay of 1 time steps.
13 causes 22 with a delay of 1 time steps.
16 causes 22 with a delay of 1 time steps.
21 causes 22 with a delay of 1 time steps.
23 causes 22 with a delay of 1 time steps.
29 causes 22 with a delay of 1 time steps.
31 causes 22 with a delay of 1 time steps.
32 causes 22 with a delay of 1 time steps.
34 causes 22 with a delay of 1 time steps.
36 causes 22 with a delay of 1 time steps.
37 causes 22 with a delay of 1 time steps.
38 causes 22 with a delay of 1 time steps.
39 causes 22 with a delay of 1 time steps.
40 causes 22 with a delay of 1 time steps.
46 causes 22 with a delay of 1 time steps.
48 causes 22 with a delay of 1 time steps.
49 causes 22 with a delay of 1 time steps.
1 causes 23 with a delay of 1 time steps.
5 causes 23 with a delay of 1 time steps.
7 causes 23 with a delay of 1 time steps.
11 causes 23 with a delay of 1 time steps.
12 causes 23 with a delay of 1 time steps.
21 causes 23 with a delay of 1 time steps.
30 causes 23 with a delay of 1 time steps.
32 causes 23 with a delay of 1 time steps.
34 causes 23 with a delay of 1 time steps.
36 causes 23 with a delay of 1 time steps.
37 causes 23 with a delay of 1 time steps.
38 causes 23 with a delay of 1 time steps.
40 causes 23 with a delay of 1 time steps.
43 causes 23 with a delay of 1 time steps.
46 causes 23 with a delay of 1 time steps.
48 causes 23 with a delay of 1 time steps.
49 causes 23 with a delay of 1 time steps.
0 causes 24 with a delay of 1 time steps.
4 causes 24 with a delay of 1 time steps.
6 causes 24 with a delay of 1 time steps.
7 causes 24 with a delay of 1 time steps.
8 causes 24 with a delay of 1 time steps.
9 causes 24 with a delay of 1 time steps.
13 causes 24 with a delay of 1 time steps.
21 causes 24 with a delay of 1 time steps.
23 causes 24 with a delay of 1 time steps.
28 causes 24 with a delay of 1 time steps.
32 causes 24 with a delay of 1 time steps.
38 causes 24 with a delay of 1 time steps.
39 causes 24 with a delay of 1 time steps.
40 causes 24 with a delay of 1 time steps.
46 causes 24 with a delay of 1 time steps.
0 causes 25 with a delay of 1 time steps.
1 causes 25 with a delay of 1 time steps.
5 causes 25 with a delay of 1 time steps.
7 causes 25 with a delay of 1 time steps.
11 causes 25 with a delay of 1 time steps.
12 causes 25 with a delay of 1 time steps.
13 causes 25 with a delay of 1 time steps.
14 causes 25 with a delay of 1 time steps.
15 causes 25 with a delay of 1 time steps.
16 causes 25 with a delay of 1 time steps.
17 causes 25 with a delay of 1 time steps.
21 causes 25 with a delay of 1 time steps.
26 causes 25 with a delay of 1 time steps.
33 causes 25 with a delay of 1 time steps.
34 causes 25 with a delay of 1 time steps.
36 causes 25 with a delay of 1 time steps.
37 causes 25 with a delay of 1 time steps.
38 causes 25 with a delay of 1 time steps.
39 causes 25 with a delay of 1 time steps.
40 causes 25 with a delay of 1 time steps.
46 causes 25 with a delay of 1 time steps.
48 causes 25 with a delay of 1 time steps.
0 causes 26 with a delay of 1 time steps.
3 causes 26 with a delay of 1 time steps.
5 causes 26 with a delay of 1 time steps.
6 causes 26 with a delay of 1 time steps.
7 causes 26 with a delay of 1 time steps.
12 causes 26 with a delay of 1 time steps.
16 causes 26 with a delay of 1 time steps.
21 causes 26 with a delay of 1 time steps.
22 causes 26 with a delay of 1 time steps.
23 causes 26 with a delay of 1 time steps.
32 causes 26 with a delay of 1 time steps.
33 causes 26 with a delay of 1 time steps.
34 causes 26 with a delay of 1 time steps.
36 causes 26 with a delay of 1 time steps.
37 causes 26 with a delay of 1 time steps.
38 causes 26 with a delay of 1 time steps.
39 causes 26 with a delay of 1 time steps.
40 causes 26 with a delay of 1 time steps.
43 causes 26 with a delay of 1 time steps.
46 causes 26 with a delay of 1 time steps.
48 causes 26 with a delay of 1 time steps.
0 causes 27 with a delay of 1 time steps.
4 causes 27 with a delay of 1 time steps.
5 causes 27 with a delay of 1 time steps.
6 causes 27 with a delay of 1 time steps.
7 causes 27 with a delay of 1 time steps.
8 causes 27 with a delay of 1 time steps.
11 causes 27 with a delay of 1 time steps.
12 causes 27 with a delay of 1 time steps.
13 causes 27 with a delay of 1 time steps.
14 causes 27 with a delay of 1 time steps.
16 causes 27 with a delay of 1 time steps.
26 causes 27 with a delay of 1 time steps.
27 causes 27 with a delay of 1 time steps.
32 causes 27 with a delay of 1 time steps.
33 causes 27 with a delay of 1 time steps.
34 causes 27 with a delay of 1 time steps.
35 causes 27 with a delay of 1 time steps.
37 causes 27 with a delay of 1 time steps.
38 causes 27 with a delay of 1 time steps.
39 causes 27 with a delay of 1 time steps.
40 causes 27 with a delay of 1 time steps.
42 causes 27 with a delay of 1 time steps.
43 causes 27 with a delay of 1 time steps.
46 causes 27 with a delay of 1 time steps.
48 causes 27 with a delay of 1 time steps.
0 causes 28 with a delay of 1 time steps.
4 causes 28 with a delay of 1 time steps.
6 causes 28 with a delay of 1 time steps.
7 causes 28 with a delay of 1 time steps.
8 causes 28 with a delay of 1 time steps.
12 causes 28 with a delay of 1 time steps.
13 causes 28 with a delay of 1 time steps.
21 causes 28 with a delay of 1 time steps.
32 causes 28 with a delay of 1 time steps.
34 causes 28 with a delay of 1 time steps.
36 causes 28 with a delay of 1 time steps.
38 causes 28 with a delay of 1 time steps.
39 causes 28 with a delay of 1 time steps.
40 causes 28 with a delay of 1 time steps.
43 causes 28 with a delay of 1 time steps.
46 causes 28 with a delay of 1 time steps.
0 causes 29 with a delay of 1 time steps.
1 causes 29 with a delay of 1 time steps.
2 causes 29 with a delay of 1 time steps.
4 causes 29 with a delay of 1 time steps.
5 causes 29 with a delay of 1 time steps.
6 causes 29 with a delay of 1 time steps.
7 causes 29 with a delay of 1 time steps.
8 causes 29 with a delay of 1 time steps.
11 causes 29 with a delay of 1 time steps.
12 causes 29 with a delay of 1 time steps.
13 causes 29 with a delay of 1 time steps.
15 causes 29 with a delay of 1 time steps.
16 causes 29 with a delay of 1 time steps.
20 causes 29 with a delay of 1 time steps.
21 causes 29 with a delay of 1 time steps.
26 causes 29 with a delay of 1 time steps.
29 causes 29 with a delay of 1 time steps.
32 causes 29 with a delay of 1 time steps.
33 causes 29 with a delay of 1 time steps.
34 causes 29 with a delay of 1 time steps.
35 causes 29 with a delay of 1 time steps.
38 causes 29 with a delay of 1 time steps.
39 causes 29 with a delay of 1 time steps.
40 causes 29 with a delay of 1 time steps.
45 causes 29 with a delay of 1 time steps.
46 causes 29 with a delay of 1 time steps.
48 causes 29 with a delay of 1 time steps.
0 causes 30 with a delay of 1 time steps.
7 causes 30 with a delay of 1 time steps.
12 causes 30 with a delay of 1 time steps.
25 causes 30 with a delay of 1 time steps.
34 causes 30 with a delay of 1 time steps.
38 causes 30 with a delay of 1 time steps.
40 causes 30 with a delay of 1 time steps.
46 causes 30 with a delay of 1 time steps.
48 causes 30 with a delay of 1 time steps.
0 causes 31 with a delay of 1 time steps.
2 causes 31 with a delay of 1 time steps.
6 causes 31 with a delay of 1 time steps.
7 causes 31 with a delay of 1 time steps.
8 causes 31 with a delay of 1 time steps.
9 causes 31 with a delay of 1 time steps.
12 causes 31 with a delay of 1 time steps.
14 causes 31 with a delay of 1 time steps.
20 causes 31 with a delay of 1 time steps.
27 causes 31 with a delay of 1 time steps.
32 causes 31 with a delay of 1 time steps.
33 causes 31 with a delay of 1 time steps.
34 causes 31 with a delay of 1 time steps.
38 causes 31 with a delay of 1 time steps.
40 causes 31 with a delay of 1 time steps.
43 causes 31 with a delay of 1 time steps.
46 causes 31 with a delay of 1 time steps.
0 causes 32 with a delay of 1 time steps.
4 causes 32 with a delay of 1 time steps.
7 causes 32 with a delay of 1 time steps.
8 causes 32 with a delay of 1 time steps.
11 causes 32 with a delay of 1 time steps.
12 causes 32 with a delay of 1 time steps.
13 causes 32 with a delay of 1 time steps.
14 causes 32 with a delay of 1 time steps.
16 causes 32 with a delay of 1 time steps.
21 causes 32 with a delay of 1 time steps.
25 causes 32 with a delay of 1 time steps.
26 causes 32 with a delay of 1 time steps.
27 causes 32 with a delay of 1 time steps.
29 causes 32 with a delay of 1 time steps.
30 causes 32 with a delay of 1 time steps.
32 causes 32 with a delay of 1 time steps.
33 causes 32 with a delay of 1 time steps.
34 causes 32 with a delay of 1 time steps.
36 causes 32 with a delay of 1 time steps.
38 causes 32 with a delay of 1 time steps.
39 causes 32 with a delay of 1 time steps.
40 causes 32 with a delay of 1 time steps.
42 causes 32 with a delay of 1 time steps.
46 causes 32 with a delay of 1 time steps.
48 causes 32 with a delay of 1 time steps.
0 causes 33 with a delay of 1 time steps.
4 causes 33 with a delay of 1 time steps.
5 causes 33 with a delay of 1 time steps.
6 causes 33 with a delay of 1 time steps.
11 causes 33 with a delay of 1 time steps.
12 causes 33 with a delay of 1 time steps.
13 causes 33 with a delay of 1 time steps.
14 causes 33 with a delay of 1 time steps.
15 causes 33 with a delay of 1 time steps.
27 causes 33 with a delay of 1 time steps.
29 causes 33 with a delay of 1 time steps.
32 causes 33 with a delay of 1 time steps.
33 causes 33 with a delay of 1 time steps.
34 causes 33 with a delay of 1 time steps.
35 causes 33 with a delay of 1 time steps.
38 causes 33 with a delay of 1 time steps.
39 causes 33 with a delay of 1 time steps.
43 causes 33 with a delay of 1 time steps.
44 causes 33 with a delay of 1 time steps.
46 causes 33 with a delay of 1 time steps.
49 causes 33 with a delay of 1 time steps.
0 causes 34 with a delay of 1 time steps.
3 causes 34 with a delay of 1 time steps.
5 causes 34 with a delay of 1 time steps.
7 causes 34 with a delay of 1 time steps.
8 causes 34 with a delay of 1 time steps.
11 causes 34 with a delay of 1 time steps.
12 causes 34 with a delay of 1 time steps.
13 causes 34 with a delay of 1 time steps.
14 causes 34 with a delay of 1 time steps.
16 causes 34 with a delay of 1 time steps.
21 causes 34 with a delay of 1 time steps.
22 causes 34 with a delay of 1 time steps.
25 causes 34 with a delay of 1 time steps.
26 causes 34 with a delay of 1 time steps.
30 causes 34 with a delay of 1 time steps.
34 causes 34 with a delay of 1 time steps.
36 causes 34 with a delay of 1 time steps.
38 causes 34 with a delay of 1 time steps.
40 causes 34 with a delay of 1 time steps.
43 causes 34 with a delay of 1 time steps.
46 causes 34 with a delay of 1 time steps.
48 causes 34 with a delay of 1 time steps.
0 causes 35 with a delay of 1 time steps.
3 causes 35 with a delay of 1 time steps.
4 causes 35 with a delay of 1 time steps.
6 causes 35 with a delay of 1 time steps.
7 causes 35 with a delay of 1 time steps.
15 causes 35 with a delay of 1 time steps.
32 causes 35 with a delay of 1 time steps.
33 causes 35 with a delay of 1 time steps.
35 causes 35 with a delay of 1 time steps.
38 causes 35 with a delay of 1 time steps.
39 causes 35 with a delay of 1 time steps.
40 causes 35 with a delay of 1 time steps.
46 causes 35 with a delay of 1 time steps.
48 causes 35 with a delay of 1 time steps.
0 causes 36 with a delay of 1 time steps.
3 causes 36 with a delay of 1 time steps.
5 causes 36 with a delay of 1 time steps.
6 causes 36 with a delay of 1 time steps.
7 causes 36 with a delay of 1 time steps.
8 causes 36 with a delay of 1 time steps.
12 causes 36 with a delay of 1 time steps.
16 causes 36 with a delay of 1 time steps.
22 causes 36 with a delay of 1 time steps.
26 causes 36 with a delay of 1 time steps.
30 causes 36 with a delay of 1 time steps.
31 causes 36 with a delay of 1 time steps.
32 causes 36 with a delay of 1 time steps.
33 causes 36 with a delay of 1 time steps.
34 causes 36 with a delay of 1 time steps.
38 causes 36 with a delay of 1 time steps.
39 causes 36 with a delay of 1 time steps.
40 causes 36 with a delay of 1 time steps.
43 causes 36 with a delay of 1 time steps.
46 causes 36 with a delay of 1 time steps.
48 causes 36 with a delay of 1 time steps.
49 causes 36 with a delay of 1 time steps.
0 causes 37 with a delay of 1 time steps.
2 causes 37 with a delay of 1 time steps.
4 causes 37 with a delay of 1 time steps.
5 causes 37 with a delay of 1 time steps.
6 causes 37 with a delay of 1 time steps.
7 causes 37 with a delay of 1 time steps.
8 causes 37 with a delay of 1 time steps.
12 causes 37 with a delay of 1 time steps.
17 causes 37 with a delay of 1 time steps.
33 causes 37 with a delay of 1 time steps.
34 causes 37 with a delay of 1 time steps.
36 causes 37 with a delay of 1 time steps.
38 causes 37 with a delay of 1 time steps.
39 causes 37 with a delay of 1 time steps.
40 causes 37 with a delay of 1 time steps.
46 causes 37 with a delay of 1 time steps.
48 causes 37 with a delay of 1 time steps.
49 causes 37 with a delay of 1 time steps.
0 causes 38 with a delay of 1 time steps.
3 causes 38 with a delay of 1 time steps.
5 causes 38 with a delay of 1 time steps.
7 causes 38 with a delay of 1 time steps.
8 causes 38 with a delay of 1 time steps.
11 causes 38 with a delay of 1 time steps.
12 causes 38 with a delay of 1 time steps.
13 causes 38 with a delay of 1 time steps.
15 causes 38 with a delay of 1 time steps.
16 causes 38 with a delay of 1 time steps.
18 causes 38 with a delay of 1 time steps.
22 causes 38 with a delay of 1 time steps.
26 causes 38 with a delay of 1 time steps.
30 causes 38 with a delay of 1 time steps.
32 causes 38 with a delay of 1 time steps.
33 causes 38 with a delay of 1 time steps.
34 causes 38 with a delay of 1 time steps.
37 causes 38 with a delay of 1 time steps.
38 causes 38 with a delay of 1 time steps.
39 causes 38 with a delay of 1 time steps.
40 causes 38 with a delay of 1 time steps.
46 causes 38 with a delay of 1 time steps.
48 causes 38 with a delay of 1 time steps.
49 causes 38 with a delay of 1 time steps.
0 causes 39 with a delay of 1 time steps.
6 causes 39 with a delay of 1 time steps.
7 causes 39 with a delay of 1 time steps.
8 causes 39 with a delay of 1 time steps.
16 causes 39 with a delay of 1 time steps.
32 causes 39 with a delay of 1 time steps.
38 causes 39 with a delay of 1 time steps.
39 causes 39 with a delay of 1 time steps.
40 causes 39 with a delay of 1 time steps.
43 causes 39 with a delay of 1 time steps.
46 causes 39 with a delay of 1 time steps.
48 causes 39 with a delay of 1 time steps.
0 causes 40 with a delay of 1 time steps.
3 causes 40 with a delay of 1 time steps.
4 causes 40 with a delay of 1 time steps.
5 causes 40 with a delay of 1 time steps.
7 causes 40 with a delay of 1 time steps.
8 causes 40 with a delay of 1 time steps.
11 causes 40 with a delay of 1 time steps.
12 causes 40 with a delay of 1 time steps.
13 causes 40 with a delay of 1 time steps.
15 causes 40 with a delay of 1 time steps.
26 causes 40 with a delay of 1 time steps.
29 causes 40 with a delay of 1 time steps.
32 causes 40 with a delay of 1 time steps.
34 causes 40 with a delay of 1 time steps.
38 causes 40 with a delay of 1 time steps.
39 causes 40 with a delay of 1 time steps.
40 causes 40 with a delay of 1 time steps.
43 causes 40 with a delay of 1 time steps.
46 causes 40 with a delay of 1 time steps.
48 causes 40 with a delay of 1 time steps.
49 causes 40 with a delay of 1 time steps.
0 causes 41 with a delay of 1 time steps.
3 causes 41 with a delay of 1 time steps.
6 causes 41 with a delay of 1 time steps.
7 causes 41 with a delay of 1 time steps.
9 causes 41 with a delay of 1 time steps.
11 causes 41 with a delay of 1 time steps.
12 causes 41 with a delay of 1 time steps.
14 causes 41 with a delay of 1 time steps.
15 causes 41 with a delay of 1 time steps.
17 causes 41 with a delay of 1 time steps.
26 causes 41 with a delay of 1 time steps.
27 causes 41 with a delay of 1 time steps.
32 causes 41 with a delay of 1 time steps.
33 causes 41 with a delay of 1 time steps.
34 causes 41 with a delay of 1 time steps.
36 causes 41 with a delay of 1 time steps.
38 causes 41 with a delay of 1 time steps.
39 causes 41 with a delay of 1 time steps.
40 causes 41 with a delay of 1 time steps.
45 causes 41 with a delay of 1 time steps.
46 causes 41 with a delay of 1 time steps.
48 causes 41 with a delay of 1 time steps.
0 causes 42 with a delay of 1 time steps.
5 causes 42 with a delay of 1 time steps.
6 causes 42 with a delay of 1 time steps.
7 causes 42 with a delay of 1 time steps.
8 causes 42 with a delay of 1 time steps.
16 causes 42 with a delay of 1 time steps.
22 causes 42 with a delay of 1 time steps.
31 causes 42 with a delay of 1 time steps.
32 causes 42 with a delay of 1 time steps.
36 causes 42 with a delay of 1 time steps.
40 causes 42 with a delay of 1 time steps.
46 causes 42 with a delay of 1 time steps.
48 causes 42 with a delay of 1 time steps.
0 causes 43 with a delay of 1 time steps.
2 causes 43 with a delay of 1 time steps.
6 causes 43 with a delay of 1 time steps.
7 causes 43 with a delay of 1 time steps.
13 causes 43 with a delay of 1 time steps.
15 causes 43 with a delay of 1 time steps.
22 causes 43 with a delay of 1 time steps.
23 causes 43 with a delay of 1 time steps.
25 causes 43 with a delay of 1 time steps.
33 causes 43 with a delay of 1 time steps.
34 causes 43 with a delay of 1 time steps.
38 causes 43 with a delay of 1 time steps.
39 causes 43 with a delay of 1 time steps.
40 causes 43 with a delay of 1 time steps.
46 causes 43 with a delay of 1 time steps.
1 causes 44 with a delay of 1 time steps.
5 causes 44 with a delay of 1 time steps.
6 causes 44 with a delay of 1 time steps.
7 causes 44 with a delay of 1 time steps.
13 causes 44 with a delay of 1 time steps.
15 causes 44 with a delay of 1 time steps.
17 causes 44 with a delay of 1 time steps.
20 causes 44 with a delay of 1 time steps.
22 causes 44 with a delay of 1 time steps.
32 causes 44 with a delay of 1 time steps.
34 causes 44 with a delay of 1 time steps.
36 causes 44 with a delay of 1 time steps.
38 causes 44 with a delay of 1 time steps.
39 causes 44 with a delay of 1 time steps.
40 causes 44 with a delay of 1 time steps.
41 causes 44 with a delay of 1 time steps.
43 causes 44 with a delay of 1 time steps.
46 causes 44 with a delay of 1 time steps.
48 causes 44 with a delay of 1 time steps.
0 causes 45 with a delay of 1 time steps.
3 causes 45 with a delay of 1 time steps.
6 causes 45 with a delay of 1 time steps.
7 causes 45 with a delay of 1 time steps.
8 causes 45 with a delay of 1 time steps.
12 causes 45 with a delay of 1 time steps.
17 causes 45 with a delay of 1 time steps.
22 causes 45 with a delay of 1 time steps.
26 causes 45 with a delay of 1 time steps.
29 causes 45 with a delay of 1 time steps.
32 causes 45 with a delay of 1 time steps.
33 causes 45 with a delay of 1 time steps.
34 causes 45 with a delay of 1 time steps.
35 causes 45 with a delay of 1 time steps.
36 causes 45 with a delay of 1 time steps.
38 causes 45 with a delay of 1 time steps.
39 causes 45 with a delay of 1 time steps.
40 causes 45 with a delay of 1 time steps.
43 causes 45 with a delay of 1 time steps.
46 causes 45 with a delay of 1 time steps.
48 causes 45 with a delay of 1 time steps.
49 causes 45 with a delay of 1 time steps.
0 causes 46 with a delay of 1 time steps.
1 causes 46 with a delay of 1 time steps.
5 causes 46 with a delay of 1 time steps.
6 causes 46 with a delay of 1 time steps.
7 causes 46 with a delay of 1 time steps.
9 causes 46 with a delay of 1 time steps.
15 causes 46 with a delay of 1 time steps.
16 causes 46 with a delay of 1 time steps.
17 causes 46 with a delay of 1 time steps.
32 causes 46 with a delay of 1 time steps.
33 causes 46 with a delay of 1 time steps.
34 causes 46 with a delay of 1 time steps.
39 causes 46 with a delay of 1 time steps.
40 causes 46 with a delay of 1 time steps.
43 causes 46 with a delay of 1 time steps.
46 causes 46 with a delay of 1 time steps.
48 causes 46 with a delay of 1 time steps.
4 causes 47 with a delay of 1 time steps.
5 causes 47 with a delay of 1 time steps.
6 causes 47 with a delay of 1 time steps.
7 causes 47 with a delay of 1 time steps.
8 causes 47 with a delay of 1 time steps.
13 causes 47 with a delay of 1 time steps.
16 causes 47 with a delay of 1 time steps.
20 causes 47 with a delay of 1 time steps.
21 causes 47 with a delay of 1 time steps.
22 causes 47 with a delay of 1 time steps.
29 causes 47 with a delay of 1 time steps.
30 causes 47 with a delay of 1 time steps.
32 causes 47 with a delay of 1 time steps.
36 causes 47 with a delay of 1 time steps.
37 causes 47 with a delay of 1 time steps.
38 causes 47 with a delay of 1 time steps.
40 causes 47 with a delay of 1 time steps.
44 causes 47 with a delay of 1 time steps.
46 causes 47 with a delay of 1 time steps.
48 causes 47 with a delay of 1 time steps.
49 causes 47 with a delay of 1 time steps.
0 causes 48 with a delay of 1 time steps.
4 causes 48 with a delay of 1 time steps.
7 causes 48 with a delay of 1 time steps.
8 causes 48 with a delay of 1 time steps.
13 causes 48 with a delay of 1 time steps.
15 causes 48 with a delay of 1 time steps.
16 causes 48 with a delay of 1 time steps.
21 causes 48 with a delay of 1 time steps.
23 causes 48 with a delay of 1 time steps.
25 causes 48 with a delay of 1 time steps.
29 causes 48 with a delay of 1 time steps.
32 causes 48 with a delay of 1 time steps.
33 causes 48 with a delay of 1 time steps.
34 causes 48 with a delay of 1 time steps.
38 causes 48 with a delay of 1 time steps.
40 causes 48 with a delay of 1 time steps.
43 causes 48 with a delay of 1 time steps.
46 causes 48 with a delay of 1 time steps.
48 causes 48 with a delay of 1 time steps.
49 causes 48 with a delay of 1 time steps.
0 causes 49 with a delay of 1 time steps.
3 causes 49 with a delay of 1 time steps.
4 causes 49 with a delay of 1 time steps.
6 causes 49 with a delay of 1 time steps.
7 causes 49 with a delay of 1 time steps.
8 causes 49 with a delay of 1 time steps.
9 causes 49 with a delay of 1 time steps.
11 causes 49 with a delay of 1 time steps.
12 causes 49 with a delay of 1 time steps.
15 causes 49 with a delay of 1 time steps.
16 causes 49 with a delay of 1 time steps.
21 causes 49 with a delay of 1 time steps.
22 causes 49 with a delay of 1 time steps.
23 causes 49 with a delay of 1 time steps.
25 causes 49 with a delay of 1 time steps.
32 causes 49 with a delay of 1 time steps.
33 causes 49 with a delay of 1 time steps.
34 causes 49 with a delay of 1 time steps.
38 causes 49 with a delay of 1 time steps.
39 causes 49 with a delay of 1 time steps.
40 causes 49 with a delay of 1 time steps.
46 causes 49 with a delay of 1 time steps.
48 causes 49 with a delay of 1 time steps.
===================Evaluation===================
Total False Positives': 914
Total True Positives': 70
Total False Negatives: 65
Total Direct False Positives: 938
Total Direct True Positives: 46
TPs': ['0->0', '7->1', '7->2', '8->2', '12->2', '47->2', '4->4', '5->5', '6->5', '7->5', '6->6', '7->6', '8->6', '12->6', '7->7', '8->7', '12->7', '13->7', '8->8', '11->10', '12->10', '14->10', '12->11', '13->12', '14->13', '14->14', '16->15', '17->15', '20->20', '24->20', '22->21', '23->21', '23->22', '26->25', '32->26', '27->27', '32->27', '33->27', '37->27', '48->27', '29->29', '34->30', '32->31', '33->31', '32->32', '33->32', '34->32', '38->32', '42->32', '33->33', '34->33', '34->34', '35->35', '39->35', '38->36', '38->37', '39->37', '38->38', '39->38', '39->39', '40->40', '48->42', '46->45', '49->45', '46->46', '48->46', '48->47', '49->47', '48->48', '49->48']
FPs': ['3->0', '5->0', '6->0', '7->0', '8->0', '11->0', '12->0', '13->0', '14->0', '15->0', '16->0', '30->0', '32->0', '34->0', '35->0', '38->0', '39->0', '40->0', '46->0', '48->0', '49->0', '0->1', '4->1', '6->1', '8->1', '13->1', '16->1', '33->1', '34->1', '38->1', '39->1', '40->1', '46->1', '48->1', '49->1', '0->2', '6->2', '13->2', '14->2', '26->2', '34->2', '38->2', '39->2', '40->2', '46->2', '48->2', '49->2', '0->3', '1->3', '5->3', '6->3', '7->3', '8->3', '11->3', '12->3', '13->3', '14->3', '16->3', '18->3', '21->3', '22->3', '24->3', '25->3', '26->3', '27->3', '30->3', '32->3', '33->3', '34->3', '35->3', '36->3', '38->3', '39->3', '40->3', '41->3', '42->3', '43->3', '45->3', '46->3', '48->3', '49->3', '0->4', '3->4', '6->4', '7->4', '8->4', '12->4', '13->4', '17->4', '22->4', '26->4', '29->4', '30->4', '32->4', '33->4', '36->4', '38->4', '39->4', '40->4', '41->4', '43->4', '44->4', '46->4', '48->4', '49->4', '0->5', '13->5', '15->5', '16->5', '30->5', '32->5', '38->5', '39->5', '40->5', '46->5', '48->5', '0->6', '13->6', '22->6', '34->6', '38->6', '39->6', '40->6', '46->6', '48->6', '0->7', '6->7', '14->7', '16->7', '18->7', '22->7', '32->7', '36->7', '38->7', '39->7', '40->7', '46->7', '48->7', '49->7', '3->8', '4->8', '5->8', '6->8', '7->8', '11->8', '12->8', '14->8', '23->8', '25->8', '32->8', '33->8', '37->8', '38->8', '39->8', '40->8', '46->8', '48->8', '49->8', '0->9', '4->9', '6->9', '7->9', '8->9', '16->9', '20->9', '30->9', '32->9', '33->9', '36->9', '38->9', '39->9', '40->9', '43->9', '46->9', '48->9', '49->9', '0->10', '4->10', '5->10', '6->10', '7->10', '9->10', '17->10', '26->10', '30->10', '31->10', '32->10', '33->10', '35->10', '38->10', '39->10', '40->10', '43->10', '46->10', '47->10', '3->11', '5->11', '6->11', '7->11', '8->11', '14->11', '22->11', '32->11', '33->11', '35->11', '36->11', '38->11', '39->11', '40->11', '43->11', '46->11', '48->11', '49->11', '1->12', '2->12', '4->12', '5->12', '6->12', '7->12', '8->12', '16->12', '33->12', '34->12', '38->12', '39->12', '40->12', '46->12', '48->12', '3->13', '6->13', '7->13', '8->13', '22->13', '29->13', '32->13', '33->13', '36->13', '38->13', '40->13', '46->13', '48->13', '49->13', '0->14', '2->14', '3->14', '4->14', '6->14', '7->14', '8->14', '10->14', '12->14', '15->14', '17->14', '18->14', '20->14', '21->14', '22->14', '23->14', '26->14', '29->14', '31->14', '32->14', '33->14', '34->14', '35->14', '36->14', '37->14', '38->14', '39->14', '40->14', '43->14', '46->14', '48->14', '49->14', '0->15', '2->15', '3->15', '4->15', '6->15', '7->15', '8->15', '12->15', '14->15', '23->15', '26->15', '30->15', '31->15', '32->15', '34->15', '36->15', '37->15', '38->15', '39->15', '40->15', '43->15', '46->15', '48->15', '49->15', '0->16', '3->16', '4->16', '6->16', '7->16', '8->16', '12->16', '13->16', '29->16', '30->16', '31->16', '32->16', '36->16', '38->16', '39->16', '40->16', '46->16', '48->16', '49->16', '0->17', '6->17', '7->17', '11->17', '13->17', '14->17', '21->17', '38->17', '39->17', '40->17', '43->17', '46->17', '48->17', '0->18', '4->18', '5->18', '7->18', '11->18', '14->18', '23->18', '29->18', '32->18', '33->18', '34->18', '38->18', '39->18', '40->18', '45->18', '46->18', '48->18', '49->18', '3->19', '6->19', '7->19', '11->19', '12->19', '13->19', '14->19', '17->19', '18->19', '23->19', '25->19', '26->19', '31->19', '32->19', '33->19', '35->19', '36->19', '37->19', '38->19', '39->19', '40->19', '43->19', '46->19', '49->19', '0->20', '3->20', '6->20', '7->20', '8->20', '15->20', '16->20', '23->20', '26->20', '32->20', '33->20', '34->20', '36->20', '39->20', '40->20', '43->20', '46->20', '48->20', '49->20', '4->21', '5->21', '6->21', '7->21', '8->21', '9->21', '11->21', '12->21', '13->21', '33->21', '35->21', '36->21', '38->21', '39->21', '40->21', '45->21', '46->21', '48->21', '49->21', '0->22', '1->22', '4->22', '8->22', '11->22', '12->22', '13->22', '16->22', '21->22', '29->22', '31->22', '32->22', '34->22', '36->22', '37->22', '38->22', '39->22', '40->22', '46->22', '48->22', '49->22', '1->23', '5->23', '7->23', '11->23', '12->23', '21->23', '30->23', '32->23', '34->23', '36->23', '37->23', '38->23', '40->23', '43->23', '46->23', '48->23', '49->23', '0->24', '4->24', '6->24', '7->24', '8->24', '9->24', '13->24', '21->24', '23->24', '28->24', '32->24', '38->24', '39->24', '40->24', '46->24', '0->25', '1->25', '5->25', '7->25', '11->25', '12->25', '13->25', '14->25', '15->25', '16->25', '17->25', '21->25', '33->25', '34->25', '36->25', '37->25', '38->25', '39->25', '40->25', '46->25', '48->25', '0->26', '3->26', '5->26', '6->26', '7->26', '12->26', '16->26', '21->26', '22->26', '23->26', '33->26', '34->26', '36->26', '37->26', '38->26', '39->26', '40->26', '43->26', '46->26', '48->26', '0->27', '4->27', '5->27', '6->27', '7->27', '8->27', '11->27', '12->27', '13->27', '14->27', '16->27', '26->27', '34->27', '35->27', '38->27', '39->27', '40->27', '42->27', '43->27', '46->27', '0->28', '4->28', '6->28', '7->28', '8->28', '12->28', '13->28', '21->28', '32->28', '34->28', '36->28', '38->28', '39->28', '40->28', '43->28', '46->28', '0->29', '1->29', '2->29', '4->29', '5->29', '6->29', '7->29', '8->29', '11->29', '12->29', '13->29', '15->29', '16->29', '20->29', '21->29', '26->29', '32->29', '33->29', '34->29', '35->29', '38->29', '39->29', '40->29', '45->29', '46->29', '48->29', '0->30', '7->30', '12->30', '25->30', '38->30', '40->30', '46->30', '48->30', '0->31', '2->31', '6->31', '7->31', '8->31', '9->31', '12->31', '14->31', '20->31', '27->31', '34->31', '38->31', '40->31', '43->31', '46->31', '0->32', '4->32', '7->32', '8->32', '11->32', '12->32', '13->32', '14->32', '16->32', '21->32', '25->32', '26->32', '27->32', '29->32', '30->32', '36->32', '39->32', '40->32', '46->32', '48->32', '0->33', '4->33', '5->33', '6->33', '11->33', '12->33', '13->33', '14->33', '15->33', '27->33', '29->33', '32->33', '35->33', '38->33', '39->33', '43->33', '44->33', '46->33', '49->33', '0->34', '3->34', '5->34', '7->34', '8->34', '11->34', '12->34', '13->34', '14->34', '16->34', '21->34', '22->34', '25->34', '26->34', '30->34', '36->34', '38->34', '40->34', '43->34', '46->34', '48->34', '0->35', '3->35', '4->35', '6->35', '7->35', '15->35', '32->35', '33->35', '38->35', '40->35', '46->35', '48->35', '0->36', '3->36', '5->36', '6->36', '7->36', '8->36', '12->36', '16->36', '22->36', '26->36', '30->36', '31->36', '32->36', '33->36', '34->36', '39->36', '40->36', '43->36', '46->36', '48->36', '49->36', '0->37', '2->37', '4->37', '5->37', '6->37', '7->37', '8->37', '12->37', '17->37', '33->37', '34->37', '36->37', '40->37', '46->37', '48->37', '49->37', '0->38', '3->38', '5->38', '7->38', '8->38', '11->38', '12->38', '13->38', '15->38', '16->38', '18->38', '22->38', '26->38', '30->38', '32->38', '33->38', '34->38', '37->38', '40->38', '46->38', '48->38', '49->38', '0->39', '6->39', '7->39', '8->39', '16->39', '32->39', '38->39', '40->39', '43->39', '46->39', '48->39', '0->40', '3->40', '4->40', '5->40', '7->40', '8->40', '11->40', '12->40', '13->40', '15->40', '26->40', '29->40', '32->40', '34->40', '38->40', '39->40', '43->40', '46->40', '48->40', '49->40', '0->41', '3->41', '6->41', '7->41', '9->41', '11->41', '12->41', '14->41', '15->41', '17->41', '26->41', '27->41', '32->41', '33->41', '34->41', '36->41', '38->41', '39->41', '40->41', '45->41', '46->41', '48->41', '0->42', '5->42', '6->42', '7->42', '8->42', '16->42', '22->42', '31->42', '32->42', '36->42', '40->42', '46->42', '0->43', '2->43', '6->43', '7->43', '13->43', '15->43', '22->43', '23->43', '25->43', '33->43', '34->43', '38->43', '39->43', '40->43', '46->43', '1->44', '5->44', '6->44', '7->44', '13->44', '15->44', '17->44', '20->44', '22->44', '32->44', '34->44', '36->44', '38->44', '39->44', '40->44', '41->44', '43->44', '46->44', '48->44', '0->45', '3->45', '6->45', '7->45', '8->45', '12->45', '17->45', '22->45', '26->45', '29->45', '32->45', '33->45', '34->45', '35->45', '36->45', '38->45', '39->45', '40->45', '43->45', '48->45', '0->46', '1->46', '5->46', '6->46', '7->46', '9->46', '15->46', '16->46', '17->46', '32->46', '33->46', '34->46', '39->46', '40->46', '43->46', '4->47', '5->47', '6->47', '7->47', '8->47', '13->47', '16->47', '20->47', '21->47', '22->47', '29->47', '30->47', '32->47', '36->47', '37->47', '38->47', '40->47', '44->47', '46->47', '0->48', '4->48', '7->48', '8->48', '13->48', '15->48', '16->48', '21->48', '23->48', '25->48', '29->48', '32->48', '33->48', '34->48', '38->48', '40->48', '43->48', '46->48', '0->49', '3->49', '4->49', '6->49', '7->49', '8->49', '9->49', '11->49', '12->49', '15->49', '16->49', '21->49', '22->49', '23->49', '25->49', '32->49', '33->49', '34->49', '38->49', '39->49', '40->49', '46->49', '48->49']
TPs direct: ['0->0', '7->2', '4->4', '5->5', '6->5', '6->6', '7->6', '7->7', '8->7', '12->7', '8->8', '11->10', '14->10', '12->11', '13->12', '14->13', '14->14', '16->15', '20->20', '24->20', '22->21', '23->22', '26->25', '27->27', '32->27', '29->29', '34->30', '32->31', '32->32', '33->32', '33->33', '34->33', '34->34', '35->35', '39->35', '38->37', '38->38', '39->38', '39->39', '40->40', '46->45', '49->45', '46->46', '48->47', '48->48', '49->48']
FPs direct: ['3->0', '5->0', '6->0', '7->0', '8->0', '11->0', '12->0', '13->0', '14->0', '15->0', '16->0', '30->0', '32->0', '34->0', '35->0', '38->0', '39->0', '40->0', '46->0', '48->0', '49->0', '0->1', '4->1', '6->1', '7->1', '8->1', '13->1', '16->1', '33->1', '34->1', '38->1', '39->1', '40->1', '46->1', '48->1', '49->1', '0->2', '6->2', '8->2', '12->2', '13->2', '14->2', '26->2', '34->2', '38->2', '39->2', '40->2', '46->2', '47->2', '48->2', '49->2', '0->3', '1->3', '5->3', '6->3', '7->3', '8->3', '11->3', '12->3', '13->3', '14->3', '16->3', '18->3', '21->3', '22->3', '24->3', '25->3', '26->3', '27->3', '30->3', '32->3', '33->3', '34->3', '35->3', '36->3', '38->3', '39->3', '40->3', '41->3', '42->3', '43->3', '45->3', '46->3', '48->3', '49->3', '0->4', '3->4', '6->4', '7->4', '8->4', '12->4', '13->4', '17->4', '22->4', '26->4', '29->4', '30->4', '32->4', '33->4', '36->4', '38->4', '39->4', '40->4', '41->4', '43->4', '44->4', '46->4', '48->4', '49->4', '0->5', '7->5', '13->5', '15->5', '16->5', '30->5', '32->5', '38->5', '39->5', '40->5', '46->5', '48->5', '0->6', '8->6', '12->6', '13->6', '22->6', '34->6', '38->6', '39->6', '40->6', '46->6', '48->6', '0->7', '6->7', '13->7', '14->7', '16->7', '18->7', '22->7', '32->7', '36->7', '38->7', '39->7', '40->7', '46->7', '48->7', '49->7', '3->8', '4->8', '5->8', '6->8', '7->8', '11->8', '12->8', '14->8', '23->8', '25->8', '32->8', '33->8', '37->8', '38->8', '39->8', '40->8', '46->8', '48->8', '49->8', '0->9', '4->9', '6->9', '7->9', '8->9', '16->9', '20->9', '30->9', '32->9', '33->9', '36->9', '38->9', '39->9', '40->9', '43->9', '46->9', '48->9', '49->9', '0->10', '4->10', '5->10', '6->10', '7->10', '9->10', '12->10', '17->10', '26->10', '30->10', '31->10', '32->10', '33->10', '35->10', '38->10', '39->10', '40->10', '43->10', '46->10', '47->10', '3->11', '5->11', '6->11', '7->11', '8->11', '14->11', '22->11', '32->11', '33->11', '35->11', '36->11', '38->11', '39->11', '40->11', '43->11', '46->11', '48->11', '49->11', '1->12', '2->12', '4->12', '5->12', '6->12', '7->12', '8->12', '16->12', '33->12', '34->12', '38->12', '39->12', '40->12', '46->12', '48->12', '3->13', '6->13', '7->13', '8->13', '22->13', '29->13', '32->13', '33->13', '36->13', '38->13', '40->13', '46->13', '48->13', '49->13', '0->14', '2->14', '3->14', '4->14', '6->14', '7->14', '8->14', '10->14', '12->14', '15->14', '17->14', '18->14', '20->14', '21->14', '22->14', '23->14', '26->14', '29->14', '31->14', '32->14', '33->14', '34->14', '35->14', '36->14', '37->14', '38->14', '39->14', '40->14', '43->14', '46->14', '48->14', '49->14', '0->15', '2->15', '3->15', '4->15', '6->15', '7->15', '8->15', '12->15', '14->15', '17->15', '23->15', '26->15', '30->15', '31->15', '32->15', '34->15', '36->15', '37->15', '38->15', '39->15', '40->15', '43->15', '46->15', '48->15', '49->15', '0->16', '3->16', '4->16', '6->16', '7->16', '8->16', '12->16', '13->16', '29->16', '30->16', '31->16', '32->16', '36->16', '38->16', '39->16', '40->16', '46->16', '48->16', '49->16', '0->17', '6->17', '7->17', '11->17', '13->17', '14->17', '21->17', '38->17', '39->17', '40->17', '43->17', '46->17', '48->17', '0->18', '4->18', '5->18', '7->18', '11->18', '14->18', '23->18', '29->18', '32->18', '33->18', '34->18', '38->18', '39->18', '40->18', '45->18', '46->18', '48->18', '49->18', '3->19', '6->19', '7->19', '11->19', '12->19', '13->19', '14->19', '17->19', '18->19', '23->19', '25->19', '26->19', '31->19', '32->19', '33->19', '35->19', '36->19', '37->19', '38->19', '39->19', '40->19', '43->19', '46->19', '49->19', '0->20', '3->20', '6->20', '7->20', '8->20', '15->20', '16->20', '23->20', '26->20', '32->20', '33->20', '34->20', '36->20', '39->20', '40->20', '43->20', '46->20', '48->20', '49->20', '4->21', '5->21', '6->21', '7->21', '8->21', '9->21', '11->21', '12->21', '13->21', '23->21', '33->21', '35->21', '36->21', '38->21', '39->21', '40->21', '45->21', '46->21', '48->21', '49->21', '0->22', '1->22', '4->22', '8->22', '11->22', '12->22', '13->22', '16->22', '21->22', '29->22', '31->22', '32->22', '34->22', '36->22', '37->22', '38->22', '39->22', '40->22', '46->22', '48->22', '49->22', '1->23', '5->23', '7->23', '11->23', '12->23', '21->23', '30->23', '32->23', '34->23', '36->23', '37->23', '38->23', '40->23', '43->23', '46->23', '48->23', '49->23', '0->24', '4->24', '6->24', '7->24', '8->24', '9->24', '13->24', '21->24', '23->24', '28->24', '32->24', '38->24', '39->24', '40->24', '46->24', '0->25', '1->25', '5->25', '7->25', '11->25', '12->25', '13->25', '14->25', '15->25', '16->25', '17->25', '21->25', '33->25', '34->25', '36->25', '37->25', '38->25', '39->25', '40->25', '46->25', '48->25', '0->26', '3->26', '5->26', '6->26', '7->26', '12->26', '16->26', '21->26', '22->26', '23->26', '32->26', '33->26', '34->26', '36->26', '37->26', '38->26', '39->26', '40->26', '43->26', '46->26', '48->26', '0->27', '4->27', '5->27', '6->27', '7->27', '8->27', '11->27', '12->27', '13->27', '14->27', '16->27', '26->27', '33->27', '34->27', '35->27', '37->27', '38->27', '39->27', '40->27', '42->27', '43->27', '46->27', '48->27', '0->28', '4->28', '6->28', '7->28', '8->28', '12->28', '13->28', '21->28', '32->28', '34->28', '36->28', '38->28', '39->28', '40->28', '43->28', '46->28', '0->29', '1->29', '2->29', '4->29', '5->29', '6->29', '7->29', '8->29', '11->29', '12->29', '13->29', '15->29', '16->29', '20->29', '21->29', '26->29', '32->29', '33->29', '34->29', '35->29', '38->29', '39->29', '40->29', '45->29', '46->29', '48->29', '0->30', '7->30', '12->30', '25->30', '38->30', '40->30', '46->30', '48->30', '0->31', '2->31', '6->31', '7->31', '8->31', '9->31', '12->31', '14->31', '20->31', '27->31', '33->31', '34->31', '38->31', '40->31', '43->31', '46->31', '0->32', '4->32', '7->32', '8->32', '11->32', '12->32', '13->32', '14->32', '16->32', '21->32', '25->32', '26->32', '27->32', '29->32', '30->32', '34->32', '36->32', '38->32', '39->32', '40->32', '42->32', '46->32', '48->32', '0->33', '4->33', '5->33', '6->33', '11->33', '12->33', '13->33', '14->33', '15->33', '27->33', '29->33', '32->33', '35->33', '38->33', '39->33', '43->33', '44->33', '46->33', '49->33', '0->34', '3->34', '5->34', '7->34', '8->34', '11->34', '12->34', '13->34', '14->34', '16->34', '21->34', '22->34', '25->34', '26->34', '30->34', '36->34', '38->34', '40->34', '43->34', '46->34', '48->34', '0->35', '3->35', '4->35', '6->35', '7->35', '15->35', '32->35', '33->35', '38->35', '40->35', '46->35', '48->35', '0->36', '3->36', '5->36', '6->36', '7->36', '8->36', '12->36', '16->36', '22->36', '26->36', '30->36', '31->36', '32->36', '33->36', '34->36', '38->36', '39->36', '40->36', '43->36', '46->36', '48->36', '49->36', '0->37', '2->37', '4->37', '5->37', '6->37', '7->37', '8->37', '12->37', '17->37', '33->37', '34->37', '36->37', '39->37', '40->37', '46->37', '48->37', '49->37', '0->38', '3->38', '5->38', '7->38', '8->38', '11->38', '12->38', '13->38', '15->38', '16->38', '18->38', '22->38', '26->38', '30->38', '32->38', '33->38', '34->38', '37->38', '40->38', '46->38', '48->38', '49->38', '0->39', '6->39', '7->39', '8->39', '16->39', '32->39', '38->39', '40->39', '43->39', '46->39', '48->39', '0->40', '3->40', '4->40', '5->40', '7->40', '8->40', '11->40', '12->40', '13->40', '15->40', '26->40', '29->40', '32->40', '34->40', '38->40', '39->40', '43->40', '46->40', '48->40', '49->40', '0->41', '3->41', '6->41', '7->41', '9->41', '11->41', '12->41', '14->41', '15->41', '17->41', '26->41', '27->41', '32->41', '33->41', '34->41', '36->41', '38->41', '39->41', '40->41', '45->41', '46->41', '48->41', '0->42', '5->42', '6->42', '7->42', '8->42', '16->42', '22->42', '31->42', '32->42', '36->42', '40->42', '46->42', '48->42', '0->43', '2->43', '6->43', '7->43', '13->43', '15->43', '22->43', '23->43', '25->43', '33->43', '34->43', '38->43', '39->43', '40->43', '46->43', '1->44', '5->44', '6->44', '7->44', '13->44', '15->44', '17->44', '20->44', '22->44', '32->44', '34->44', '36->44', '38->44', '39->44', '40->44', '41->44', '43->44', '46->44', '48->44', '0->45', '3->45', '6->45', '7->45', '8->45', '12->45', '17->45', '22->45', '26->45', '29->45', '32->45', '33->45', '34->45', '35->45', '36->45', '38->45', '39->45', '40->45', '43->45', '48->45', '0->46', '1->46', '5->46', '6->46', '7->46', '9->46', '15->46', '16->46', '17->46', '32->46', '33->46', '34->46', '39->46', '40->46', '43->46', '48->46', '4->47', '5->47', '6->47', '7->47', '8->47', '13->47', '16->47', '20->47', '21->47', '22->47', '29->47', '30->47', '32->47', '36->47', '37->47', '38->47', '40->47', '44->47', '46->47', '49->47', '0->48', '4->48', '7->48', '8->48', '13->48', '15->48', '16->48', '21->48', '23->48', '25->48', '29->48', '32->48', '33->48', '34->48', '38->48', '40->48', '43->48', '46->48', '0->49', '3->49', '4->49', '6->49', '7->49', '8->49', '9->49', '11->49', '12->49', '15->49', '16->49', '21->49', '22->49', '23->49', '25->49', '32->49', '33->49', '34->49', '38->49', '39->49', '40->49', '46->49', '48->49']
FNs: ['1->0', '4->0', '1->1', '2->1', '2->2', '3->2', '22->2', '27->2', '3->3', '4->3', '9->5', '9->8', '9->9', '10->10', '11->11', '12->12', '17->12', '13->13', '15->15', '19->15', '16->16', '17->16', '17->17', '18->17', '22->17', '18->18', '19->18', '19->19', '21->20', '21->21', '22->22', '23->23', '24->23', '24->24', '25->25', '29->25', '26->26', '27->26', '28->27', '47->27', '28->28', '29->28', '30->30', '31->30', '31->31', '37->32', '36->35', '36->36', '37->36', '37->37', '42->37', '41->40', '44->40', '41->41', '42->41', '42->42', '43->42', '47->42', '43->43', '44->43', '44->44', '45->45', '47->46', '47->47', '49->49']
(includes direct and indirect causal relationships)
Precision': 0.07113821138211382
Recall': 0.5185185185185185
F1' score: 0.12511170688114387
(includes only direct causal relationships)
Precision: 0.046747967479674794
Recall: 0.4144144144144144
F1 score: 0.08401826484018264
Percentage of delays that are correctly discovered: 100.0%
