/root/anaconda3/envs/relic/lib/python3.9/site-packages/sklearn/cluster/_kmeans.py:1416: FutureWarning: The default value of `n_init` will change from 10 to 'auto' in 1.4. Set the value of `n_init` explicitly to suppress the warning
  super()._check_params_vs_input(X, default_n_init=10)
/root/anaconda3/envs/relic/lib/python3.9/site-packages/sklearn/cluster/_kmeans.py:1416: FutureWarning: The default value of `n_init` will change from 10 to 'auto' in 1.4. Set the value of `n_init` explicitly to suppress the warning
  super()._check_params_vs_input(X, default_n_init=10)
/root/anaconda3/envs/relic/lib/python3.9/site-packages/sklearn/cluster/_kmeans.py:1416: FutureWarning: The default value of `n_init` will change from 10 to 'auto' in 1.4. Set the value of `n_init` explicitly to suppress the warning
  super()._check_params_vs_input(X, default_n_init=10)
/root/anaconda3/envs/relic/lib/python3.9/site-packages/sklearn/cluster/_kmeans.py:1416: FutureWarning: The default value of `n_init` will change from 10 to 'auto' in 1.4. Set the value of `n_init` explicitly to suppress the warning
  super()._check_params_vs_input(X, default_n_init=10)
/root/anaconda3/envs/relic/lib/python3.9/site-packages/sklearn/cluster/_kmeans.py:1416: FutureWarning: The default value of `n_init` will change from 10 to 'auto' in 1.4. Set the value of `n_init` explicitly to suppress the warning
  super()._check_params_vs_input(X, default_n_init=10)
(200, 5)
X(time slices): [0.    0.001 0.002 0.003 0.004 0.005 0.006 0.007 0.008 0.009 0.01  0.011
 0.012 0.013 0.014 0.015 0.016 0.017 0.018 0.019 0.02  0.021 0.022 0.023
 0.024 0.025 0.026 0.027 0.028 0.029 0.03  0.031 0.032 0.033 0.034 0.035
 0.036 0.037 0.038 0.039 0.04  0.041 0.042 0.043 0.044 0.045 0.046 0.047
 0.048 0.049 0.05  0.051 0.052 0.053 0.054 0.055 0.056 0.057 0.058 0.059
 0.06  0.061 0.062 0.063 0.064 0.065 0.066 0.067 0.068 0.069 0.07  0.071
 0.072 0.073 0.074 0.075 0.076 0.077 0.078 0.079 0.08  0.081 0.082 0.083
 0.084 0.085 0.086 0.087 0.088 0.089 0.09  0.091 0.092 0.093 0.094 0.095
 0.096 0.097 0.098 0.099 0.1   0.101 0.102 0.103 0.104 0.105 0.106 0.107
 0.108 0.109 0.11  0.111 0.112 0.113 0.114 0.115 0.116 0.117 0.118 0.119
 0.12  0.121 0.122 0.123 0.124 0.125 0.126 0.127 0.128 0.129 0.13  0.131
 0.132 0.133 0.134 0.135 0.136 0.137 0.138 0.139 0.14  0.141 0.142 0.143
 0.144 0.145 0.146 0.147 0.148 0.149 0.15  0.151 0.152 0.153 0.154 0.155
 0.156 0.157 0.158 0.159 0.16  0.161 0.162 0.163 0.164 0.165 0.166 0.167
 0.168 0.169 0.17  0.171 0.172 0.173 0.174 0.175 0.176 0.177 0.178 0.179
 0.18  0.181 0.182 0.183 0.184 0.185 0.186 0.187 0.188 0.189 0.19  0.191
 0.192 0.193 0.194 0.195 0.196 0.197 0.198 0.199]
X(shape): (200,)
Y(time series): [[-1.4272e+00 -1.3308e+00 -9.0616e-01 -1.1184e+00 -1.5420e+00]
 [-1.0307e+00 -9.6904e-01 -8.9086e-01 -7.0563e-01 -9.6699e-01]
 [-7.8225e-01 -7.1533e-01 -5.1055e-01 -5.4167e-01 -6.8161e-01]
 [ 1.0425e+00  9.9165e-02  3.4139e-01  4.8126e-01  9.0456e-01]
 [ 3.0745e+00  2.0997e+00  1.5706e+00  8.4664e-01  2.5835e+00]
 [-3.9460e-01  1.5906e-01  2.4494e-01  2.9929e-01 -1.0595e+00]
 [-2.2579e+00 -1.0558e+00 -4.7500e-01 -4.5694e-01 -1.7054e+00]
 [ 2.0748e+00  1.2059e+00  8.2448e-01  1.0089e+00  2.6359e+00]
 [ 4.5703e+00  3.3725e+00  2.3367e+00  1.9049e+00  4.1705e+00]
 [ 1.9946e-01  8.2860e-01  7.0645e-03  1.6022e-01 -4.7470e-01]
 [-3.8580e+00 -1.6673e+00 -1.7771e+00 -2.0606e-01 -2.5204e+00]
 [-2.3133e+00 -1.0740e+00 -5.7481e-01 -1.6890e-01  4.3507e-02]
 [ 2.7292e+00  1.8853e+00  1.7868e+00  9.7546e-01  2.6479e+00]
 [ 3.7322e+00  2.6999e+00  2.1081e+00  1.3473e+00  2.5209e+00]
 [-3.4319e-01  4.2735e-01 -2.2584e-02  1.3745e-01 -1.2499e+00]
 [-3.7942e+00 -1.8494e+00 -1.0052e+00 -5.2910e-01 -2.8584e+00]
 [ 2.4318e+00  5.8452e-01  7.9836e-01  7.7043e-01  2.8109e+00]
 [ 5.6025e-01 -6.5500e-02 -3.5341e-01 -4.8470e-01 -4.9550e-01]
 [-1.7703e+00 -1.4769e+00 -6.0572e-01 -8.6443e-01 -2.2164e+00]
 [-2.5861e+00 -2.2259e+00 -1.7758e+00 -1.8935e+00 -2.7899e+00]
 [-4.3481e-01 -1.3131e+00 -1.1224e+00 -6.9270e-01 -1.3696e-01]
 [ 2.6068e+00  1.3039e+00  9.2171e-01  6.5700e-01  2.6800e+00]
 [-1.3821e+00 -9.5296e-01 -1.1929e+00 -7.9195e-01 -2.2708e+00]
 [-3.5997e+00 -2.5069e+00 -1.2987e+00 -1.2919e+00 -3.8591e+00]
 [-1.8220e+00 -2.0044e+00 -1.1272e+00 -1.2919e+00 -1.3364e+00]
 [ 2.1475e+00  1.1317e+00  5.1726e-01 -1.3475e-01  1.8930e+00]
 [-1.2640e-02  1.9886e-01 -6.1505e-01 -6.2444e-01 -1.1251e+00]
 [-1.5062e+00 -3.6519e-01 -3.9719e-01 -5.6216e-02 -1.1809e+00]
 [ 1.8789e+00  1.4755e+00  1.6342e+00  1.3097e+00  3.2856e+00]
 [ 4.4607e+00  3.0651e+00  2.4081e+00  1.9300e+00  4.3470e+00]
 [ 3.4729e+00  2.9641e+00  1.5184e+00  1.5059e+00  2.5982e+00]
 [ 1.7646e+00  1.8731e+00  8.1741e-01  8.0068e-01  1.1071e+00]
 [-2.3207e+00 -1.6452e+00 -2.0909e+00 -1.6602e+00 -3.4645e+00]
 [-5.1883e+00 -3.4579e+00 -2.5770e+00 -2.0986e+00 -4.3797e+00]
 [-2.9443e+00 -3.0059e+00 -1.6007e+00 -1.4442e+00 -1.6103e+00]
 [-1.5361e+00 -1.8348e+00 -9.0739e-01 -5.7707e-01 -1.2941e+00]
 [-1.3034e+00 -9.7026e-01 -7.1927e-01 -5.3812e-01 -1.3150e+00]
 [-1.1669e+00 -6.5953e-01 -2.2976e-01 -4.4264e-01 -8.9971e-01]
 [-7.3482e-01 -1.0298e+00 -4.4242e-01 -4.6422e-01 -6.6883e-01]
 [-1.5540e-01 -6.7747e-01 -2.6640e-01 -3.7582e-01 -2.2661e-01]
 [ 1.0318e+00  5.1850e-01  7.9814e-01  8.5935e-01  1.9282e+00]
 [ 1.7948e+00  1.4169e+00  1.7098e+00  1.2350e+00  2.0854e+00]
 [-2.3995e-01  4.7795e-02  3.5268e-01  1.9410e-01 -5.0302e-01]
 [-6.1986e-01 -3.0660e-01 -4.9093e-01 -1.2637e-01 -7.6230e-01]
 [ 2.9931e-01  2.5790e-02 -2.8758e-01  1.1089e-01  2.2926e-01]
 [ 5.5022e-01  3.5246e-01  4.9812e-01  3.1333e-01  4.3659e-01]
 [ 5.8819e-01  3.6942e-01  2.7001e-01  1.1481e-01  6.1950e-01]
 [ 9.0164e-01  5.7193e-01  5.9358e-01  6.5569e-01  1.2388e+00]
 [ 3.9379e+00  2.6826e+00  2.6021e+00  2.1970e+00  4.3818e+00]
 [ 5.2516e+00  4.2948e+00  2.7795e+00  2.3195e+00  4.8960e+00]
 [ 1.4468e+00  2.0703e+00  6.5992e-01  1.4680e+00  1.0971e+00]
 [ 2.2264e+00  2.3215e+00  1.2385e+00  9.4955e-01  2.0971e+00]
 [-8.2779e-01 -2.0803e-01 -8.5258e-01 -6.9483e-01 -1.7911e+00]
 [-2.5757e+00 -1.3785e+00 -1.1906e+00 -1.0220e+00 -2.5021e+00]
 [-1.4983e+00 -7.7519e-01 -4.1024e-01 -5.3937e-01 -8.4958e-01]
 [-1.3891e+00 -4.9309e-01 -3.4936e-01 -5.0335e-01 -1.0442e+00]
 [-9.5003e-01 -1.0123e+00 -7.1927e-01 -5.6338e-01 -1.2260e+00]
 [-8.6711e-01 -1.1121e+00 -7.6808e-01 -5.8213e-02 -4.2627e-01]
 [-5.5538e-01 -7.3653e-01 -2.7339e-01 -4.9705e-01 -3.4257e-01]
 [-8.5749e-02 -6.3486e-01 -6.4521e-02 -2.6049e-01  1.7743e-01]
 [ 2.1999e+00  1.7168e+00  1.4873e+00  1.0547e+00  2.3369e+00]
 [ 1.9278e-01  2.4202e-01  5.3481e-01  5.3470e-02 -4.3323e-01]
 [-1.5065e+00 -8.6066e-01 -6.4166e-01 -6.5270e-01 -1.8391e+00]
 [-3.7356e-01 -4.3685e-01 -2.9846e-01 -2.0483e-01  7.1949e-01]
 [ 5.0699e-01 -2.9175e-02 -1.4635e-01 -3.4365e-01  7.2072e-01]
 [ 4.7180e-01  3.3617e-01  5.0466e-02  1.5979e-01 -6.2130e-02]
 [ 2.5844e+00  1.8551e+00  1.1375e+00  9.2354e-01  2.0200e+00]
 [-5.2055e-01 -9.9307e-02 -7.2864e-01  6.5986e-02 -1.2386e+00]
 [-2.0917e+00 -1.2059e+00 -7.6594e-01 -5.4287e-01 -2.3838e+00]
 [-9.0562e-01 -9.6311e-01 -3.4348e-01 -5.0197e-01 -8.5483e-01]
 [-4.7784e-01 -5.9551e-01  4.2536e-02  5.7097e-01  3.7153e-01]
 [-3.7797e-01 -7.6995e-02  8.8414e-01  8.8664e-01  4.6768e-01]
 [-2.6351e-01  1.9866e-01  6.0446e-01 -1.3568e-01 -3.2631e-01]
 [-2.2570e-01 -6.9679e-02 -5.4365e-01 -9.9393e-01 -1.4100e+00]
 [ 1.3962e-03 -3.9006e-01 -5.7333e-01 -6.5421e-01 -6.9379e-01]
 [ 2.7086e+00  1.9777e+00  1.4210e+00  9.8007e-01  2.9113e+00]
 [ 5.0280e+00  4.1713e+00  3.0032e+00  2.1446e+00  4.8339e+00]
 [ 1.5838e+00  1.8339e+00  8.1377e-01  6.1500e-01  7.5788e-01]
 [-3.8606e+00 -1.4819e+00 -1.4164e+00 -9.6011e-01 -3.4520e+00]
 [-2.7812e+00 -2.4727e+00 -1.6863e+00 -1.2262e+00 -1.4123e+00]
 [ 2.8614e+00  1.0227e+00  1.2675e+00  9.2042e-01  3.0887e+00]
 [ 9.0251e-01  3.3340e-01 -5.1682e-01 -8.9539e-01 -9.6885e-01]
 [-2.3635e+00 -1.6585e+00 -1.9700e+00 -1.3733e+00 -3.4530e+00]
 [-2.5877e+00 -2.1513e+00 -1.8325e+00 -1.2682e+00 -2.2853e+00]
 [-1.3850e+00 -1.3827e+00 -1.0696e+00 -9.1609e-01 -1.2223e+00]
 [ 7.1531e-01 -3.8741e-01  7.5741e-02  7.5633e-01  1.2639e+00]
 [ 3.4984e+00  2.3141e+00  1.7724e+00  1.1204e+00  3.2256e+00]
 [-5.1177e-01 -1.4890e-01 -1.0617e+00 -9.1556e-01 -2.0733e+00]
 [-3.7945e+00 -1.7338e+00 -1.6264e+00 -1.0529e+00 -2.9494e+00]
 [-2.0945e+00 -1.3691e+00 -1.0223e+00 -8.1466e-01 -1.0035e+00]
 [-8.1054e-01 -1.2703e+00 -6.4473e-01 -8.3702e-01 -1.0080e+00]
 [ 1.3535e+00  1.9783e-01  6.0706e-01  5.7235e-01  1.3970e+00]
 [ 4.5525e+00  2.9873e+00  2.6177e+00  2.0975e+00  4.4424e+00]
 [ 2.2350e+00  1.7633e+00  9.6134e-01  5.5957e-01  1.3725e+00]
 [-3.3549e+00 -1.8249e+00 -2.0059e+00 -1.3175e+00 -4.5366e+00]
 [-4.0345e+00 -2.9413e+00 -1.9408e+00 -1.2045e+00 -2.7762e+00]
 [-1.5684e+00 -1.9247e+00 -6.4274e-01 -7.1949e-01 -3.9034e-01]
 [ 1.0336e+00  3.7945e-01  8.6178e-01  8.3423e-01  1.8031e+00]
 [ 9.7908e-01  1.0428e+00  6.6543e-01  2.9744e-01  1.0913e+00]
 [-1.6480e+00 -1.0235e+00 -9.0154e-01 -8.9148e-02 -1.2700e+00]
 [-1.4350e-01 -7.1650e-01 -9.8006e-02  8.0898e-02  4.6691e-01]
 [ 5.0104e-01 -2.4046e-01  5.7111e-01  2.7666e-01  8.7415e-01]
 [ 4.1487e+00  2.5092e+00  2.3573e+00  2.2192e+00  4.4246e+00]
 [ 3.9350e+00  3.3485e+00  2.4892e+00  1.8936e+00  3.4640e+00]
 [ 4.2448e-01  1.0371e+00  9.4391e-02 -3.7115e-01 -5.5464e-01]
 [-4.5030e+00 -2.3976e+00 -2.3997e+00 -1.9311e+00 -5.0543e+00]
 [-3.6982e+00 -2.6127e+00 -1.6055e+00 -1.4217e+00 -1.7052e+00]
 [-2.7755e-01 -6.1619e-01 -6.4665e-02 -1.1947e-02  8.7263e-01]
 [ 2.9337e-02  4.8468e-02  1.6165e-01 -2.6864e-01 -4.9674e-01]
 [-1.5117e+00 -9.1535e-01 -7.5873e-01 -7.2059e-01 -2.1041e+00]
 [-1.4874e+00 -4.7025e-01 -2.2410e-01 -1.5946e-01 -8.8000e-01]
 [ 2.0236e+00  1.4157e+00  2.0983e+00  1.8564e+00  3.0935e+00]
 [ 2.5054e+00  1.6570e+00  1.0656e+00  4.6236e-01  1.6584e+00]
 [-1.3912e+00 -8.7426e-01 -1.4343e+00 -1.0984e+00 -3.1159e+00]
 [ 2.2219e+00  1.0095e+00  1.0170e+00  1.1478e+00  3.1739e+00]
 [ 4.6113e+00  3.1007e+00  2.3920e+00  1.7651e+00  4.1968e+00]
 [ 3.2517e+00  2.6195e+00  1.8751e+00  2.0906e+00  2.7969e+00]
 [ 1.5381e+00  1.5030e+00  4.1415e-01  8.0451e-01  9.5052e-01]
 [ 7.3630e-01  4.0071e-01  2.7504e-01  3.8032e-01  5.2908e-01]
 [ 1.4271e-01  5.2823e-01 -8.4597e-02 -2.6775e-01 -3.7426e-01]
 [-4.3685e+00 -2.7855e+00 -2.6585e+00 -2.1061e+00 -5.4602e+00]
 [-5.4972e+00 -3.9176e+00 -2.5851e+00 -2.1614e+00 -4.7864e+00]
 [-2.8546e+00 -2.9265e+00 -1.6625e+00 -1.6968e+00 -1.8571e+00]
 [-1.7683e+00 -1.8805e+00 -1.1676e+00 -5.2253e-01 -6.6204e-01]
 [-1.2710e+00 -1.1495e+00 -8.2448e-01 -4.5001e-02 -3.0792e-01]
 [-1.1587e+00 -8.8302e-01 -6.7096e-01 -2.9180e-01 -8.1553e-01]
 [-7.2759e-01 -7.3632e-01 -5.5751e-01 -7.3010e-01 -9.3812e-01]
 [-5.1612e-01 -2.1231e-01  4.5151e-02 -8.9557e-01 -8.2430e-01]
 [-1.4938e-01  5.5875e-02  6.5475e-01  3.2304e-01  4.0145e-01]
 [ 3.6948e-01  3.5729e-01  8.5827e-01  1.8339e-01  6.6815e-01]
 [ 5.7213e-01  5.1738e-01  4.7161e-01  3.0006e-01  2.0172e-01]
 [ 4.2093e+00  2.9794e+00  2.1999e+00  1.6377e+00  3.9290e+00]
 [ 5.3649e+00  4.4986e+00  2.8985e+00  2.1154e+00  4.4444e+00]
 [ 3.6863e+00  3.5146e+00  2.5218e+00  1.9606e+00  3.0530e+00]
 [ 3.5881e+00  3.0904e+00  1.9138e+00  1.4455e+00  2.8234e+00]
 [ 5.3496e-01  1.1477e+00 -3.6688e-01 -3.2463e-01 -4.6759e-01]
 [-4.0658e+00 -1.9292e+00 -2.3521e+00 -1.5386e+00 -4.7163e+00]
 [-3.3678e+00 -1.8935e+00 -1.5370e+00 -1.3371e+00 -1.9117e+00]
 [-1.0425e+00 -1.4205e+00 -9.2297e-01 -7.3004e-01 -9.1462e-01]
 [ 1.5270e+00  5.9334e-02  1.3367e-01  2.4978e-01  1.7468e+00]
 [-8.0762e-03 -4.8729e-01 -5.3193e-01 -5.5968e-01 -4.4849e-01]
 [-2.0887e+00 -1.6594e+00 -8.4979e-01 -7.0607e-01 -2.2340e+00]
 [-1.4414e+00 -1.4434e+00 -1.0945e+00 -9.6957e-01 -1.4311e+00]
 [-6.0090e-01 -7.9833e-01 -4.9398e-01 -3.6497e-01 -6.6102e-01]
 [ 1.7867e-01 -2.6156e-01  2.0243e-01  1.7396e-01  8.2378e-01]
 [ 4.6546e+00  3.0086e+00  2.3794e+00  1.9248e+00  4.3246e+00]
 [ 4.4165e+00  3.7153e+00  2.3905e+00  1.9456e+00  3.3088e+00]
 [ 9.9712e-01  1.7839e+00  6.0518e-01  7.2377e-01  3.4692e-01]
 [ 6.3308e-01  1.0827e+00  1.8128e-01  3.6293e-02  5.4279e-01]
 [-2.6450e+00 -1.8883e+00 -1.9857e+00 -9.7864e-01 -3.0922e+00]
 [-3.1051e+00 -2.7084e+00 -1.8000e+00 -7.3996e-01 -2.4091e+00]
 [-1.6012e+00 -2.0541e+00 -1.0592e+00 -7.0009e-01 -1.1023e+00]
 [-1.5253e+00 -1.4811e+00 -2.5197e-01 -3.5211e-02 -4.9275e-01]
 [-1.3273e+00 -1.1638e+00 -2.1396e-01 -2.3889e-02  6.6443e-02]
 [-9.7799e-01 -7.2054e-01 -5.5953e-01 -6.8804e-01 -1.4171e+00]
 [ 1.6430e-01 -6.3329e-02  2.6145e-02 -4.4490e-01 -3.3600e-01]
 [-8.7086e-02 -3.1894e-01 -3.2312e-01 -7.5113e-01 -8.4507e-01]
 [-4.3779e-01 -4.9801e-01 -2.4719e-01 -4.6803e-01 -8.2526e-01]
 [-1.4984e-01 -2.7301e-01 -1.4784e-01  4.8630e-02  2.8424e-01]
 [ 1.0300e-01 -1.3488e-01  8.9067e-02 -1.5086e-03  3.8726e-02]
 [ 2.1461e-01  1.6277e-01  1.5105e-01  3.7931e-01  2.6647e-01]
 [ 2.9235e-01  4.7894e-01  3.6015e-01  8.4109e-01  1.7548e+00]
 [ 2.5891e-01  2.5649e-01  8.3080e-02  2.5508e-01  7.1898e-01]
 [ 5.2057e-01  1.8330e-01  3.9323e-01 -1.1723e-01 -3.9642e-01]
 [ 7.2925e-01  3.1572e-01  9.6967e-01  4.6878e-01  5.8663e-01]
 [ 3.4531e+00  2.4705e+00  2.1922e+00  1.5928e+00  4.1434e+00]
 [ 5.1888e+00  4.1723e+00  3.0072e+00  2.2641e+00  4.6384e+00]
 [ 4.3131e+00  3.8172e+00  2.5956e+00  2.0554e+00  3.2743e+00]
 [ 2.8040e+00  2.8152e+00  1.4700e+00  1.1235e+00  2.2419e+00]
 [ 1.2754e-01  8.5068e-01 -2.9986e-01 -2.2230e-01 -5.2223e-01]
 [-4.4997e+00 -2.5830e+00 -2.0737e+00 -1.0947e+00 -4.2146e+00]
 [-4.5832e+00 -3.3233e+00 -1.1926e+00 -1.0457e+00 -2.7609e+00]
 [-2.3799e+00 -1.9506e+00 -6.6072e-01 -9.4357e-01 -1.6800e+00]
 [-1.8139e+00 -1.3695e+00 -1.3762e+00 -9.5626e-01 -1.7274e+00]
 [ 5.5448e-01 -2.4636e-01 -5.3104e-01 -3.5332e-01  3.1772e-01]
 [ 7.2978e-01 -4.2947e-02 -4.9027e-01 -9.1731e-01 -5.1327e-01]
 [-2.2888e+00 -1.6831e+00 -1.6334e+00 -1.3265e+00 -2.8960e+00]
 [-2.3278e+00 -1.8393e+00 -1.2524e+00 -1.8731e-01 -4.5313e-01]
 [ 2.4812e+00  1.5330e+00  1.0142e+00  1.1821e+00  3.2058e+00]
 [ 1.2627e+00  9.7695e-01  3.1031e-01  2.2347e-01  7.8237e-01]
 [-2.0996e+00 -1.3090e+00 -1.5964e+00 -7.2031e-01 -2.5776e+00]
 [ 9.2069e-01  9.9181e-02  3.6176e-01 -4.4598e-01  4.9551e-01]
 [-6.4038e-01 -8.2741e-01 -4.6186e-01 -1.1652e+00 -1.8308e+00]
 [-2.4907e+00 -1.6653e+00 -1.1919e+00 -1.2223e+00 -2.1061e+00]
 [-1.7959e+00 -1.2340e+00 -7.2604e-01 -8.6196e-01 -1.3093e+00]
 [-8.1674e-01 -9.1259e-02  1.2892e-01 -9.2132e-02 -7.2316e-01]
 [-4.8009e-01 -4.6358e-01 -1.2701e-01  3.0906e-01 -6.6557e-02]
 [-2.4739e-01 -7.2525e-01 -4.2050e-01  1.0850e-01 -2.8477e-02]
 [ 3.4265e+00  1.7743e+00  2.2309e+00  2.2158e+00  3.7081e+00]
 [ 2.0844e+00  1.3720e+00  8.3996e-01  6.9848e-01  1.2373e+00]
 [-1.9204e+00 -7.1725e-01 -1.1329e+00 -1.1595e+00 -3.4776e+00]
 [-1.6825e+00 -1.2417e+00 -7.7947e-01 -8.7539e-01 -1.3254e+00]
 [ 3.6253e+00  2.1617e+00  2.1142e+00  1.3164e+00  4.1409e+00]
 [ 1.8721e+00  1.4275e+00  6.9966e-01  2.5415e-01  1.2034e+00]
 [-2.3867e+00 -9.8219e-01 -6.4425e-01 -1.0960e-01 -2.7822e+00]
 [ 2.3581e+00  1.4975e+00  1.6061e+00  1.7874e+00  4.0132e+00]
 [ 3.8392e+00  2.8023e+00  1.8110e+00  1.6626e+00  3.6486e+00]
 [ 2.0753e-01  5.3848e-01 -1.9466e-01 -3.8006e-02 -4.9312e-01]
 [-3.7158e+00 -2.1080e+00 -2.0464e+00 -1.1482e+00 -3.1113e+00]
 [-2.7402e+00 -2.1698e+00 -1.2323e+00 -1.5450e+00 -2.0674e+00]]
Y(shape): (200, 5)
(190, 10, 1) (190, 10, 5) (190, 1, 1) (190, 1, 5)
total samples 190
training samples: 114 validation samples: 38 testing samples: 38
seed 10 test MSE 2.101870059967041 test r2 0.38421698113248876
seed 11 test MSE 2.5631766319274902 test r2 0.2894070510440455
seed 12 test MSE 2.0666072368621826 test r2 0.41953843183347067
seed 13 test MSE 2.026010751724243 test r2 0.4302717544993658
seed 14 test MSE 2.19390869140625 test r2 0.3750938545125687
seed 15 test MSE 2.3505866527557373 test r2 0.32760243117606536
seed 16 test MSE 2.117433547973633 test r2 0.41164986385874947
seed 17 test MSE 2.8577606678009033 test r2 0.22366466381279232
seed 18 test MSE 2.5432069301605225 test r2 0.2721451209203508
seed 19 test MSE 3.69470477104187 test r2 -0.03465317210803216
(10, 5, 5)
(10, 5, 5)
[[0.17631527 0.19518864 0.15340564 0.16660103 0.30848941]
 [0.20301121 0.18341839 0.17531874 0.16615813 0.27209353]
 [0.21177612 0.17654384 0.16774907 0.18052839 0.26340258]
 [0.22203406 0.1888636  0.17936432 0.19184226 0.21789576]
 [0.25134302 0.21741254 0.16558729 0.16864513 0.19701203]]
[(4, 0, 1), (4, 1, 1), (4, 2, 1), (0, 3, 1), (4, 3, 1), (0, 4, 1), (1, 4, 1)]
===================Results===================
4 causes 0 with a delay of 1 time steps.
4 causes 1 with a delay of 1 time steps.
4 causes 2 with a delay of 1 time steps.
0 causes 3 with a delay of 1 time steps.
4 causes 3 with a delay of 1 time steps.
0 causes 4 with a delay of 1 time steps.
1 causes 4 with a delay of 1 time steps.
===================Evaluation===================
Total False Positives': 4
Total True Positives': 3
Total False Negatives: 8
Total Direct False Positives: 5
Total Direct True Positives: 2
TPs': ['4->0', '4->2', '4->3']
FPs': ['4->1', '0->3', '0->4', '1->4']
TPs direct: ['4->0', '4->3']
FPs direct: ['4->1', '4->2', '0->3', '0->4', '1->4']
FNs: ['0->0', '1->0', '1->1', '2->1', '2->2', '3->2', '3->3', '4->4']
(includes direct and indirect causal relationships)
Precision': 0.42857142857142855
Recall': 0.2727272727272727
F1' score: 0.33333333333333326
(includes only direct causal relationships)
Precision: 0.2857142857142857
Recall: 0.2
F1 score: 0.23529411764705882
Percentage of delays that are correctly discovered: 100.0%
