/root/anaconda3/envs/relic/lib/python3.9/site-packages/sklearn/cluster/_kmeans.py:1416: FutureWarning: The default value of `n_init` will change from 10 to 'auto' in 1.4. Set the value of `n_init` explicitly to suppress the warning
  super()._check_params_vs_input(X, default_n_init=10)
/root/anaconda3/envs/relic/lib/python3.9/site-packages/sklearn/cluster/_kmeans.py:1416: FutureWarning: The default value of `n_init` will change from 10 to 'auto' in 1.4. Set the value of `n_init` explicitly to suppress the warning
  super()._check_params_vs_input(X, default_n_init=10)
/root/anaconda3/envs/relic/lib/python3.9/site-packages/sklearn/cluster/_kmeans.py:1416: FutureWarning: The default value of `n_init` will change from 10 to 'auto' in 1.4. Set the value of `n_init` explicitly to suppress the warning
  super()._check_params_vs_input(X, default_n_init=10)
/root/anaconda3/envs/relic/lib/python3.9/site-packages/sklearn/cluster/_kmeans.py:1416: FutureWarning: The default value of `n_init` will change from 10 to 'auto' in 1.4. Set the value of `n_init` explicitly to suppress the warning
  super()._check_params_vs_input(X, default_n_init=10)
/root/anaconda3/envs/relic/lib/python3.9/site-packages/sklearn/cluster/_kmeans.py:1416: FutureWarning: The default value of `n_init` will change from 10 to 'auto' in 1.4. Set the value of `n_init` explicitly to suppress the warning
  super()._check_params_vs_input(X, default_n_init=10)
(50, 5)
X(time slices): [0.    0.001 0.002 0.003 0.004 0.005 0.006 0.007 0.008 0.009 0.01  0.011
 0.012 0.013 0.014 0.015 0.016 0.017 0.018 0.019 0.02  0.021 0.022 0.023
 0.024 0.025 0.026 0.027 0.028 0.029 0.03  0.031 0.032 0.033 0.034 0.035
 0.036 0.037 0.038 0.039 0.04  0.041 0.042 0.043 0.044 0.045 0.046 0.047
 0.048 0.049]
X(shape): (50,)
Y(time series): [[-1.6321    -0.8111    -2.0473    -1.5322    -2.3611   ]
 [-1.3396     2.394      0.55962   -0.62542   -1.28     ]
 [-0.79385    0.10401    3.5648     1.212     -0.19101  ]
 [ 0.9455    -1.3685     3.2899     1.3108     0.76123  ]
 [ 2.7363    -0.44534   -0.34808   -0.46301    0.50279  ]
 [-0.67113   -1.0987    -5.3264    -1.2305    -1.3266   ]
 [-2.2002    -1.4459    -3.8751    -1.5535    -1.0735   ]
 [ 1.8964    -0.27107    0.13004   -0.43355    1.0428   ]
 [ 4.5813     1.3217     0.15937   -0.2634     2.081    ]
 [ 0.31016    0.40038   -1.5044    -0.64324   -0.394    ]
 [-3.986      1.126     -0.8013    -0.2688     3.1529   ]
 [-2.3001    -0.077224   2.468      1.1934     5.0174   ]
 [ 2.7158    -0.20007    1.8582     0.77634    3.7564   ]
 [ 3.7163     1.4646    -1.2105    -0.012323   2.3895   ]
 [-0.20959    0.48243    2.7812     1.6903     1.4273   ]
 [-3.8209    -0.55572    3.9584     5.007      0.56753  ]
 [ 2.2967     2.5134     3.1892     4.7458    -0.90024  ]
 [ 0.59332    0.27945    1.0082     3.4374    -0.76848  ]
 [-1.9217    -1.7333     0.55795    2.6363    -0.92909  ]
 [-2.8014    -1.6015    -0.43097   -0.74477   -3.1933   ]
 [-0.66043   -0.80874   -4.8833    -4.6367    -5.542    ]
 [ 2.6375     0.68854   -4.5988    -4.7324    -2.2783   ]
 [-1.5464    -0.41957   -2.9701    -3.5323    -3.1898   ]
 [-4.0056    -1.0676    -2.3205    -2.7755    -2.9603   ]
 [-1.6109    -0.60197   -1.2539     0.90131   -0.3303   ]
 [ 2.0274     2.429     -0.23657   -0.33663    0.50259  ]
 [-0.3604     4.6573     0.8672    -1.3654     1.1702   ]
 [-1.8372     1.5342    -0.43437   -1.6627     3.9043   ]
 [ 2.0311    -1.4947    -1.0265     1.9739     2.8695   ]
 [ 4.1997    -0.28638    0.083051   0.16169    0.094242 ]
 [ 3.2645     2.8646     1.5365    -0.74112    1.6247   ]
 [ 1.5616     1.2268     4.2164     2.3556     1.7781   ]
 [-2.5769    -1.9385     3.7798     0.53469   -3.8689   ]
 [-5.3428    -3.6958     2.589     -0.12219   -1.1943   ]
 [-3.1515    -2.8165     2.718      0.30882   -0.98282  ]
 [-1.6447    -0.51321   -0.43327   -1.2236     0.77161  ]
 [-1.32       2.4702    -3.2114    -2.1162     1.8566   ]
 [-1.221     -0.36588   -3.8091    -2.0027     0.54935  ]
 [-0.64773   -2.8978    -2.7085     2.5837    -2.7654   ]
 [-0.25555   -2.2821     1.0504     0.77923   -2.4005   ]
 [ 1.2005    -1.1498    -0.66376   -1.864      1.6055   ]
 [ 1.5373     1.0395    -1.6003    -1.2902     1.8581   ]
 [-0.57197    4.2254     0.34502    3.091     -1.4492   ]
 [-0.51444    2.5613     0.0072251  0.11175   -2.8389   ]
 [ 0.19985   -1.8066    -0.778     -1.5246    -2.0237   ]
 [ 0.48722   -3.0335     4.0594     4.1124     2.0898   ]
 [ 0.41372   -1.8196     3.2887     3.3288     2.0917   ]
 [ 0.79189    0.48478    1.0474     0.48953   -0.51599  ]
 [ 3.6151     1.685      0.45564   -1.9421     0.058203 ]
 [ 5.185      0.65396   -3.0962    -3.1028     1.2343   ]]
Y(shape): (50, 5)
(40, 10, 1) (40, 10, 5) (40, 1, 1) (40, 1, 5)
total samples 40
training samples: 24 validation samples: 8 testing samples: 8
seed 10 test MSE 5.441054821014404 test r2 -0.21645008967599258
seed 11 test MSE 4.970498085021973 test r2 -0.12574442434852567
seed 12 test MSE 5.0493597984313965 test r2 -0.149395506540027
seed 13 test MSE 5.157032012939453 test r2 -0.18036838742287148
seed 14 test MSE 5.313731670379639 test r2 -0.20811216762319923
seed 15 test MSE 5.023678779602051 test r2 -0.15913067439413067
seed 16 test MSE 4.996964454650879 test r2 -0.15242187654327494
seed 17 test MSE 5.0539870262146 test r2 -0.15296906968854024
seed 18 test MSE 5.259504318237305 test r2 -0.18709580029154366
seed 19 test MSE 5.344638347625732 test r2 -0.2576463172963738
(10, 5, 5)
(10, 5, 5)
[[0.20585421 0.21061436 0.19338387 0.18972717 0.2004204 ]
 [0.19470402 0.20805217 0.20378135 0.18188053 0.21158194]
 [0.18544622 0.1977981  0.20159273 0.20600967 0.20915328]
 [0.19413428 0.20576905 0.19979628 0.20920134 0.19109906]
 [0.17516671 0.19183075 0.20017099 0.22293175 0.2098998 ]]
[(0, 0, 1), (1, 0, 1), (4, 0, 1), (1, 1, 1), (2, 1, 1), (4, 1, 1), (1, 2, 1), (2, 2, 1), (3, 2, 1), (4, 2, 1), (1, 3, 1), (3, 3, 1), (2, 4, 1), (3, 4, 1), (4, 4, 1)]
===================Results===================
0 causes 0 with a delay of 1 time steps.
1 causes 0 with a delay of 1 time steps.
4 causes 0 with a delay of 1 time steps.
1 causes 1 with a delay of 1 time steps.
2 causes 1 with a delay of 1 time steps.
4 causes 1 with a delay of 1 time steps.
1 causes 2 with a delay of 1 time steps.
2 causes 2 with a delay of 1 time steps.
3 causes 2 with a delay of 1 time steps.
4 causes 2 with a delay of 1 time steps.
1 causes 3 with a delay of 1 time steps.
3 causes 3 with a delay of 1 time steps.
2 causes 4 with a delay of 1 time steps.
3 causes 4 with a delay of 1 time steps.
4 causes 4 with a delay of 1 time steps.
===================Evaluation===================
Total False Positives': 5
Total True Positives': 10
Total False Negatives: 1
Total Direct False Positives: 6
Total Direct True Positives: 9
TPs': ['0->0', '1->0', '4->0', '1->1', '2->1', '2->2', '3->2', '4->2', '3->3', '4->4']
FPs': ['4->1', '1->2', '1->3', '2->4', '3->4']
TPs direct: ['0->0', '1->0', '4->0', '1->1', '2->1', '2->2', '3->2', '3->3', '4->4']
FPs direct: ['4->1', '1->2', '4->2', '1->3', '2->4', '3->4']
FNs: ['4->3']
(includes direct and indirect causal relationships)
Precision': 0.6666666666666666
Recall': 0.9090909090909091
F1' score: 0.7692307692307692
(includes only direct causal relationships)
Precision: 0.6
Recall: 0.9
F1 score: 0.7200000000000001
Percentage of delays that are correctly discovered: 100.0%
