/root/anaconda3/envs/relic/lib/python3.9/site-packages/sklearn/cluster/_kmeans.py:1416: FutureWarning: The default value of `n_init` will change from 10 to 'auto' in 1.4. Set the value of `n_init` explicitly to suppress the warning
  super()._check_params_vs_input(X, default_n_init=10)
/root/anaconda3/envs/relic/lib/python3.9/site-packages/sklearn/cluster/_kmeans.py:1416: FutureWarning: The default value of `n_init` will change from 10 to 'auto' in 1.4. Set the value of `n_init` explicitly to suppress the warning
  super()._check_params_vs_input(X, default_n_init=10)
/root/anaconda3/envs/relic/lib/python3.9/site-packages/sklearn/cluster/_kmeans.py:1416: FutureWarning: The default value of `n_init` will change from 10 to 'auto' in 1.4. Set the value of `n_init` explicitly to suppress the warning
  super()._check_params_vs_input(X, default_n_init=10)
/root/anaconda3/envs/relic/lib/python3.9/site-packages/sklearn/cluster/_kmeans.py:1416: FutureWarning: The default value of `n_init` will change from 10 to 'auto' in 1.4. Set the value of `n_init` explicitly to suppress the warning
  super()._check_params_vs_input(X, default_n_init=10)
/root/anaconda3/envs/relic/lib/python3.9/site-packages/sklearn/cluster/_kmeans.py:1416: FutureWarning: The default value of `n_init` will change from 10 to 'auto' in 1.4. Set the value of `n_init` explicitly to suppress the warning
  super()._check_params_vs_input(X, default_n_init=10)
(200, 5)
X(time slices): [0.    0.001 0.002 0.003 0.004 0.005 0.006 0.007 0.008 0.009 0.01  0.011
 0.012 0.013 0.014 0.015 0.016 0.017 0.018 0.019 0.02  0.021 0.022 0.023
 0.024 0.025 0.026 0.027 0.028 0.029 0.03  0.031 0.032 0.033 0.034 0.035
 0.036 0.037 0.038 0.039 0.04  0.041 0.042 0.043 0.044 0.045 0.046 0.047
 0.048 0.049 0.05  0.051 0.052 0.053 0.054 0.055 0.056 0.057 0.058 0.059
 0.06  0.061 0.062 0.063 0.064 0.065 0.066 0.067 0.068 0.069 0.07  0.071
 0.072 0.073 0.074 0.075 0.076 0.077 0.078 0.079 0.08  0.081 0.082 0.083
 0.084 0.085 0.086 0.087 0.088 0.089 0.09  0.091 0.092 0.093 0.094 0.095
 0.096 0.097 0.098 0.099 0.1   0.101 0.102 0.103 0.104 0.105 0.106 0.107
 0.108 0.109 0.11  0.111 0.112 0.113 0.114 0.115 0.116 0.117 0.118 0.119
 0.12  0.121 0.122 0.123 0.124 0.125 0.126 0.127 0.128 0.129 0.13  0.131
 0.132 0.133 0.134 0.135 0.136 0.137 0.138 0.139 0.14  0.141 0.142 0.143
 0.144 0.145 0.146 0.147 0.148 0.149 0.15  0.151 0.152 0.153 0.154 0.155
 0.156 0.157 0.158 0.159 0.16  0.161 0.162 0.163 0.164 0.165 0.166 0.167
 0.168 0.169 0.17  0.171 0.172 0.173 0.174 0.175 0.176 0.177 0.178 0.179
 0.18  0.181 0.182 0.183 0.184 0.185 0.186 0.187 0.188 0.189 0.19  0.191
 0.192 0.193 0.194 0.195 0.196 0.197 0.198 0.199]
X(shape): (200,)
Y(time series): [[-3.0732e+00 -2.4286e-01 -9.5930e-01 -3.5008e+00 -2.6513e+00]
 [-2.6581e-01  3.0347e-01 -1.4545e+00 -1.9657e-02  6.0798e-01]
 [-1.3419e-01 -1.3627e+00 -8.4241e-01  6.5193e-01 -1.9398e-01]
 [-1.6502e+00  1.0953e-02 -1.2080e+00 -1.8765e+00 -2.6998e+00]
 [ 2.3257e+00 -8.2960e-01 -2.9734e-01 -4.3333e-01 -1.4119e+00]
 [ 6.6463e-01  2.2463e-01  3.3153e+00  2.4094e+00  1.3899e+00]
 [-1.3352e+00  1.6965e-01  2.8582e+00  2.0883e+00  7.1897e-02]
 [ 3.8338e+00 -4.2661e-01 -2.6681e+00 -8.3822e-01  7.6885e-01]
 [ 3.8717e+00  1.9254e+00  2.3816e-01 -8.3638e-01  2.2103e-01]
 [ 1.5001e+00 -1.1058e+00  1.3556e+00  1.5624e+00  4.8071e+00]
 [-1.0220e-01  2.7838e+00 -1.4253e-02  5.9229e+00  3.9267e+00]
 [ 1.9672e+00  4.3160e+00 -1.3169e+00  2.8931e+00  3.9820e+00]
 [ 1.0631e+00  2.7244e+00  2.3678e+00 -1.4648e+00 -7.8237e-01]
 [ 2.3613e-01  5.8039e-01  1.5332e+00 -1.6617e+00 -5.1002e+00]
 [-4.4291e-01  1.6751e+00  4.1750e+00  1.4092e+00  5.2488e-01]
 [-4.2089e+00 -2.3483e+00  2.4711e+00  1.7927e+00  1.0559e+00]
 [ 2.3955e+00 -3.8646e+00 -7.1643e-01  2.1038e+00  7.7861e-01]
 [-1.1182e+00 -1.9528e+00  2.7239e-01 -2.4715e-01 -8.9658e-02]
 [-4.5056e+00 -1.2162e+00  2.3329e+00 -6.4901e-01 -1.6327e+00]
 [-3.6754e+00 -3.2299e+00 -2.8663e+00 -1.2674e+00 -2.5460e+00]
 [ 2.0200e-01 -1.6131e-01 -1.8606e+00 -1.9892e+00  1.1053e+00]
 [ 3.3122e+00  1.1251e-01 -2.9625e+00 -1.2859e+00  4.6029e+00]
 [-3.4759e-01 -2.6957e+00 -1.8991e+00 -4.7270e-01  1.2657e+00]
 [-3.5672e+00 -2.7636e+00  1.6002e+00 -2.0822e+00 -3.8881e+00]
 [-2.5900e+00 -1.1219e+00 -2.2132e+00 -4.0635e+00 -4.8022e+00]
 [ 8.2871e-01 -3.5741e-01 -4.2785e+00 -2.4167e+00 -2.4366e+00]
 [-1.3859e+00  2.9480e+00 -2.3656e+00 -4.1632e+00 -2.8783e+00]
 [-3.1042e+00  3.7984e+00 -1.1174e+00  2.3211e-01 -1.0338e+00]
 [ 2.6854e+00  4.3284e+00  3.8397e+00  1.0702e+00  4.7472e+00]
 [ 5.4779e+00  2.0744e+00  1.8056e+00  1.2585e+00  4.4251e+00]
 [ 1.6838e+00  2.3784e+00 -2.6011e+00 -1.0998e+00 -1.9465e+00]
 [ 3.1522e+00 -9.2341e-01 -2.3355e+00 -1.0002e+00 -5.1695e+00]
 [-2.9523e+00 -5.1478e+00 -3.0900e+00 -1.7776e-01 -2.7808e+00]
 [-2.4255e+00  9.1607e-01 -1.3689e+00 -1.6788e+00  2.6794e+00]
 [ 1.1404e+00 -3.4271e+00 -1.7511e+00  1.3876e-02  1.7809e+00]
 [-2.7632e+00  1.7396e+00  1.5527e-01  2.1044e+00 -1.4196e+00]
 [-2.9253e+00  1.1888e+00  1.7617e+00  5.4599e-01 -1.3216e+00]
 [-1.8146e+00  6.4817e-01  2.3046e+00  2.8000e-01  6.0350e-02]
 [-2.6898e+00 -4.3957e+00  2.9477e-01  1.0082e+00  2.8109e-01]
 [-1.2159e+00 -4.4289e+00 -1.8817e+00 -6.0220e-01 -8.0630e-01]
 [ 2.1787e+00  4.3616e+00  1.2272e-01  4.4377e-01  1.6792e+00]
 [ 2.4882e+00  2.2465e+00  4.8612e+00  2.1567e+00  1.9648e+00]
 [ 5.3759e-01 -3.6607e+00  1.5586e+00  2.0559e+00 -5.3429e-01]
 [-1.7008e-01 -2.3090e+00  6.2593e-01  1.5549e+00 -1.6775e+00]
 [ 7.9112e-01 -1.2547e+00 -8.0067e-01 -5.5235e-01 -4.2943e-01]
 [-3.1425e-01 -9.7182e-01 -1.3421e+00  1.4372e-02 -3.5081e-01]
 [ 1.4390e+00  1.4991e+00  7.5070e-01  2.7580e+00  8.9390e-01]
 [ 3.1786e+00 -4.2161e-03  2.2773e+00  5.5198e-02  2.7972e+00]
 [ 4.2316e+00  2.2410e+00  5.4012e+00  9.4559e-01 -8.0958e-01]
 [ 6.2279e+00  2.5801e+00  1.9912e+00  2.1255e+00  3.9658e+00]
 [ 2.6215e+00  5.4090e+00 -1.9547e-01  2.9420e+00  2.1427e+00]
 [ 5.3027e-01  8.4306e-01  7.9422e-01  5.9667e-01 -6.9108e-01]
 [-5.4296e-02 -2.6661e+00 -2.6334e+00 -1.4934e+00 -2.2137e+00]
 [-1.8000e+00  6.6920e-01 -1.2335e+00 -1.1485e+00 -9.7080e-01]
 [-1.0802e+00  3.4247e+00  6.1619e-01 -6.2309e-01 -8.9846e-01]
 [-3.3784e+00  3.0974e+00  1.5481e+00 -8.5980e-02 -5.4566e-01]
 [-1.8051e+00 -2.2315e+00 -5.7457e-01 -1.1602e+00 -5.5953e-02]
 [ 1.0648e+00 -2.0955e+00 -1.5345e-01  3.8272e+00  1.6327e+00]
 [ 4.0326e-01 -7.4999e-01 -5.7827e-01  3.9012e-01 -3.2930e-01]
 [ 2.3310e+00  2.7873e+00  8.4289e-01 -1.2854e+00  5.0899e+00]
 [ 1.8109e+00  1.7870e+00  2.4209e+00  7.1596e-01 -5.4284e-02]
 [-2.2576e+00 -2.0653e+00  3.9464e+00 -1.0592e+00 -2.3332e+00]
 [-1.3597e+00 -2.7394e+00 -4.3205e+00 -2.9407e+00 -1.3489e+00]
 [ 3.4373e+00  2.9721e-01 -3.6665e+00 -1.6965e+00  3.6694e+00]
 [ 2.1409e+00  1.5478e+00 -3.1022e+00 -8.6310e-01  3.5734e+00]
 [-1.2670e+00 -6.5618e-01 -7.6522e-01 -2.1195e+00 -2.1455e+00]
 [-8.0777e-02  8.8464e-01  2.0270e-02  6.3599e-01 -6.0459e+00]
 [-1.5481e+00 -8.3202e-01  1.4323e-01  3.8048e+00  1.4869e-01]
 [-4.0643e+00 -2.1057e+00 -1.5696e+00 -2.0470e+00 -1.5410e+00]
 [-2.2049e+00 -7.7899e-01 -7.2548e-01 -1.2160e+00 -4.3178e-01]
 [ 1.0862e+00  2.5597e-01  1.7212e+00  4.9001e+00  7.9130e-01]
 [-1.9972e+00  2.3561e+00  5.5042e+00  2.2792e+00  1.6629e+00]
 [-9.5764e-01  2.9216e+00  2.5921e+00 -7.8984e-01 -6.8387e-01]
 [-2.7136e+00 -1.9338e+00 -2.6971e+00 -4.2838e+00 -2.4731e+00]
 [-1.5626e+00 -1.1050e+00 -2.8109e+00 -2.7325e+00 -3.4785e-01]
 [ 2.1896e+00  3.2806e+00 -3.4420e-01 -1.6287e+00 -1.2635e+00]
 [ 4.5717e+00  3.0632e+00  2.5152e-02 -1.6771e+00  4.3599e+00]
 [ 3.6713e+00  2.5366e-01  2.6814e+00  1.4084e+00  4.4083e+00]
 [-1.1713e+00 -1.8162e-01  3.8477e+00  1.3426e+00  1.8874e+00]
 [-1.2183e+00 -4.4423e+00 -9.6989e-01 -2.8042e+00  2.7733e+00]
 [ 2.0745e+00 -1.6124e+00 -1.0398e-01 -1.2438e+00  2.0022e+00]
 [-2.1085e+00 -1.8127e+00 -2.2238e+00 -1.2814e+00 -4.5320e+00]
 [-2.3393e+00 -2.2705e+00 -5.9660e+00 -3.3209e-02 -2.4832e+00]
 [-3.3787e+00 -8.0542e-01 -2.2599e+00 -8.8559e-01 -3.7372e+00]
 [-2.8080e+00 -1.1935e+00 -1.7647e+00 -7.9739e-01 -4.2541e+00]
 [-5.5131e-01  1.2622e-01 -1.0458e+00  4.4168e+00 -1.7527e+00]
 [ 1.2296e+00 -3.9649e-01  2.9882e-01  2.5216e+00 -1.8074e+00]
 [-1.1926e+00  4.3807e-01 -9.4597e-01 -2.6804e+00 -1.5944e+00]
 [-5.5886e-01  3.6008e+00  1.1301e+00 -1.4620e+00  2.5819e+00]
 [-5.3279e-01  6.0848e-01  3.3104e-02 -5.9435e-01 -3.6878e-01]
 [-8.5098e-01 -2.7062e+00 -1.2366e+00 -1.9055e+00 -3.5853e+00]
 [ 7.0247e-01 -1.8826e+00  1.2487e+00  1.6788e+00 -2.0858e+00]
 [ 4.2732e+00  1.8429e-01 -1.7421e+00  6.9969e-01 -2.0470e+00]
 [ 1.3999e+00 -4.4351e+00 -6.1207e-02  1.2387e+00 -7.9832e-01]
 [-2.3116e+00 -1.1021e+00 -1.1839e+00  1.2223e+00 -1.1035e+00]
 [-2.9252e+00 -2.6596e+00 -8.2432e-01  1.8222e+00  1.9698e-01]
 [-2.5984e+00  9.5656e-01  2.8623e+00  2.0304e+00  4.3047e-01]
 [ 1.0786e+00  4.7295e+00  2.0928e+00 -5.2111e-04 -1.4565e-01]
 [ 4.3989e-01  2.9025e+00  1.1168e+00  6.7086e-01  1.5428e-01]
 [-1.5949e+00 -3.4252e+00 -1.2672e+00  3.9436e+00  5.0825e+00]
 [ 1.0038e+00 -1.2804e+00 -2.8017e-01  6.4675e-01  2.1295e+00]
 [ 1.8904e+00 -3.5324e-01  2.4092e+00  4.6552e-01  2.0481e+00]
 [ 3.3037e+00  3.7102e+00  3.9959e+00  7.9993e-01  3.8059e+00]
 [ 2.6009e+00  3.0271e+00 -1.4269e+00  1.0307e+00  2.4028e+00]
 [ 1.1987e+00  1.4154e+00 -1.1435e-01 -2.7313e+00  8.0238e-01]
 [-2.8447e+00 -1.7010e+00 -7.0374e-01 -3.4277e-01 -2.4316e-01]
 [-1.2103e-01  1.8006e+00  1.2609e+00 -1.6594e+00  2.4173e+00]
 [ 2.0244e+00  2.9193e+00  1.2734e+00 -7.1212e-01  2.2523e+00]
 [-4.1641e-01  5.8482e-01  2.3493e+00 -1.0502e+00 -1.8799e+00]
 [-1.4764e+00 -2.1740e+00  1.2125e+00 -1.7978e+00 -3.1012e+00]
 [-2.4013e+00  3.7165e+00  4.4813e-01  3.3513e-01  1.1654e+00]
 [ 3.0776e+00  1.8506e+00  2.7897e+00  2.6064e+00  1.2118e+00]
 [ 3.3368e+00 -8.1512e-01  1.3929e+00 -5.4043e-03  2.7161e-01]
 [ 9.2166e-01 -6.4948e+00 -2.3109e+00 -1.9723e+00 -2.9552e+00]
 [ 3.0523e+00 -1.0531e+00 -1.2700e+00 -7.6486e-01  1.5820e+00]
 [ 2.3474e+00  1.6121e-01  5.4773e-01  2.0606e+00 -1.7480e-01]
 [ 2.8514e+00  1.7865e-01 -6.6051e-01  3.1082e+00  9.9769e-01]
 [ 1.4218e+00  2.8096e-02 -2.5660e+00 -2.8795e-01  1.9213e+00]
 [-1.0762e+00  1.8594e+00 -1.3762e+00 -1.7742e+00 -2.2305e+00]
 [-2.0433e+00  2.7452e+00  2.4965e-01 -9.4035e-01 -1.5318e+00]
 [-5.1287e+00 -4.4516e+00 -8.9021e-01 -2.3270e+00 -1.8264e+00]
 [-4.4684e+00 -3.1075e+00 -9.5031e-01 -4.1026e-01 -1.9864e+00]
 [-2.4657e+00  5.2486e-01 -1.5952e+00 -1.9979e+00  3.4998e-01]
 [ 6.0833e-01  9.5103e-01 -1.7054e+00  1.4817e+00  4.3179e+00]
 [-3.1719e-01  2.2204e-02 -1.2422e+00  3.8220e+00  2.4994e+00]
 [-6.3049e-01 -3.1895e-02 -1.5763e-01  3.8298e+00  1.7933e-03]
 [-1.5822e-01 -1.6214e+00 -5.7970e-01 -2.7637e+00 -2.0748e+00]
 [-2.3926e+00  5.7624e-01 -6.3325e-02 -4.6140e+00 -2.1277e+00]
 [-8.1238e-01  1.7856e+00  4.5411e+00  3.2273e-01  1.0183e-01]
 [-2.7436e-01 -7.1803e-01  3.2396e+00  8.0563e-01 -5.9551e-01]
 [ 3.1879e-02 -4.2248e-01  3.3612e+00  7.1021e-01  1.1778e+00]
 [ 3.4605e+00  2.0951e+00 -6.2149e-01 -2.2640e+00 -2.8617e+00]
 [ 5.1815e+00  5.6590e+00  1.3196e+00 -5.9236e-01  7.5530e-01]
 [ 4.0472e+00  3.5821e+00  2.3609e+00  6.8204e-02  2.7500e+00]
 [ 2.3665e+00  1.4091e+00 -4.4351e-01  3.1344e-01 -2.1533e+00]
 [-4.1675e-01 -1.3380e+00 -3.2798e+00 -1.3600e+00 -2.4150e+00]
 [-3.5832e+00  1.4289e+00 -2.4002e+00 -9.7606e-01  2.4937e+00]
 [-2.8026e+00  1.2187e+00 -2.9346e+00 -1.1305e+00  1.3809e+00]
 [-6.4510e-01 -1.9127e+00 -7.9492e-01  2.2532e+00  1.1847e+00]
 [ 4.3657e+00 -3.4626e+00 -3.3639e+00  1.5554e+00  2.8325e+00]
 [ 1.6446e+00 -5.3475e-01 -1.9191e+00 -2.2959e+00  3.6654e+00]
 [-3.0830e+00 -3.1362e+00  1.4986e+00  3.7966e-01 -1.5411e+00]
 [-2.9389e+00 -3.1803e+00  4.2957e-01  1.6563e+00 -5.4877e+00]
 [-2.8197e+00 -2.0924e+00 -1.2189e+00 -2.5707e+00 -2.4276e+00]
 [-5.3852e-03  5.2517e-01  2.0463e-01 -4.8142e-02  2.2111e+00]
 [ 2.9307e+00  1.2197e+00 -2.0950e+00 -2.0019e+00 -3.1545e+00]
 [ 1.9595e+00  2.9384e+00  2.1255e-01  7.9344e-01 -3.8559e+00]
 [-2.0307e-01  3.3378e+00  5.4062e-01  5.9031e-01 -2.0276e+00]
 [-2.2923e-01  7.2022e-01  1.0839e+00  8.8501e-01 -2.2686e-01]
 [-2.9821e+00 -4.7722e+00 -1.2444e+00  2.1713e+00 -2.1900e+00]
 [-1.1422e+00 -3.2201e+00 -1.0751e+00  2.9400e+00 -7.3503e-01]
 [-9.4113e-01 -1.6243e+00  1.5968e-02  2.7875e-01  8.5918e-01]
 [-7.3679e-01 -2.5153e+00  3.6827e+00  3.9516e+00  1.0549e+00]
 [ 2.5597e+00  5.8873e-01  2.4537e-01  1.1387e+00  3.1348e+00]
 [-2.1561e+00  3.6660e+00  4.5326e-01 -2.4724e+00 -1.4230e+00]
 [-2.5235e+00 -7.1310e-01 -3.2179e+00 -2.2427e+00 -5.3706e+00]
 [-9.5635e-01 -3.6461e+00 -7.4706e-01 -3.7874e+00 -2.9620e+00]
 [-1.0152e+00 -1.8474e+00  1.3846e+00 -2.5872e-01  1.1623e-01]
 [ 4.3855e-01  2.2518e-01 -2.9280e-01  2.2162e+00  2.2241e+00]
 [-7.1794e-01 -8.6878e-02 -1.3166e+00 -1.4318e+00 -3.9614e-01]
 [ 1.9411e-01  5.1137e+00  1.4662e+00  1.3428e+00  1.4883e+00]
 [ 4.1965e+00  1.7514e+00  1.8536e+00  3.3560e+00  5.9460e+00]
 [ 3.6114e+00 -1.2899e+00  3.4873e-01  1.7164e+00  3.5852e+00]
 [-9.9720e-01 -2.2878e+00  9.3341e-01 -2.6081e+00 -4.5381e+00]
 [-2.2360e-01 -7.4665e-01  3.3323e+00  9.5630e-02 -9.6693e-01]
 [ 3.9373e+00  4.0844e+00  3.6155e+00 -1.0919e+00  3.8649e+00]
 [ 4.2375e+00  1.6767e+00  1.7911e+00 -2.1901e-01  3.5206e+00]
 [ 2.6404e+00  2.7897e+00  1.1989e+00 -1.4722e+00 -3.8124e+00]
 [ 2.5348e+00  1.6477e+00 -2.0812e+00 -4.9635e-02 -2.2655e+00]
 [-1.1369e+00  1.6289e-01 -2.4720e+00  8.4133e-01 -8.8069e-01]
 [-3.6964e+00 -4.9913e-01  1.9820e+00  2.1511e+00  4.1635e+00]
 [-1.6860e+00  3.8564e-01  3.8549e+00  1.4491e+00  2.1335e+00]
 [-1.0762e+00  4.0028e+00  3.9178e+00 -9.7823e-01 -1.4796e+00]
 [-7.1067e-01 -2.6985e-01 -3.0666e+00  1.8531e+00 -2.0339e-01]
 [ 6.5053e-01 -1.9625e+00 -3.0192e+00 -1.5222e+00 -1.5737e+00]
 [-2.1568e-01 -7.4510e-01 -4.1056e+00 -3.1538e+00  6.8926e-01]
 [-1.3659e+00 -2.5816e+00 -1.6485e+00  1.0408e+00  4.0076e-01]
 [ 1.8824e+00  2.9066e+00 -1.2086e+00  2.2734e+00  5.9608e+00]
 [ 1.6624e+00  3.1052e+00  7.2329e-01  1.8559e+00  4.8713e+00]
 [ 9.2331e-01 -7.7286e-01 -2.4079e+00  6.3108e-01  3.1769e+00]
 [-1.5374e-01 -2.5202e+00 -7.8721e-01  1.4703e-01 -5.6104e-02]
 [-1.5004e+00 -1.4559e-01 -2.0371e+00 -3.7250e+00 -4.8532e+00]
 [-1.8085e+00 -2.2239e+00 -7.0705e-01 -3.6955e+00 -5.5787e+00]
 [-1.9696e+00  3.1688e-02  5.1978e-02 -2.7124e+00  1.9755e+00]
 [-2.7434e+00  2.0566e+00  1.8484e+00 -1.0977e+00 -1.0620e-01]
 [-4.0246e+00  1.6059e+00  1.2586e+00  6.1355e-01 -4.6516e+00]
 [-1.4602e+00 -8.7554e-01 -1.2325e-01  1.5365e+00 -8.0457e-01]
 [ 8.1156e-01 -2.8934e+00 -2.6864e+00 -9.8909e-01  2.3198e-01]
 [ 1.1078e+00  1.8101e-01  2.9603e+00  5.0555e-01  7.8324e-01]
 [ 1.2812e+00 -2.5642e+00  2.2432e+00  2.0251e+00 -1.6695e-01]
 [-1.8415e+00 -2.6780e+00 -1.3680e+00 -3.1584e+00 -3.3404e-01]
 [-3.4251e+00 -9.1475e-01 -2.9753e+00 -2.5134e+00 -4.0886e+00]
 [ 5.4588e+00  1.3657e+00  6.6907e-01 -6.4862e-02  6.3549e-01]
 [ 1.4623e+00  1.5914e-01  1.0564e+00 -1.3460e+00  2.9139e+00]
 [-1.1541e+00 -2.2293e+00  2.7273e+00  1.1150e+00  1.6670e-01]
 [ 3.4054e+00  1.6767e+00  4.3302e+00  4.2289e+00 -1.5056e+00]
 [ 2.5476e+00  1.9905e+00 -1.0547e+00  3.5898e+00  6.7314e-01]
 [ 7.7782e-01 -3.5656e-01  5.8903e-01  1.4945e+00  4.8378e+00]
 [-1.0478e+00 -2.3946e-01 -1.7231e+00  5.0487e-01  1.1122e+00]
 [-4.2058e+00 -1.1740e+00 -1.5057e+00 -3.2299e+00 -3.3945e-01]]
Y(shape): (200, 5)
(190, 10, 1) (190, 10, 5) (190, 1, 1) (190, 1, 5)
total samples 190
training samples: 114 validation samples: 38 testing samples: 38
seed 10 test MSE 5.817844390869141 test r2 -0.1340312216738898
seed 11 test MSE 4.879499435424805 test r2 0.07724032230609697
seed 12 test MSE 5.439152717590332 test r2 -0.013896814476432429
seed 13 test MSE 5.482765197753906 test r2 -0.02427654909535888
seed 14 test MSE 5.249285697937012 test r2 0.021095370944377655
seed 15 test MSE 5.057898998260498 test r2 0.040829939100241575
seed 16 test MSE 4.70381498336792 test r2 0.10622618313539398
seed 17 test MSE 5.31893253326416 test r2 0.0038250963552608486
seed 18 test MSE 5.24547004699707 test r2 -0.01896851480621997
seed 19 test MSE 5.372096538543701 test r2 2.4436042757458586e-05
(10, 5, 5)
(10, 5, 5)
[[0.18597234 0.21021332 0.18627749 0.15962426 0.25791259]
 [0.20368297 0.19280405 0.18938742 0.16630435 0.24782122]
 [0.17909457 0.17441387 0.1721204  0.20874103 0.26563012]
 [0.24201023 0.17014031 0.17516213 0.19356304 0.21912429]
 [0.1579203  0.21616109 0.20941711 0.17878884 0.23771265]]
[(4, 0, 1), (4, 1, 1), (4, 2, 1), (0, 3, 1), (4, 3, 1), (1, 4, 1), (2, 4, 1), (4, 4, 1)]
===================Results===================
4 causes 0 with a delay of 1 time steps.
4 causes 1 with a delay of 1 time steps.
4 causes 2 with a delay of 1 time steps.
0 causes 3 with a delay of 1 time steps.
4 causes 3 with a delay of 1 time steps.
1 causes 4 with a delay of 1 time steps.
2 causes 4 with a delay of 1 time steps.
4 causes 4 with a delay of 1 time steps.
===================Evaluation===================
Total False Positives': 3
Total True Positives': 5
Total False Negatives: 8
Total Direct False Positives: 6
Total Direct True Positives: 2
TPs': ['4->2', '0->3', '4->3', '1->4', '4->4']
FPs': ['4->0', '4->1', '2->4']
TPs direct: ['4->3', '4->4']
FPs direct: ['4->0', '4->1', '4->2', '0->3', '1->4', '2->4']
FNs: ['0->0', '1->0', '1->1', '2->1', '2->2', '3->2', '3->3', '0->4']
(includes direct and indirect causal relationships)
Precision': 0.625
Recall': 0.38461538461538464
F1' score: 0.4761904761904762
(includes only direct causal relationships)
Precision: 0.25
Recall: 0.2
F1 score: 0.22222222222222224
Percentage of delays that are correctly discovered: 100.0%
