/root/anaconda3/envs/relic/lib/python3.9/site-packages/sklearn/cluster/_kmeans.py:1416: FutureWarning: The default value of `n_init` will change from 10 to 'auto' in 1.4. Set the value of `n_init` explicitly to suppress the warning
  super()._check_params_vs_input(X, default_n_init=10)
/root/anaconda3/envs/relic/lib/python3.9/site-packages/sklearn/cluster/_kmeans.py:1416: FutureWarning: The default value of `n_init` will change from 10 to 'auto' in 1.4. Set the value of `n_init` explicitly to suppress the warning
  super()._check_params_vs_input(X, default_n_init=10)
/root/anaconda3/envs/relic/lib/python3.9/site-packages/sklearn/cluster/_kmeans.py:1416: FutureWarning: The default value of `n_init` will change from 10 to 'auto' in 1.4. Set the value of `n_init` explicitly to suppress the warning
  super()._check_params_vs_input(X, default_n_init=10)
/root/anaconda3/envs/relic/lib/python3.9/site-packages/sklearn/cluster/_kmeans.py:1416: FutureWarning: The default value of `n_init` will change from 10 to 'auto' in 1.4. Set the value of `n_init` explicitly to suppress the warning
  super()._check_params_vs_input(X, default_n_init=10)
/root/anaconda3/envs/relic/lib/python3.9/site-packages/sklearn/cluster/_kmeans.py:1416: FutureWarning: The default value of `n_init` will change from 10 to 'auto' in 1.4. Set the value of `n_init` explicitly to suppress the warning
  super()._check_params_vs_input(X, default_n_init=10)
(200, 5)
X(time slices): [0.    0.001 0.002 0.003 0.004 0.005 0.006 0.007 0.008 0.009 0.01  0.011
 0.012 0.013 0.014 0.015 0.016 0.017 0.018 0.019 0.02  0.021 0.022 0.023
 0.024 0.025 0.026 0.027 0.028 0.029 0.03  0.031 0.032 0.033 0.034 0.035
 0.036 0.037 0.038 0.039 0.04  0.041 0.042 0.043 0.044 0.045 0.046 0.047
 0.048 0.049 0.05  0.051 0.052 0.053 0.054 0.055 0.056 0.057 0.058 0.059
 0.06  0.061 0.062 0.063 0.064 0.065 0.066 0.067 0.068 0.069 0.07  0.071
 0.072 0.073 0.074 0.075 0.076 0.077 0.078 0.079 0.08  0.081 0.082 0.083
 0.084 0.085 0.086 0.087 0.088 0.089 0.09  0.091 0.092 0.093 0.094 0.095
 0.096 0.097 0.098 0.099 0.1   0.101 0.102 0.103 0.104 0.105 0.106 0.107
 0.108 0.109 0.11  0.111 0.112 0.113 0.114 0.115 0.116 0.117 0.118 0.119
 0.12  0.121 0.122 0.123 0.124 0.125 0.126 0.127 0.128 0.129 0.13  0.131
 0.132 0.133 0.134 0.135 0.136 0.137 0.138 0.139 0.14  0.141 0.142 0.143
 0.144 0.145 0.146 0.147 0.148 0.149 0.15  0.151 0.152 0.153 0.154 0.155
 0.156 0.157 0.158 0.159 0.16  0.161 0.162 0.163 0.164 0.165 0.166 0.167
 0.168 0.169 0.17  0.171 0.172 0.173 0.174 0.175 0.176 0.177 0.178 0.179
 0.18  0.181 0.182 0.183 0.184 0.185 0.186 0.187 0.188 0.189 0.19  0.191
 0.192 0.193 0.194 0.195 0.196 0.197 0.198 0.199]
X(shape): (200,)
Y(time series): [[-1.6055e+00 -1.7238e+00 -1.2778e+00 -1.6735e+00 -2.1722e+00]
 [-1.0725e+00 -1.1915e+00 -1.0636e+00 -1.2279e+00 -1.1542e+00]
 [-6.6341e-01 -9.1710e-01 -5.2960e-01 -8.9001e-01 -5.3765e-01]
 [ 9.1791e-01  2.4780e-01  2.1417e-01  3.1587e-01  3.6407e-01]
 [ 3.0114e+00  2.1452e+00  1.3883e+00  1.1907e+00  2.3292e+00]
 [-6.4627e-01  5.0298e-02  1.3213e+00  1.3124e+00  5.3057e-02]
 [-2.1216e+00 -1.0179e+00 -1.3382e-01 -1.1523e-01 -1.5784e+00]
 [ 2.0381e+00  1.0749e+00  1.0034e-01  4.9960e-01  1.9101e+00]
 [ 4.6639e+00  3.6112e+00  2.0892e+00  1.5538e+00  4.0783e+00]
 [ 3.6001e-01  9.2971e-01  2.9943e-02  3.0237e-01  3.1169e-01]
 [-3.8104e+00 -9.9295e-01 -1.3961e+00  1.3501e+00 -2.9821e-01]
 [-2.1446e+00  3.7691e-01  8.1920e-02  9.4179e-01  1.7171e+00]
 [ 2.9584e+00  2.6776e+00  2.0738e+00  1.0450e+00  1.9588e+00]
 [ 3.9290e+00  2.8870e+00  2.3695e+00  1.1388e+00  1.7113e+00]
 [-3.6497e-01  6.5917e-01  9.1153e-01  9.5262e-01 -7.6936e-01]
 [-3.5993e+00 -1.5343e+00  1.2249e-01  2.9651e-01 -1.8286e+00]
 [ 2.3200e+00 -1.5706e-01 -2.4113e-01  7.3514e-01  1.8565e+00]
 [ 4.7061e-01 -1.0091e+00 -9.4513e-01 -7.5406e-01 -1.2587e+00]
 [-1.5456e+00 -1.8420e+00  1.8073e-02 -9.0488e-01 -2.4550e+00]
 [-2.7441e+00 -2.9086e+00 -2.0547e+00 -3.0229e+00 -3.8227e+00]
 [-4.9765e-01 -1.9818e+00 -2.5525e+00 -2.3172e+00 -1.0414e+00]
 [ 2.7191e+00  9.0289e-01  2.3063e-02  2.5773e-01  2.5957e+00]
 [-1.2207e+00 -1.2730e+00 -1.2834e+00 -1.1615e+00 -1.8482e+00]
 [-3.8840e+00 -2.7526e+00 -4.9804e-01 -1.1125e+00 -4.2477e+00]
 [-1.6150e+00 -1.9311e+00 -1.5967e+00 -2.1228e+00 -2.3249e+00]
 [ 2.2451e+00  8.3883e-01 -5.0058e-01 -9.4344e-01  8.1176e-01]
 [-2.1456e-01  1.0405e-01 -9.4823e-01 -1.0896e+00 -1.5011e+00]
 [-1.6924e+00  7.5219e-01  1.9823e-01 -6.5932e-02 -6.8293e-01]
 [ 2.0012e+00  2.0478e+00  2.6241e+00  2.1250e+00  4.1041e+00]
 [ 4.3589e+00  2.9636e+00  2.3480e+00  1.7223e+00  4.2458e+00]
 [ 3.1804e+00  2.7910e+00  9.5748e-01  1.2129e+00  1.8724e+00]
 [ 1.9551e+00  1.7684e+00  2.5926e-01  2.9725e-01  6.3992e-01]
 [-2.6182e+00 -1.6821e+00 -2.3216e+00 -2.0913e+00 -3.9477e+00]
 [-5.1310e+00 -3.4981e+00 -2.9461e+00 -2.0655e+00 -3.6190e+00]
 [-3.3094e+00 -2.9251e+00 -1.7426e+00 -1.5150e+00 -1.2564e+00]
 [-1.4382e+00 -1.4431e+00 -6.4421e-01  8.4687e-02 -9.5478e-01]
 [-1.4855e+00 -2.6769e-01 -2.3902e-02 -1.5041e-01 -8.6958e-01]
 [-1.2227e+00  1.2891e-01 -1.7363e-01 -3.7780e-02 -8.0877e-01]
 [-6.9946e-01 -1.2753e+00 -7.8110e-01 -5.8296e-01 -9.0270e-01]
 [-2.0033e-01 -1.3284e+00 -1.0157e+00 -4.5515e-01 -5.2655e-01]
 [ 1.2814e+00  5.8710e-01  1.2449e+00  1.4270e+00  2.5020e+00]
 [ 1.6745e+00  1.8728e+00  2.8765e+00  2.4553e+00  3.2163e+00]
 [-3.3375e-01 -2.8950e-01  1.0083e+00  8.0410e-01 -1.0999e-01]
 [-4.0088e-01 -1.3161e+00 -1.2975e+00 -5.6418e-01 -1.6677e+00]
 [ 3.8789e-01 -5.3993e-01 -6.6710e-01 -4.6417e-01 -9.7083e-02]
 [ 6.2231e-01  8.9421e-02  7.5499e-02  3.4139e-02  4.7873e-01]
 [ 4.5670e-01  1.0539e-01  1.0937e-01  3.0577e-01  7.2990e-01]
 [ 9.8449e-01  3.9089e-01  1.0817e+00  1.0878e+00  1.8120e+00]
 [ 3.7856e+00  2.6625e+00  3.5534e+00  2.9775e+00  4.8378e+00]
 [ 5.2003e+00  4.2357e+00  2.7259e+00  2.7261e+00  5.0314e+00]
 [ 1.6470e+00  2.7271e+00  9.1875e-01  2.6449e+00  2.2600e+00]
 [ 2.4028e+00  2.6808e+00  1.2667e+00  1.1420e+00  1.8685e+00]
 [-5.9442e-01 -3.9613e-01 -9.4860e-01 -1.1857e+00 -2.5549e+00]
 [-2.4804e+00 -1.6045e+00 -1.2054e+00 -1.4498e+00 -2.6361e+00]
 [-1.6071e+00  2.6830e-02  4.5839e-01 -4.3323e-01 -3.7159e-01]
 [-1.2987e+00  6.6351e-01  3.8396e-01 -2.7795e-01 -6.7465e-01]
 [-1.0769e+00 -7.6099e-01 -8.1461e-01 -6.7419e-01 -1.2526e+00]
 [-7.9496e-01 -1.6197e+00 -1.2816e+00  2.9314e-01  2.7777e-01]
 [-4.9162e-01 -1.4382e+00 -3.4276e-01 -3.7639e-01 -2.3569e-01]
 [-4.5266e-01 -6.4430e-01  1.1089e-01 -5.9144e-01  9.2605e-01]
 [ 2.2899e+00  2.0274e+00  1.9350e+00  1.3011e+00  2.0470e+00]
 [ 2.2861e-01  4.4776e-01  1.1139e+00  2.8010e-01 -6.0471e-01]
 [-1.3643e+00 -1.2995e+00 -1.0895e+00 -1.2991e+00 -2.6018e+00]
 [-2.5473e-01 -5.2941e-01 -1.0512e+00 -1.2423e+00  9.9233e-01]
 [ 8.0338e-01  2.9636e-03 -3.9363e-01 -9.4134e-01  9.8975e-01]
 [ 5.2175e-01  2.8732e-01 -1.3384e-01 -1.5848e-01 -6.9851e-01]
 [ 2.6236e+00  1.7860e+00  1.0285e+00  1.2832e+00  1.2446e+00]
 [-7.5487e-01 -1.4158e-01 -8.3857e-01  6.3221e-01 -7.5847e-01]
 [-2.2576e+00 -1.1956e+00 -1.0587e+00 -1.0341e+00 -2.9542e+00]
 [-1.0590e+00 -7.5867e-01 -4.0236e-01 -7.2512e-01 -1.5451e+00]
 [-3.2546e-01 -4.6306e-01  8.0141e-01  1.8870e+00  1.5945e+00]
 [-3.2951e-01  1.2518e-01  2.4026e+00  1.8818e+00  1.4941e+00]
 [-2.9282e-01  1.3781e+00  1.7009e+00  1.0127e-01 -6.0718e-01]
 [-4.2923e-01  7.2792e-02 -1.6430e+00 -2.2894e+00 -3.0820e+00]
 [ 1.7847e-02 -4.9101e-01 -1.7918e+00 -1.8665e+00 -1.9260e+00]
 [ 2.4895e+00  2.3080e+00  1.6340e+00  6.1845e-01  2.8420e+00]
 [ 5.1473e+00  4.2912e+00  2.6302e+00  1.7888e+00  4.6655e+00]
 [ 1.4699e+00  2.2333e+00  1.7883e+00  1.1097e+00  1.7975e+00]
 [-4.1901e+00 -1.0859e+00 -4.8912e-01 -5.5666e-01 -1.8741e+00]
 [-2.9423e+00 -2.9787e+00 -2.2466e+00 -1.5677e+00 -1.3547e+00]
 [ 3.2509e+00  2.2866e-01  6.5090e-01  3.6978e-01  2.3059e+00]
 [ 1.0923e+00 -2.9773e-01 -1.4242e+00 -1.4511e+00 -2.6144e+00]
 [-2.4522e+00 -2.1627e+00 -2.9890e+00 -2.3956e+00 -4.1380e+00]
 [-2.5269e+00 -2.1740e+00 -2.3777e+00 -1.7429e+00 -2.3878e+00]
 [-1.3334e+00 -1.3915e+00 -1.2903e+00 -9.6230e-01 -1.8600e+00]
 [ 6.5407e-01 -4.8039e-01 -5.4004e-01  1.4449e+00  1.3348e+00]
 [ 3.7474e+00  1.8280e+00  1.1396e+00  9.9264e-01  2.6623e+00]
 [-7.0567e-01 -9.0629e-02 -6.0779e-01 -7.0856e-01 -2.4368e+00]
 [-3.9398e+00 -6.9086e-01 -7.0024e-01 -5.9214e-01 -1.2726e+00]
 [-2.0685e+00 -7.7980e-01 -7.2829e-01 -7.2686e-01 -1.1169e+00]
 [-6.9576e-01 -1.2139e+00 -1.2028e+00 -9.3261e-01 -1.7315e+00]
 [ 1.2771e+00 -5.8313e-01  2.1381e-01  2.6039e-01  1.0240e+00]
 [ 4.4914e+00  2.4285e+00  2.3512e+00  1.7704e+00  4.0416e+00]
 [ 2.2376e+00  1.2679e+00  8.8475e-01  5.1442e-01  1.0699e+00]
 [-3.2730e+00 -2.1564e+00 -2.2098e+00 -1.2659e+00 -4.6298e+00]
 [-4.0867e+00 -3.3396e+00 -1.8454e+00 -1.2998e+00 -2.1638e+00]
 [-1.3377e+00 -1.9267e+00 -5.4682e-01 -3.2313e-01 -1.7751e-01]
 [ 1.0996e+00  1.2890e+00  1.6694e+00  1.5404e+00  2.3558e+00]
 [ 1.0949e+00  1.4848e+00  1.4366e+00  9.8195e-01  1.5454e+00]
 [-1.5571e+00 -1.0519e+00 -1.0143e+00  8.6124e-01 -3.9741e-01]
 [-1.2235e-01 -1.2081e+00 -3.4957e-01  2.9713e-01  6.9938e-01]
 [ 4.3421e-01 -5.8682e-01  1.3640e+00  8.0254e-01  1.0479e+00]
 [ 4.0991e+00  2.3848e+00  2.7741e+00  2.2860e+00  4.7107e+00]
 [ 3.8257e+00  3.1741e+00  2.0016e+00  1.6951e+00  3.4470e+00]
 [ 5.0306e-01  1.0417e+00  1.7006e-01 -4.6465e-01 -9.2296e-01]
 [-4.4507e+00 -2.3331e+00 -2.5302e+00 -2.1956e+00 -5.1497e+00]
 [-3.7866e+00 -2.6915e+00 -1.3711e+00 -1.5469e+00 -6.4438e-01]
 [-3.6716e-01  3.3576e-01  7.3962e-01  5.0831e-02  1.7094e+00]
 [ 2.6983e-01  8.5597e-01  5.3097e-01  7.0698e-02 -3.5458e-01]
 [-1.6282e+00 -5.8735e-01 -5.7587e-01 -5.0845e-01 -2.4904e+00]
 [-1.5187e+00  1.5843e-01  1.3361e-01  2.7274e-01 -1.7889e-01]
 [ 2.1060e+00  1.9838e+00  3.0958e+00  2.6781e+00  3.7013e+00]
 [ 2.5806e+00  1.6808e+00  1.0946e+00  6.2474e-01  1.3521e+00]
 [-1.3038e+00 -1.6784e+00 -2.6297e+00 -1.7093e+00 -4.2791e+00]
 [ 2.1511e+00  1.0863e-01  2.8368e-01  9.3593e-01  3.0160e+00]
 [ 4.4400e+00  2.4768e+00  2.2675e+00  1.5018e+00  4.2016e+00]
 [ 3.3559e+00  2.2767e+00  1.4019e+00  2.2891e+00  2.9226e+00]
 [ 1.6206e+00  1.1901e+00  1.8091e-01  5.8129e-01  1.1098e+00]
 [ 4.9072e-01  5.2620e-01  9.3320e-02 -2.0263e-01  1.1989e-01]
 [ 5.4959e-02  5.9089e-01  2.4297e-01 -5.1170e-01 -3.2721e-01]
 [-4.3609e+00 -2.4266e+00 -2.4254e+00 -2.6048e+00 -5.1553e+00]
 [-5.2940e+00 -4.1874e+00 -3.4051e+00 -2.5189e+00 -5.0778e+00]
 [-2.8564e+00 -3.1929e+00 -1.8096e+00 -1.7293e+00 -1.4957e+00]
 [-1.5910e+00 -2.1497e+00 -1.0631e+00  4.4220e-01  8.6997e-01]
 [-1.0414e+00 -9.5198e-01 -6.0054e-01  9.9488e-01  2.3785e-01]
 [-1.2223e+00 -6.8992e-01 -5.6598e-01  5.3826e-01 -5.9086e-01]
 [-6.6039e-01 -5.6530e-01 -4.4472e-01 -1.4277e+00 -1.9372e+00]
 [-3.7737e-01 -4.8683e-01 -9.1704e-02 -1.6192e+00 -2.0786e+00]
 [ 7.2916e-02  2.1216e-01  2.2085e+00  4.9884e-01  8.6601e-01]
 [ 3.3552e-01  5.3930e-01  1.9882e+00  5.0476e-01  8.0966e-01]
 [ 3.7899e-01  4.6439e-01  8.7718e-01 -1.0288e-01 -2.3032e-01]
 [ 4.1541e+00  3.0145e+00  1.6445e+00  9.2353e-01  3.3383e+00]
 [ 5.1912e+00  5.2365e+00  2.7019e+00  1.9542e+00  4.3280e+00]
 [ 3.7962e+00  4.0078e+00  2.8079e+00  2.1860e+00  3.2407e+00]
 [ 3.4030e+00  3.9068e+00  1.5285e+00  9.3528e-01  2.2141e+00]
 [ 5.7444e-01  9.9880e-01 -8.4061e-01 -7.6860e-01 -1.1780e+00]
 [-4.1796e+00 -1.0472e+00 -2.1338e+00 -1.5014e+00 -4.2285e+00]
 [-3.7215e+00 -7.8572e-01 -1.5336e+00 -1.3667e+00 -1.2324e+00]
 [-1.5614e+00 -7.6513e-01 -1.4014e+00 -4.5249e-01 -5.1866e-01]
 [ 1.6622e+00 -4.2929e-01 -5.4725e-01 -9.0288e-02  1.4897e+00]
 [ 1.0722e-01 -1.3639e+00 -1.4310e+00 -1.4495e+00 -2.9877e-01]
 [-2.0123e+00 -2.3519e+00 -5.8411e-01 -2.8119e-01 -2.3468e+00]
 [-1.4672e+00 -2.0367e+00 -1.3806e+00 -1.1593e+00 -2.8172e+00]
 [-4.5382e-01 -1.2546e+00 -8.5898e-01 -5.7525e-01 -1.4567e+00]
 [ 2.2087e-01 -7.0395e-01  1.8375e-01 -1.8597e-01  1.3851e+00]
 [ 4.6581e+00  2.8291e+00  1.7133e+00  1.5860e+00  3.3044e+00]
 [ 4.2921e+00  3.5844e+00  2.1233e+00  1.6910e+00  2.5750e+00]
 [ 1.0813e+00  2.1822e+00  9.9844e-01  1.1720e+00  5.2288e-01]
 [ 5.4442e-01  1.3643e+00  4.5054e-01  2.3304e-01  4.1451e-01]
 [-2.5619e+00 -2.1349e+00 -2.4153e+00 -2.9781e-01 -3.0327e+00]
 [-3.0974e+00 -3.1755e+00 -2.2394e+00 -5.7149e-01 -2.1169e+00]
 [-1.6547e+00 -2.2519e+00 -1.1622e+00 -1.3894e-01 -6.0770e-01]
 [-1.4059e+00 -1.9263e+00  8.9424e-01  1.3435e+00  6.2716e-01]
 [-1.3259e+00 -1.5456e+00  4.4451e-01  5.5184e-01  1.1365e+00]
 [-1.0393e+00 -3.7470e-02 -5.5356e-01 -1.2618e+00 -2.6532e+00]
 [ 2.6917e-01  3.1968e-01 -4.3262e-01 -1.6883e+00 -2.0525e+00]
 [ 1.4522e-03 -4.2871e-01 -7.7729e-01 -1.4038e+00 -1.3598e+00]
 [-4.8036e-01 -7.2885e-01 -5.0674e-01 -9.5192e-01 -1.1470e+00]
 [-2.0054e-01 -4.9407e-01 -1.4561e-01  5.5908e-01  7.3041e-01]
 [ 5.8349e-02 -2.2763e-01 -9.2516e-02 -3.9404e-01 -1.2431e-01]
 [ 2.4502e-01  4.8565e-01  5.2266e-01  9.1485e-01  5.8050e-01]
 [ 2.6284e-01  1.1705e+00  8.3058e-01  1.9259e+00  3.4928e+00]
 [ 3.7647e-01  2.6431e-01  3.5593e-01  4.5897e-01  1.4496e+00]
 [ 4.4630e-01 -1.4437e-02  2.9890e-01 -9.3037e-01 -2.0355e+00]
 [ 5.0510e-01  1.3821e-01  2.4209e+00  8.7211e-01  9.9939e-01]
 [ 3.4618e+00  2.1362e+00  2.9848e+00  1.6330e+00  4.7130e+00]
 [ 5.4436e+00  4.1028e+00  2.8260e+00  1.9691e+00  4.3544e+00]
 [ 4.3625e+00  3.9682e+00  2.2405e+00  1.5489e+00  2.7688e+00]
 [ 2.9556e+00  3.0337e+00  1.1777e+00  8.5682e-01  2.0617e+00]
 [ 2.4264e-01  7.5361e-01 -5.6717e-01 -2.7353e-01 -5.8528e-01]
 [-4.5015e+00 -2.4352e+00 -1.0645e+00  5.0665e-01 -1.9087e+00]
 [-4.4655e+00 -3.3449e+00  2.2818e-01 -2.4467e-01 -1.6858e+00]
 [-2.4290e+00 -8.6766e-01  5.4485e-01 -2.1261e-01 -1.4001e+00]
 [-1.7135e+00 -5.3179e-01 -2.1073e+00 -7.9440e-01 -1.4334e+00]
 [ 6.8664e-01 -5.7042e-01 -1.8804e+00 -1.4650e+00 -5.4185e-01]
 [ 7.1985e-01 -3.1059e-01 -1.4818e+00 -2.1075e+00 -1.4064e+00]
 [-2.1025e+00 -1.9659e+00 -2.2202e+00 -1.1974e+00 -2.5631e+00]
 [-2.2927e+00 -1.4677e+00 -1.5000e+00  6.6741e-01  1.5050e+00]
 [ 2.1900e+00  2.0258e+00  1.5553e+00  1.8099e+00  3.5327e+00]
 [ 1.1842e+00  6.8168e-01 -4.5306e-01  3.5105e-01  8.9404e-01]
 [-2.1429e+00 -1.7658e+00 -1.9847e+00 -1.0577e+00 -2.2814e+00]
 [ 8.5692e-01 -7.9010e-02 -1.3556e-01 -1.3284e+00 -1.1504e+00]
 [-6.2791e-01 -9.6801e-01 -9.6754e-01 -2.1100e+00 -3.2125e+00]
 [-2.5532e+00 -1.8386e+00 -1.0117e+00 -2.0114e+00 -1.4359e+00]
 [-1.6999e+00 -9.7308e-01 -2.7855e-01 -1.0482e+00 -1.5337e+00]
 [-8.5984e-01  7.2211e-01  7.2043e-01  2.0219e-01 -1.3392e+00]
 [-5.5893e-01  1.8336e-01 -8.7588e-02  1.2313e+00  6.0875e-01]
 [-3.7754e-01 -9.9276e-01 -7.1504e-01  2.1395e-01  2.0407e-01]
 [ 3.3682e+00  1.3097e+00  2.7315e+00  2.5596e+00  3.4749e+00]
 [ 2.1210e+00  9.0721e-01  1.1889e+00  8.6127e-01  8.3462e-01]
 [-1.9872e+00 -1.3859e+00 -1.6845e+00 -1.9706e+00 -5.0357e+00]
 [-1.6992e+00 -1.6313e+00 -1.1885e+00 -1.9559e+00 -2.8310e+00]
 [ 3.5803e+00  1.7472e+00  1.8943e+00  8.2511e-01  4.1133e+00]
 [ 1.6901e+00  1.1619e+00  9.8677e-01 -3.0873e-02  1.4842e+00]
 [-2.4613e+00 -1.2655e+00  5.8264e-01  5.5412e-01 -2.0728e+00]
 [ 2.5395e+00  1.4629e+00  1.7863e+00  2.6560e+00  4.1690e+00]
 [ 3.7798e+00  2.7979e+00  1.2613e+00  2.0789e+00  3.4949e+00]
 [ 1.4572e-02  5.9935e-01 -7.2911e-01  3.0475e-01  7.1321e-01]
 [-3.6776e+00 -2.0802e+00 -2.1908e+00 -1.1165e+00 -1.9157e+00]
 [-2.7268e+00 -2.1253e+00 -1.4139e+00 -2.1201e+00 -2.6910e+00]]
Y(shape): (200, 5)
(190, 10, 1) (190, 10, 5) (190, 1, 1) (190, 1, 5)
total samples 190
training samples: 114 validation samples: 38 testing samples: 38
seed 10 test MSE 2.6582577228546143 test r2 0.3027043581749256
seed 11 test MSE 2.851625919342041 test r2 0.24694460336773633
seed 12 test MSE 2.7317421436309814 test r2 0.28410337143871073
seed 13 test MSE 2.6295135021209717 test r2 0.3227893911901061
seed 14 test MSE 2.8474762439727783 test r2 0.2660374874666286
seed 15 test MSE 2.774251937866211 test r2 0.2633005308618065
seed 16 test MSE 2.7168972492218018 test r2 0.28193836142430967
seed 17 test MSE 3.312319040298462 test r2 0.13355126664593514
seed 18 test MSE 3.1234943866729736 test r2 0.18356450338478272
seed 19 test MSE 2.469538450241089 test r2 0.34613981896001805
(10, 5, 5)
(10, 5, 5)
[[0.2118548  0.18242598 0.14303244 0.16317836 0.29950842]
 [0.21508491 0.18178428 0.15839431 0.16218526 0.28255124]
 [0.21890664 0.16816867 0.16414524 0.17329031 0.27548914]
 [0.2035939  0.17423646 0.18324044 0.19159314 0.24733606]
 [0.26599725 0.18767914 0.16274152 0.17117944 0.21240265]]
[(4, 0, 1), (4, 1, 1), (0, 2, 1), (4, 2, 1), (4, 3, 1), (0, 4, 1)]
===================Results===================
4 causes 0 with a delay of 1 time steps.
4 causes 1 with a delay of 1 time steps.
0 causes 2 with a delay of 1 time steps.
4 causes 2 with a delay of 1 time steps.
4 causes 3 with a delay of 1 time steps.
0 causes 4 with a delay of 1 time steps.
===================Evaluation===================
Total False Positives': 3
Total True Positives': 3
Total False Negatives: 8
Total Direct False Positives: 4
Total Direct True Positives: 2
TPs': ['4->0', '4->2', '4->3']
FPs': ['4->1', '0->2', '0->4']
TPs direct: ['4->0', '4->3']
FPs direct: ['4->1', '0->2', '4->2', '0->4']
FNs: ['0->0', '1->0', '1->1', '2->1', '2->2', '3->2', '3->3', '4->4']
(includes direct and indirect causal relationships)
Precision': 0.5
Recall': 0.2727272727272727
F1' score: 0.3529411764705882
(includes only direct causal relationships)
Precision: 0.3333333333333333
Recall: 0.2
F1 score: 0.25
Percentage of delays that are correctly discovered: 100.0%
