/root/anaconda3/envs/relic/lib/python3.9/site-packages/sklearn/cluster/_kmeans.py:1416: FutureWarning: The default value of `n_init` will change from 10 to 'auto' in 1.4. Set the value of `n_init` explicitly to suppress the warning
  super()._check_params_vs_input(X, default_n_init=10)
/root/anaconda3/envs/relic/lib/python3.9/site-packages/sklearn/cluster/_kmeans.py:1416: FutureWarning: The default value of `n_init` will change from 10 to 'auto' in 1.4. Set the value of `n_init` explicitly to suppress the warning
  super()._check_params_vs_input(X, default_n_init=10)
/root/anaconda3/envs/relic/lib/python3.9/site-packages/sklearn/cluster/_kmeans.py:1416: FutureWarning: The default value of `n_init` will change from 10 to 'auto' in 1.4. Set the value of `n_init` explicitly to suppress the warning
  super()._check_params_vs_input(X, default_n_init=10)
/root/anaconda3/envs/relic/lib/python3.9/site-packages/sklearn/cluster/_kmeans.py:1416: FutureWarning: The default value of `n_init` will change from 10 to 'auto' in 1.4. Set the value of `n_init` explicitly to suppress the warning
  super()._check_params_vs_input(X, default_n_init=10)
/root/anaconda3/envs/relic/lib/python3.9/site-packages/sklearn/cluster/_kmeans.py:1416: FutureWarning: The default value of `n_init` will change from 10 to 'auto' in 1.4. Set the value of `n_init` explicitly to suppress the warning
  super()._check_params_vs_input(X, default_n_init=10)
(200, 5)
X(time slices): [0.    0.001 0.002 0.003 0.004 0.005 0.006 0.007 0.008 0.009 0.01  0.011
 0.012 0.013 0.014 0.015 0.016 0.017 0.018 0.019 0.02  0.021 0.022 0.023
 0.024 0.025 0.026 0.027 0.028 0.029 0.03  0.031 0.032 0.033 0.034 0.035
 0.036 0.037 0.038 0.039 0.04  0.041 0.042 0.043 0.044 0.045 0.046 0.047
 0.048 0.049 0.05  0.051 0.052 0.053 0.054 0.055 0.056 0.057 0.058 0.059
 0.06  0.061 0.062 0.063 0.064 0.065 0.066 0.067 0.068 0.069 0.07  0.071
 0.072 0.073 0.074 0.075 0.076 0.077 0.078 0.079 0.08  0.081 0.082 0.083
 0.084 0.085 0.086 0.087 0.088 0.089 0.09  0.091 0.092 0.093 0.094 0.095
 0.096 0.097 0.098 0.099 0.1   0.101 0.102 0.103 0.104 0.105 0.106 0.107
 0.108 0.109 0.11  0.111 0.112 0.113 0.114 0.115 0.116 0.117 0.118 0.119
 0.12  0.121 0.122 0.123 0.124 0.125 0.126 0.127 0.128 0.129 0.13  0.131
 0.132 0.133 0.134 0.135 0.136 0.137 0.138 0.139 0.14  0.141 0.142 0.143
 0.144 0.145 0.146 0.147 0.148 0.149 0.15  0.151 0.152 0.153 0.154 0.155
 0.156 0.157 0.158 0.159 0.16  0.161 0.162 0.163 0.164 0.165 0.166 0.167
 0.168 0.169 0.17  0.171 0.172 0.173 0.174 0.175 0.176 0.177 0.178 0.179
 0.18  0.181 0.182 0.183 0.184 0.185 0.186 0.187 0.188 0.189 0.19  0.191
 0.192 0.193 0.194 0.195 0.196 0.197 0.198 0.199]
X(shape): (200,)
Y(time series): [[-1.2478e+00 -2.6485e+00 -1.7064e+00 -1.2926e+00 -1.9503e+00]
 [-9.7395e-01 -6.3566e-01 -9.3147e-01 -3.4559e+00 -1.5177e+00]
 [-2.3436e+00 -1.2789e+00 -1.8458e+00  1.5573e-01  1.8835e-01]
 [ 6.7482e-01  1.2481e+00  1.0792e-01 -5.4064e-01 -5.5754e-01]
 [ 3.1753e+00  1.4266e+00  8.2905e-01  1.0731e+00  1.2445e+00]
 [-2.9249e+00 -7.4227e-02  3.8040e+00  2.0132e+00  1.7144e+00]
 [ 8.4591e-01 -1.3069e+00  1.7622e+00 -6.8410e-02 -1.1841e+00]
 [ 3.6297e+00  3.5683e-01 -2.7888e+00  1.6273e-01 -7.6476e-01]
 [ 4.6204e+00  2.8434e+00 -1.2777e+00 -7.6902e-01  3.1153e+00]
 [ 2.8865e-01 -9.2322e-01 -1.1095e-01  1.2805e+00  2.6181e+00]
 [-4.8664e+00  2.4980e+00  6.0444e-01  5.1088e+00  2.2136e+00]
 [-1.3628e+00  3.0177e+00  1.9097e+00  3.1640e+00  3.9324e+00]
 [ 3.4268e+00  4.3092e+00  2.6850e+00 -2.1255e-01  1.2180e+00]
 [ 1.3061e+00  2.8271e+00  1.5418e+00  8.8063e-01 -3.3060e-01]
 [-3.3975e+00 -5.0190e-01  2.1179e+00  1.5564e+00  7.2546e-02]
 [-3.2782e+00  7.0534e-01  2.1679e+00  5.4739e-01 -9.5265e-01]
 [ 4.1041e+00 -2.1053e+00 -1.6387e+00  3.3881e-01 -5.1031e-01]
 [-1.1913e-01 -2.8906e+00 -1.9718e+00 -7.6432e-01 -1.7738e+00]
 [-1.4070e+00 -2.4137e+00  4.2810e+00 -4.3062e-01 -1.0044e+00]
 [-1.0635e+00 -3.9812e+00  4.9642e-02 -4.3447e+00 -4.3064e+00]
 [ 3.2722e-01 -3.3101e+00 -6.0265e+00 -4.1341e+00 -7.9653e-01]
 [ 3.2047e+00  5.9366e-01 -2.4571e+00  3.2615e+00  2.8930e+00]
 [-1.9460e+00 -2.4179e+00 -2.4943e-01 -1.6748e+00 -1.2559e+00]
 [-2.9376e+00 -1.6736e+00  3.1531e+00 -3.1609e+00 -5.5104e+00]
 [ 6.2281e-01 -2.3106e+00 -7.3791e-02 -2.1250e+00 -3.4082e+00]
 [ 2.5707e+00  5.9792e-01 -3.9322e+00 -3.6243e+00 -2.7859e+00]
 [-2.8407e+00  1.3292e+00 -1.3756e+00 -1.4903e+00 -2.0478e+00]
 [ 9.2144e-01  3.4401e+00 -1.2981e+00  1.1933e+00  1.1237e+00]
 [ 3.8754e+00  3.7005e+00  3.2495e+00  2.3508e+00  5.8017e+00]
 [ 4.7062e+00  4.1589e-01  1.7496e+00  5.4424e-01  3.3936e+00]
 [ 6.9966e-01  2.2680e+00 -1.3829e+00  5.1036e-01 -1.1980e+00]
 [ 4.2143e-01  2.3594e+00 -2.1479e+00 -1.2508e+00 -1.0093e+00]
 [-3.2657e+00 -1.9357e+00 -1.4060e+00 -8.9450e-01 -3.7661e+00]
 [-4.2492e+00 -1.8925e+00 -2.4741e+00  4.0813e-01 -1.0288e+00]
 [-1.0812e+00 -2.1314e-02 -1.6133e+00 -1.5729e-01  1.4206e+00]
 [-1.2648e+00 -7.9037e-01  4.6824e-01  2.3876e+00 -1.6702e+00]
 [-2.4702e+00  1.9079e+00  1.8415e+00 -2.3585e-01 -4.8667e-01]
 [-3.6763e-01  6.1713e-01 -2.9848e+00 -9.7453e-01 -1.4130e-01]
 [ 1.0057e+00 -2.6000e+00 -1.8952e+00 -1.0881e+00 -1.2183e+00]
 [-1.8452e-01 -2.3148e+00 -2.3223e+00 -3.6761e-01 -2.0580e-01]
 [ 8.5615e-01  3.9747e-01  1.3933e+00  6.1282e-01  3.5355e+00]
 [ 7.2052e-01  3.2692e+00  6.1156e+00  2.8953e+00  2.6681e+00]
 [-1.2619e+00 -1.3732e+00  4.3501e+00  8.0443e-01 -1.1445e-01]
 [-1.4347e+00 -3.7907e+00 -2.5173e+00 -2.6403e+00 -3.6413e+00]
 [ 4.4024e-01 -1.9458e+00 -2.6070e+00 -3.5270e-01  1.7155e+00]
 [ 1.4618e+00 -1.0843e+00 -1.1168e+00  1.3301e+00 -6.1601e-02]
 [-1.6527e+00 -1.1232e+00  7.2216e-01  3.2785e-01  1.1298e+00]
 [ 1.2619e+00 -3.8609e-01  1.6236e+00  1.8277e+00  4.6505e+00]
 [ 3.4307e+00  1.5245e+00  4.1523e+00  1.6386e+00  5.2684e+00]
 [ 4.1525e+00  2.2230e+00  1.5443e+00  1.9727e+00  6.5002e+00]
 [-3.3428e-01  3.0309e+00 -2.8648e-01  4.8480e+00  1.1860e+00]
 [ 1.9896e+00  1.9570e+00 -8.3940e-01 -4.9914e-01  6.2951e-01]
 [-4.1200e-01 -2.7343e+00 -1.6304e+00 -1.8214e+00 -3.0179e+00]
 [-2.5305e+00 -4.1932e-01  1.0085e+00 -7.5051e-01 -2.2078e+00]
 [-1.9718e+00  2.0518e+00  8.0453e-01 -1.1285e+00  1.4685e+00]
 [-1.1672e+00  3.0158e+00  1.0320e+00 -7.7362e-01  1.5901e+00]
 [-9.3925e-01  1.2306e+00  3.8042e-01 -3.7929e-01 -1.1153e+00]
 [-1.0866e-01 -2.3515e+00 -2.6730e+00  3.5874e+00 -1.5906e-02]
 [-1.0517e+00 -2.1441e+00  1.2269e+00 -1.5376e+00 -8.3206e-01]
 [ 2.7607e-01 -1.2715e+00  1.1909e+00 -2.0196e+00  2.3061e+00]
 [ 1.5245e+00  4.0307e+00  2.5260e+00  1.9737e+00 -4.4394e-01]
 [-1.8407e+00 -2.2049e-02  4.6542e+00  9.2512e-01 -1.7213e+00]
 [-8.9797e-01 -2.5697e+00 -7.0069e-01 -3.1584e+00 -2.6781e+00]
 [ 1.3025e+00 -6.0150e-01 -2.0463e+00 -2.7633e+00  2.8327e+00]
 [ 1.7593e+00  7.7961e-01 -2.0468e+00 -1.6671e+00  2.3427e+00]
 [ 2.2378e+00 -3.1241e-01 -1.6950e+00 -2.3679e+00 -4.1173e+00]
 [ 2.3443e+00  5.5607e-03  1.1991e+00  3.8413e+00 -1.9570e+00]
 [-1.4366e+00  3.9245e-03 -2.6506e+00  3.4790e+00 -2.0882e+00]
 [-1.6992e+00 -3.3293e+00 -8.7769e-01 -9.1991e-01 -4.0478e+00]
 [ 4.8993e-01  1.4184e+00 -1.4292e+00  6.6155e-01 -3.7783e+00]
 [-1.1099e+00 -1.1319e+00  1.5817e+00  5.6682e+00  1.3179e+00]
 [-1.7713e+00  1.7595e+00  7.4292e+00  3.3474e+00  2.8068e+00]
 [-1.3809e-01  4.1572e+00  3.1869e+00 -2.1085e+00 -9.1986e-01]
 [-5.9852e-01  1.5576e+00 -3.3572e+00 -4.4111e+00 -6.3580e+00]
 [-1.3949e+00 -1.1879e+00 -5.5313e+00 -2.6894e+00 -4.1459e-01]
 [ 3.7861e+00  3.4788e+00 -8.9709e-01 -5.2431e-01  3.7054e+00]
 [ 6.0784e+00  3.5585e+00 -1.5919e-01  1.2746e+00  6.2010e+00]
 [-2.1549e+00  4.5576e+00  5.6789e+00 -8.9266e-02  4.7080e+00]
 [-6.0344e+00  1.2826e+00  1.1602e+00  1.1684e+00  2.5856e+00]
 [ 4.3760e-01 -1.8010e+00 -8.6784e-01 -2.8925e+00  2.1824e+00]
 [ 4.4785e+00 -2.0012e+00  7.2122e-02  6.9572e-01  3.8101e-01]
 [-5.3813e-01 -2.0040e+00 -1.4118e+00 -3.1439e+00 -8.8255e+00]
 [-2.4089e+00 -3.6250e+00 -4.5104e+00 -2.7899e+00 -3.6090e+00]
 [-1.0888e+00 -2.9259e+00 -1.6455e+00 -1.6652e+00 -3.2665e+00]
 [ 2.1864e-01 -2.3522e+00 -3.5651e-01 -1.0693e+00 -3.7436e+00]
 [ 8.3617e-01 -2.8770e-01 -2.2975e+00  3.6295e+00  2.6506e+00]
 [ 4.0624e+00 -1.2462e+00 -2.6634e+00  6.0399e-01  7.7070e-01]
 [-9.7544e-01  7.6360e-01 -3.4462e-01 -1.7821e+00 -1.0312e+00]
 [-7.0397e-01  1.7957e+00  1.5046e+00  4.8535e-01  4.8778e-01]
 [-6.2916e-01  6.6248e-01  3.5441e-02 -5.4429e-01 -2.4012e+00]
 [-2.0721e+00 -1.1612e+00  2.1456e-02  6.9033e-01 -4.1393e+00]
 [ 2.1821e+00 -1.7557e+00 -1.2487e-01 -1.0750e+00  3.1978e-01]
 [ 4.5466e+00 -1.2278e-02 -1.2119e+00 -2.0945e+00  3.6789e+00]
 [-7.7898e-01  7.2164e-01 -3.3279e-01  2.8149e-01 -5.0273e-01]
 [-6.8913e+00 -2.0126e+00 -2.6309e-01  2.8049e-02 -2.0129e+00]
 [-2.8492e+00 -3.6635e+00 -1.7879e-01 -1.3991e+00 -7.4548e-01]
 [-2.9659e-01 -3.2728e-01  1.0290e+00  1.9561e+00 -1.3062e+00]
 [ 1.1674e+00  4.5285e+00  1.6301e+00  1.3280e+00  2.1949e+00]
 [ 1.6106e-01  3.7894e+00  8.0771e-01  1.4150e-02  1.8890e+00]
 [-2.4346e+00 -1.3051e+00 -9.2851e-01  3.7285e+00  1.7440e+00]
 [ 9.9016e-01 -2.7242e+00 -6.9397e-02  1.7546e+00  4.8047e-01]
 [ 2.0119e+00 -2.4607e+00  3.1655e+00 -9.2952e-01  1.6879e+00]
 [ 3.8368e+00  1.3788e+00  1.8258e+00  1.6924e+00  5.0419e+00]
 [ 3.3449e+00  2.4949e+00 -3.0469e-01  1.4555e-01  2.9369e+00]
 [-1.5182e+00  2.3065e-01 -9.2646e-01 -9.5192e-01 -1.7280e+00]
 [-5.1459e+00 -2.0615e+00  9.7906e-01 -2.4418e-01  1.9317e-02]
 [-1.6498e+00 -1.2486e+00 -3.9073e-01 -1.4122e+00  1.4046e+00]
 [ 1.3739e+00  2.7351e+00  2.0508e+00  1.2864e+00  2.6380e+00]
 [ 1.8143e-01  2.5714e+00  7.6172e-01 -2.4740e-01 -4.8315e-01]
 [-2.0167e+00 -4.8455e-01  4.8021e-01  9.6119e-01 -3.0555e+00]
 [-6.5784e-01  1.2143e+00  1.2602e-01  1.2262e+00  9.2634e-01]
 [ 3.2924e+00  1.5626e+00  3.7191e+00  2.4235e+00  6.7880e+00]
 [-1.2283e-01 -1.2320e-01 -1.2661e-01 -1.0787e+00 -1.1667e+00]
 [-2.5300e+00 -4.1650e+00 -2.3373e+00 -2.3265e+00 -5.5242e+00]
 [ 5.8843e+00 -3.1858e+00 -2.1345e+00 -2.5800e-01  4.1887e+00]
 [ 4.5963e+00  1.3528e+00 -2.8235e-01 -3.6236e-01  3.0104e+00]
 [ 1.2867e+00 -3.8786e-01 -7.5985e-01  3.4310e+00  1.0527e+00]
 [ 9.8984e-01 -7.3470e-01  6.5956e-01  2.1787e+00 -4.3310e-01]
 [-7.8212e-02 -4.3578e-01 -1.2513e+00 -4.2785e+00 -6.2586e-01]
 [-2.0032e+00  3.1090e+00 -1.2017e-01 -3.6321e-02 -2.2358e-01]
 [-6.0577e+00  4.0035e-02 -1.4837e+00 -3.1427e+00 -5.7632e+00]
 [-4.2488e+00 -2.7135e+00 -2.8135e-01 -1.0088e+00 -3.4708e+00]
 [-2.2776e+00 -2.5194e+00 -1.1021e+00 -5.5186e-01 -1.0409e+00]
 [-1.7660e+00 -1.2202e+00  4.2414e-02  4.1049e+00  2.5434e+00]
 [-1.0737e+00 -2.8338e-01 -2.0784e-01  2.8063e+00 -2.0142e+00]
 [ 6.5271e-02 -4.3897e-01  2.4556e-01  1.8908e+00 -1.4301e+00]
 [-2.7610e-01 -6.1511e-01  4.4749e-01 -5.0384e+00 -1.6971e+00]
 [-5.6175e-01 -1.7688e+00  3.9787e-01 -2.3726e+00 -3.5871e+00]
 [ 1.2356e+00  9.6694e-01  2.0869e+00 -7.8400e-01  1.8233e+00]
 [-1.8606e-01  1.8369e+00  5.1128e+00 -1.0869e-01  1.4505e+00]
 [ 4.3729e-02  1.0071e+00  1.4395e-01  7.4392e-01 -4.8531e-01]
 [ 5.4936e+00  5.0457e-01 -2.6927e-01 -2.5727e+00  1.4372e-01]
 [ 4.4571e+00  3.7911e+00  2.3017e+00  2.5086e+00  4.2340e+00]
 [ 3.1474e+00  4.8441e+00  2.6779e+00  1.9918e+00  3.4446e+00]
 [ 2.3021e+00  3.6071e+00 -1.9447e+00 -1.2093e+00 -1.8043e+00]
 [-1.0403e+00  3.3775e+00 -1.4715e+00 -5.1385e-01 -1.4436e+00]
 [-3.8955e+00  5.9213e-01 -1.2860e+00 -7.2727e-02 -2.4293e-01]
 [-2.3768e-01  1.7690e+00 -1.8136e+00  7.8037e-01  1.1460e+00]
 [-5.7096e-01 -4.2118e-01 -1.4065e+00  2.2034e+00 -2.5969e+00]
 [ 2.3412e+00 -3.3254e+00 -4.0960e+00  3.7157e-01  2.8537e+00]
 [-1.2810e+00 -1.8269e+00 -1.4548e+00 -3.7427e+00  1.4744e+00]
 [-2.4550e+00 -3.5128e+00  1.6206e+00  9.4231e-01 -4.0118e-01]
 [-8.4210e-01 -1.6523e+00 -4.1063e-01 -1.3291e+00 -7.0393e+00]
 [ 3.3569e-01 -1.4060e+00 -1.6322e+00  1.0316e-01 -2.2514e-01]
 [-5.8183e-02 -5.9615e-01 -4.1604e-01  5.2802e-01  1.6216e+00]
 [ 4.1336e+00  1.1034e+00 -1.9931e+00 -2.3862e+00  9.5921e-01]
 [ 4.5764e+00  2.6119e+00 -7.2531e-01  7.9939e-01  8.6017e-01]
 [ 1.4435e+00  3.6450e+00  2.3379e+00  1.0431e+00  1.8689e-01]
 [ 1.1863e+00  1.7451e+00 -4.1754e-01  1.1464e+00 -1.4137e+00]
 [-3.3119e+00 -1.2833e+00 -3.7509e-02  1.6156e+00 -4.3208e+00]
 [-1.8847e+00 -2.5819e+00 -2.6677e+00  1.0268e+00  1.2465e+00]
 [-5.0183e-01 -3.6885e+00 -1.4283e-01  2.0961e+00 -3.6286e-01]
 [-1.4440e+00 -1.5982e+00  3.5485e+00  1.5557e+00  3.3165e+00]
 [-3.4127e+00 -1.8681e+00  3.1986e+00  5.7161e-01  2.5701e+00]
 [-1.7314e+00  2.2393e+00 -2.4095e+00 -3.4193e+00 -4.4208e+00]
 [ 1.1612e+00  9.3867e-01 -1.0692e+00 -3.4595e+00 -4.3875e+00]
 [-4.1474e-01 -1.6213e-01 -2.0352e+00 -2.5817e+00 -1.5822e-01]
 [ 1.0300e+00 -1.3925e+00 -2.7023e-01 -1.0669e+00 -9.2194e-01]
 [-1.2039e+00 -1.1525e+00  7.3070e-02  1.5885e+00  1.2030e+00]
 [-9.8883e-01  3.0707e-01  1.5744e+00 -7.6173e-01  6.3181e-01]
 [-9.4170e-01 -3.7382e-01  6.2668e-01  3.0445e+00  1.2537e+00]
 [-2.4705e-01  2.9183e+00  6.3280e-01  1.8495e+00  4.9769e+00]
 [ 9.1189e-01  6.9169e-01 -1.6918e+00 -2.8532e+00  3.9189e-01]
 [-1.3658e+00 -7.3142e-01  5.8042e-01 -5.7941e+00 -4.3903e+00]
 [ 1.0490e+00 -1.6297e+00  5.6469e+00  5.8479e-01  3.7841e+00]
 [ 5.5806e+00  5.6769e-01  3.6756e+00 -2.5800e-01  8.2775e+00]
 [ 3.9173e+00  2.3783e+00  1.4089e-01  1.1186e+00  2.1382e+00]
 [ 5.3579e+00  2.1011e+00  1.0317e+00  1.3688e+00 -3.1447e-01]
 [ 1.6625e+00  1.9014e+00 -1.1202e+00 -1.2714e+00  2.9608e-01]
 [-8.1756e-02 -3.2955e-01 -1.8504e+00  5.8440e-01  5.1346e-01]
 [-5.0977e+00 -1.2957e+00  5.3304e+00  4.2602e+00 -2.1841e-01]
 [-3.8263e+00 -5.7066e-01  4.0294e+00  1.2333e+00 -8.7223e-01]
 [-2.2051e+00  1.9939e+00  4.4309e+00  9.2499e-01  1.6363e+00]
 [-2.1240e+00  2.3481e+00 -3.0638e+00  1.4669e+00 -2.6206e+00]
 [-3.4444e-01 -1.6338e+00 -5.3903e+00 -2.6517e+00 -1.0707e+00]
 [ 1.9133e+00 -1.6539e+00 -5.4967e+00 -4.1295e+00 -3.3777e+00]
 [-1.2109e+00 -2.4906e+00 -1.3927e+00  2.0224e+00 -2.3760e+00]
 [-1.5375e+00 -6.6050e-01 -2.0906e-01  2.4419e+00  3.9034e+00]
 [ 3.6805e+00  2.0391e+00 -1.4158e+00  2.0025e+00  4.3047e+00]
 [-7.8662e-01 -8.7270e-01 -1.4956e+00  1.6981e+00  1.6517e+00]
 [-1.4912e+00 -3.6325e+00 -1.2377e+00  4.7314e-01 -6.7051e-01]
 [ 2.7601e+00 -3.6766e-01  3.1596e-01 -4.1055e+00 -5.6773e+00]
 [-3.0638e+00 -2.1169e+00 -8.3520e-01 -2.0264e+00 -3.8358e+00]
 [-2.2843e+00  5.6907e-01 -1.0217e+00 -1.1496e+00  2.8622e+00]
 [-2.0794e+00  1.4456e+00  6.5657e-01  7.8334e-02 -1.8454e+00]
 [-1.4861e+00  2.8890e+00  2.9682e+00  7.8800e-01 -2.4735e+00]
 [-5.7265e-01 -1.1761e+00  3.8891e-01  2.5963e+00  7.4317e-01]
 [-4.2061e-01 -8.9299e-01 -8.2971e-01  6.0358e-02  1.8151e-01]
 [ 2.8371e+00 -5.3729e-01  3.1377e+00  2.6106e+00  1.5908e+00]
 [ 1.5692e+00  2.0603e-01  1.0582e+00  1.7206e+00 -1.3337e+00]
 [-3.6501e+00 -1.8870e+00 -1.6160e+00 -4.2996e+00 -8.3864e+00]
 [-9.7326e-01 -4.9032e-01 -1.5607e+00 -3.5199e+00 -3.2841e+00]
 [ 4.9897e+00  9.1806e-01 -5.6738e-01 -8.2591e-01  5.2537e+00]
 [ 1.6056e+00  7.3566e-01  1.9571e+00 -1.0406e+00  1.8845e+00]
 [-2.2769e+00 -2.0751e+00  5.1207e+00  8.8019e-01 -4.8366e-01]
 [ 5.4773e+00  3.5965e+00  3.3503e+00  3.8027e+00  2.4097e+00]
 [ 2.9206e+00  1.3295e+00 -3.5805e+00  3.7631e+00  2.0350e+00]
 [-2.1420e+00 -7.1688e-01 -2.8118e+00  1.2427e+00  1.4433e+00]
 [-3.8776e+00 -5.7958e-01 -1.7513e+00 -1.1975e-01 -1.9387e-01]
 [-8.7129e-01 -1.1789e+00 -2.2447e+00 -4.2888e+00 -1.4243e+00]]
Y(shape): (200, 5)
(190, 10, 1) (190, 10, 5) (190, 1, 1) (190, 1, 5)
total samples 190
training samples: 114 validation samples: 38 testing samples: 38
seed 10 test MSE 6.397125720977783 test r2 0.07165981693848791
seed 11 test MSE 6.2319111824035645 test r2 0.06545979000966115
seed 12 test MSE 6.8892130851745605 test r2 -0.0044084197198618336
seed 13 test MSE 6.229294776916504 test r2 0.07599031219285497
seed 14 test MSE 6.665387153625488 test r2 0.02697751577862768
seed 15 test MSE 5.980027198791504 test r2 0.1018807807602212
seed 16 test MSE 6.459417819976807 test r2 0.06058399176442264
seed 17 test MSE 6.549228668212891 test r2 0.04353877251578433
seed 18 test MSE 6.641989231109619 test r2 0.02748936170500884
seed 19 test MSE 6.858689308166504 test r2 0.0025134388971158163
(10, 5, 5)
(10, 5, 5)
[[0.20682584 0.18085815 0.20750629 0.17992855 0.22488117]
 [0.20172265 0.17958294 0.18222549 0.16747441 0.26899451]
 [0.17794669 0.14523944 0.17671191 0.19797459 0.30212738]
 [0.19560988 0.17590821 0.21864274 0.19805204 0.21178713]
 [0.19401019 0.16421304 0.21034177 0.21137844 0.22005656]]
[(0, 0, 1), (2, 0, 1), (4, 0, 1), (4, 1, 1), (4, 2, 1), (2, 3, 1), (4, 3, 1), (0, 4, 1), (2, 4, 1), (3, 4, 1), (4, 4, 1)]
===================Results===================
0 causes 0 with a delay of 1 time steps.
2 causes 0 with a delay of 1 time steps.
4 causes 0 with a delay of 1 time steps.
4 causes 1 with a delay of 1 time steps.
4 causes 2 with a delay of 1 time steps.
2 causes 3 with a delay of 1 time steps.
4 causes 3 with a delay of 1 time steps.
0 causes 4 with a delay of 1 time steps.
2 causes 4 with a delay of 1 time steps.
3 causes 4 with a delay of 1 time steps.
4 causes 4 with a delay of 1 time steps.
===================Evaluation===================
Total False Positives': 4
Total True Positives': 7
Total False Negatives: 7
Total Direct False Positives: 6
Total Direct True Positives: 5
TPs': ['0->0', '2->0', '4->0', '4->1', '4->2', '4->3', '4->4']
FPs': ['2->3', '0->4', '2->4', '3->4']
TPs direct: ['0->0', '4->0', '4->2', '4->3', '4->4']
FPs direct: ['2->0', '4->1', '2->3', '0->4', '2->4', '3->4']
FNs: ['1->0', '1->1', '2->1', '3->1', '2->2', '3->2', '3->3']
(includes direct and indirect causal relationships)
Precision': 0.6363636363636364
Recall': 0.5
F1' score: 0.56
(includes only direct causal relationships)
Precision: 0.45454545454545453
Recall: 0.4166666666666667
F1 score: 0.43478260869565216
Percentage of delays that are correctly discovered: 100.0%
