/root/anaconda3/envs/relic/lib/python3.9/site-packages/sklearn/cluster/_kmeans.py:1416: FutureWarning: The default value of `n_init` will change from 10 to 'auto' in 1.4. Set the value of `n_init` explicitly to suppress the warning
  super()._check_params_vs_input(X, default_n_init=10)
/root/anaconda3/envs/relic/lib/python3.9/site-packages/sklearn/cluster/_kmeans.py:1416: FutureWarning: The default value of `n_init` will change from 10 to 'auto' in 1.4. Set the value of `n_init` explicitly to suppress the warning
  super()._check_params_vs_input(X, default_n_init=10)
/root/anaconda3/envs/relic/lib/python3.9/site-packages/sklearn/cluster/_kmeans.py:1416: FutureWarning: The default value of `n_init` will change from 10 to 'auto' in 1.4. Set the value of `n_init` explicitly to suppress the warning
  super()._check_params_vs_input(X, default_n_init=10)
/root/anaconda3/envs/relic/lib/python3.9/site-packages/sklearn/cluster/_kmeans.py:1416: FutureWarning: The default value of `n_init` will change from 10 to 'auto' in 1.4. Set the value of `n_init` explicitly to suppress the warning
  super()._check_params_vs_input(X, default_n_init=10)
/root/anaconda3/envs/relic/lib/python3.9/site-packages/sklearn/cluster/_kmeans.py:1416: FutureWarning: The default value of `n_init` will change from 10 to 'auto' in 1.4. Set the value of `n_init` explicitly to suppress the warning
  super()._check_params_vs_input(X, default_n_init=10)
(200, 5)
X(time slices): [0.    0.001 0.002 0.003 0.004 0.005 0.006 0.007 0.008 0.009 0.01  0.011
 0.012 0.013 0.014 0.015 0.016 0.017 0.018 0.019 0.02  0.021 0.022 0.023
 0.024 0.025 0.026 0.027 0.028 0.029 0.03  0.031 0.032 0.033 0.034 0.035
 0.036 0.037 0.038 0.039 0.04  0.041 0.042 0.043 0.044 0.045 0.046 0.047
 0.048 0.049 0.05  0.051 0.052 0.053 0.054 0.055 0.056 0.057 0.058 0.059
 0.06  0.061 0.062 0.063 0.064 0.065 0.066 0.067 0.068 0.069 0.07  0.071
 0.072 0.073 0.074 0.075 0.076 0.077 0.078 0.079 0.08  0.081 0.082 0.083
 0.084 0.085 0.086 0.087 0.088 0.089 0.09  0.091 0.092 0.093 0.094 0.095
 0.096 0.097 0.098 0.099 0.1   0.101 0.102 0.103 0.104 0.105 0.106 0.107
 0.108 0.109 0.11  0.111 0.112 0.113 0.114 0.115 0.116 0.117 0.118 0.119
 0.12  0.121 0.122 0.123 0.124 0.125 0.126 0.127 0.128 0.129 0.13  0.131
 0.132 0.133 0.134 0.135 0.136 0.137 0.138 0.139 0.14  0.141 0.142 0.143
 0.144 0.145 0.146 0.147 0.148 0.149 0.15  0.151 0.152 0.153 0.154 0.155
 0.156 0.157 0.158 0.159 0.16  0.161 0.162 0.163 0.164 0.165 0.166 0.167
 0.168 0.169 0.17  0.171 0.172 0.173 0.174 0.175 0.176 0.177 0.178 0.179
 0.18  0.181 0.182 0.183 0.184 0.185 0.186 0.187 0.188 0.189 0.19  0.191
 0.192 0.193 0.194 0.195 0.196 0.197 0.198 0.199]
X(shape): (200,)
Y(time series): [[-9.3696e-02  3.0914e-01  9.1717e-01 -9.6692e-01  5.3896e-01]
 [ 4.0972e-01  5.8512e-01 -1.4143e+00  6.1365e-01  2.2409e+00]
 [ 2.0503e-01  6.8523e-01  7.3382e-01  5.6901e-01  1.5557e+00]
 [ 3.9505e+00 -1.1326e+00  3.1110e-01  1.1487e+00 -7.6462e-01]
 [ 5.1504e+00  1.7547e+00  3.0750e+00  2.2396e-01  7.2577e-01]
 [ 2.4868e+00  2.5640e+00  6.5570e+00  4.6056e+00  2.0581e+00]
 [-3.5103e+00 -4.6025e-01  2.6277e+00 -4.6162e-01 -6.2523e-01]
 [ 1.6817e+00  1.3000e+00 -3.8886e+00 -1.3555e+00 -5.6498e-01]
 [ 3.0636e+00 -4.8780e-01 -3.2493e+00 -1.4153e+00 -3.6953e-01]
 [-3.6672e+00 -2.1137e+00 -5.5107e-01  1.3650e+00  2.0467e+00]
 [-6.3771e+00 -1.6321e+00 -3.8611e+00  2.1120e+00  1.6307e+00]
 [-4.6457e+00  2.3517e+00 -2.8819e-01  6.8729e-01  2.0695e-01]
 [-5.7778e-01  3.2716e+00  3.1025e-01 -4.6368e+00 -4.8942e+00]
 [ 1.1022e+00 -6.1365e-01 -8.8883e-01 -3.6250e+00 -7.3303e+00]
 [-2.3865e+00  3.4940e-01  6.2314e-01  9.8137e-01 -2.0058e+00]
 [-6.1184e+00 -6.6554e-01  1.2411e+00  4.4414e-01 -2.1829e+00]
 [ 1.0391e+00 -4.9635e+00 -3.0111e+00 -6.2010e-01  7.8082e-01]
 [-5.2216e-01 -2.0210e+00 -7.1853e-01  2.0253e-01  1.2003e-01]
 [-1.4662e+00 -2.7595e+00  2.9621e+00 -1.0254e+00 -2.3323e+00]
 [-1.2850e+00 -1.9459e+00 -1.8078e+00 -3.4365e+00 -1.8701e+00]
 [ 1.2284e+00 -1.7404e+00 -5.3562e+00 -5.7065e-01  2.6218e+00]
 [ 2.2693e+00 -1.6804e+00 -2.1340e+00  1.6522e+00  4.3271e+00]
 [-2.5189e+00 -2.7357e+00 -1.1464e+00  1.5917e+00 -3.8681e-01]
 [-1.4755e+00 -2.6177e+00  2.5491e+00 -2.2100e+00 -5.5581e+00]
 [-2.7971e+00 -3.4801e+00 -2.0584e+00 -3.6151e+00 -3.4653e+00]
 [ 2.4451e+00  2.9193e+00 -3.3088e+00 -4.5847e+00 -5.7689e-01]
 [ 2.4732e+00  4.5101e+00 -1.1874e+00  1.0312e-01  7.4910e-01]
 [ 9.9267e-01  5.8131e+00  2.7665e+00  2.6754e+00  2.3800e-01]
 [ 2.2940e+00  5.5892e+00  4.9966e+00  1.6961e+00  5.8114e+00]
 [ 7.2263e+00  2.3390e+00  2.7802e+00  1.6482e+00  7.1141e+00]
 [ 6.9159e+00  4.9076e+00 -1.4722e+00  1.2264e+00  2.1924e+00]
 [ 2.8385e+00  3.0584e+00 -2.5684e-01  8.6674e-01 -1.8355e+00]
 [-3.0923e-01 -3.9137e+00 -2.8507e+00 -1.2551e+00 -1.1297e-01]
 [-4.5654e+00 -1.6122e+00  6.1307e-01 -8.4011e-01  2.3373e+00]
 [-3.0824e+00 -4.0448e+00 -7.3447e-01  1.8330e-01  1.3523e+00]
 [-2.6552e+00 -2.3046e+00 -1.3152e+00  2.1745e+00 -3.6218e+00]
 [-1.4636e+00  9.7888e-01 -1.8369e+00 -4.6793e-01 -3.1815e+00]
 [-1.7018e+00  1.1460e+00  2.4251e+00  5.2680e-03 -1.2744e+00]
 [-1.0794e+00 -3.2492e+00  9.7058e-01  3.5468e-01  5.4776e-02]
 [ 1.8684e+00 -1.7442e+00  1.3690e+00  1.6093e-01  2.1058e+00]
 [ 9.9974e-01  9.3236e-01  2.3181e+00  2.2238e+00  4.4430e+00]
 [ 4.1854e+00  3.6580e+00  8.3842e+00  5.1330e+00  3.8086e+00]
 [ 9.7806e-01  8.2762e-01  5.2864e+00  2.5918e+00  1.1073e+00]
 [-1.7300e+00 -7.3695e-01 -1.2224e+00  1.4784e+00 -6.2030e-01]
 [ 1.7322e-01 -8.8362e-01 -3.6152e+00  1.5485e+00 -3.8364e-01]
 [ 7.8355e-01  4.2640e-01  3.1552e+00  2.0528e+00  3.3913e-01]
 [ 1.0186e+00 -5.7136e-01  2.7415e-01 -1.0730e+00  1.7784e+00]
 [ 9.1792e-01 -1.0098e+00  9.2301e-01  2.1759e-01  2.1332e+00]
 [ 4.8469e+00  1.2513e+00  4.9685e+00  1.8593e+00  2.4773e+00]
 [ 5.7115e+00  3.0978e+00 -2.8349e-02  7.9136e-01  4.2919e+00]
 [ 1.7115e+00  4.4629e+00 -6.6643e-01  5.1738e+00  3.0925e+00]
 [ 1.8032e+00  3.6743e+00 -4.2450e-01 -1.7813e+00 -2.4108e+00]
 [-1.9978e+00 -2.2102e-01 -1.6795e+00  1.6330e-01 -2.4619e+00]
 [-4.5170e+00 -2.9987e-01 -1.3632e+00 -3.2179e+00 -1.9898e+00]
 [-1.6584e+00  3.1486e+00  3.4530e-01 -1.3527e+00 -1.5051e+00]
 [-3.5959e+00  2.3498e+00 -1.0888e+00 -2.4354e+00 -3.2233e+00]
 [ 1.5736e-01 -1.9240e+00 -2.1085e+00 -9.8810e-01 -1.9678e+00]
 [-2.3392e+00 -4.6821e+00 -3.6905e+00  1.4813e+00 -6.2792e-01]
 [-4.0686e-01 -1.6544e+00  4.6421e-01 -2.2880e+00  1.2693e+00]
 [ 1.4694e+00 -2.9599e+00  8.2427e-02 -1.8211e+00  2.4109e+00]
 [ 1.4472e+00  3.4180e+00  2.5446e+00  4.2872e-01 -6.5604e-01]
 [-8.3827e-01 -1.0502e+00  4.0169e+00 -2.7996e-01 -2.1653e+00]
 [-1.9692e+00 -1.4217e+00  6.0023e-01 -1.6332e+00 -4.0930e-01]
 [-2.8358e+00 -2.1881e+00 -3.0770e+00 -1.8410e+00  3.5000e+00]
 [-1.2146e+00 -3.1384e+00 -3.9564e+00 -3.1896e+00  1.1083e+00]
 [-9.6264e-01 -3.1616e-01 -3.1986e+00 -2.6919e+00 -4.7417e+00]
 [ 1.5459e+00 -3.6353e-01 -2.2567e+00 -7.6967e-02 -4.2930e+00]
 [-1.6080e+00 -1.8274e+00 -4.2518e+00  1.6068e+00 -2.0885e+00]
 [-2.8061e+00 -1.8141e+00  2.7030e-01 -1.5007e-01 -3.8413e+00]
 [-1.4342e-01 -9.3198e-01  8.5879e-01 -4.2775e-01 -2.0846e+00]
 [-4.9919e-01  8.8619e-02  2.7389e+00  4.2229e+00  1.9290e+00]
 [ 1.0056e+00  4.0205e+00  6.8316e+00  5.0312e+00  2.0043e+00]
 [ 1.8341e+00  4.5477e+00  4.2318e+00 -1.2131e+00 -6.1287e-01]
 [ 4.7233e-01  1.8242e+00 -1.8658e+00 -4.4536e+00 -4.4738e+00]
 [ 3.3073e-01 -2.6126e+00 -3.4088e+00 -2.6313e+00 -1.3886e+00]
 [ 2.0164e+00  2.9993e+00 -7.3172e-01 -3.7954e+00 -5.2673e-01]
 [ 3.4475e+00  3.7754e+00  1.6908e+00 -1.7036e+00  4.0015e+00]
 [ 3.8448e+00  3.3536e+00  2.8986e+00  2.2719e+00  4.6895e+00]
 [-2.3362e+00  2.0721e+00  2.5402e+00  1.7804e+00  2.9421e+00]
 [-1.2260e+00 -2.9986e+00 -3.9086e-01  7.8366e-01  2.3932e+00]
 [ 2.4731e+00 -1.4112e+00  1.9250e+00  1.7776e+00  2.2243e+00]
 [ 1.2716e+00 -7.3089e-01 -2.5100e+00 -1.6169e+00 -3.9296e+00]
 [-1.8261e+00 -2.8679e+00 -4.4846e+00 -8.8228e-01 -1.8042e+00]
 [-2.5464e+00 -2.2149e+00 -4.2415e+00 -3.3693e-01 -3.5835e+00]
 [-1.4316e+00  1.2228e+00 -2.3424e+00 -5.3364e-02 -2.7625e+00]
 [-1.0775e-01 -2.9228e+00 -1.9717e+00  3.4939e+00 -4.0432e-01]
 [ 2.2951e+00 -5.1721e-01 -3.6825e-01 -6.3888e-01  1.9462e-01]
 [-2.7461e-01 -5.8365e-01 -4.5024e+00 -2.9914e+00 -1.5648e+00]
 [-1.9333e+00  2.7595e+00 -2.7967e-01 -1.1660e-01  2.6326e+00]
 [-1.9652e+00  2.3945e+00 -1.3584e+00  7.7968e-03 -1.3766e+00]
 [-1.4816e+00 -1.0425e+00 -2.1016e-01 -1.4052e+00 -3.2601e+00]
 [ 1.5768e+00 -7.2163e-01  8.4184e-01 -1.2666e-02 -1.4968e+00]
 [ 4.8341e+00 -3.4873e-01  1.8037e+00  1.1664e+00  2.2531e+00]
 [ 1.4162e+00 -1.6520e+00 -2.2180e-01 -5.8579e-01  7.4875e-01]
 [-2.6069e+00 -2.0338e+00  3.5489e-01  1.0727e+00  2.0345e+00]
 [-2.1272e+00 -1.8785e+00  3.2063e-01  2.4306e+00  1.0289e+00]
 [-2.7119e+00 -8.6408e-01  2.0945e+00  1.6899e+00  7.9755e-01]
 [ 2.6905e+00  4.6976e+00  3.5898e+00  3.4322e+00  2.8973e+00]
 [ 7.1970e-01  4.4464e+00  2.4015e+00  1.3935e+00  2.3448e+00]
 [-7.5361e-01  1.8115e-01  1.7974e+00  5.6793e+00  5.2165e+00]
 [ 4.5890e-01 -3.2013e+00  1.0906e+00  1.9377e+00  4.4116e-01]
 [-2.5087e-01 -2.9492e+00  2.9544e+00 -6.5734e-01  7.5363e-01]
 [ 4.2254e+00 -2.8875e+00 -2.3067e-01  1.4810e+00  2.9400e+00]
 [ 2.1588e+00  7.4931e-01 -4.3814e-01 -1.4270e+00 -2.6230e-01]
 [-2.2079e+00 -9.0084e-01 -2.0743e+00 -5.5628e+00 -1.7449e+00]
 [-5.9729e+00 -3.1528e+00 -2.4256e+00 -4.6350e+00 -9.0291e-01]
 [-5.5104e+00 -1.4869e+00 -1.3822e+00 -2.9135e+00  1.8071e+00]
 [-1.5986e+00  1.6636e+00 -2.0438e+00 -4.7932e-01  4.4793e-01]
 [-1.7423e+00  1.4842e+00  5.6209e-01 -1.4421e+00 -5.2690e+00]
 [-3.3008e+00 -1.6548e+00 -2.0525e+00 -3.2559e+00 -5.7624e+00]
 [-4.0091e+00  2.2379e+00  4.3858e-01 -5.2870e-01 -3.3033e+00]
 [ 3.1978e-01  1.8373e+00  5.4678e+00  2.9083e+00  1.8317e-02]
 [ 3.3854e+00  4.4616e-01  1.0552e+00 -2.9772e-01  3.4069e-01]
 [-8.9179e-01 -2.8840e+00 -3.7935e+00 -2.4018e+00 -1.9247e+00]
 [ 4.4359e+00 -1.1400e+00  4.5969e-02  2.3108e-01  4.4541e+00]
 [ 7.0172e+00  4.4572e-01  9.1781e-01  1.6772e-01  2.5160e+00]
 [ 4.8898e+00  9.5300e-01  2.2051e+00  7.4884e+00  3.2329e+00]
 [ 2.6427e+00  4.2860e-01 -2.5428e+00  2.7284e+00  3.7554e-02]
 [ 1.1687e+00 -2.7110e+00 -3.8919e-01 -6.2703e-01 -1.3607e+00]
 [ 1.3818e+00  4.5979e+00  2.8069e-01 -1.6537e-01 -2.0747e+00]
 [-4.2832e+00 -7.5630e-01 -9.3300e-01  5.1299e-01 -3.0621e+00]
 [-5.2614e+00 -1.5610e+00  2.1672e+00  9.4621e-01 -6.4490e-01]
 [-1.3884e+00 -1.1459e+00  3.9048e-01 -2.3201e-01  1.5797e+00]
 [-1.0060e+00  5.0048e-01 -2.4490e-01  4.4561e+00  3.8040e+00]
 [-2.0723e+00 -6.4385e-03 -1.2139e+00  3.8633e+00  3.0644e+00]
 [-8.7736e-01  8.4083e-01 -3.3640e-01  1.2926e+00  2.9578e-01]
 [ 2.9596e-01 -3.2114e-01 -1.2372e+00 -1.8721e+00  6.4010e-02]
 [-1.0381e+00  2.3903e+00  3.0989e+00 -4.9580e+00 -1.3594e+00]
 [-6.6870e-01  1.9814e+00  4.6294e+00  1.3832e+00  1.3132e+00]
 [ 2.8491e+00  3.3550e+00  5.6690e+00  2.9021e-01  2.9573e+00]
 [ 1.8366e+00  2.0507e+00  2.3033e+00  9.0708e-01 -7.3245e-01]
 [ 4.7794e+00  2.6404e+00  8.7604e-01 -2.3042e+00 -1.1170e+00]
 [ 5.7319e+00  4.2681e+00  7.2827e-01 -1.1519e+00  1.1769e+00]
 [ 4.0720e+00  4.0088e+00  4.4506e+00 -1.3740e-01  9.7812e-01]
 [ 3.9549e+00  9.4727e-01 -5.3546e-01 -3.1674e+00 -1.5683e+00]
 [-4.3611e-01  1.9155e+00 -3.3791e+00 -1.2445e+00  4.0735e-02]
 [-3.3745e+00  1.0602e+00 -3.0860e+00 -3.3662e-01 -8.0763e-01]
 [-3.0079e+00  1.4538e+00 -2.4905e+00 -2.3748e+00  4.3069e-01]
 [ 1.0114e+00 -7.3948e-01 -1.7649e+00  1.1476e+00 -2.2362e+00]
 [ 9.7675e-01 -3.8727e+00 -3.6919e+00 -2.2005e-02  2.0042e+00]
 [-2.6183e+00 -5.4078e+00 -2.3401e+00 -8.5299e-01  4.4797e-01]
 [-4.3580e+00 -5.6059e+00 -1.1632e-01 -1.7488e+00 -4.1295e+00]
 [-1.1129e+00 -1.8491e+00 -2.7969e+00 -2.1597e+00 -3.3050e+00]
 [-1.9882e+00 -6.2582e-01 -1.0484e+00  6.5286e-02 -1.7483e+00]
 [-2.1036e-01 -3.0184e-01  1.7941e+00  1.2914e+00  3.7821e+00]
 [ 6.3491e+00  1.4731e+00  6.3595e-01  2.7715e-01  9.4582e-01]
 [ 7.3647e+00  6.0050e+00  2.4439e+00  3.4289e+00  2.6130e-01]
 [ 2.3230e+00  7.0499e+00  2.0549e+00  8.8162e-01  1.5643e+00]
 [ 2.5700e+00  5.4669e+00  1.2000e+00  3.8940e-01  2.0088e+00]
 [-2.6429e+00 -2.1056e+00 -2.6341e+00  3.9396e+00 -2.0943e-01]
 [-3.5610e+00 -4.8042e+00 -2.3530e+00  3.8218e+00 -1.0199e+00]
 [-1.5237e+00 -4.6375e+00 -1.8841e+00  8.3279e-01 -1.5057e+00]
 [-3.0941e+00 -1.8960e+00  3.0136e+00  1.4328e+00  1.5747e+00]
 [-2.7044e+00 -1.5965e+00  1.6356e+00  1.4335e+00  3.2976e+00]
 [-2.0665e+00 -2.9245e-02 -2.6014e+00 -2.5077e+00 -4.1083e+00]
 [-7.0637e-01 -7.1909e-01 -1.1282e+00 -3.1057e+00 -3.5187e+00]
 [-6.9054e-01 -2.3237e+00 -1.6457e+00 -4.1642e+00 -3.1461e+00]
 [-5.5459e-01 -2.4167e+00 -2.0352e-01 -1.9388e+00 -1.5161e+00]
 [ 3.4879e-01 -9.1767e-01 -5.9320e-01  1.0529e+00  2.4863e+00]
 [ 7.0555e-02 -1.3916e+00  4.6805e-01  6.2403e-01  2.7341e-01]
 [ 3.3759e-01  3.1593e-01 -2.5640e-01  1.7794e+00  4.3103e-01]
 [-7.7471e-01  7.2186e-01 -5.1171e-01  2.1070e+00  6.4796e+00]
 [-2.1701e+00 -1.7652e+00 -2.2853e+00 -8.3118e-01  5.8875e-01]
 [-1.0504e+00 -3.7262e+00 -1.4983e-01 -4.0463e+00 -5.5955e+00]
 [ 1.2321e+00 -2.2849e+00  3.2687e+00 -1.7852e+00 -2.1076e+00]
 [ 3.3885e+00  2.3644e+00  2.4596e+00 -2.2181e+00  4.8555e+00]
 [ 4.1430e+00  2.0606e+00  1.8892e+00 -7.9490e-01  1.6844e+00]
 [ 4.2782e+00  2.1097e+00  2.0076e+00 -3.3608e-02 -2.1184e+00]
 [ 1.9776e+00  1.9985e+00 -1.6426e+00 -3.1282e+00 -5.9962e-03]
 [-8.2555e-01  1.7209e+00 -1.5196e+00  7.1545e-01  2.3395e-01]
 [-4.5181e+00 -6.7952e-01  2.7363e+00  2.9399e+00 -2.2059e-01]
 [-4.1421e+00 -1.9098e-01  5.8972e+00  3.4838e+00  5.6299e-01]
 [-1.0314e+00  4.8084e+00  4.1173e+00  2.2947e+00 -9.4962e-01]
 [-1.2796e-01  4.4123e+00 -4.5881e-01  3.7619e+00  2.0019e+00]
 [ 1.6081e+00  2.3371e-01 -4.0596e+00 -9.7829e-01 -1.2637e+00]
 [ 2.9292e+00 -1.3372e+00 -1.2769e+00 -1.5542e+00 -1.6100e+00]
 [-1.1663e+00 -1.5926e+00 -5.2154e-01 -6.4638e-02  1.1078e+00]
 [-3.0542e+00 -2.2636e+00 -1.4651e+00  3.7985e+00  3.7305e+00]
 [ 2.6314e+00  2.8578e+00 -3.1055e+00  4.7247e-01  2.9269e+00]
 [-1.2482e-01  5.7270e-01 -8.8576e-01  6.6987e-01  1.7413e+00]
 [-3.6139e+00 -3.4402e+00 -4.4020e+00  1.8980e-01 -1.6195e+00]
 [ 3.8042e-01 -3.7866e+00 -1.3181e+00 -6.5832e+00 -7.1200e+00]
 [-1.4841e+00 -3.3241e+00  5.1830e-01 -4.1361e+00 -4.5223e+00]
 [-2.7146e+00 -9.3120e-01 -5.9923e-01 -2.9538e+00  2.6211e+00]
 [-2.8161e+00  7.0923e-01 -9.3463e-01 -2.9474e+00 -2.6515e+00]
 [-1.1508e+00  5.6086e+00  2.3927e+00  5.7935e-01 -4.0225e+00]
 [ 1.1952e+00  6.5507e-01  1.5057e+00  3.9129e+00  2.1252e+00]
 [ 3.2177e+00 -8.2607e-01  9.4561e-01  4.6774e+00  4.1231e+00]
 [ 5.3616e+00 -9.0988e-01  5.9973e+00  5.4716e+00  1.8913e+00]
 [ 4.5065e+00  3.7229e-01  2.4616e+00  4.2025e+00  2.9498e+00]
 [-3.2244e-01  2.0727e+00  1.8001e-01 -1.9765e+00 -1.6742e+00]
 [-1.0648e+00 -1.0797e+00 -5.7377e-01 -2.2821e+00 -1.9477e-01]
 [ 3.4060e+00  1.1152e+00  1.2615e+00 -2.6035e+00  1.8483e+00]
 [ 1.9478e+00  4.1964e-01 -1.3609e-01 -2.4247e-01  2.6738e+00]
 [-4.3980e+00 -1.2213e+00  1.4861e+00  1.4538e+00 -4.2679e+00]
 [-2.8015e-01 -4.9010e-01 -6.8566e-01  3.5345e-01  1.5742e+00]
 [ 3.1629e+00  2.3729e-01 -3.6211e+00  1.5477e+00  2.3448e+00]
 [-1.2077e+00 -2.0221e+00 -2.9138e+00 -1.4228e+00 -8.0569e-01]
 [-5.4224e+00 -3.8682e+00 -4.3479e+00 -1.7261e+00 -2.4120e+00]
 [-5.0007e+00 -2.6275e+00 -1.9295e+00 -6.1480e+00 -5.6276e+00]]
Y(shape): (200, 5)
(190, 10, 1) (190, 10, 5) (190, 1, 1) (190, 1, 5)
total samples 190
training samples: 114 validation samples: 38 testing samples: 38
seed 10 test MSE 6.762913227081299 test r2 0.07978457997261867
seed 11 test MSE 6.460107803344727 test r2 0.1316445322501908
seed 12 test MSE 6.875617027282715 test r2 0.07297263706736912
seed 13 test MSE 6.896456241607666 test r2 0.06468258454757561
seed 14 test MSE 6.863422393798828 test r2 0.06958015967877147
seed 15 test MSE 6.781360626220703 test r2 0.0795394658419325
seed 16 test MSE 6.31458044052124 test r2 0.15215782198329475
seed 17 test MSE 6.907630443572998 test r2 0.05813477162416225
seed 18 test MSE 6.6984968185424805 test r2 0.0962745789946666
seed 19 test MSE 6.604484558105469 test r2 0.10352730239599958
(10, 5, 5)
(10, 5, 5)
[[0.20652276 0.1686792  0.17619422 0.17882013 0.26978369]
 [0.21061591 0.18980475 0.18552591 0.18646921 0.22758422]
 [0.17188124 0.15506037 0.17008189 0.24150288 0.26147362]
 [0.19739092 0.18709486 0.17608898 0.22218024 0.21724501]
 [0.1933175  0.17452551 0.20525466 0.17832045 0.24858189]]
[(4, 0, 1), (0, 1, 1), (4, 1, 1), (3, 2, 1), (4, 2, 1), (3, 3, 1), (4, 3, 1), (4, 4, 1)]
===================Results===================
4 causes 0 with a delay of 1 time steps.
0 causes 1 with a delay of 1 time steps.
4 causes 1 with a delay of 1 time steps.
3 causes 2 with a delay of 1 time steps.
4 causes 2 with a delay of 1 time steps.
3 causes 3 with a delay of 1 time steps.
4 causes 3 with a delay of 1 time steps.
4 causes 4 with a delay of 1 time steps.
===================Evaluation===================
Total False Positives': 2
Total True Positives': 6
Total False Negatives: 5
Total Direct False Positives: 3
Total Direct True Positives: 5
TPs': ['4->0', '3->2', '4->2', '3->3', '4->3', '4->4']
FPs': ['0->1', '4->1']
TPs direct: ['4->0', '3->2', '3->3', '4->3', '4->4']
FPs direct: ['0->1', '4->1', '4->2']
FNs: ['0->0', '1->0', '1->1', '2->1', '2->2']
(includes direct and indirect causal relationships)
Precision': 0.75
Recall': 0.5454545454545454
F1' score: 0.631578947368421
(includes only direct causal relationships)
Precision: 0.625
Recall: 0.5
F1 score: 0.5555555555555556
Percentage of delays that are correctly discovered: 100.0%
