/root/anaconda3/envs/relic/lib/python3.9/site-packages/sklearn/cluster/_kmeans.py:1416: FutureWarning: The default value of `n_init` will change from 10 to 'auto' in 1.4. Set the value of `n_init` explicitly to suppress the warning
  super()._check_params_vs_input(X, default_n_init=10)
/root/anaconda3/envs/relic/lib/python3.9/site-packages/sklearn/cluster/_kmeans.py:1416: FutureWarning: The default value of `n_init` will change from 10 to 'auto' in 1.4. Set the value of `n_init` explicitly to suppress the warning
  super()._check_params_vs_input(X, default_n_init=10)
/root/anaconda3/envs/relic/lib/python3.9/site-packages/sklearn/cluster/_kmeans.py:1416: FutureWarning: The default value of `n_init` will change from 10 to 'auto' in 1.4. Set the value of `n_init` explicitly to suppress the warning
  super()._check_params_vs_input(X, default_n_init=10)
(4000, 3)
X(time slices): [0.000e+00 1.000e-03 2.000e-03 ... 3.997e+00 3.998e+00 3.999e+00]
X(shape): (4000,)
Y(time series): [[-0.13499118 -0.06463826  0.31871673]
 [-0.03938841 -0.06674587  0.22443248]
 [-0.06257017  0.02189617  0.6355158 ]
 ...
 [ 0.2741927  -0.01623826  0.17122675]
 [ 0.10094266  0.06787305  0.29432595]
 [ 0.03265334 -0.00279741  0.55621636]]
Y(shape): (4000, 3)
(3990, 10, 1) (3990, 10, 3) (3990, 1, 1) (3990, 1, 3)
total samples 3990
training samples: 2394 validation samples: 798 testing samples: 798
seed 10 test MSE 0.15897075831890106 test r2 0.21665745635272116
seed 11 test MSE 0.16081570088863373 test r2 0.20741100291860803
seed 12 test MSE 0.1592685431241989 test r2 0.21502788476289234
seed 13 test MSE 0.16169831156730652 test r2 0.20322863033494684
seed 14 test MSE 0.1611018180847168 test r2 0.2054813059974102
seed 15 test MSE 0.16061778366565704 test r2 0.20789634803175816
seed 16 test MSE 0.16059373319149017 test r2 0.2092471207846852
seed 17 test MSE 0.16447775065898895 test r2 0.1882712867401443
seed 18 test MSE 0.16299033164978027 test r2 0.19599991650451135
seed 19 test MSE 0.16038964688777924 test r2 0.20923799034864665
(10, 3, 3)
(10, 3, 3)
[[0.35668625 0.30783099 0.33548276]
 [0.39285753 0.302643   0.30449948]
 [0.26318873 0.46168853 0.27512274]]
[(0, 0, 1), (2, 0, 1), (0, 1, 1), (1, 2, 1)]
===================Results===================
V1 causes V1 with a delay of 1 time steps.
V3 causes V1 with a delay of 1 time steps.
V1 causes V2 with a delay of 1 time steps.
V2 causes V3 with a delay of 1 time steps.
===================Evaluation===================
Total False Positives': 1
Total True Positives': 3
Total False Negatives: 3
Total Direct False Positives: 1
Total Direct True Positives: 3
TPs': ['0->0', '0->1', '1->2']
FPs': ['2->0']
TPs direct: ['0->0', '0->1', '1->2']
FPs direct: ['2->0']
FNs: ['1->1', '0->2', '2->2']
(includes direct and indirect causal relationships)
Precision': 0.75
Recall': 0.5
F1' score: 0.6
(includes only direct causal relationships)
Precision: 0.75
Recall: 0.5
F1 score: 0.6
Percentage of delays that are correctly discovered: 100.0%
