/root/anaconda3/envs/relic/lib/python3.9/site-packages/sklearn/cluster/_kmeans.py:1416: FutureWarning: The default value of `n_init` will change from 10 to 'auto' in 1.4. Set the value of `n_init` explicitly to suppress the warning
  super()._check_params_vs_input(X, default_n_init=10)
/root/anaconda3/envs/relic/lib/python3.9/site-packages/sklearn/cluster/_kmeans.py:1416: FutureWarning: The default value of `n_init` will change from 10 to 'auto' in 1.4. Set the value of `n_init` explicitly to suppress the warning
  super()._check_params_vs_input(X, default_n_init=10)
/root/anaconda3/envs/relic/lib/python3.9/site-packages/sklearn/cluster/_kmeans.py:1416: FutureWarning: The default value of `n_init` will change from 10 to 'auto' in 1.4. Set the value of `n_init` explicitly to suppress the warning
  super()._check_params_vs_input(X, default_n_init=10)
(4000, 3)
X(time slices): [0.000e+00 1.000e-03 2.000e-03 ... 3.997e+00 3.998e+00 3.999e+00]
X(shape): (4000,)
Y(time series): [[  0.21472852  -0.45063186   0.70209044]
 [ -0.1917725    0.3033865   -1.2713493 ]
 [  0.19525778  -0.47585303   1.2940263 ]
 ...
 [ -0.12471052  -0.2742367  -17.099272  ]
 [ -0.80048925   0.11923645  16.525309  ]
 [  0.71497375  -0.25109166 -16.53462   ]]
Y(shape): (4000, 3)
(3990, 10, 1) (3990, 10, 3) (3990, 1, 1) (3990, 1, 3)
total samples 3990
training samples: 2394 validation samples: 798 testing samples: 798
seed 10 test MSE 0.2212906926870346 test r2 0.7228060379166604
seed 11 test MSE 0.20302535593509674 test r2 0.7208625718159493
seed 12 test MSE 0.20243962109088898 test r2 0.7220495925195148
seed 13 test MSE 0.24353080987930298 test r2 0.7101279143661904
seed 14 test MSE 0.23661862313747406 test r2 0.6947102536787547
seed 15 test MSE 0.2845211625099182 test r2 0.6234991434062201
seed 16 test MSE 0.2444031536579132 test r2 0.716415787394531
seed 17 test MSE 0.23415976762771606 test r2 0.7119805048918176
seed 18 test MSE 0.2628523111343384 test r2 0.6911560861446263
seed 19 test MSE 0.2782433032989502 test r2 0.668200156033011
(10, 3, 3)
(10, 3, 3)
[[0.2183463  0.26912423 0.51252948]
 [0.24948514 0.25523281 0.49528204]
 [0.17129743 0.14924978 0.67945279]]
[(2, 0, 1), (2, 1, 1), (2, 2, 1)]
===================Results===================
V3 causes V1 with a delay of 1 time steps.
V3 causes V2 with a delay of 1 time steps.
V3 causes V3 with a delay of 1 time steps.
===================Evaluation===================
Total False Positives': 2
Total True Positives': 1
Total False Negatives: 5
Total Direct False Positives: 2
Total Direct True Positives: 1
TPs': ['2->2']
FPs': ['2->0', '2->1']
TPs direct: ['2->2']
FPs direct: ['2->0', '2->1']
FNs: ['0->0', '0->1', '1->1', '0->2', '1->2']
(includes direct and indirect causal relationships)
Precision': 0.3333333333333333
Recall': 0.16666666666666666
F1' score: 0.2222222222222222
(includes only direct causal relationships)
Precision: 0.3333333333333333
Recall: 0.16666666666666666
F1 score: 0.2222222222222222
Percentage of delays that are correctly discovered: 100.0%
