/root/anaconda3/envs/relic/lib/python3.9/site-packages/sklearn/cluster/_kmeans.py:1416: FutureWarning: The default value of `n_init` will change from 10 to 'auto' in 1.4. Set the value of `n_init` explicitly to suppress the warning
  super()._check_params_vs_input(X, default_n_init=10)
/root/anaconda3/envs/relic/lib/python3.9/site-packages/sklearn/cluster/_kmeans.py:1416: FutureWarning: The default value of `n_init` will change from 10 to 'auto' in 1.4. Set the value of `n_init` explicitly to suppress the warning
  super()._check_params_vs_input(X, default_n_init=10)
/root/anaconda3/envs/relic/lib/python3.9/site-packages/sklearn/cluster/_kmeans.py:1416: FutureWarning: The default value of `n_init` will change from 10 to 'auto' in 1.4. Set the value of `n_init` explicitly to suppress the warning
  super()._check_params_vs_input(X, default_n_init=10)
(4000, 3)
X(time slices): [0.000e+00 1.000e-03 2.000e-03 ... 3.997e+00 3.998e+00 3.999e+00]
X(shape): (4000,)
Y(time series): [[-0.82682514  0.0098773  -0.01073985]
 [ 0.2986564   0.3590982  -0.15298389]
 [-1.4152625   0.08785307 -0.40416008]
 ...
 [ 0.01037182  0.7199141  -0.86175245]
 [-0.0071006   0.27662942 -0.47009352]
 [-0.0398248   0.09947925 -0.37576807]]
Y(shape): (4000, 3)
(3990, 10, 1) (3990, 10, 3) (3990, 1, 1) (3990, 1, 3)
total samples 3990
training samples: 2394 validation samples: 798 testing samples: 798
seed 10 test MSE 0.15528009831905365 test r2 0.43327794406311176
seed 11 test MSE 0.1512356698513031 test r2 0.4535911384447475
seed 12 test MSE 0.14827430248260498 test r2 0.4498875721247
seed 13 test MSE 0.14241279661655426 test r2 0.4668790299826388
seed 14 test MSE 0.14737260341644287 test r2 0.4540805642233247
seed 15 test MSE 0.14961743354797363 test r2 0.44934029325367764
seed 16 test MSE 0.15010949969291687 test r2 0.4582516691277929
seed 17 test MSE 0.1576562076807022 test r2 0.42961477363070744
seed 18 test MSE 0.14327111840248108 test r2 0.4612799292990009
seed 19 test MSE 0.14771637320518494 test r2 0.46037316677037077
(10, 3, 3)
(10, 3, 3)
[[0.40000747 0.32111534 0.27887719]
 [0.29632668 0.37714564 0.32652768]
 [0.33691847 0.35177289 0.31130864]]
[(0, 0, 1), (1, 1, 1), (0, 2, 1), (1, 2, 1)]
===================Results===================
V1 causes V1 with a delay of 1 time steps.
V2 causes V2 with a delay of 1 time steps.
V1 causes V3 with a delay of 1 time steps.
V2 causes V3 with a delay of 1 time steps.
===================Evaluation===================
Total False Positives': 0
Total True Positives': 4
Total False Negatives: 1
Total Direct False Positives: 0
Total Direct True Positives: 4
TPs': ['0->0', '1->1', '0->2', '1->2']
FPs': []
TPs direct: ['0->0', '1->1', '0->2', '1->2']
FPs direct: []
FNs: ['2->2']
(includes direct and indirect causal relationships)
Precision': 1.0
Recall': 0.8
F1' score: 0.888888888888889
(includes only direct causal relationships)
Precision: 1.0
Recall: 0.8
F1 score: 0.888888888888889
Percentage of delays that are correctly discovered: 100.0%
