/root/anaconda3/envs/relic/lib/python3.9/site-packages/sklearn/cluster/_kmeans.py:1416: FutureWarning: The default value of `n_init` will change from 10 to 'auto' in 1.4. Set the value of `n_init` explicitly to suppress the warning
  super()._check_params_vs_input(X, default_n_init=10)
/root/anaconda3/envs/relic/lib/python3.9/site-packages/sklearn/cluster/_kmeans.py:1416: FutureWarning: The default value of `n_init` will change from 10 to 'auto' in 1.4. Set the value of `n_init` explicitly to suppress the warning
  super()._check_params_vs_input(X, default_n_init=10)
/root/anaconda3/envs/relic/lib/python3.9/site-packages/sklearn/cluster/_kmeans.py:1416: FutureWarning: The default value of `n_init` will change from 10 to 'auto' in 1.4. Set the value of `n_init` explicitly to suppress the warning
  super()._check_params_vs_input(X, default_n_init=10)
(4000, 3)
X(time slices): [0.000e+00 1.000e-03 2.000e-03 ... 3.997e+00 3.998e+00 3.999e+00]
X(shape): (4000,)
Y(time series): [[-1.3984038e-01 -9.5989928e-02 -2.3050800e-04]
 [-4.7396138e-02 -5.0091766e-02 -6.2410429e-02]
 [-2.1480437e-02 -3.5297260e-02 -1.5410970e-01]
 ...
 [ 5.4293031e-01 -6.3076220e-02 -1.8359023e+00]
 [ 1.8365057e-01 -3.2336734e-02  1.7012401e+00]
 [ 7.2175574e-01 -2.6070513e-02  1.1567535e-01]]
Y(shape): (4000, 3)
(3990, 10, 1) (3990, 10, 3) (3990, 1, 1) (3990, 1, 3)
total samples 3990
training samples: 2394 validation samples: 798 testing samples: 798
seed 10 test MSE 0.18208149075508118 test r2 0.20052323246723616
seed 11 test MSE 0.17476749420166016 test r2 0.23346632156214372
seed 12 test MSE 0.17873498797416687 test r2 0.21809495429864198
seed 13 test MSE 0.17603011429309845 test r2 0.2261990279366004
seed 14 test MSE 0.17904309928417206 test r2 0.21475093213803598
seed 15 test MSE 0.18032127618789673 test r2 0.2079890441501733
seed 16 test MSE 0.17822542786598206 test r2 0.21953030586921454
seed 17 test MSE 0.1834743767976761 test r2 0.19919669354528344
seed 18 test MSE 0.17867453396320343 test r2 0.21761089109600548
seed 19 test MSE 0.17570872604846954 test r2 0.23233376380865
(10, 3, 3)
(10, 3, 3)
[[0.36688869 0.25604975 0.37706156]
 [0.28315641 0.3669707  0.34987289]
 [0.35175964 0.4294686  0.21877176]]
[(0, 0, 1), (2, 0, 1), (1, 1, 1), (2, 1, 1), (0, 2, 1), (1, 2, 1)]
===================Results===================
V1 causes V1 with a delay of 1 time steps.
V3 causes V1 with a delay of 1 time steps.
V2 causes V2 with a delay of 1 time steps.
V3 causes V2 with a delay of 1 time steps.
V1 causes V3 with a delay of 1 time steps.
V2 causes V3 with a delay of 1 time steps.
===================Evaluation===================
Total False Positives': 2
Total True Positives': 4
Total False Negatives: 1
Total Direct False Positives: 2
Total Direct True Positives: 4
TPs': ['0->0', '1->1', '0->2', '1->2']
FPs': ['2->0', '2->1']
TPs direct: ['0->0', '1->1', '0->2', '1->2']
FPs direct: ['2->0', '2->1']
FNs: ['2->2']
(includes direct and indirect causal relationships)
Precision': 0.6666666666666666
Recall': 0.8
F1' score: 0.7272727272727272
(includes only direct causal relationships)
Precision: 0.6666666666666666
Recall: 0.8
F1 score: 0.7272727272727272
Percentage of delays that are correctly discovered: 100.0%
